#
# A fatal error has been detected by the Java Runtime Environment:
#
#  SIGSEGV (0xb) at pc=0x00007fffa61f2b5d, pid=38528, tid=0x000000000000080b
#
# JRE version: Java(TM) SE Runtime Environment (8.0_111-b14) (build 1.8.0_111-b14)
# Java VM: Java HotSpot(TM) 64-Bit Server VM (25.111-b14 mixed mode bsd-amd64 compressed oops)
# Problematic frame:
# C  [libobjc.A.dylib+0x6b5d]  objc_msgSend+0x1d
#
# Failed to write core dump. Core dumps have been disabled. To enable core dumping, try "ulimit -c unlimited" before starting Java again
#
# If you would like to submit a bug report, please visit:
#   http://bugreport.java.com/bugreport/crash.jsp
# The crash happened outside the Java Virtual Machine in native code.
# See problematic frame for where to report the bug.
#

---------------  T H R E A D  ---------------

Current thread (0x00007ff186845800):  JavaThread "AWT-AppKit" daemon [_thread_in_native, id=2059, stack(0x00007fff5ee25000,0x00007fff5f625000)]

siginfo: si_signo: 11 (SIGSEGV), si_code: 1 (SEGV_MAPERR), si_addr: 0x0000000000000018

Registers:
RAX=0x00007ff184e3f390, RBX=0x000000015d79a3b0, RCX=0x00007ff187600170, RDX=0x0000000000000000
RSP=0x00007fff5f620418, RBP=0x00007fff5f6204d0, RSI=0x00007fff902811c3, RDI=0x00007ff18a80fee0
R8 =0x0000000000000018, R9 =0x00007ff187600250, R10=0x0000000000000000, R11=0x00007fff902811c3
R12=0x0000000000000000, R13=0x000000015fd3e070, R14=0x000000015d79a3a0, R15=0x00007ff186845800
RIP=0x00007fffa61f2b5d, EFLAGS=0x0000000000010246, ERR=0x0000000000000004
  TRAPNO=0x000000000000000e

Top of Stack: (sp=0x00007fff5f620418)
0x00007fff5f620418:   000000015d7985d7 00007fff5f620470
0x00007fff5f620428:   0000000000000003 00007fff5f620450
0x00007fff5f620438:   00000001011f27be 000000015fd3e070
0x00007fff5f620448:   000000015fd3e070 00007ff184e3f390
0x00007fff5f620458:   000000015d79a5c0 000000015d79a640
0x00007fff5f620468:   000000015d79a3b0 00007fffac1b86d0
0x00007fff5f620478:   000000015d79a5d0 00007ffface1cf90
0x00007fff5f620488:   00007ff184e3f390 00007ff18a80fee0
0x00007fff5f620498:   00007ff184e4fe20 00007ff184e3f390
0x00007fff5f6204a8:   00007ff18a80fee0 00007fff5f620558
0x00007fff5f6204b8:   00007ff1868459f8 000000015fd3e070
0x00007fff5f6204c8:   00007fff5f620580 00007fff5f620548
0x00007fff5f6204d8:   0000000104aec9f4 000000015fd3e070
0x00007fff5f6204e8:   00007fff5f620580 00007fff5f620548
0x00007fff5f6204f8:   0000000104aec787 0000000104aec742
0x00007fff5f620508:   00007fff5f620508 000000015fd3e070
0x00007fff5f620518:   00007fff5f620580 000000015fd40860
0x00007fff5f620528:   0000000000000000 000000015fd3e070
0x00007fff5f620538:   0000000000000000 00007fff5f620568
0x00007fff5f620548:   00007fff5f6205c8 0000000104add2bd
0x00007fff5f620558:   000000074147f908 0000000104ae6538
0x00007fff5f620568:   00007ff184e3f390 00007fff5f6205c8
0x00007fff5f620578:   00007ff18a80fee0 0000000104ae7e02
0x00007fff5f620588:   00007fff5f620588 000000015fd3e23a
0x00007fff5f620598:   00007fff5f6205f0 000000015fd40860
0x00007fff5f6205a8:   0000000000000000 000000015fd3e248
0x00007fff5f6205b8:   00007fff5f620568 00007fff5f6205d8
0x00007fff5f6205c8:   00007fff5f620638 0000000104add2bd
0x00007fff5f6205d8:   00007ff184e3f390 0000000741456a78
0x00007fff5f6205e8:   00007ff18a80fee0 0000000741456a78
0x00007fff5f6205f8:   00007fff5f6205f8 00000001663a62ce
0x00007fff5f620608:   00007fff5f620648 00000001663a6388 

Instructions: (pc=0x00007fffa61f2b5d)
0x00007fffa61f2b3d:   0f 1f 00 48 85 ff 2e 74 62 40 f6 c7 01 2e 75 66
0x00007fffa61f2b4d:   49 ba f8 ff ff ff ff 7f 00 00 4c 23 17 49 89 f3
0x00007fffa61f2b5d:   45 23 5a 18 49 c1 e3 04 4d 03 5a 10 49 3b 33 75
0x00007fffa61f2b6d:   04 41 ff 63 08 49 83 3b 01 76 0d 49 83 c3 10 49 

Register to memory mapping:

RAX=0x00007ff184e3f390 is an unknown value
RBX=0x000000015d79a3b0: Java_jogamp_nativewindow_macosx_OSXUtil_GetScreenRefreshRate0+0x1850 in /private/var/folders/qk/z1qqpcwd0wx0z14thz2z48xw0000gr/T/jogamp_0000/file_cache/jln2198930892568556221/jln4400198869533267413/libnativewindow_macosx.jnilib at 0x000000015d793000
RCX=0x00007ff187600170 is an unknown value
RDX=0x0000000000000000 is an unknown value
RSP=0x00007fff5f620418 is pointing into the stack for thread: 0x00007ff186845800
RBP=0x00007fff5f6204d0 is pointing into the stack for thread: 0x00007ff186845800
RSI=0x00007fff902811c3: __NSStyleNameIndexTable+0x814d6 in /System/Library/Frameworks/AppKit.framework/Versions/C/AppKit at 0x00007fff8f6ef000
RDI=0x00007ff18a80fee0 is an unknown value
R8 =0x0000000000000018 is an unknown value
R9 =0x00007ff187600250 is an unknown value
R10=0x0000000000000000 is an unknown value
R11=0x00007fff902811c3: __NSStyleNameIndexTable+0x814d6 in /System/Library/Frameworks/AppKit.framework/Versions/C/AppKit at 0x00007fff8f6ef000
R12=0x0000000000000000 is an unknown value
R13={method} {0x000000015fd3e070} 'UnsetJAWTRootSurfaceLayer0' '(JJ)V' in 'jogamp/nativewindow/jawt/macosx/MacOSXJAWTWindow'
R14=0x000000015d79a3a0: Java_jogamp_nativewindow_macosx_OSXUtil_GetScreenRefreshRate0+0x1840 in /private/var/folders/qk/z1qqpcwd0wx0z14thz2z48xw0000gr/T/jogamp_0000/file_cache/jln2198930892568556221/jln4400198869533267413/libnativewindow_macosx.jnilib at 0x000000015d793000
R15=0x00007ff186845800 is a thread


Stack: [0x00007fff5ee25000,0x00007fff5f625000],  sp=0x00007fff5f620418,  free space=8173k
Native frames: (J=compiled Java code, j=interpreted, Vv=VM code, C=native code)
C  [libobjc.A.dylib+0x6b5d]  objc_msgSend+0x1d
j  jogamp.nativewindow.jawt.macosx.MacOSXJAWTWindow.UnsetJAWTRootSurfaceLayer0(JJ)V+0
j  jogamp.nativewindow.jawt.macosx.MacOSXJAWTWindow.access$200(JJ)V+2
j  jogamp.nativewindow.jawt.macosx.MacOSXJAWTWindow$1.run()V+38
J 2504 C1 com.jogamp.common.util.RunnableTask.run()V (345 bytes) @ 0x00000001051f7074 [0x00000001051f6ee0+0x194]
v  ~StubRoutines::call_stub
V  [libjvm.dylib+0x2ecf8a]
V  [libjvm.dylib+0x324119]
V  [libjvm.dylib+0x3168e7]
C  [libnativewindow_macosx.jnilib+0x57ae]  Java_jogamp_nativewindow_jawt_macosx_MacOSXJAWTWindow_UnsetJAWTRootSurfaceLayer0+0x2be
C  [Foundation+0x71f2a]  __NSThreadPerformPerform+0x146
C  [CoreFoundation+0xa7551]  __CFRUNLOOP_IS_CALLING_OUT_TO_A_SOURCE0_PERFORM_FUNCTION__+0x11
C  [CoreFoundation+0x886bd]  __CFRunLoopDoSources0+0x22d
C  [CoreFoundation+0x87bb6]  __CFRunLoopRun+0x3a6
C  [CoreFoundation+0x875b4]  CFRunLoopRunSpecific+0x1a4
C  [HIToolbox+0x30f6c]  RunCurrentEventLoopInMode+0xf0
C  [HIToolbox+0x30da1]  ReceiveNextEventCommon+0x1b0
C  [HIToolbox+0x30bd6]  _BlockUntilNextEventMatchingListInModeWithFilter+0x47
C  [AppKit+0x475f5]  _DPSNextEvent+0x445
C  [AppKit+0x7578eb]  -[NSApplication(NSEvent) _nextEventMatchingEventMask:untilDate:inMode:dequeue:]+0x665
C  [libosxapp.dylib+0x23aa]  -[NSApplicationAWT nextEventMatchingMask:untilDate:inMode:dequeue:]+0x7c
C  [AppKit+0x3bfbd]  -[NSApplication run]+0x39e
C  [libosxapp.dylib+0x214d]  +[NSApplicationAWT runAWTLoopWithApp:]+0x9c
C  [libawt_lwawt.dylib+0x444b3]  -[AWTStarter starter:]+0x389
C  [Foundation+0x71f2a]  __NSThreadPerformPerform+0x146
C  [CoreFoundation+0xa7551]  __CFRUNLOOP_IS_CALLING_OUT_TO_A_SOURCE0_PERFORM_FUNCTION__+0x11
C  [CoreFoundation+0x886bd]  __CFRunLoopDoSources0+0x22d
C  [CoreFoundation+0x87bb6]  __CFRunLoopRun+0x3a6
C  [CoreFoundation+0x875b4]  CFRunLoopRunSpecific+0x1a4
C  [java+0x6465]  CreateExecutionEnvironment+0x367
C  [java+0x218c]  JLI_Launch+0x7a0
C  [java+0x84c2]  main+0x65
C  [java+0x19e4]  start+0x34
C  0x0000000000000007

Java frames: (J=compiled Java code, j=interpreted, Vv=VM code)
j  jogamp.nativewindow.jawt.macosx.MacOSXJAWTWindow.UnsetJAWTRootSurfaceLayer0(JJ)V+0
j  jogamp.nativewindow.jawt.macosx.MacOSXJAWTWindow.access$200(JJ)V+2
j  jogamp.nativewindow.jawt.macosx.MacOSXJAWTWindow$1.run()V+38
J 2504 C1 com.jogamp.common.util.RunnableTask.run()V (345 bytes) @ 0x00000001051f7074 [0x00000001051f6ee0+0x194]
v  ~StubRoutines::call_stub

---------------  P R O C E S S  ---------------

Java Threads: ( => current thread )
  0x00007ff1851ee000 JavaThread "Thread-64" [_thread_blocked, id=71895, stack(0x0000700005fcd000,0x00007000060cd000)]
  0x00007ff185537800 JavaThread "AWT-EventQueue-1" [_thread_in_native, id=66579, stack(0x0000700005e47000,0x0000700005f47000)]
  0x00007ff186a96800 JavaThread "DestroyJavaVM" [_thread_blocked, id=7171, stack(0x00007000047ff000,0x00007000048ff000)]
  0x00007ff18697c000 JavaThread "AWT-EventQueue-0" [_thread_blocked, id=64275, stack(0x0000700005c41000,0x0000700005d41000)]
  0x00007ff1869b7800 JavaThread "Java2D Disposer" daemon [_thread_blocked, id=56847, stack(0x00007000059b8000,0x0000700005ab8000)]
  0x00007ff185a27800 JavaThread "Java2D Queue Flusher" daemon [_thread_blocked, id=54791, stack(0x00007000058b5000,0x00007000059b5000)]
  0x00007ff185081800 JavaThread "AWT-Shutdown" [_thread_blocked, id=30491, stack(0x00007000056ac000,0x00007000057ac000)]
=>0x00007ff186845800 JavaThread "AWT-AppKit" daemon [_thread_in_native, id=2059, stack(0x00007fff5ee25000,0x00007fff5f625000)]
  0x00007ff186002800 JavaThread "Service Thread" daemon [_thread_blocked, id=18691, stack(0x0000700005423000,0x0000700005523000)]
  0x00007ff186025000 JavaThread "C1 CompilerThread2" daemon [_thread_blocked, id=18179, stack(0x0000700005320000,0x0000700005420000)]
  0x00007ff186024800 JavaThread "C2 CompilerThread1" daemon [_thread_blocked, id=17667, stack(0x000070000521d000,0x000070000531d000)]
  0x00007ff18501c000 JavaThread "C2 CompilerThread0" daemon [_thread_blocked, id=17155, stack(0x000070000511a000,0x000070000521a000)]
  0x00007ff185832800 JavaThread "Signal Dispatcher" daemon [_thread_blocked, id=16643, stack(0x0000700005017000,0x0000700005117000)]
  0x00007ff186812000 JavaThread "Finalizer" daemon [_thread_blocked, id=12547, stack(0x0000700004f14000,0x0000700005014000)]
  0x00007ff185800000 JavaThread "Reference Handler" daemon [_thread_blocked, id=12035, stack(0x0000700004e11000,0x0000700004f11000)]

Other Threads:
  0x00007ff18680d800 VMThread [stack: 0x0000700004d0e000,0x0000700004e0e000] [id=11523]
  0x00007ff186030000 WatcherThread [stack: 0x0000700005526000,0x0000700005626000] [id=19203]

VM state:not at safepoint (normal execution)

VM Mutex/Monitor currently owned by a thread: None

Heap:
 PSYoungGen      total 280576K, used 168208K [0x0000000795580000, 0x00000007b1180000, 0x00000007c0000000)
  eden space 263680K, 60% used [0x0000000795580000,0x000000079f09c140,0x00000007a5700000)
  from space 16896K, 55% used [0x00000007a5700000,0x00000007a6028240,0x00000007a6780000)
  to   space 16384K, 0% used [0x00000007b0180000,0x00000007b0180000,0x00000007b1180000)
 ParOldGen       total 87552K, used 25558K [0x0000000740000000, 0x0000000745580000, 0x0000000795580000)
  object space 87552K, 29% used [0x0000000740000000,0x00000007418f5ae8,0x0000000745580000)
 Metaspace       used 19845K, capacity 20049K, committed 20224K, reserved 1067008K
  class space    used 1963K, capacity 2047K, committed 2048K, reserved 1048576K

Card table byte_map: [0x0000000102361000,0x0000000102762000] byte_map_base: 0x00000000fe961000

Marking Bits: (ParMarkBitMap*) 0x00000001018efd20
 Begin Bits: [0x0000000113ad5000, 0x0000000115ad5000)
 End Bits:   [0x0000000115ad5000, 0x0000000117ad5000)

Polling page: 0x000000010069b000

CodeCache: size=245760Kb used=7698Kb max_used=7708Kb free=238061Kb
 bounds [0x0000000104ad5000, 0x0000000105275000, 0x0000000113ad5000]
 total_blobs=3151 nmethods=2270 adapters=794
 compilation: enabled

Compilation events (10 events):
Event: 23.126 Thread 0x00007ff186025000 2633   !   3       java.beans.WeakIdentityMap::removeStaleEntries (154 bytes)
Event: 23.128 Thread 0x00007ff186025000 nmethod 2633 0x00000001052617d0 code [0x0000000105261a00, 0x0000000105262a18]
Event: 23.179 Thread 0x00007ff186025000 2634   !   3       sun.lwawt.LWComponentPeer::isShowing (49 bytes)
Event: 23.180 Thread 0x00007ff186025000 nmethod 2634 0x0000000105263c50 code [0x0000000105263e00, 0x0000000105264708]
Event: 23.239 Thread 0x00007ff18501c000 2635   !   4       sun.awt.AppContext::get (123 bytes)
Event: 23.240 Thread 0x00007ff186025000 2636       3       java.util.concurrent.locks.AbstractQueuedSynchronizer::transferForSignal (45 bytes)
Event: 23.241 Thread 0x00007ff186025000 nmethod 2636 0x00000001052649d0 code [0x0000000105264b80, 0x0000000105265058]
Event: 23.254 Thread 0x00007ff18501c000 nmethod 2635 0x0000000105268790 code [0x0000000105268920, 0x0000000105269258]
Event: 23.255 Thread 0x00007ff186025000 2637       3       java.util.Stack::empty (13 bytes)
Event: 23.256 Thread 0x00007ff186025000 nmethod 2637 0x0000000105268190 code [0x0000000105268300, 0x00000001052686d0]

GC Heap History (10 events):
Event: 9.321 GC heap before
{Heap before GC invocations=5 (full 0):
 PSYoungGen      total 71680K, used 71659K [0x0000000795580000, 0x000000079a080000, 0x00000007c0000000)
  eden space 66560K, 100% used [0x0000000795580000,0x0000000799680000,0x0000000799680000)
  from space 5120K, 99% used [0x0000000799b80000,0x000000079a07aed0,0x000000079a080000)
  to   space 5120K, 0% used [0x0000000799680000,0x0000000799680000,0x0000000799b80000)
 ParOldGen       total 87552K, used 13170K [0x0000000740000000, 0x0000000745580000, 0x0000000795580000)
  object space 87552K, 15% used [0x0000000740000000,0x0000000740cdca28,0x0000000745580000)
 Metaspace       used 19327K, capacity 19591K, committed 19968K, reserved 1067008K
  class space    used 1954K, capacity 2046K, committed 2048K, reserved 1048576K
Event: 9.337 GC heap after
Heap after GC invocations=5 (full 0):
 PSYoungGen      total 71680K, used 5099K [0x0000000795580000, 0x000000079f280000, 0x00000007c0000000)
  eden space 66560K, 0% used [0x0000000795580000,0x0000000795580000,0x0000000799680000)
  from space 5120K, 99% used [0x0000000799680000,0x0000000799b7aef0,0x0000000799b80000)
  to   space 13824K, 0% used [0x000000079e500000,0x000000079e500000,0x000000079f280000)
 ParOldGen       total 87552K, used 16474K [0x0000000740000000, 0x0000000745580000, 0x0000000795580000)
  object space 87552K, 18% used [0x0000000740000000,0x0000000741016b08,0x0000000745580000)
 Metaspace       used 19327K, capacity 19591K, committed 19968K, reserved 1067008K
  class space    used 1954K, capacity 2046K, committed 2048K, reserved 1048576K
}
Event: 10.116 GC heap before
{Heap before GC invocations=6 (full 0):
 PSYoungGen      total 71680K, used 71659K [0x0000000795580000, 0x000000079f280000, 0x00000007c0000000)
  eden space 66560K, 100% used [0x0000000795580000,0x0000000799680000,0x0000000799680000)
  from space 5120K, 99% used [0x0000000799680000,0x0000000799b7aef0,0x0000000799b80000)
  to   space 13824K, 0% used [0x000000079e500000,0x000000079e500000,0x000000079f280000)
 ParOldGen       total 87552K, used 16474K [0x0000000740000000, 0x0000000745580000, 0x0000000795580000)
  object space 87552K, 18% used [0x0000000740000000,0x0000000741016b08,0x0000000745580000)
 Metaspace       used 19438K, capacity 19655K, committed 19968K, reserved 1067008K
  class space    used 1954K, capacity 2046K, committed 2048K, reserved 1048576K
Event: 10.140 GC heap after
Heap after GC invocations=6 (full 0):
 PSYoungGen      total 146432K, used 10327K [0x0000000795580000, 0x000000079f380000, 0x00000007c0000000)
  eden space 132608K, 0% used [0x0000000795580000,0x0000000795580000,0x000000079d700000)
  from space 13824K, 74% used [0x000000079e500000,0x000000079ef15e00,0x000000079f280000)
  to   space 14336K, 0% used [0x000000079d700000,0x000000079d700000,0x000000079e500000)
 ParOldGen       total 87552K, used 16474K [0x0000000740000000, 0x0000000745580000, 0x0000000795580000)
  object space 87552K, 18% used [0x0000000740000000,0x0000000741016b08,0x0000000745580000)
 Metaspace       used 19438K, capacity 19655K, committed 19968K, reserved 1067008K
  class space    used 1954K, capacity 2046K, committed 2048K, reserved 1048576K
}
Event: 12.081 GC heap before
{Heap before GC invocations=7 (full 0):
 PSYoungGen      total 146432K, used 142935K [0x0000000795580000, 0x000000079f380000, 0x00000007c0000000)
  eden space 132608K, 100% used [0x0000000795580000,0x000000079d700000,0x000000079d700000)
  from space 13824K, 74% used [0x000000079e500000,0x000000079ef15e00,0x000000079f280000)
  to   space 14336K, 0% used [0x000000079d700000,0x000000079d700000,0x000000079e500000)
 ParOldGen       total 87552K, used 16474K [0x0000000740000000, 0x0000000745580000, 0x0000000795580000)
  object space 87552K, 18% used [0x0000000740000000,0x0000000741016b08,0x0000000745580000)
 Metaspace       used 19538K, capacity 19723K, committed 19968K, reserved 1067008K
  class space    used 1954K, capacity 2046K, committed 2048K, reserved 1048576K
Event: 12.120 GC heap after
Heap after GC invocations=7 (full 0):
 PSYoungGen      total 146944K, used 12981K [0x0000000795580000, 0x00000007a7680000, 0x00000007c0000000)
  eden space 132608K, 0% used [0x0000000795580000,0x0000000795580000,0x000000079d700000)
  from space 14336K, 90% used [0x000000079d700000,0x000000079e3ad4c8,0x000000079e500000)
  to   space 15360K, 0% used [0x00000007a6780000,0x00000007a6780000,0x00000007a7680000)
 ParOldGen       total 87552K, used 21078K [0x0000000740000000, 0x0000000745580000, 0x0000000795580000)
  object space 87552K, 24% used [0x0000000740000000,0x00000007414959d8,0x0000000745580000)
 Metaspace       used 19538K, capacity 19723K, committed 19968K, reserved 1067008K
  class space    used 1954K, capacity 2046K, committed 2048K, reserved 1048576K
}
Event: 14.589 GC heap before
{Heap before GC invocations=8 (full 0):
 PSYoungGen      total 146944K, used 145589K [0x0000000795580000, 0x00000007a7680000, 0x00000007c0000000)
  eden space 132608K, 100% used [0x0000000795580000,0x000000079d700000,0x000000079d700000)
  from space 14336K, 90% used [0x000000079d700000,0x000000079e3ad4c8,0x000000079e500000)
  to   space 15360K, 0% used [0x00000007a6780000,0x00000007a6780000,0x00000007a7680000)
 ParOldGen       total 87552K, used 21078K [0x0000000740000000, 0x0000000745580000, 0x0000000795580000)
  object space 87552K, 24% used [0x0000000740000000,0x00000007414959d8,0x0000000745580000)
 Metaspace       used 19634K, capacity 19857K, committed 20224K, reserved 1067008K
  class space    used 1955K, capacity 2047K, committed 2048K, reserved 1048576K
Event: 14.610 GC heap after
Heap after GC invocations=8 (full 0):
 PSYoungGen      total 279040K, used 14240K [0x0000000795580000, 0x00000007a7980000, 0x00000007c0000000)
  eden space 263680K, 0% used [0x0000000795580000,0x0000000795580000,0x00000007a5700000)
  from space 15360K, 92% used [0x00000007a6780000,0x00000007a75683b0,0x00000007a7680000)
  to   space 16896K, 0% used [0x00000007a5700000,0x00000007a5700000,0x00000007a6780000)
 ParOldGen       total 87552K, used 21126K [0x0000000740000000, 0x0000000745580000, 0x0000000795580000)
  object space 87552K, 24% used [0x0000000740000000,0x00000007414a19d8,0x0000000745580000)
 Metaspace       used 19634K, capacity 19857K, committed 20224K, reserved 1067008K
  class space    used 1955K, capacity 2047K, committed 2048K, reserved 1048576K
}
Event: 20.308 GC heap before
{Heap before GC invocations=9 (full 0):
 PSYoungGen      total 279040K, used 277920K [0x0000000795580000, 0x00000007a7980000, 0x00000007c0000000)
  eden space 263680K, 100% used [0x0000000795580000,0x00000007a5700000,0x00000007a5700000)
  from space 15360K, 92% used [0x00000007a6780000,0x00000007a75683b0,0x00000007a7680000)
  to   space 16896K, 0% used [0x00000007a5700000,0x00000007a5700000,0x00000007a6780000)
 ParOldGen       total 87552K, used 21126K [0x0000000740000000, 0x0000000745580000, 0x0000000795580000)
  object space 87552K, 24% used [0x0000000740000000,0x00000007414a19d8,0x0000000745580000)
 Metaspace       used 19797K, capacity 20049K, committed 20224K, reserved 1067008K
  class space    used 1955K, capacity 2047K, committed 2048K, reserved 1048576K
Event: 20.325 GC heap after
Heap after GC invocations=9 (full 0):
 PSYoungGen      total 280576K, used 9376K [0x0000000795580000, 0x00000007b1180000, 0x00000007c0000000)
  eden space 263680K, 0% used [0x0000000795580000,0x0000000795580000,0x00000007a5700000)
  from space 16896K, 55% used [0x00000007a5700000,0x00000007a6028240,0x00000007a6780000)
  to   space 16384K, 0% used [0x00000007b0180000,0x00000007b0180000,0x00000007b1180000)
 ParOldGen       total 87552K, used 25558K [0x0000000740000000, 0x0000000745580000, 0x0000000795580000)
  object space 87552K, 29% used [0x0000000740000000,0x00000007418f5ae8,0x0000000745580000)
 Metaspace       used 19797K, capacity 20049K, committed 20224K, reserved 1067008K
  class space    used 1955K, capacity 2047K, committed 2048K, reserved 1048576K
}

Deoptimization events (10 events):
Event: 7.250 Thread 0x00007ff185537800 Uncommon trap: reason=unstable_if action=reinterpret pc=0x0000000104f6fce8 method=processing.opengl.PGraphicsOpenGL$InGeometry.addVertex(FFFIFFFFFIFIIIFIZ)I @ 218
Event: 8.641 Thread 0x00007ff1861de000 Uncommon trap: reason=unstable_if action=reinterpret pc=0x00000001050a00b4 method=java.util.Vector.indexOf(Ljava/lang/Object;I)I @ 41
Event: 9.673 Thread 0x00007ff185537800 Uncommon trap: reason=unstable_if action=reinterpret pc=0x0000000104ffcea4 method=processing.opengl.PGraphicsOpenGL$TessGeometry.polyIndexCheck(I)V @ 13
Event: 9.673 Thread 0x00007ff185537800 Uncommon trap: reason=unstable_if action=reinterpret pc=0x0000000104f4e5f0 method=processing.core.PApplet.max(III)I @ 20
Event: 23.239 Thread 0x00007ff18515c000 Uncommon trap: reason=class_check action=maybe_recompile pc=0x0000000104e547f0 method=java.util.HashMap.putVal(ILjava/lang/Object;Ljava/lang/Object;ZZ)Ljava/lang/Object; @ 91
Event: 23.239 Thread 0x00007ff18515c000 Uncommon trap: reason=class_check action=maybe_recompile pc=0x0000000104e547f0 method=java.util.HashMap.putVal(ILjava/lang/Object;Ljava/lang/Object;ZZ)Ljava/lang/Object; @ 91
Event: 23.239 Thread 0x00007ff18515c000 Uncommon trap: reason=class_check action=maybe_recompile pc=0x0000000104e547f0 method=java.util.HashMap.putVal(ILjava/lang/Object;Ljava/lang/Object;ZZ)Ljava/lang/Object; @ 91
Event: 23.239 Thread 0x00007ff18515c000 Uncommon trap: reason=class_check action=maybe_recompile pc=0x0000000104e547f0 method=java.util.HashMap.putVal(ILjava/lang/Object;Ljava/lang/Object;ZZ)Ljava/lang/Object; @ 91
Event: 23.239 Thread 0x00007ff18515c000 Uncommon trap: reason=class_check action=maybe_recompile pc=0x0000000104d9276c method=java.util.HashMap.putVal(ILjava/lang/Object;Ljava/lang/Object;ZZ)Ljava/lang/Object; @ 91
Event: 23.258 Thread 0x00007ff185537800 Uncommon trap: reason=unstable_if action=reinterpret pc=0x0000000105258d34 method=java.security.AccessControlContext.optimize()Ljava/security/AccessControlContext; @ 233

Internal exceptions (10 events):
Event: 0.350 Thread 0x00007ff185805000 Exception <a 'java/lang/NoSuchFieldError': method resolution failed> (0x00000007957935e0) thrown at [/Users/java_re/workspace/8-2-build-macosx-x86_64/jdk8u111/7883/hotspot/src/share/vm/prims/methodHandles.cpp, line 1146]
Event: 0.705 Thread 0x00007ff185805000 Exception <a 'java/io/FileNotFoundException'> (0x000000079580ec88) thrown at [/Users/java_re/workspace/8-2-build-macosx-x86_64/jdk8u111/7883/hotspot/src/share/vm/prims/jni.cpp, line 709]
Event: 0.706 Thread 0x00007ff185805000 Exception <a 'java/io/FileNotFoundException'> (0x000000079580f7f0) thrown at [/Users/java_re/workspace/8-2-build-macosx-x86_64/jdk8u111/7883/hotspot/src/share/vm/prims/jni.cpp, line 709]
Event: 0.775 Thread 0x00007ff185805000 Exception <a 'java/io/FileNotFoundException'> (0x0000000795916358) thrown at [/Users/java_re/workspace/8-2-build-macosx-x86_64/jdk8u111/7883/hotspot/src/share/vm/prims/jni.cpp, line 709]
Event: 0.967 Thread 0x00007ff185805000 Exception <a 'java/io/FileNotFoundException'> (0x0000000795953210) thrown at [/Users/java_re/workspace/8-2-build-macosx-x86_64/jdk8u111/7883/hotspot/src/share/vm/prims/jni.cpp, line 709]
Event: 4.888 Thread 0x00007ff186bac800 Exception <a 'java/io/FileNotFoundException'> (0x00000007965bc858) thrown at [/Users/java_re/workspace/8-2-build-macosx-x86_64/jdk8u111/7883/hotspot/src/share/vm/prims/jni.cpp, line 709]
Event: 4.888 Thread 0x00007ff186bac800 Exception <a 'java/io/FileNotFoundException'> (0x00000007965c3240) thrown at [/Users/java_re/workspace/8-2-build-macosx-x86_64/jdk8u111/7883/hotspot/src/share/vm/prims/jni.cpp, line 709]
Event: 4.889 Thread 0x00007ff186bac800 Implicit null exception at 0x0000000104c85236 to 0x0000000104c85605
Event: 5.267 Thread 0x00007ff186bac800 Exception <a 'java/lang/UnsatisfiedLinkError': com.jogamp.common.util.JarUtil.fixNativeLibAttribs(Ljava/lang/String;)Z> (0x0000000797316df0) thrown at [/Users/java_re/workspace/8-2-build-macosx-x86_64/jdk8u111/7883/hotspot/src/share/vm/prims/nativeLookup.
Event: 5.414 Thread 0x00007ff186812000 Exception <a 'java/lang/NullPointerException'> (0x0000000795762e98) thrown at [/Users/java_re/workspace/8-2-build-macosx-x86_64/jdk8u111/7883/hotspot/src/share/vm/interpreter/linkResolver.cpp, line 1178]

Events (10 events):
Event: 23.258 Thread 0x00007ff185537800 DEOPT PACKING pc=0x0000000105258d34 sp=0x0000700005f44790
Event: 23.258 Thread 0x00007ff185537800 DEOPT UNPACKING pc=0x0000000104ada229 sp=0x0000700005f44760 mode 2
Event: 23.258 loading class java/awt/LightweightDispatcher$2
Event: 23.258 loading class java/awt/LightweightDispatcher$2 done
Event: 23.258 loading class java/awt/event/AWTEventListenerProxy
Event: 23.259 loading class java/awt/event/AWTEventListenerProxy done
Event: 23.259 loading class java/awt/Toolkit$ToolkitEventMulticaster
Event: 23.259 loading class java/awt/Toolkit$ToolkitEventMulticaster done
Event: 23.259 Executing VM operation: RevokeBias
Event: 23.259 Executing VM operation: RevokeBias done


Dynamic libraries:
0x000000001c8a2000 	/System/Library/Frameworks/Cocoa.framework/Versions/A/Cocoa
0x000000001c8a2000 	/System/Library/Frameworks/Security.framework/Versions/A/Security
0x000000001c8a2000 	/System/Library/Frameworks/ApplicationServices.framework/Versions/A/ApplicationServices
0x000000001c8a2000 	/usr/lib/libz.1.dylib
0x000000001c8a2000 	/usr/lib/libSystem.B.dylib
0x000000001c8a2000 	/usr/lib/libobjc.A.dylib
0x000000001c8a2000 	/System/Library/Frameworks/CoreFoundation.framework/Versions/A/CoreFoundation
0x000000001c8a2000 	/System/Library/Frameworks/Foundation.framework/Versions/C/Foundation
0x000000001c8a2000 	/System/Library/Frameworks/AppKit.framework/Versions/C/AppKit
0x000000001c8a2000 	/System/Library/Frameworks/CoreData.framework/Versions/A/CoreData
0x000000001c8a2000 	/System/Library/PrivateFrameworks/RemoteViewServices.framework/Versions/A/RemoteViewServices
0x000000001c8a2000 	/System/Library/PrivateFrameworks/UIFoundation.framework/Versions/A/UIFoundation
0x000000001c8a2000 	/usr/lib/libenergytrace.dylib
0x000000001c8a2000 	/System/Library/PrivateFrameworks/SkyLight.framework/Versions/A/SkyLight
0x000000001c8a2000 	/System/Library/Frameworks/CoreGraphics.framework/Versions/A/CoreGraphics
0x000000001c8a2000 	/usr/lib/libScreenReader.dylib
0x000000001c8a2000 	/System/Library/Frameworks/Accelerate.framework/Versions/A/Accelerate
0x000000001c8a2000 	/System/Library/Frameworks/IOSurface.framework/Versions/A/IOSurface
0x000000001c8a2000 	/System/Library/Frameworks/AudioToolbox.framework/Versions/A/AudioToolbox
0x000000001c8a2000 	/System/Library/Frameworks/AudioUnit.framework/Versions/A/AudioUnit
0x000000001c8a2000 	/System/Library/PrivateFrameworks/DataDetectorsCore.framework/Versions/A/DataDetectorsCore
0x000000001c8a2000 	/System/Library/PrivateFrameworks/DesktopServicesPriv.framework/Versions/A/DesktopServicesPriv
0x000000001c8a2000 	/System/Library/Frameworks/Carbon.framework/Versions/A/Frameworks/HIToolbox.framework/Versions/A/HIToolbox
0x000000001c8a2000 	/usr/lib/libicucore.A.dylib
0x000000001c8a2000 	/System/Library/Frameworks/QuartzCore.framework/Versions/A/QuartzCore
0x000000001c8a2000 	/System/Library/Frameworks/Carbon.framework/Versions/A/Frameworks/SpeechRecognition.framework/Versions/A/SpeechRecognition
0x000000001c8a2000 	/usr/lib/libauto.dylib
0x000000001c8a2000 	/usr/lib/libxml2.2.dylib
0x000000001c8a2000 	/System/Library/PrivateFrameworks/CoreUI.framework/Versions/A/CoreUI
0x000000001c8a2000 	/System/Library/Frameworks/CoreAudio.framework/Versions/A/CoreAudio
0x000000001c8a2000 	/System/Library/Frameworks/DiskArbitration.framework/Versions/A/DiskArbitration
0x000000001c8a2000 	/usr/lib/liblangid.dylib
0x000000001c8a2000 	/System/Library/PrivateFrameworks/MultitouchSupport.framework/Versions/A/MultitouchSupport
0x000000001c8a2000 	/System/Library/Frameworks/IOKit.framework/Versions/A/IOKit
0x000000001c8a2000 	/usr/lib/libDiagnosticMessagesClient.dylib
0x000000001c8a2000 	/System/Library/Frameworks/CoreServices.framework/Versions/A/CoreServices
0x000000001c8a2000 	/System/Library/PrivateFrameworks/PerformanceAnalysis.framework/Versions/A/PerformanceAnalysis
0x000000001c8a2000 	/System/Library/PrivateFrameworks/GenerationalStorage.framework/Versions/A/GenerationalStorage
0x000000001c8a2000 	/System/Library/Frameworks/OpenGL.framework/Versions/A/OpenGL
0x000000001c8a2000 	/System/Library/Frameworks/CoreImage.framework/Versions/A/CoreImage
0x000000001c8a2000 	/System/Library/Frameworks/CoreText.framework/Versions/A/CoreText
0x000000001c8a2000 	/System/Library/Frameworks/ImageIO.framework/Versions/A/ImageIO
0x000000001c8a2000 	/System/Library/PrivateFrameworks/Backup.framework/Versions/A/Backup
0x000000001c8a2000 	/usr/lib/libarchive.2.dylib
0x000000001c8a2000 	/System/Library/Frameworks/CFNetwork.framework/Versions/A/CFNetwork
0x000000001c8a2000 	/System/Library/Frameworks/SystemConfiguration.framework/Versions/A/SystemConfiguration
0x000000001c8a2000 	/usr/lib/libCRFSuite.dylib
0x000000001c8a2000 	/usr/lib/libc++.1.dylib
0x000000001c8a2000 	/usr/lib/libc++abi.dylib
0x000000001c8a2000 	/usr/lib/system/libcache.dylib
0x000000001c8a2000 	/usr/lib/system/libcommonCrypto.dylib
0x000000001c8a2000 	/usr/lib/system/libcompiler_rt.dylib
0x000000001c8a2000 	/usr/lib/system/libcopyfile.dylib
0x000000001c8a2000 	/usr/lib/system/libcorecrypto.dylib
0x000000001c8a2000 	/usr/lib/system/libdispatch.dylib
0x000000001c8a2000 	/usr/lib/system/libdyld.dylib
0x000000001c8a2000 	/usr/lib/system/libkeymgr.dylib
0x000000001c8a2000 	/usr/lib/system/liblaunch.dylib
0x000000001c8a2000 	/usr/lib/system/libmacho.dylib
0x000000001c8a2000 	/usr/lib/system/libquarantine.dylib
0x000000001c8a2000 	/usr/lib/system/libremovefile.dylib
0x000000001c8a2000 	/usr/lib/system/libsystem_asl.dylib
0x000000001c8a2000 	/usr/lib/system/libsystem_blocks.dylib
0x000000001c8a2000 	/usr/lib/system/libsystem_c.dylib
0x000000001c8a2000 	/usr/lib/system/libsystem_configuration.dylib
0x000000001c8a2000 	/usr/lib/system/libsystem_coreservices.dylib
0x000000001c8a2000 	/usr/lib/system/libsystem_coretls.dylib
0x000000001c8a2000 	/usr/lib/system/libsystem_dnssd.dylib
0x000000001c8a2000 	/usr/lib/system/libsystem_info.dylib
0x000000001c8a2000 	/usr/lib/system/libsystem_kernel.dylib
0x000000001c8a2000 	/usr/lib/system/libsystem_m.dylib
0x000000001c8a2000 	/usr/lib/system/libsystem_malloc.dylib
0x000000001c8a2000 	/usr/lib/system/libsystem_network.dylib
0x000000001c8a2000 	/usr/lib/system/libsystem_networkextension.dylib
0x000000001c8a2000 	/usr/lib/system/libsystem_notify.dylib
0x000000001c8a2000 	/usr/lib/system/libsystem_platform.dylib
0x000000001c8a2000 	/usr/lib/system/libsystem_pthread.dylib
0x000000001c8a2000 	/usr/lib/system/libsystem_sandbox.dylib
0x000000001c8a2000 	/usr/lib/system/libsystem_secinit.dylib
0x000000001c8a2000 	/usr/lib/system/libsystem_symptoms.dylib
0x000000001c8a2000 	/usr/lib/system/libsystem_trace.dylib
0x000000001c8a2000 	/usr/lib/system/libunwind.dylib
0x000000001c8a2000 	/usr/lib/system/libxpc.dylib
0x000000001c8a2000 	/usr/lib/libbsm.0.dylib
0x000000001c8a2000 	/usr/lib/system/libkxld.dylib
0x000000001c8a2000 	/usr/lib/libcoretls.dylib
0x000000001c8a2000 	/usr/lib/libcoretls_cfhelpers.dylib
0x000000001c8a2000 	/usr/lib/libxar.1.dylib
0x000000001c8a2000 	/usr/lib/libsqlite3.dylib
0x000000001c8a2000 	/usr/lib/libpam.2.dylib
0x000000001c8a2000 	/usr/lib/libOpenScriptingUtil.dylib
0x000000001c8a2000 	/usr/lib/libbz2.1.0.dylib
0x000000001c8a2000 	/usr/lib/liblzma.5.dylib
0x000000001c8a2000 	/usr/lib/libnetwork.dylib
0x000000001c8a2000 	/usr/lib/libpcap.A.dylib
0x000000001c8a2000 	/System/Library/Frameworks/CoreServices.framework/Versions/A/Frameworks/FSEvents.framework/Versions/A/FSEvents
0x000000001c8a2000 	/System/Library/Frameworks/CoreServices.framework/Versions/A/Frameworks/CarbonCore.framework/Versions/A/CarbonCore
0x000000001c8a2000 	/System/Library/Frameworks/CoreServices.framework/Versions/A/Frameworks/Metadata.framework/Versions/A/Metadata
0x000000001c8a2000 	/System/Library/Frameworks/CoreServices.framework/Versions/A/Frameworks/OSServices.framework/Versions/A/OSServices
0x000000001c8a2000 	/System/Library/Frameworks/CoreServices.framework/Versions/A/Frameworks/SearchKit.framework/Versions/A/SearchKit
0x000000001c8a2000 	/System/Library/Frameworks/CoreServices.framework/Versions/A/Frameworks/AE.framework/Versions/A/AE
0x000000001c8a2000 	/System/Library/Frameworks/CoreServices.framework/Versions/A/Frameworks/LaunchServices.framework/Versions/A/LaunchServices
0x000000001c8a2000 	/System/Library/Frameworks/CoreServices.framework/Versions/A/Frameworks/DictionaryServices.framework/Versions/A/DictionaryServices
0x000000001c8a2000 	/System/Library/Frameworks/CoreServices.framework/Versions/A/Frameworks/SharedFileList.framework/Versions/A/SharedFileList
0x000000001c8a2000 	/System/Library/Frameworks/NetFS.framework/Versions/A/NetFS
0x000000001c8a2000 	/System/Library/PrivateFrameworks/NetAuth.framework/Versions/A/NetAuth
0x000000001c8a2000 	/System/Library/PrivateFrameworks/login.framework/Versions/A/Frameworks/loginsupport.framework/Versions/A/loginsupport
0x000000001c8a2000 	/System/Library/PrivateFrameworks/TCC.framework/Versions/A/TCC
0x000000001c8a2000 	/usr/lib/libmecabra.dylib
0x000000001c8a2000 	/System/Library/Frameworks/ApplicationServices.framework/Versions/A/Frameworks/ATS.framework/Versions/A/ATS
0x000000001c8a2000 	/System/Library/Frameworks/ApplicationServices.framework/Versions/A/Frameworks/ColorSync.framework/Versions/A/ColorSync
0x000000001c8a2000 	/System/Library/Frameworks/ApplicationServices.framework/Versions/A/Frameworks/HIServices.framework/Versions/A/HIServices
0x000000001c8a2000 	/System/Library/Frameworks/ApplicationServices.framework/Versions/A/Frameworks/LangAnalysis.framework/Versions/A/LangAnalysis
0x000000001c8a2000 	/System/Library/Frameworks/ApplicationServices.framework/Versions/A/Frameworks/PrintCore.framework/Versions/A/PrintCore
0x000000001c8a2000 	/System/Library/Frameworks/ApplicationServices.framework/Versions/A/Frameworks/QD.framework/Versions/A/QD
0x000000001c8a2000 	/System/Library/Frameworks/ApplicationServices.framework/Versions/A/Frameworks/SpeechSynthesis.framework/Versions/A/SpeechSynthesis
0x000000001c8a2000 	/System/Library/Frameworks/Accelerate.framework/Versions/A/Frameworks/vImage.framework/Versions/A/vImage
0x000000001c8a2000 	/System/Library/Frameworks/Accelerate.framework/Versions/A/Frameworks/vecLib.framework/Versions/A/vecLib
0x000000001c8a2000 	/System/Library/Frameworks/Accelerate.framework/Versions/A/Frameworks/vecLib.framework/Versions/A/libvDSP.dylib
0x000000001c8a2000 	/System/Library/Frameworks/Accelerate.framework/Versions/A/Frameworks/vecLib.framework/Versions/A/libBNNS.dylib
0x000000001c8a2000 	/System/Library/Frameworks/Accelerate.framework/Versions/A/Frameworks/vecLib.framework/Versions/A/libQuadrature.dylib
0x000000001c8a2000 	/System/Library/Frameworks/Accelerate.framework/Versions/A/Frameworks/vecLib.framework/Versions/A/libvMisc.dylib
0x000000001c8a2000 	/System/Library/Frameworks/Accelerate.framework/Versions/A/Frameworks/vecLib.framework/Versions/A/libLAPACK.dylib
0x000000001c8a2000 	/System/Library/Frameworks/Accelerate.framework/Versions/A/Frameworks/vecLib.framework/Versions/A/libBLAS.dylib
0x000000001c8a2000 	/System/Library/Frameworks/Accelerate.framework/Versions/A/Frameworks/vecLib.framework/Versions/A/libLinearAlgebra.dylib
0x000000001c8a2000 	/System/Library/Frameworks/Accelerate.framework/Versions/A/Frameworks/vecLib.framework/Versions/A/libSparseBLAS.dylib
0x000000001c8a2000 	/System/Library/Frameworks/ApplicationServices.framework/Versions/A/Frameworks/ATS.framework/Versions/A/Resources/libFontParser.dylib
0x000000001c8a2000 	/System/Library/Frameworks/ApplicationServices.framework/Versions/A/Frameworks/ATS.framework/Versions/A/Resources/libFontRegistry.dylib
0x000000001c8a2000 	/System/Library/Frameworks/ImageIO.framework/Versions/A/Resources/libJPEG.dylib
0x000000001c8a2000 	/System/Library/Frameworks/ImageIO.framework/Versions/A/Resources/libTIFF.dylib
0x000000001c8a2000 	/System/Library/Frameworks/ImageIO.framework/Versions/A/Resources/libPng.dylib
0x000000001c8a2000 	/System/Library/Frameworks/ImageIO.framework/Versions/A/Resources/libGIF.dylib
0x000000001c8a2000 	/System/Library/Frameworks/ImageIO.framework/Versions/A/Resources/libJP2.dylib
0x000000001c8a2000 	/System/Library/Frameworks/ImageIO.framework/Versions/A/Resources/libRadiance.dylib
0x000000001c8a2000 	/usr/lib/libcompression.dylib
0x000000001c8a2000 	/System/Library/PrivateFrameworks/AppleJPEG.framework/Versions/A/AppleJPEG
0x000000001c8a2000 	/usr/lib/libcups.2.dylib
0x000000001c8a2000 	/System/Library/Frameworks/Kerberos.framework/Versions/A/Kerberos
0x000000001c8a2000 	/System/Library/Frameworks/GSS.framework/Versions/A/GSS
0x000000001c8a2000 	/usr/lib/libresolv.9.dylib
0x000000001c8a2000 	/usr/lib/libiconv.2.dylib
0x000000001c8a2000 	/System/Library/PrivateFrameworks/Heimdal.framework/Versions/A/Heimdal
0x000000001c8a2000 	/usr/lib/libheimdal-asn1.dylib
0x000000001c8a2000 	/System/Library/Frameworks/OpenDirectory.framework/Versions/A/OpenDirectory
0x000000001c8a2000 	/System/Library/PrivateFrameworks/CommonAuth.framework/Versions/A/CommonAuth
0x000000001c8a2000 	/System/Library/Frameworks/OpenDirectory.framework/Versions/A/Frameworks/CFOpenDirectory.framework/Versions/A/CFOpenDirectory
0x000000001c8a2000 	/System/Library/Frameworks/SecurityFoundation.framework/Versions/A/SecurityFoundation
0x000000001c8a2000 	/System/Library/PrivateFrameworks/LanguageModeling.framework/Versions/A/LanguageModeling
0x000000001c8a2000 	/usr/lib/libmarisa.dylib
0x000000001c8a2000 	/usr/lib/libChineseTokenizer.dylib
0x000000001c8a2000 	/usr/lib/libcmph.dylib
0x000000001c8a2000 	/System/Library/PrivateFrameworks/CoreEmoji.framework/Versions/A/CoreEmoji
0x000000001c8a2000 	/System/Library/Frameworks/ServiceManagement.framework/Versions/A/ServiceManagement
0x000000001c8a2000 	/usr/lib/libxslt.1.dylib
0x000000001c8a2000 	/System/Library/Frameworks/Carbon.framework/Versions/A/Frameworks/Ink.framework/Versions/A/Ink
0x000000001c8a2000 	/System/Library/PrivateFrameworks/TextureIO.framework/Versions/A/TextureIO
0x000000001c8a2000 	/System/Library/Frameworks/Metal.framework/Versions/A/Metal
0x000000001c8a2000 	/usr/lib/libate.dylib
0x000000001c8a2000 	/System/Library/PrivateFrameworks/GPUCompiler.framework/libmetal_timestamp.dylib
0x000000001c8a2000 	/System/Library/Frameworks/OpenGL.framework/Versions/A/Libraries/libCoreFSCache.dylib
0x000000001c8a2000 	/System/Library/PrivateFrameworks/IOAccelerator.framework/Versions/A/IOAccelerator
0x000000001c8a2000 	/System/Library/Frameworks/CoreVideo.framework/Versions/A/CoreVideo
0x000000001c8a2000 	/usr/lib/libFosl_dynamic.dylib
0x000000001c8a2000 	/System/Library/PrivateFrameworks/MetalPerformanceShaders.framework/Versions/A/MetalPerformanceShaders
0x000000001c8a2000 	/System/Library/PrivateFrameworks/FaceCore.framework/Versions/A/FaceCore
0x000000001c8a2000 	/System/Library/Frameworks/OpenCL.framework/Versions/A/OpenCL
0x000000001c8a2000 	/System/Library/Frameworks/OpenGL.framework/Versions/A/Libraries/libGLU.dylib
0x000000001c8a2000 	/System/Library/Frameworks/OpenGL.framework/Versions/A/Libraries/libGFXShared.dylib
0x000000001c8a2000 	/System/Library/Frameworks/OpenGL.framework/Versions/A/Libraries/libGL.dylib
0x000000001c8a2000 	/System/Library/Frameworks/OpenGL.framework/Versions/A/Libraries/libGLImage.dylib
0x000000001c8a2000 	/System/Library/Frameworks/OpenGL.framework/Versions/A/Libraries/libCVMSPluginSupport.dylib
0x000000001c8a2000 	/System/Library/Frameworks/OpenGL.framework/Versions/A/Libraries/libCoreVMClient.dylib
0x000000001c8a2000 	/System/Library/PrivateFrameworks/CrashReporterSupport.framework/Versions/A/CrashReporterSupport
0x000000001c8a2000 	/System/Library/PrivateFrameworks/Sharing.framework/Versions/A/Sharing
0x000000001c8a2000 	/System/Library/PrivateFrameworks/IconServices.framework/Versions/A/IconServices
0x000000001c8a2000 	/System/Library/PrivateFrameworks/ProtocolBuffer.framework/Versions/A/ProtocolBuffer
0x000000001c8a2000 	/System/Library/PrivateFrameworks/Apple80211.framework/Versions/A/Apple80211
0x000000001c8a2000 	/System/Library/Frameworks/CoreWLAN.framework/Versions/A/CoreWLAN
0x000000001c8a2000 	/System/Library/PrivateFrameworks/CoreUtils.framework/Versions/A/CoreUtils
0x000000001c8a2000 	/System/Library/Frameworks/IOBluetooth.framework/Versions/A/IOBluetooth
0x000000001c8a2000 	/System/Library/PrivateFrameworks/CoreWiFi.framework/Versions/A/CoreWiFi
0x000000001c8a2000 	/System/Library/Frameworks/CoreBluetooth.framework/Versions/A/CoreBluetooth
0x000000001c8a2000 	/System/Library/Frameworks/CoreDisplay.framework/Versions/A/CoreDisplay
0x000000001c8a2000 	/System/Library/PrivateFrameworks/IOPresentment.framework/Versions/A/IOPresentment
0x000000001c8a2000 	/System/Library/PrivateFrameworks/DebugSymbols.framework/Versions/A/DebugSymbols
0x000000001c8a2000 	/System/Library/PrivateFrameworks/CoreSymbolication.framework/Versions/A/CoreSymbolication
0x000000001c8a2000 	/System/Library/PrivateFrameworks/Symbolication.framework/Versions/A/Symbolication
0x000000001c8a2000 	/System/Library/PrivateFrameworks/AppleFSCompression.framework/Versions/A/AppleFSCompression
0x000000001c8a2000 	/System/Library/PrivateFrameworks/SpeechRecognitionCore.framework/Versions/A/SpeechRecognitionCore
0x000000001c8a2000 	/System/Library/PrivateFrameworks/ChunkingLibrary.framework/Versions/A/ChunkingLibrary
0x0000000101000000 	/Library/Java/JavaVirtualMachines/jdk1.8.0_111.jdk/Contents/Home/jre/lib/server/libjvm.dylib
0x000000001c8a2000 	/usr/lib/libstdc++.6.dylib
0x0000000100658000 	/Library/Java/JavaVirtualMachines/jdk1.8.0_111.jdk/Contents/Home/jre/lib/libverify.dylib
0x0000000100666000 	/Library/Java/JavaVirtualMachines/jdk1.8.0_111.jdk/Contents/Home/jre/lib/libjava.dylib
0x00000001006a5000 	/Library/Java/JavaVirtualMachines/jdk1.8.0_111.jdk/Contents/Home/jre/lib/libzip.dylib
0x00000001047c3000 	/System/Library/Frameworks/JavaVM.framework/Frameworks/JavaRuntimeSupport.framework/JavaRuntimeSupport
0x00000001047dd000 	/System/Library/Frameworks/JavaVM.framework/Versions/A/Frameworks/JavaNativeFoundation.framework/Versions/A/JavaNativeFoundation
0x00000001007f0000 	/System/Library/Frameworks/JavaVM.framework/Versions/A/JavaVM
0x000000001c8a2000 	/System/Library/Frameworks/Carbon.framework/Versions/A/Carbon
0x00000001047f2000 	/System/Library/PrivateFrameworks/JavaLaunching.framework/Versions/A/JavaLaunching
0x000000001c8a2000 	/System/Library/Frameworks/Carbon.framework/Versions/A/Frameworks/CommonPanels.framework/Versions/A/CommonPanels
0x000000001c8a2000 	/System/Library/Frameworks/Carbon.framework/Versions/A/Frameworks/Help.framework/Versions/A/Help
0x000000001c8a2000 	/System/Library/Frameworks/Carbon.framework/Versions/A/Frameworks/ImageCapture.framework/Versions/A/ImageCapture
0x000000001c8a2000 	/System/Library/Frameworks/Carbon.framework/Versions/A/Frameworks/OpenScripting.framework/Versions/A/OpenScripting
0x000000001c8a2000 	/System/Library/Frameworks/Carbon.framework/Versions/A/Frameworks/Print.framework/Versions/A/Print
0x000000001c8a2000 	/System/Library/Frameworks/Carbon.framework/Versions/A/Frameworks/SecurityHI.framework/Versions/A/SecurityHI
0x0000000104846000 	/Library/Java/JavaVirtualMachines/jdk1.8.0_111.jdk/Contents/Home/jre/lib/libawt.dylib
0x00000001048ee000 	/Library/Java/JavaVirtualMachines/jdk1.8.0_111.jdk/Contents/Home/jre/lib/./libmlib_image.dylib
0x000000011938b000 	/Library/Java/JavaVirtualMachines/jdk1.8.0_111.jdk/Contents/Home/jre/lib/libawt_lwawt.dylib
0x00000001049ba000 	/Library/Java/JavaVirtualMachines/jdk1.8.0_111.jdk/Contents/Home/jre/lib/./libosxapp.dylib
0x000000001c8a2000 	/System/Library/Frameworks/ExceptionHandling.framework/Versions/A/ExceptionHandling
0x000000001c8a2000 	/System/Library/PrivateFrameworks/CoreServicesInternal.framework/Versions/A/CoreServicesInternal
0x000000001c8a2000 	/System/Library/CoreServices/RawCamera.bundle/Contents/MacOS/RawCamera
0x000000001c8a2000 	/System/Library/Frameworks/Accelerate.framework/Versions/A/Frameworks/vImage.framework/Versions/A/Libraries/libCGInterfaces.dylib
0x000000001c8a2000 	/System/Library/Frameworks/ApplicationServices.framework/Versions/A/Frameworks/ATS.framework/Versions/A/Resources/libTrueTypeScaler.dylib
0x000000001c8a2000 	/System/Library/Frameworks/OpenGL.framework/Versions/A/Resources/GLEngine.bundle/GLEngine
0x000000001c8a2000 	/System/Library/Frameworks/OpenGL.framework/Versions/A/Libraries/libGLProgrammability.dylib
0x000000011aef5000 	/System/Library/Extensions/AppleIntelHD5000GraphicsGLDriver.bundle/Contents/MacOS/AppleIntelHD5000GraphicsGLDriver
0x000000001c8a2000 	/System/Library/PrivateFrameworks/GPUSupport.framework/Versions/A/Libraries/libGPUSupportMercury.dylib
0x000000001c8a2000 	/System/Library/Frameworks/OpenGL.framework/Versions/A/Resources/GLRendererFloat.bundle/GLRendererFloat
0x000000001c8a2000 	/System/Library/Frameworks/OpenCL.framework/Versions/A/Libraries/libcldcpuengine.dylib
0x000000001c8a2000 	/usr/lib/libcrypto.0.9.8.dylib
0x000000001c8a2000 	/System/Library/PrivateFrameworks/TrustEvaluationAgent.framework/Versions/A/TrustEvaluationAgent
0x000000011b677000 	/System/Library/Extensions/AppleIntelHD5000GraphicsMTLDriver.bundle/Contents/MacOS/AppleIntelHD5000GraphicsMTLDriver
0x000000001c8a2000 	/System/Library/PrivateFrameworks/FamilyControls.framework/Versions/A/FamilyControls
0x000000001c8a2000 	/System/Library/PrivateFrameworks/CommerceKit.framework/Versions/A/Frameworks/CommerceCore.framework/Versions/A/CommerceCore
0x000000001c8a2000 	/System/Library/PrivateFrameworks/SystemAdministration.framework/Versions/A/SystemAdministration
0x000000001c8a2000 	/System/Library/PrivateFrameworks/AppContainer.framework/Versions/A/AppContainer
0x000000001c8a2000 	/System/Library/PrivateFrameworks/SecCodeWrapper.framework/Versions/A/SecCodeWrapper
0x000000001c8a2000 	/System/Library/Frameworks/DirectoryService.framework/Versions/A/DirectoryService
0x000000001c8a2000 	/System/Library/PrivateFrameworks/DiskImages.framework/Versions/A/DiskImages
0x000000001c8a2000 	/System/Library/PrivateFrameworks/LoginUIKit.framework/Versions/A/Frameworks/LoginUICore.framework/Versions/A/LoginUICore
0x000000001c8a2000 	/usr/lib/libCoreStorage.dylib
0x000000001c8a2000 	/usr/lib/libcsfde.dylib
0x000000001c8a2000 	/usr/lib/libodfde.dylib
0x000000001c8a2000 	/System/Library/Frameworks/DiscRecording.framework/Versions/A/DiscRecording
0x000000001c8a2000 	/usr/lib/libcurl.4.dylib
0x000000001c8a2000 	/System/Library/PrivateFrameworks/MediaKit.framework/Versions/A/MediaKit
0x000000001c8a2000 	/System/Library/PrivateFrameworks/ProtectedCloudStorage.framework/Versions/A/ProtectedCloudStorage
0x000000001c8a2000 	/System/Library/PrivateFrameworks/EFILogin.framework/Versions/A/EFILogin
0x000000001c8a2000 	/usr/lib/libutil.dylib
0x000000001c8a2000 	/System/Library/Frameworks/LDAP.framework/Versions/A/LDAP
0x000000001c8a2000 	/usr/lib/libsasl2.2.dylib
0x000000001c8a2000 	/System/Library/PrivateFrameworks/CoreDaemon.framework/Versions/B/CoreDaemon
0x000000001c8a2000 	/System/Library/PrivateFrameworks/AppleSRP.framework/Versions/A/AppleSRP
0x000000001c8a2000 	/System/Library/PrivateFrameworks/APFS.framework/Versions/A/APFS
0x000000011d28f000 	/Library/Java/JavaVirtualMachines/jdk1.8.0_111.jdk/Contents/Home/jre/lib/libfontmanager.dylib
0x000000001c8a2000 	/System/Library/PrivateFrameworks/ViewBridge.framework/Versions/A/ViewBridge
0x000000001c8a2000 	/System/Library/PrivateFrameworks/XPCService.framework/Versions/A/XPCService
0x000000001c8a2000 	/System/Library/PrivateFrameworks/AppSandbox.framework/Versions/A/AppSandbox
0x000000001c8a2000 	/usr/lib/libsandbox.1.dylib
0x000000001c8a2000 	/usr/lib/libMatch.1.dylib
0x000000011e6ca000 	/Library/Java/JavaVirtualMachines/jdk1.8.0_111.jdk/Contents/Home/jre/lib/libosxui.dylib
0x000000011f246000 	/Library/Java/JavaVirtualMachines/jdk1.8.0_111.jdk/Contents/Home/jre/lib/libnet.dylib
0x000000011f185000 	/Library/Java/JavaVirtualMachines/jdk1.8.0_111.jdk/Contents/Home/jre/lib/libnio.dylib
0x000000011e396000 	/private/var/folders/qk/z1qqpcwd0wx0z14thz2z48xw0000gr/T/jogamp_0000/file_cache/jln2198930892568556221/jln4400198869533267413/libgluegen-rt.jnilib
0x000000011e39a000 	/private/var/folders/qk/z1qqpcwd0wx0z14thz2z48xw0000gr/T/jogamp_0000/file_cache/jln2198930892568556221/jln4400198869533267413/libnativewindow_awt.jnilib
0x000000011e39d000 	/Library/Java/JavaVirtualMachines/jdk1.8.0_111.jdk/Contents/Home/jre/lib/libjawt.dylib
0x000000015d793000 	/private/var/folders/qk/z1qqpcwd0wx0z14thz2z48xw0000gr/T/jogamp_0000/file_cache/jln2198930892568556221/jln4400198869533267413/libnativewindow_macosx.jnilib
0x000000015fe0b000 	/private/var/folders/qk/z1qqpcwd0wx0z14thz2z48xw0000gr/T/jogamp_0000/file_cache/jln2198930892568556221/jln4400198869533267413/libjogl_desktop.jnilib
0x000000011a184000 	/Library/Java/JavaVirtualMachines/jdk1.8.0_111.jdk/Contents/Home/jre/lib/libjpeg.dylib

VM Arguments:
jvm_args: -Djava.security.policy=java.policy.applet -Dfile.encoding=UTF-8 
java_command: sun.applet.AppletViewer ai.files.DisplayPath1523296338835.html
java_class_path (initial): /Users/Justin/AQP-AI/AI/build:/Users/Justin/AQP-AI/AI/lib/core.jar:/Users/Justin/AQP-AI/AI/lib/gluegen-rt.jar:/Users/Justin/AQP-AI/AI/lib/jogl-all.jar:/Users/Justin/AQP-AI/AI/lib/log4j-1.2.15.jar:/Users/Justin/AQP-AI/AI/lib/sqlite-jdbc-3.7.2.jar:/Users/Justin/AQP-AI/AI/lib/json4processing.jar:/Users/Justin/AQP-AI/AI/lib/libTUIO.jar:/Users/Justin/AQP-AI/AI/lib/unfolding.0.9.6.jar:/Users/Justin/AQP-AI/AI/lib/DelaunayTriangulator-1.0.3.jar:/Users/Justin/AQP-AI/AI/lib/guava-12.0.jar:/Users/Justin/.p2/pool/plugins/org.junit_4.12.0.v201504281640/junit.jar:/Users/Justin/.p2/pool/plugins/org.hamcrest.core_1.3.0.v201303031735.jar
Launcher Type: SUN_STANDARD

Environment Variables:
PATH=/usr/bin:/bin:/usr/sbin:/sbin
SHELL=/bin/bash
DISPLAY=/private/tmp/com.apple.launchd.z7YaFbB72Z/org.macosforge.xquartz:0

Signal Handlers:
SIGSEGV: [libjvm.dylib+0x5b03ed], sa_mask[0]=11111111011111110111111111111111, sa_flags=SA_ONSTACK|SA_RESTART|SA_SIGINFO
SIGBUS: [libjvm.dylib+0x5b03ed], sa_mask[0]=11111111011111110111111111111111, sa_flags=SA_RESTART|SA_SIGINFO
SIGFPE: [libjvm.dylib+0x48711c], sa_mask[0]=11111111011111110111111111111111, sa_flags=SA_RESTART|SA_SIGINFO
SIGPIPE: [libjvm.dylib+0x48711c], sa_mask[0]=11111111011111110111111111111111, sa_flags=SA_RESTART|SA_SIGINFO
SIGXFSZ: [libjvm.dylib+0x48711c], sa_mask[0]=11111111011111110111111111111111, sa_flags=SA_RESTART|SA_SIGINFO
SIGILL: [libjvm.dylib+0x48711c], sa_mask[0]=11111111011111110111111111111111, sa_flags=SA_RESTART|SA_SIGINFO
SIGUSR1: SIG_DFL, sa_mask[0]=00000000000000000000000000000000, sa_flags=none
SIGUSR2: [libjvm.dylib+0x486c3a], sa_mask[0]=00100000000000000000000000000000, sa_flags=SA_RESTART|SA_SIGINFO
SIGHUP: [libjvm.dylib+0x485211], sa_mask[0]=11111111011111110111111111111111, sa_flags=SA_RESTART|SA_SIGINFO
SIGINT: [libjvm.dylib+0x485211], sa_mask[0]=11111111011111110111111111111111, sa_flags=SA_RESTART|SA_SIGINFO
SIGTERM: [libjvm.dylib+0x485211], sa_mask[0]=11111111011111110111111111111111, sa_flags=SA_RESTART|SA_SIGINFO
SIGQUIT: [libjvm.dylib+0x485211], sa_mask[0]=11111111011111110111111111111111, sa_flags=SA_RESTART|SA_SIGINFO


---------------  S Y S T E M  ---------------

OS:Bsduname:Darwin 16.0.0 Darwin Kernel Version 16.0.0: Mon Aug 29 17:56:20 PDT 2016; root:xnu-3789.1.32~3/RELEASE_X86_64 x86_64
rlimit: STACK 8192k, CORE 0k, NPROC 709, NOFILE 10240, AS infinity
load average:2.37 2.31 2.13

CPU:total 4 (2 cores per cpu, 2 threads per core) family 6 model 69 stepping 1, cmov, cx8, fxsr, mmx, sse, sse2, sse3, ssse3, sse4.1, sse4.2, popcnt, avx, avx2, aes, clmul, erms, lzcnt, ht, tsc, tscinvbit, bmi1, bmi2

Memory: 4k page, physical 8388608k(49784k free)

/proc/meminfo:


vm_info: Java HotSpot(TM) 64-Bit Server VM (25.111-b14) for bsd-amd64 JRE (1.8.0_111-b14), built on Sep 22 2016 15:31:41 by "java_re" with gcc 4.2.1 (Based on Apple Inc. build 5658) (LLVM build 2336.11.00)

time: Mon Apr  9 12:52:42 2018
elapsed time: 23 seconds (0d 0h 0m 23s)

