#
# A fatal error has been detected by the Java Runtime Environment:
#
#  SIGSEGV (0xb) at pc=0x00007fffa61f2b5d, pid=39665, tid=0x000000000000080b
#
# JRE version: Java(TM) SE Runtime Environment (8.0_111-b14) (build 1.8.0_111-b14)
# Java VM: Java HotSpot(TM) 64-Bit Server VM (25.111-b14 mixed mode bsd-amd64 compressed oops)
# Problematic frame:
# C  [libobjc.A.dylib+0x6b5d]  objc_msgSend+0x1d
#
# Failed to write core dump. Core dumps have been disabled. To enable core dumping, try "ulimit -c unlimited" before starting Java again
#
# If you would like to submit a bug report, please visit:
#   http://bugreport.java.com/bugreport/crash.jsp
# The crash happened outside the Java Virtual Machine in native code.
# See problematic frame for where to report the bug.
#

---------------  T H R E A D  ---------------

Current thread (0x00007fe58502e000):  JavaThread "AWT-AppKit" daemon [_thread_in_native, id=2059, stack(0x00007fff56d00000,0x00007fff57500000)]

siginfo: si_signo: 11 (SIGSEGV), si_code: 1 (SEGV_MAPERR), si_addr: 0x0000000000000018

Registers:
RAX=0x00007fe583c5a260, RBX=0x000000016585d3b0, RCX=0x00007fe5867000b0, RDX=0x0000000000000000
RSP=0x00007fff574fb418, RBP=0x00007fff574fb4d0, RSI=0x00007fff902811c3, RDI=0x00007fe583c2f7a0
R8 =0x0000000000000018, R9 =0x00007fe5867000e0, R10=0x0000000000000000, R11=0x00007fff902811c3
R12=0x0000000000000000, R13=0x0000000167e5fd90, R14=0x000000016585d3a0, R15=0x00007fe58502e000
RIP=0x00007fffa61f2b5d, EFLAGS=0x0000000000010246, ERR=0x0000000000000004
  TRAPNO=0x000000000000000e

Top of Stack: (sp=0x00007fff574fb418)
0x00007fff574fb418:   000000016585b5d7 00007fff574fb470
0x00007fff574fb428:   0000000000000003 00007fff574fb450
0x00007fff574fb438:   000000010896f7be 0000000167e5fd90
0x00007fff574fb448:   0000000167e5fd90 00007fe583c5a260
0x00007fff574fb458:   000000016585d5c0 000000016585d640
0x00007fff574fb468:   000000016585d3b0 00007fffac1b86d0
0x00007fff574fb478:   000000016585d5d0 00007ffface1cf90
0x00007fff574fb488:   00007fe583c5a260 00007fe583c2f7a0
0x00007fff574fb498:   00007fe583d51fa0 00007fe583c5a260
0x00007fff574fb4a8:   00007fe583c2f7a0 00007fff574fb558
0x00007fff574fb4b8:   00007fe58502e1f8 0000000167e5fd90
0x00007fff574fb4c8:   00007fff574fb580 00007fff574fb548
0x00007fff574fb4d8:   0000000112b889f4 0000000167e5fd90
0x00007fff574fb4e8:   00007fff574fb580 00007fff574fb548
0x00007fff574fb4f8:   0000000112b88787 0000000112b88742
0x00007fff574fb508:   00007fff574fb508 0000000167e5fd90
0x00007fff574fb518:   00007fff574fb580 0000000167e62580
0x00007fff574fb528:   0000000000000000 0000000167e5fd90
0x00007fff574fb538:   0000000000000000 00007fff574fb568
0x00007fff574fb548:   00007fff574fb5c8 0000000112b792bd
0x00007fff574fb558:   0000000741197db8 0000000112b82538
0x00007fff574fb568:   00007fe583c5a260 00007fff574fb5c8
0x00007fff574fb578:   00007fe583c2f7a0 0000000112b83e02
0x00007fff574fb588:   00007fff574fb588 0000000167e5ff5a
0x00007fff574fb598:   00007fff574fb5f0 0000000167e62580
0x00007fff574fb5a8:   0000000000000000 0000000167e5ff68
0x00007fff574fb5b8:   00007fff574fb568 00007fff574fb5d8
0x00007fff574fb5c8:   00007fff574fb638 0000000112b792bd
0x00007fff574fb5d8:   00007fe583c5a260 00000007412199b8
0x00007fff574fb5e8:   00007fe583c2f7a0 00000007412199b8
0x00007fff574fb5f8:   00007fff574fb5f8 0000000174517b0e
0x00007fff574fb608:   00007fff574fb648 0000000174517bc8 

Instructions: (pc=0x00007fffa61f2b5d)
0x00007fffa61f2b3d:   0f 1f 00 48 85 ff 2e 74 62 40 f6 c7 01 2e 75 66
0x00007fffa61f2b4d:   49 ba f8 ff ff ff ff 7f 00 00 4c 23 17 49 89 f3
0x00007fffa61f2b5d:   45 23 5a 18 49 c1 e3 04 4d 03 5a 10 49 3b 33 75
0x00007fffa61f2b6d:   04 41 ff 63 08 49 83 3b 01 76 0d 49 83 c3 10 49 

Register to memory mapping:

RAX=0x00007fe583c5a260 is an unknown value
RBX=0x000000016585d3b0: Java_jogamp_nativewindow_macosx_OSXUtil_GetScreenRefreshRate0+0x1850 in /private/var/folders/qk/z1qqpcwd0wx0z14thz2z48xw0000gr/T/jogamp_0000/file_cache/jln2311777958432744536/jln7197113349611424617/libnativewindow_macosx.jnilib at 0x0000000165856000
RCX=0x00007fe5867000b0 is an unknown value
RDX=0x0000000000000000 is an unknown value
RSP=0x00007fff574fb418 is pointing into the stack for thread: 0x00007fe58502e000
RBP=0x00007fff574fb4d0 is pointing into the stack for thread: 0x00007fe58502e000
RSI=0x00007fff902811c3: __NSStyleNameIndexTable+0x814d6 in /System/Library/Frameworks/AppKit.framework/Versions/C/AppKit at 0x00007fff8f6ef000
RDI=0x00007fe583c2f7a0 is an unknown value
R8 =0x0000000000000018 is an unknown value
R9 =0x00007fe5867000e0 is an unknown value
R10=0x0000000000000000 is an unknown value
R11=0x00007fff902811c3: __NSStyleNameIndexTable+0x814d6 in /System/Library/Frameworks/AppKit.framework/Versions/C/AppKit at 0x00007fff8f6ef000
R12=0x0000000000000000 is an unknown value
R13={method} {0x0000000167e5fd90} 'UnsetJAWTRootSurfaceLayer0' '(JJ)V' in 'jogamp/nativewindow/jawt/macosx/MacOSXJAWTWindow'
R14=0x000000016585d3a0: Java_jogamp_nativewindow_macosx_OSXUtil_GetScreenRefreshRate0+0x1840 in /private/var/folders/qk/z1qqpcwd0wx0z14thz2z48xw0000gr/T/jogamp_0000/file_cache/jln2311777958432744536/jln7197113349611424617/libnativewindow_macosx.jnilib at 0x0000000165856000
R15=0x00007fe58502e000 is a thread


Stack: [0x00007fff56d00000,0x00007fff57500000],  sp=0x00007fff574fb418,  free space=8173k
Native frames: (J=compiled Java code, j=interpreted, Vv=VM code, C=native code)
C  [libobjc.A.dylib+0x6b5d]  objc_msgSend+0x1d
j  jogamp.nativewindow.jawt.macosx.MacOSXJAWTWindow.UnsetJAWTRootSurfaceLayer0(JJ)V+0
j  jogamp.nativewindow.jawt.macosx.MacOSXJAWTWindow.access$200(JJ)V+2
j  jogamp.nativewindow.jawt.macosx.MacOSXJAWTWindow$1.run()V+38
J 2705 C1 com.jogamp.common.util.RunnableTask.run()V (345 bytes) @ 0x0000000113384ff4 [0x0000000113384e60+0x194]
v  ~StubRoutines::call_stub
V  [libjvm.dylib+0x2ecf8a]
V  [libjvm.dylib+0x324119]
V  [libjvm.dylib+0x3168e7]
C  [libnativewindow_macosx.jnilib+0x57ae]  Java_jogamp_nativewindow_jawt_macosx_MacOSXJAWTWindow_UnsetJAWTRootSurfaceLayer0+0x2be
C  [Foundation+0x71f2a]  __NSThreadPerformPerform+0x146
C  [CoreFoundation+0xa7551]  __CFRUNLOOP_IS_CALLING_OUT_TO_A_SOURCE0_PERFORM_FUNCTION__+0x11
C  [CoreFoundation+0x886bd]  __CFRunLoopDoSources0+0x22d
C  [CoreFoundation+0x87bb6]  __CFRunLoopRun+0x3a6
C  [CoreFoundation+0x875b4]  CFRunLoopRunSpecific+0x1a4
C  [HIToolbox+0x30f6c]  RunCurrentEventLoopInMode+0xf0
C  [HIToolbox+0x30ca9]  ReceiveNextEventCommon+0xb8
C  [HIToolbox+0x30bd6]  _BlockUntilNextEventMatchingListInModeWithFilter+0x47
C  [AppKit+0x475f5]  _DPSNextEvent+0x445
C  [AppKit+0x7578eb]  -[NSApplication(NSEvent) _nextEventMatchingEventMask:untilDate:inMode:dequeue:]+0x665
C  [libosxapp.dylib+0x23aa]  -[NSApplicationAWT nextEventMatchingMask:untilDate:inMode:dequeue:]+0x7c
C  [AppKit+0x3bfbd]  -[NSApplication run]+0x39e
C  [libosxapp.dylib+0x214d]  +[NSApplicationAWT runAWTLoopWithApp:]+0x9c
C  [libawt_lwawt.dylib+0x444b3]  -[AWTStarter starter:]+0x389
C  [Foundation+0x71f2a]  __NSThreadPerformPerform+0x146
C  [CoreFoundation+0xa7551]  __CFRUNLOOP_IS_CALLING_OUT_TO_A_SOURCE0_PERFORM_FUNCTION__+0x11
C  [CoreFoundation+0x886bd]  __CFRunLoopDoSources0+0x22d
C  [CoreFoundation+0x87bb6]  __CFRunLoopRun+0x3a6
C  [CoreFoundation+0x875b4]  CFRunLoopRunSpecific+0x1a4
C  [java+0x6465]  CreateExecutionEnvironment+0x367
C  [java+0x218c]  JLI_Launch+0x7a0
C  [java+0x84c2]  main+0x65
C  [java+0x19e4]  start+0x34
C  0x0000000000000007

Java frames: (J=compiled Java code, j=interpreted, Vv=VM code)
j  jogamp.nativewindow.jawt.macosx.MacOSXJAWTWindow.UnsetJAWTRootSurfaceLayer0(JJ)V+0
j  jogamp.nativewindow.jawt.macosx.MacOSXJAWTWindow.access$200(JJ)V+2
j  jogamp.nativewindow.jawt.macosx.MacOSXJAWTWindow$1.run()V+38
J 2705 C1 com.jogamp.common.util.RunnableTask.run()V (345 bytes) @ 0x0000000113384ff4 [0x0000000113384e60+0x194]
v  ~StubRoutines::call_stub

---------------  P R O C E S S  ---------------

Java Threads: ( => current thread )
  0x00007fe584e73800 JavaThread "Thread-96" [_thread_blocked, id=4903, stack(0x000070000e88a000,0x000070000e98a000)]
  0x00007fe5850ee800 JavaThread "AWT-EventQueue-1" [_thread_in_native, id=66579, stack(0x000070000e704000,0x000070000e804000)]
  0x00007fe584aa8800 JavaThread "DestroyJavaVM" [_thread_blocked, id=7171, stack(0x000070000d0bc000,0x000070000d1bc000)]
  0x00007fe585a83000 JavaThread "AWT-EventQueue-0" [_thread_blocked, id=60179, stack(0x000070000e4fe000,0x000070000e5fe000)]
  0x00007fe5859ee800 JavaThread "Java2D Disposer" daemon [_thread_blocked, id=56847, stack(0x000070000e275000,0x000070000e375000)]
  0x00007fe5849c9000 JavaThread "Java2D Queue Flusher" daemon [_thread_in_native, id=54791, stack(0x000070000e172000,0x000070000e272000)]
  0x00007fe5840fb000 JavaThread "AWT-Shutdown" [_thread_blocked, id=30495, stack(0x000070000df69000,0x000070000e069000)]
=>0x00007fe58502e000 JavaThread "AWT-AppKit" daemon [_thread_in_native, id=2059, stack(0x00007fff56d00000,0x00007fff57500000)]
  0x00007fe58500a800 JavaThread "Service Thread" daemon [_thread_blocked, id=18691, stack(0x000070000dce0000,0x000070000dde0000)]
  0x00007fe584815800 JavaThread "C1 CompilerThread2" daemon [_thread_blocked, id=18179, stack(0x000070000dbdd000,0x000070000dcdd000)]
  0x00007fe584815000 JavaThread "C2 CompilerThread1" daemon [_thread_blocked, id=17667, stack(0x000070000dada000,0x000070000dbda000)]
  0x00007fe584813000 JavaThread "C2 CompilerThread0" daemon [_thread_blocked, id=17155, stack(0x000070000d9d7000,0x000070000dad7000)]
  0x00007fe58480f800 JavaThread "Signal Dispatcher" daemon [_thread_blocked, id=16643, stack(0x000070000d8d4000,0x000070000d9d4000)]
  0x00007fe584003000 JavaThread "Finalizer" daemon [_thread_blocked, id=12547, stack(0x000070000d7d1000,0x000070000d8d1000)]
  0x00007fe585006800 JavaThread "Reference Handler" daemon [_thread_blocked, id=12035, stack(0x000070000d6ce000,0x000070000d7ce000)]

Other Threads:
  0x00007fe585806800 VMThread [stack: 0x000070000d5cb000,0x000070000d6cb000] [id=11523]
  0x00007fe584060000 WatcherThread [stack: 0x000070000dde3000,0x000070000dee3000] [id=19203]

VM state:not at safepoint (normal execution)

VM Mutex/Monitor currently owned by a thread: None

Heap:
 PSYoungGen      total 465920K, used 431975K [0x0000000795580000, 0x00000007bde80000, 0x00000007c0000000)
  eden space 449024K, 96% used [0x0000000795580000,0x00000007afb39e08,0x00000007b0c00000)
  from space 16896K, 0% used [0x00000007bbd80000,0x00000007bbda0000,0x00000007bce00000)
  to   space 16384K, 0% used [0x00000007bce80000,0x00000007bce80000,0x00000007bde80000)
 ParOldGen       total 87552K, used 41480K [0x0000000740000000, 0x0000000745580000, 0x0000000795580000)
  object space 87552K, 47% used [0x0000000740000000,0x00000007428823f8,0x0000000745580000)
 Metaspace       used 20200K, capacity 20433K, committed 20736K, reserved 1069056K
  class space    used 1975K, capacity 2047K, committed 2048K, reserved 1048576K

Card table byte_map: [0x000000010a3c0000,0x000000010a7c1000] byte_map_base: 0x00000001069c0000

Marking Bits: (ParMarkBitMap*) 0x000000010906cd20
 Begin Bits: [0x000000010aa6c000, 0x000000010ca6c000)
 End Bits:   [0x000000010ca6c000, 0x000000010ea6c000)

Polling page: 0x0000000109761000

CodeCache: size=245760Kb used=9156Kb max_used=9559Kb free=236603Kb
 bounds [0x0000000112b71000, 0x0000000113501000, 0x0000000121b71000]
 total_blobs=3566 nmethods=2681 adapters=798
 compilation: enabled

Compilation events (10 events):
Event: 60.178 Thread 0x00007fe584815800 3078       3       java.awt.EventQueue::noEvents (29 bytes)
Event: 60.179 Thread 0x00007fe584815800 nmethod 3078 0x0000000112d12f50 code [0x0000000112d130c0, 0x0000000112d13350]
Event: 60.213 Thread 0x00007fe584815800 3079       3       sun.lwawt.LWComponentPeer::handleEvent (104 bytes)
Event: 60.216 Thread 0x00007fe584815800 nmethod 3079 0x0000000113083690 code [0x00000001130838a0, 0x0000000113084948]
Event: 60.216 Thread 0x00007fe584815800 3080   !   3       sun.lwawt.LWComponentPeer::sendEventToDelegate (87 bytes)
Event: 60.218 Thread 0x00007fe584815800 nmethod 3080 0x0000000112f44690 code [0x0000000112f448c0, 0x0000000112f45a48]
Event: 60.218 Thread 0x00007fe584815800 3081   !   3       sun.lwawt.LWComponentPeer::isShowing (49 bytes)
Event: 60.219 Thread 0x00007fe584815800 nmethod 3081 0x0000000112fb2c90 code [0x0000000112fb2e40, 0x0000000112fb3748]
Event: 60.263 Thread 0x00007fe584815800 3082       1       sun.java2d.SurfaceData::isValid (5 bytes)
Event: 60.264 Thread 0x00007fe584815800 nmethod 3082 0x0000000113038a10 code [0x0000000113038b60, 0x0000000113038c70]

GC Heap History (10 events):
Event: 29.997 GC heap before
{Heap before GC invocations=15 (full 0):
 PSYoungGen      total 560640K, used 542848K [0x0000000795580000, 0x00000007b8a80000, 0x00000007c0000000)
  eden space 542720K, 100% used [0x0000000795580000,0x00000007b6780000,0x00000007b6780000)
  from space 17920K, 0% used [0x00000007b7900000,0x00000007b7920000,0x00000007b8a80000)
  to   space 17920K, 0% used [0x00000007b6780000,0x00000007b6780000,0x00000007b7900000)
 ParOldGen       total 87552K, used 41304K [0x0000000740000000, 0x0000000745580000, 0x0000000795580000)
  object space 87552K, 47% used [0x0000000740000000,0x00000007428563f8,0x0000000745580000)
 Metaspace       used 20115K, capacity 20305K, committed 20480K, reserved 1067008K
  class space    used 1967K, capacity 2047K, committed 2048K, reserved 1048576K
Event: 29.998 GC heap after
Heap after GC invocations=15 (full 0):
 PSYoungGen      total 560640K, used 128K [0x0000000795580000, 0x00000007c0000000, 0x00000007c0000000)
  eden space 542720K, 0% used [0x0000000795580000,0x0000000795580000,0x00000007b6780000)
  from space 17920K, 0% used [0x00000007b6780000,0x00000007b67a0000,0x00000007b7900000)
  to   space 17920K, 0% used [0x00000007bee80000,0x00000007bee80000,0x00000007c0000000)
 ParOldGen       total 87552K, used 41352K [0x0000000740000000, 0x0000000745580000, 0x0000000795580000)
  object space 87552K, 47% used [0x0000000740000000,0x00000007428623f8,0x0000000745580000)
 Metaspace       used 20115K, capacity 20305K, committed 20480K, reserved 1067008K
  class space    used 1967K, capacity 2047K, committed 2048K, reserved 1048576K
}
Event: 36.245 GC heap before
{Heap before GC invocations=16 (full 0):
 PSYoungGen      total 560640K, used 542848K [0x0000000795580000, 0x00000007c0000000, 0x00000007c0000000)
  eden space 542720K, 100% used [0x0000000795580000,0x00000007b6780000,0x00000007b6780000)
  from space 17920K, 0% used [0x00000007b6780000,0x00000007b67a0000,0x00000007b7900000)
  to   space 17920K, 0% used [0x00000007bee80000,0x00000007bee80000,0x00000007c0000000)
 ParOldGen       total 87552K, used 41352K [0x0000000740000000, 0x0000000745580000, 0x0000000795580000)
  object space 87552K, 47% used [0x0000000740000000,0x00000007428623f8,0x0000000745580000)
 Metaspace       used 20142K, capacity 20305K, committed 20480K, reserved 1067008K
  class space    used 1967K, capacity 2047K, committed 2048K, reserved 1048576K
Event: 36.246 GC heap after
Heap after GC invocations=16 (full 0):
 PSYoungGen      total 518144K, used 96K [0x0000000795580000, 0x00000007bef00000, 0x00000007c0000000)
  eden space 517632K, 0% used [0x0000000795580000,0x0000000795580000,0x00000007b4f00000)
  from space 512K, 18% used [0x00000007bee80000,0x00000007bee98000,0x00000007bef00000)
  to   space 17408K, 0% used [0x00000007bcd00000,0x00000007bcd00000,0x00000007bde00000)
 ParOldGen       total 87552K, used 41408K [0x0000000740000000, 0x0000000745580000, 0x0000000795580000)
  object space 87552K, 47% used [0x0000000740000000,0x00000007428703f8,0x0000000745580000)
 Metaspace       used 20142K, capacity 20305K, committed 20480K, reserved 1067008K
  class space    used 1967K, capacity 2047K, committed 2048K, reserved 1048576K
}
Event: 42.812 GC heap before
{Heap before GC invocations=17 (full 0):
 PSYoungGen      total 518144K, used 517728K [0x0000000795580000, 0x00000007bef00000, 0x00000007c0000000)
  eden space 517632K, 100% used [0x0000000795580000,0x00000007b4f00000,0x00000007b4f00000)
  from space 512K, 18% used [0x00000007bee80000,0x00000007bee98000,0x00000007bef00000)
  to   space 17408K, 0% used [0x00000007bcd00000,0x00000007bcd00000,0x00000007bde00000)
 ParOldGen       total 87552K, used 41408K [0x0000000740000000, 0x0000000745580000, 0x0000000795580000)
  object space 87552K, 47% used [0x0000000740000000,0x00000007428703f8,0x0000000745580000)
 Metaspace       used 20153K, capacity 20369K, committed 20736K, reserved 1069056K
  class space    used 1967K, capacity 2047K, committed 2048K, reserved 1048576K
Event: 42.814 GC heap after
Heap after GC invocations=17 (full 0):
 PSYoungGen      total 510976K, used 128K [0x0000000795580000, 0x00000007bef00000, 0x00000007c0000000)
  eden space 493568K, 0% used [0x0000000795580000,0x0000000795580000,0x00000007b3780000)
  from space 17408K, 0% used [0x00000007bcd00000,0x00000007bcd20000,0x00000007bde00000)
  to   space 17408K, 0% used [0x00000007bde00000,0x00000007bde00000,0x00000007bef00000)
 ParOldGen       total 87552K, used 41440K [0x0000000740000000, 0x0000000745580000, 0x0000000795580000)
  object space 87552K, 47% used [0x0000000740000000,0x00000007428783f8,0x0000000745580000)
 Metaspace       used 20153K, capacity 20369K, committed 20736K, reserved 1069056K
  class space    used 1967K, capacity 2047K, committed 2048K, reserved 1048576K
}
Event: 48.964 GC heap before
{Heap before GC invocations=18 (full 0):
 PSYoungGen      total 510976K, used 493696K [0x0000000795580000, 0x00000007bef00000, 0x00000007c0000000)
  eden space 493568K, 100% used [0x0000000795580000,0x00000007b3780000,0x00000007b3780000)
  from space 17408K, 0% used [0x00000007bcd00000,0x00000007bcd20000,0x00000007bde00000)
  to   space 17408K, 0% used [0x00000007bde00000,0x00000007bde00000,0x00000007bef00000)
 ParOldGen       total 87552K, used 41440K [0x0000000740000000, 0x0000000745580000, 0x0000000795580000)
  object space 87552K, 47% used [0x0000000740000000,0x00000007428783f8,0x0000000745580000)
 Metaspace       used 20153K, capacity 20369K, committed 20736K, reserved 1069056K
  class space    used 1967K, capacity 2047K, committed 2048K, reserved 1048576K
Event: 48.966 GC heap after
Heap after GC invocations=18 (full 0):
 PSYoungGen      total 471040K, used 128K [0x0000000795580000, 0x00000007bde80000, 0x00000007c0000000)
  eden space 470528K, 0% used [0x0000000795580000,0x0000000795580000,0x00000007b2100000)
  from space 512K, 25% used [0x00000007bde00000,0x00000007bde20000,0x00000007bde80000)
  to   space 16896K, 0% used [0x00000007bbd80000,0x00000007bbd80000,0x00000007bce00000)
 ParOldGen       total 87552K, used 41464K [0x0000000740000000, 0x0000000745580000, 0x0000000795580000)
  object space 87552K, 47% used [0x0000000740000000,0x000000074287e3f8,0x0000000745580000)
 Metaspace       used 20153K, capacity 20369K, committed 20736K, reserved 1069056K
  class space    used 1967K, capacity 2047K, committed 2048K, reserved 1048576K
}
Event: 54.946 GC heap before
{Heap before GC invocations=19 (full 0):
 PSYoungGen      total 471040K, used 470656K [0x0000000795580000, 0x00000007bde80000, 0x00000007c0000000)
  eden space 470528K, 100% used [0x0000000795580000,0x00000007b2100000,0x00000007b2100000)
  from space 512K, 25% used [0x00000007bde00000,0x00000007bde20000,0x00000007bde80000)
  to   space 16896K, 0% used [0x00000007bbd80000,0x00000007bbd80000,0x00000007bce00000)
 ParOldGen       total 87552K, used 41464K [0x0000000740000000, 0x0000000745580000, 0x0000000795580000)
  object space 87552K, 47% used [0x0000000740000000,0x000000074287e3f8,0x0000000745580000)
 Metaspace       used 20153K, capacity 20369K, committed 20736K, reserved 1069056K
  class space    used 1967K, capacity 2047K, committed 2048K, reserved 1048576K
Event: 54.948 GC heap after
Heap after GC invocations=19 (full 0):
 PSYoungGen      total 465920K, used 128K [0x0000000795580000, 0x00000007bde80000, 0x00000007c0000000)
  eden space 449024K, 0% used [0x0000000795580000,0x0000000795580000,0x00000007b0c00000)
  from space 16896K, 0% used [0x00000007bbd80000,0x00000007bbda0000,0x00000007bce00000)
  to   space 16384K, 0% used [0x00000007bce80000,0x00000007bce80000,0x00000007bde80000)
 ParOldGen       total 87552K, used 41480K [0x0000000740000000, 0x0000000745580000, 0x0000000795580000)
  object space 87552K, 47% used [0x0000000740000000,0x00000007428823f8,0x0000000745580000)
 Metaspace       used 20153K, capacity 20369K, committed 20736K, reserved 1069056K
  class space    used 1967K, capacity 2047K, committed 2048K, reserved 1048576K
}

Deoptimization events (10 events):
Event: 59.142 Thread 0x00007fe58502e000 Uncommon trap: reason=unstable_if action=reinterpret pc=0x00000001130821e8 method=sun.java2d.pipe.Region.contains(II)Z @ 21
Event: 59.142 Thread 0x00007fe58502e000 Uncommon trap: reason=unstable_if action=reinterpret pc=0x00000001130360c0 method=sun.java2d.pipe.Region.contains(II)Z @ 21
Event: 60.178 Thread 0x00007fe5850ee800 Uncommon trap: reason=class_check action=maybe_recompile pc=0x00000001134e77a4 method=java.awt.EventQueue.coalesceEvent(Ljava/awt/AWTEvent;I)Z @ 32
Event: 60.213 Thread 0x00007fe585a83000 Uncommon trap: reason=unstable_if action=reinterpret pc=0x00000001134e72d8 method=java.awt.EventQueue.getPriority(Ljava/awt/AWTEvent;)I @ 71
Event: 60.261 Thread 0x00007fe5859ed800 Uncommon trap: reason=class_check action=maybe_recompile pc=0x0000000112f57074 method=java.util.HashMap.putVal(ILjava/lang/Object;Ljava/lang/Object;ZZ)Ljava/lang/Object; @ 91
Event: 60.261 Thread 0x00007fe5859ed800 Uncommon trap: reason=class_check action=maybe_recompile pc=0x0000000112f57074 method=java.util.HashMap.putVal(ILjava/lang/Object;Ljava/lang/Object;ZZ)Ljava/lang/Object; @ 91
Event: 60.261 Thread 0x00007fe5859ed800 Uncommon trap: reason=class_check action=maybe_recompile pc=0x0000000112f57074 method=java.util.HashMap.putVal(ILjava/lang/Object;Ljava/lang/Object;ZZ)Ljava/lang/Object; @ 91
Event: 60.262 Thread 0x00007fe5859ed800 Uncommon trap: reason=class_check action=maybe_recompile pc=0x0000000112f57074 method=java.util.HashMap.putVal(ILjava/lang/Object;Ljava/lang/Object;ZZ)Ljava/lang/Object; @ 91
Event: 60.262 Thread 0x00007fe5859ed800 Uncommon trap: reason=class_check action=maybe_recompile pc=0x0000000112dfb9ec method=java.util.HashMap.putVal(ILjava/lang/Object;Ljava/lang/Object;ZZ)Ljava/lang/Object; @ 91
Event: 60.279 Thread 0x00007fe5850ee800 Uncommon trap: reason=unstable_if action=reinterpret pc=0x00000001132c2dec method=java.security.AccessControlContext.optimize()Ljava/security/AccessControlContext; @ 233

Internal exceptions (10 events):
Event: 0.209 Thread 0x00007fe584009000 Exception <a 'java/lang/NoSuchFieldError': method resolution failed> (0x00000007957935e0) thrown at [/Users/java_re/workspace/8-2-build-macosx-x86_64/jdk8u111/7883/hotspot/src/share/vm/prims/methodHandles.cpp, line 1146]
Event: 0.460 Thread 0x00007fe584009000 Exception <a 'java/io/FileNotFoundException'> (0x000000079580ec88) thrown at [/Users/java_re/workspace/8-2-build-macosx-x86_64/jdk8u111/7883/hotspot/src/share/vm/prims/jni.cpp, line 709]
Event: 0.460 Thread 0x00007fe584009000 Exception <a 'java/io/FileNotFoundException'> (0x000000079580f7f0) thrown at [/Users/java_re/workspace/8-2-build-macosx-x86_64/jdk8u111/7883/hotspot/src/share/vm/prims/jni.cpp, line 709]
Event: 0.496 Thread 0x00007fe584009000 Exception <a 'java/io/FileNotFoundException'> (0x0000000795916388) thrown at [/Users/java_re/workspace/8-2-build-macosx-x86_64/jdk8u111/7883/hotspot/src/share/vm/prims/jni.cpp, line 709]
Event: 0.601 Thread 0x00007fe584009000 Exception <a 'java/io/FileNotFoundException'> (0x0000000795953240) thrown at [/Users/java_re/workspace/8-2-build-macosx-x86_64/jdk8u111/7883/hotspot/src/share/vm/prims/jni.cpp, line 709]
Event: 3.298 Thread 0x00007fe585d8a800 Exception <a 'java/io/FileNotFoundException'> (0x00000007965b0190) thrown at [/Users/java_re/workspace/8-2-build-macosx-x86_64/jdk8u111/7883/hotspot/src/share/vm/prims/jni.cpp, line 709]
Event: 3.299 Thread 0x00007fe585d8a800 Exception <a 'java/io/FileNotFoundException'> (0x00000007965b6b78) thrown at [/Users/java_re/workspace/8-2-build-macosx-x86_64/jdk8u111/7883/hotspot/src/share/vm/prims/jni.cpp, line 709]
Event: 3.299 Thread 0x00007fe585d8a800 Implicit null exception at 0x0000000112d11d76 to 0x0000000112d12145
Event: 3.582 Thread 0x00007fe585d8a800 Exception <a 'java/lang/UnsatisfiedLinkError': com.jogamp.common.util.JarUtil.fixNativeLibAttribs(Ljava/lang/String;)Z> (0x00000007970cc440) thrown at [/Users/java_re/workspace/8-2-build-macosx-x86_64/jdk8u111/7883/hotspot/src/share/vm/prims/nativeLookup.
Event: 3.856 Thread 0x00007fe584003000 Exception <a 'java/lang/NullPointerException'> (0x00000007956a82c8) thrown at [/Users/java_re/workspace/8-2-build-macosx-x86_64/jdk8u111/7883/hotspot/src/share/vm/interpreter/linkResolver.cpp, line 1178]

Events (10 events):
Event: 60.280 loading class java/awt/event/AWTEventListenerProxy done
Event: 60.280 Executing VM operation: Deoptimize
Event: 60.280 Executing VM operation: Deoptimize done
Event: 60.281 loading class java/awt/Toolkit$ToolkitEventMulticaster
Event: 60.281 loading class java/awt/Toolkit$ToolkitEventMulticaster done
Event: 60.281 Thread 0x00007fe5859ed800 Thread exited: 0x00007fe5859ed800
Event: 60.282 loading class java/lang/IllegalThreadStateException
Event: 60.282 loading class java/lang/IllegalThreadStateException done
Event: 60.282 loading class java/awt/Window$1DisposeAction
Event: 60.282 loading class java/awt/Window$1DisposeAction done


Dynamic libraries:
0x000000001c8a2000 	/System/Library/Frameworks/Cocoa.framework/Versions/A/Cocoa
0x000000001c8a2000 	/System/Library/Frameworks/Security.framework/Versions/A/Security
0x000000001c8a2000 	/System/Library/Frameworks/ApplicationServices.framework/Versions/A/ApplicationServices
0x000000001c8a2000 	/usr/lib/libz.1.dylib
0x000000001c8a2000 	/usr/lib/libSystem.B.dylib
0x000000001c8a2000 	/usr/lib/libobjc.A.dylib
0x000000001c8a2000 	/System/Library/Frameworks/CoreFoundation.framework/Versions/A/CoreFoundation
0x000000001c8a2000 	/System/Library/Frameworks/Foundation.framework/Versions/C/Foundation
0x000000001c8a2000 	/System/Library/Frameworks/AppKit.framework/Versions/C/AppKit
0x000000001c8a2000 	/System/Library/Frameworks/CoreData.framework/Versions/A/CoreData
0x000000001c8a2000 	/System/Library/PrivateFrameworks/RemoteViewServices.framework/Versions/A/RemoteViewServices
0x000000001c8a2000 	/System/Library/PrivateFrameworks/UIFoundation.framework/Versions/A/UIFoundation
0x000000001c8a2000 	/usr/lib/libenergytrace.dylib
0x000000001c8a2000 	/System/Library/PrivateFrameworks/SkyLight.framework/Versions/A/SkyLight
0x000000001c8a2000 	/System/Library/Frameworks/CoreGraphics.framework/Versions/A/CoreGraphics
0x000000001c8a2000 	/usr/lib/libScreenReader.dylib
0x000000001c8a2000 	/System/Library/Frameworks/Accelerate.framework/Versions/A/Accelerate
0x000000001c8a2000 	/System/Library/Frameworks/IOSurface.framework/Versions/A/IOSurface
0x000000001c8a2000 	/System/Library/Frameworks/AudioToolbox.framework/Versions/A/AudioToolbox
0x000000001c8a2000 	/System/Library/Frameworks/AudioUnit.framework/Versions/A/AudioUnit
0x000000001c8a2000 	/System/Library/PrivateFrameworks/DataDetectorsCore.framework/Versions/A/DataDetectorsCore
0x000000001c8a2000 	/System/Library/PrivateFrameworks/DesktopServicesPriv.framework/Versions/A/DesktopServicesPriv
0x000000001c8a2000 	/System/Library/Frameworks/Carbon.framework/Versions/A/Frameworks/HIToolbox.framework/Versions/A/HIToolbox
0x000000001c8a2000 	/usr/lib/libicucore.A.dylib
0x000000001c8a2000 	/System/Library/Frameworks/QuartzCore.framework/Versions/A/QuartzCore
0x000000001c8a2000 	/System/Library/Frameworks/Carbon.framework/Versions/A/Frameworks/SpeechRecognition.framework/Versions/A/SpeechRecognition
0x000000001c8a2000 	/usr/lib/libauto.dylib
0x000000001c8a2000 	/usr/lib/libxml2.2.dylib
0x000000001c8a2000 	/System/Library/PrivateFrameworks/CoreUI.framework/Versions/A/CoreUI
0x000000001c8a2000 	/System/Library/Frameworks/CoreAudio.framework/Versions/A/CoreAudio
0x000000001c8a2000 	/System/Library/Frameworks/DiskArbitration.framework/Versions/A/DiskArbitration
0x000000001c8a2000 	/usr/lib/liblangid.dylib
0x000000001c8a2000 	/System/Library/PrivateFrameworks/MultitouchSupport.framework/Versions/A/MultitouchSupport
0x000000001c8a2000 	/System/Library/Frameworks/IOKit.framework/Versions/A/IOKit
0x000000001c8a2000 	/usr/lib/libDiagnosticMessagesClient.dylib
0x000000001c8a2000 	/System/Library/Frameworks/CoreServices.framework/Versions/A/CoreServices
0x000000001c8a2000 	/System/Library/PrivateFrameworks/PerformanceAnalysis.framework/Versions/A/PerformanceAnalysis
0x000000001c8a2000 	/System/Library/PrivateFrameworks/GenerationalStorage.framework/Versions/A/GenerationalStorage
0x000000001c8a2000 	/System/Library/Frameworks/OpenGL.framework/Versions/A/OpenGL
0x000000001c8a2000 	/System/Library/Frameworks/CoreImage.framework/Versions/A/CoreImage
0x000000001c8a2000 	/System/Library/Frameworks/CoreText.framework/Versions/A/CoreText
0x000000001c8a2000 	/System/Library/Frameworks/ImageIO.framework/Versions/A/ImageIO
0x000000001c8a2000 	/System/Library/PrivateFrameworks/Backup.framework/Versions/A/Backup
0x000000001c8a2000 	/usr/lib/libarchive.2.dylib
0x000000001c8a2000 	/System/Library/Frameworks/CFNetwork.framework/Versions/A/CFNetwork
0x000000001c8a2000 	/System/Library/Frameworks/SystemConfiguration.framework/Versions/A/SystemConfiguration
0x000000001c8a2000 	/usr/lib/libCRFSuite.dylib
0x000000001c8a2000 	/usr/lib/libc++.1.dylib
0x000000001c8a2000 	/usr/lib/libc++abi.dylib
0x000000001c8a2000 	/usr/lib/system/libcache.dylib
0x000000001c8a2000 	/usr/lib/system/libcommonCrypto.dylib
0x000000001c8a2000 	/usr/lib/system/libcompiler_rt.dylib
0x000000001c8a2000 	/usr/lib/system/libcopyfile.dylib
0x000000001c8a2000 	/usr/lib/system/libcorecrypto.dylib
0x000000001c8a2000 	/usr/lib/system/libdispatch.dylib
0x000000001c8a2000 	/usr/lib/system/libdyld.dylib
0x000000001c8a2000 	/usr/lib/system/libkeymgr.dylib
0x000000001c8a2000 	/usr/lib/system/liblaunch.dylib
0x000000001c8a2000 	/usr/lib/system/libmacho.dylib
0x000000001c8a2000 	/usr/lib/system/libquarantine.dylib
0x000000001c8a2000 	/usr/lib/system/libremovefile.dylib
0x000000001c8a2000 	/usr/lib/system/libsystem_asl.dylib
0x000000001c8a2000 	/usr/lib/system/libsystem_blocks.dylib
0x000000001c8a2000 	/usr/lib/system/libsystem_c.dylib
0x000000001c8a2000 	/usr/lib/system/libsystem_configuration.dylib
0x000000001c8a2000 	/usr/lib/system/libsystem_coreservices.dylib
0x000000001c8a2000 	/usr/lib/system/libsystem_coretls.dylib
0x000000001c8a2000 	/usr/lib/system/libsystem_dnssd.dylib
0x000000001c8a2000 	/usr/lib/system/libsystem_info.dylib
0x000000001c8a2000 	/usr/lib/system/libsystem_kernel.dylib
0x000000001c8a2000 	/usr/lib/system/libsystem_m.dylib
0x000000001c8a2000 	/usr/lib/system/libsystem_malloc.dylib
0x000000001c8a2000 	/usr/lib/system/libsystem_network.dylib
0x000000001c8a2000 	/usr/lib/system/libsystem_networkextension.dylib
0x000000001c8a2000 	/usr/lib/system/libsystem_notify.dylib
0x000000001c8a2000 	/usr/lib/system/libsystem_platform.dylib
0x000000001c8a2000 	/usr/lib/system/libsystem_pthread.dylib
0x000000001c8a2000 	/usr/lib/system/libsystem_sandbox.dylib
0x000000001c8a2000 	/usr/lib/system/libsystem_secinit.dylib
0x000000001c8a2000 	/usr/lib/system/libsystem_symptoms.dylib
0x000000001c8a2000 	/usr/lib/system/libsystem_trace.dylib
0x000000001c8a2000 	/usr/lib/system/libunwind.dylib
0x000000001c8a2000 	/usr/lib/system/libxpc.dylib
0x000000001c8a2000 	/usr/lib/libbsm.0.dylib
0x000000001c8a2000 	/usr/lib/system/libkxld.dylib
0x000000001c8a2000 	/usr/lib/libcoretls.dylib
0x000000001c8a2000 	/usr/lib/libcoretls_cfhelpers.dylib
0x000000001c8a2000 	/usr/lib/libxar.1.dylib
0x000000001c8a2000 	/usr/lib/libsqlite3.dylib
0x000000001c8a2000 	/usr/lib/libpam.2.dylib
0x000000001c8a2000 	/usr/lib/libOpenScriptingUtil.dylib
0x000000001c8a2000 	/usr/lib/libbz2.1.0.dylib
0x000000001c8a2000 	/usr/lib/liblzma.5.dylib
0x000000001c8a2000 	/usr/lib/libnetwork.dylib
0x000000001c8a2000 	/usr/lib/libpcap.A.dylib
0x000000001c8a2000 	/System/Library/Frameworks/CoreServices.framework/Versions/A/Frameworks/FSEvents.framework/Versions/A/FSEvents
0x000000001c8a2000 	/System/Library/Frameworks/CoreServices.framework/Versions/A/Frameworks/CarbonCore.framework/Versions/A/CarbonCore
0x000000001c8a2000 	/System/Library/Frameworks/CoreServices.framework/Versions/A/Frameworks/Metadata.framework/Versions/A/Metadata
0x000000001c8a2000 	/System/Library/Frameworks/CoreServices.framework/Versions/A/Frameworks/OSServices.framework/Versions/A/OSServices
0x000000001c8a2000 	/System/Library/Frameworks/CoreServices.framework/Versions/A/Frameworks/SearchKit.framework/Versions/A/SearchKit
0x000000001c8a2000 	/System/Library/Frameworks/CoreServices.framework/Versions/A/Frameworks/AE.framework/Versions/A/AE
0x000000001c8a2000 	/System/Library/Frameworks/CoreServices.framework/Versions/A/Frameworks/LaunchServices.framework/Versions/A/LaunchServices
0x000000001c8a2000 	/System/Library/Frameworks/CoreServices.framework/Versions/A/Frameworks/DictionaryServices.framework/Versions/A/DictionaryServices
0x000000001c8a2000 	/System/Library/Frameworks/CoreServices.framework/Versions/A/Frameworks/SharedFileList.framework/Versions/A/SharedFileList
0x000000001c8a2000 	/System/Library/Frameworks/NetFS.framework/Versions/A/NetFS
0x000000001c8a2000 	/System/Library/PrivateFrameworks/NetAuth.framework/Versions/A/NetAuth
0x000000001c8a2000 	/System/Library/PrivateFrameworks/login.framework/Versions/A/Frameworks/loginsupport.framework/Versions/A/loginsupport
0x000000001c8a2000 	/System/Library/PrivateFrameworks/TCC.framework/Versions/A/TCC
0x000000001c8a2000 	/usr/lib/libmecabra.dylib
0x000000001c8a2000 	/System/Library/Frameworks/ApplicationServices.framework/Versions/A/Frameworks/ATS.framework/Versions/A/ATS
0x000000001c8a2000 	/System/Library/Frameworks/ApplicationServices.framework/Versions/A/Frameworks/ColorSync.framework/Versions/A/ColorSync
0x000000001c8a2000 	/System/Library/Frameworks/ApplicationServices.framework/Versions/A/Frameworks/HIServices.framework/Versions/A/HIServices
0x000000001c8a2000 	/System/Library/Frameworks/ApplicationServices.framework/Versions/A/Frameworks/LangAnalysis.framework/Versions/A/LangAnalysis
0x000000001c8a2000 	/System/Library/Frameworks/ApplicationServices.framework/Versions/A/Frameworks/PrintCore.framework/Versions/A/PrintCore
0x000000001c8a2000 	/System/Library/Frameworks/ApplicationServices.framework/Versions/A/Frameworks/QD.framework/Versions/A/QD
0x000000001c8a2000 	/System/Library/Frameworks/ApplicationServices.framework/Versions/A/Frameworks/SpeechSynthesis.framework/Versions/A/SpeechSynthesis
0x000000001c8a2000 	/System/Library/Frameworks/Accelerate.framework/Versions/A/Frameworks/vImage.framework/Versions/A/vImage
0x000000001c8a2000 	/System/Library/Frameworks/Accelerate.framework/Versions/A/Frameworks/vecLib.framework/Versions/A/vecLib
0x000000001c8a2000 	/System/Library/Frameworks/Accelerate.framework/Versions/A/Frameworks/vecLib.framework/Versions/A/libvDSP.dylib
0x000000001c8a2000 	/System/Library/Frameworks/Accelerate.framework/Versions/A/Frameworks/vecLib.framework/Versions/A/libBNNS.dylib
0x000000001c8a2000 	/System/Library/Frameworks/Accelerate.framework/Versions/A/Frameworks/vecLib.framework/Versions/A/libQuadrature.dylib
0x000000001c8a2000 	/System/Library/Frameworks/Accelerate.framework/Versions/A/Frameworks/vecLib.framework/Versions/A/libvMisc.dylib
0x000000001c8a2000 	/System/Library/Frameworks/Accelerate.framework/Versions/A/Frameworks/vecLib.framework/Versions/A/libLAPACK.dylib
0x000000001c8a2000 	/System/Library/Frameworks/Accelerate.framework/Versions/A/Frameworks/vecLib.framework/Versions/A/libBLAS.dylib
0x000000001c8a2000 	/System/Library/Frameworks/Accelerate.framework/Versions/A/Frameworks/vecLib.framework/Versions/A/libLinearAlgebra.dylib
0x000000001c8a2000 	/System/Library/Frameworks/Accelerate.framework/Versions/A/Frameworks/vecLib.framework/Versions/A/libSparseBLAS.dylib
0x000000001c8a2000 	/System/Library/Frameworks/ApplicationServices.framework/Versions/A/Frameworks/ATS.framework/Versions/A/Resources/libFontParser.dylib
0x000000001c8a2000 	/System/Library/Frameworks/ApplicationServices.framework/Versions/A/Frameworks/ATS.framework/Versions/A/Resources/libFontRegistry.dylib
0x000000001c8a2000 	/System/Library/Frameworks/ImageIO.framework/Versions/A/Resources/libJPEG.dylib
0x000000001c8a2000 	/System/Library/Frameworks/ImageIO.framework/Versions/A/Resources/libTIFF.dylib
0x000000001c8a2000 	/System/Library/Frameworks/ImageIO.framework/Versions/A/Resources/libPng.dylib
0x000000001c8a2000 	/System/Library/Frameworks/ImageIO.framework/Versions/A/Resources/libGIF.dylib
0x000000001c8a2000 	/System/Library/Frameworks/ImageIO.framework/Versions/A/Resources/libJP2.dylib
0x000000001c8a2000 	/System/Library/Frameworks/ImageIO.framework/Versions/A/Resources/libRadiance.dylib
0x000000001c8a2000 	/usr/lib/libcompression.dylib
0x000000001c8a2000 	/System/Library/PrivateFrameworks/AppleJPEG.framework/Versions/A/AppleJPEG
0x000000001c8a2000 	/usr/lib/libcups.2.dylib
0x000000001c8a2000 	/System/Library/Frameworks/Kerberos.framework/Versions/A/Kerberos
0x000000001c8a2000 	/System/Library/Frameworks/GSS.framework/Versions/A/GSS
0x000000001c8a2000 	/usr/lib/libresolv.9.dylib
0x000000001c8a2000 	/usr/lib/libiconv.2.dylib
0x000000001c8a2000 	/System/Library/PrivateFrameworks/Heimdal.framework/Versions/A/Heimdal
0x000000001c8a2000 	/usr/lib/libheimdal-asn1.dylib
0x000000001c8a2000 	/System/Library/Frameworks/OpenDirectory.framework/Versions/A/OpenDirectory
0x000000001c8a2000 	/System/Library/PrivateFrameworks/CommonAuth.framework/Versions/A/CommonAuth
0x000000001c8a2000 	/System/Library/Frameworks/OpenDirectory.framework/Versions/A/Frameworks/CFOpenDirectory.framework/Versions/A/CFOpenDirectory
0x000000001c8a2000 	/System/Library/Frameworks/SecurityFoundation.framework/Versions/A/SecurityFoundation
0x000000001c8a2000 	/System/Library/PrivateFrameworks/LanguageModeling.framework/Versions/A/LanguageModeling
0x000000001c8a2000 	/usr/lib/libmarisa.dylib
0x000000001c8a2000 	/usr/lib/libChineseTokenizer.dylib
0x000000001c8a2000 	/usr/lib/libcmph.dylib
0x000000001c8a2000 	/System/Library/PrivateFrameworks/CoreEmoji.framework/Versions/A/CoreEmoji
0x000000001c8a2000 	/System/Library/Frameworks/ServiceManagement.framework/Versions/A/ServiceManagement
0x000000001c8a2000 	/usr/lib/libxslt.1.dylib
0x000000001c8a2000 	/System/Library/Frameworks/Carbon.framework/Versions/A/Frameworks/Ink.framework/Versions/A/Ink
0x000000001c8a2000 	/System/Library/PrivateFrameworks/TextureIO.framework/Versions/A/TextureIO
0x000000001c8a2000 	/System/Library/Frameworks/Metal.framework/Versions/A/Metal
0x000000001c8a2000 	/usr/lib/libate.dylib
0x000000001c8a2000 	/System/Library/PrivateFrameworks/GPUCompiler.framework/libmetal_timestamp.dylib
0x000000001c8a2000 	/System/Library/Frameworks/OpenGL.framework/Versions/A/Libraries/libCoreFSCache.dylib
0x000000001c8a2000 	/System/Library/PrivateFrameworks/IOAccelerator.framework/Versions/A/IOAccelerator
0x000000001c8a2000 	/System/Library/Frameworks/CoreVideo.framework/Versions/A/CoreVideo
0x000000001c8a2000 	/usr/lib/libFosl_dynamic.dylib
0x000000001c8a2000 	/System/Library/PrivateFrameworks/MetalPerformanceShaders.framework/Versions/A/MetalPerformanceShaders
0x000000001c8a2000 	/System/Library/PrivateFrameworks/FaceCore.framework/Versions/A/FaceCore
0x000000001c8a2000 	/System/Library/Frameworks/OpenCL.framework/Versions/A/OpenCL
0x000000001c8a2000 	/System/Library/Frameworks/OpenGL.framework/Versions/A/Libraries/libGLU.dylib
0x000000001c8a2000 	/System/Library/Frameworks/OpenGL.framework/Versions/A/Libraries/libGFXShared.dylib
0x000000001c8a2000 	/System/Library/Frameworks/OpenGL.framework/Versions/A/Libraries/libGL.dylib
0x000000001c8a2000 	/System/Library/Frameworks/OpenGL.framework/Versions/A/Libraries/libGLImage.dylib
0x000000001c8a2000 	/System/Library/Frameworks/OpenGL.framework/Versions/A/Libraries/libCVMSPluginSupport.dylib
0x000000001c8a2000 	/System/Library/Frameworks/OpenGL.framework/Versions/A/Libraries/libCoreVMClient.dylib
0x000000001c8a2000 	/System/Library/PrivateFrameworks/CrashReporterSupport.framework/Versions/A/CrashReporterSupport
0x000000001c8a2000 	/System/Library/PrivateFrameworks/Sharing.framework/Versions/A/Sharing
0x000000001c8a2000 	/System/Library/PrivateFrameworks/IconServices.framework/Versions/A/IconServices
0x000000001c8a2000 	/System/Library/PrivateFrameworks/ProtocolBuffer.framework/Versions/A/ProtocolBuffer
0x000000001c8a2000 	/System/Library/PrivateFrameworks/Apple80211.framework/Versions/A/Apple80211
0x000000001c8a2000 	/System/Library/Frameworks/CoreWLAN.framework/Versions/A/CoreWLAN
0x000000001c8a2000 	/System/Library/PrivateFrameworks/CoreUtils.framework/Versions/A/CoreUtils
0x000000001c8a2000 	/System/Library/Frameworks/IOBluetooth.framework/Versions/A/IOBluetooth
0x000000001c8a2000 	/System/Library/PrivateFrameworks/CoreWiFi.framework/Versions/A/CoreWiFi
0x000000001c8a2000 	/System/Library/Frameworks/CoreBluetooth.framework/Versions/A/CoreBluetooth
0x000000001c8a2000 	/System/Library/Frameworks/CoreDisplay.framework/Versions/A/CoreDisplay
0x000000001c8a2000 	/System/Library/PrivateFrameworks/IOPresentment.framework/Versions/A/IOPresentment
0x000000001c8a2000 	/System/Library/PrivateFrameworks/DebugSymbols.framework/Versions/A/DebugSymbols
0x000000001c8a2000 	/System/Library/PrivateFrameworks/CoreSymbolication.framework/Versions/A/CoreSymbolication
0x000000001c8a2000 	/System/Library/PrivateFrameworks/Symbolication.framework/Versions/A/Symbolication
0x000000001c8a2000 	/System/Library/PrivateFrameworks/AppleFSCompression.framework/Versions/A/AppleFSCompression
0x000000001c8a2000 	/System/Library/PrivateFrameworks/SpeechRecognitionCore.framework/Versions/A/SpeechRecognitionCore
0x000000001c8a2000 	/System/Library/PrivateFrameworks/ChunkingLibrary.framework/Versions/A/ChunkingLibrary
0x000000010877d000 	/Library/Java/JavaVirtualMachines/jdk1.8.0_111.jdk/Contents/Home/jre/lib/server/libjvm.dylib
0x000000001c8a2000 	/usr/lib/libstdc++.6.dylib
0x000000010971e000 	/Library/Java/JavaVirtualMachines/jdk1.8.0_111.jdk/Contents/Home/jre/lib/libverify.dylib
0x000000010972c000 	/Library/Java/JavaVirtualMachines/jdk1.8.0_111.jdk/Contents/Home/jre/lib/libjava.dylib
0x000000010976b000 	/Library/Java/JavaVirtualMachines/jdk1.8.0_111.jdk/Contents/Home/jre/lib/libzip.dylib
0x00000001097e5000 	/System/Library/Frameworks/JavaVM.framework/Frameworks/JavaRuntimeSupport.framework/JavaRuntimeSupport
0x00000001108f3000 	/System/Library/Frameworks/JavaVM.framework/Versions/A/Frameworks/JavaNativeFoundation.framework/Versions/A/JavaNativeFoundation
0x0000000110908000 	/System/Library/Frameworks/JavaVM.framework/Versions/A/JavaVM
0x000000001c8a2000 	/System/Library/Frameworks/Carbon.framework/Versions/A/Carbon
0x0000000110915000 	/System/Library/PrivateFrameworks/JavaLaunching.framework/Versions/A/JavaLaunching
0x000000001c8a2000 	/System/Library/Frameworks/Carbon.framework/Versions/A/Frameworks/CommonPanels.framework/Versions/A/CommonPanels
0x000000001c8a2000 	/System/Library/Frameworks/Carbon.framework/Versions/A/Frameworks/Help.framework/Versions/A/Help
0x000000001c8a2000 	/System/Library/Frameworks/Carbon.framework/Versions/A/Frameworks/ImageCapture.framework/Versions/A/ImageCapture
0x000000001c8a2000 	/System/Library/Frameworks/Carbon.framework/Versions/A/Frameworks/OpenScripting.framework/Versions/A/OpenScripting
0x000000001c8a2000 	/System/Library/Frameworks/Carbon.framework/Versions/A/Frameworks/Print.framework/Versions/A/Print
0x000000001c8a2000 	/System/Library/Frameworks/Carbon.framework/Versions/A/Frameworks/SecurityHI.framework/Versions/A/SecurityHI
0x0000000112221000 	/Library/Java/JavaVirtualMachines/jdk1.8.0_111.jdk/Contents/Home/jre/lib/libawt.dylib
0x00000001122c9000 	/Library/Java/JavaVirtualMachines/jdk1.8.0_111.jdk/Contents/Home/jre/lib/./libmlib_image.dylib
0x0000000112395000 	/Library/Java/JavaVirtualMachines/jdk1.8.0_111.jdk/Contents/Home/jre/lib/libawt_lwawt.dylib
0x000000011244a000 	/Library/Java/JavaVirtualMachines/jdk1.8.0_111.jdk/Contents/Home/jre/lib/./libosxapp.dylib
0x000000001c8a2000 	/System/Library/Frameworks/ExceptionHandling.framework/Versions/A/ExceptionHandling
0x000000001c8a2000 	/System/Library/PrivateFrameworks/CoreServicesInternal.framework/Versions/A/CoreServicesInternal
0x000000001c8a2000 	/System/Library/CoreServices/RawCamera.bundle/Contents/MacOS/RawCamera
0x000000001c8a2000 	/System/Library/Frameworks/Accelerate.framework/Versions/A/Frameworks/vImage.framework/Versions/A/Libraries/libCGInterfaces.dylib
0x000000001c8a2000 	/System/Library/Frameworks/ApplicationServices.framework/Versions/A/Frameworks/ATS.framework/Versions/A/Resources/libTrueTypeScaler.dylib
0x000000001c8a2000 	/System/Library/Frameworks/OpenGL.framework/Versions/A/Resources/GLEngine.bundle/GLEngine
0x000000001c8a2000 	/System/Library/Frameworks/OpenGL.framework/Versions/A/Libraries/libGLProgrammability.dylib
0x0000000123052000 	/System/Library/Extensions/AppleIntelHD5000GraphicsGLDriver.bundle/Contents/MacOS/AppleIntelHD5000GraphicsGLDriver
0x000000001c8a2000 	/System/Library/PrivateFrameworks/GPUSupport.framework/Versions/A/Libraries/libGPUSupportMercury.dylib
0x000000001c8a2000 	/System/Library/Frameworks/OpenGL.framework/Versions/A/Resources/GLRendererFloat.bundle/GLRendererFloat
0x000000001c8a2000 	/System/Library/Frameworks/OpenCL.framework/Versions/A/Libraries/libcldcpuengine.dylib
0x000000001c8a2000 	/usr/lib/libcrypto.0.9.8.dylib
0x000000001c8a2000 	/System/Library/PrivateFrameworks/TrustEvaluationAgent.framework/Versions/A/TrustEvaluationAgent
0x00000001237d0000 	/System/Library/Extensions/AppleIntelHD5000GraphicsMTLDriver.bundle/Contents/MacOS/AppleIntelHD5000GraphicsMTLDriver
0x000000001c8a2000 	/System/Library/PrivateFrameworks/FamilyControls.framework/Versions/A/FamilyControls
0x000000001c8a2000 	/System/Library/PrivateFrameworks/CommerceKit.framework/Versions/A/Frameworks/CommerceCore.framework/Versions/A/CommerceCore
0x000000001c8a2000 	/System/Library/PrivateFrameworks/SystemAdministration.framework/Versions/A/SystemAdministration
0x000000001c8a2000 	/System/Library/PrivateFrameworks/AppContainer.framework/Versions/A/AppContainer
0x000000001c8a2000 	/System/Library/PrivateFrameworks/SecCodeWrapper.framework/Versions/A/SecCodeWrapper
0x000000001c8a2000 	/System/Library/Frameworks/DirectoryService.framework/Versions/A/DirectoryService
0x000000001c8a2000 	/System/Library/PrivateFrameworks/DiskImages.framework/Versions/A/DiskImages
0x000000001c8a2000 	/System/Library/PrivateFrameworks/LoginUIKit.framework/Versions/A/Frameworks/LoginUICore.framework/Versions/A/LoginUICore
0x000000001c8a2000 	/usr/lib/libCoreStorage.dylib
0x000000001c8a2000 	/usr/lib/libcsfde.dylib
0x000000001c8a2000 	/usr/lib/libodfde.dylib
0x000000001c8a2000 	/System/Library/Frameworks/DiscRecording.framework/Versions/A/DiscRecording
0x000000001c8a2000 	/usr/lib/libcurl.4.dylib
0x000000001c8a2000 	/System/Library/PrivateFrameworks/MediaKit.framework/Versions/A/MediaKit
0x000000001c8a2000 	/System/Library/PrivateFrameworks/ProtectedCloudStorage.framework/Versions/A/ProtectedCloudStorage
0x000000001c8a2000 	/System/Library/PrivateFrameworks/EFILogin.framework/Versions/A/EFILogin
0x000000001c8a2000 	/usr/lib/libutil.dylib
0x000000001c8a2000 	/System/Library/Frameworks/LDAP.framework/Versions/A/LDAP
0x000000001c8a2000 	/usr/lib/libsasl2.2.dylib
0x000000001c8a2000 	/System/Library/PrivateFrameworks/CoreDaemon.framework/Versions/B/CoreDaemon
0x000000001c8a2000 	/System/Library/PrivateFrameworks/AppleSRP.framework/Versions/A/AppleSRP
0x000000001c8a2000 	/System/Library/PrivateFrameworks/APFS.framework/Versions/A/APFS
0x0000000125394000 	/Library/Java/JavaVirtualMachines/jdk1.8.0_111.jdk/Contents/Home/jre/lib/libfontmanager.dylib
0x000000012678f000 	/Library/Java/JavaVirtualMachines/jdk1.8.0_111.jdk/Contents/Home/jre/lib/libosxui.dylib
0x000000001c8a2000 	/System/Library/PrivateFrameworks/ViewBridge.framework/Versions/A/ViewBridge
0x000000001c8a2000 	/System/Library/PrivateFrameworks/XPCService.framework/Versions/A/XPCService
0x000000001c8a2000 	/System/Library/PrivateFrameworks/AppSandbox.framework/Versions/A/AppSandbox
0x000000001c8a2000 	/usr/lib/libsandbox.1.dylib
0x000000001c8a2000 	/usr/lib/libMatch.1.dylib
0x00000001274dd000 	/Library/Java/JavaVirtualMachines/jdk1.8.0_111.jdk/Contents/Home/jre/lib/libnet.dylib
0x000000012753c000 	/Library/Java/JavaVirtualMachines/jdk1.8.0_111.jdk/Contents/Home/jre/lib/libnio.dylib
0x000000012649b000 	/private/var/folders/qk/z1qqpcwd0wx0z14thz2z48xw0000gr/T/jogamp_0000/file_cache/jln2311777958432744536/jln7197113349611424617/libgluegen-rt.jnilib
0x00000001264a0000 	/private/var/folders/qk/z1qqpcwd0wx0z14thz2z48xw0000gr/T/jogamp_0000/file_cache/jln2311777958432744536/jln7197113349611424617/libnativewindow_awt.jnilib
0x00000001264a3000 	/Library/Java/JavaVirtualMachines/jdk1.8.0_111.jdk/Contents/Home/jre/lib/libjawt.dylib
0x0000000165856000 	/private/var/folders/qk/z1qqpcwd0wx0z14thz2z48xw0000gr/T/jogamp_0000/file_cache/jln2311777958432744536/jln7197113349611424617/libnativewindow_macosx.jnilib
0x0000000167f1f000 	/private/var/folders/qk/z1qqpcwd0wx0z14thz2z48xw0000gr/T/jogamp_0000/file_cache/jln2311777958432744536/jln7197113349611424617/libjogl_desktop.jnilib
0x00000001717b4000 	/Library/Java/JavaVirtualMachines/jdk1.8.0_111.jdk/Contents/Home/jre/lib/libjpeg.dylib

VM Arguments:
jvm_args: -Djava.security.policy=java.policy.applet -Dfile.encoding=UTF-8 
java_command: sun.applet.AppletViewer ai.files.DisplayPath1523308910822.html
java_class_path (initial): /Users/Justin/AQP-AI/AI/build:/Users/Justin/AQP-AI/AI/lib/core.jar:/Users/Justin/AQP-AI/AI/lib/gluegen-rt.jar:/Users/Justin/AQP-AI/AI/lib/jogl-all.jar:/Users/Justin/AQP-AI/AI/lib/log4j-1.2.15.jar:/Users/Justin/AQP-AI/AI/lib/sqlite-jdbc-3.7.2.jar:/Users/Justin/AQP-AI/AI/lib/json4processing.jar:/Users/Justin/AQP-AI/AI/lib/libTUIO.jar:/Users/Justin/AQP-AI/AI/lib/unfolding.0.9.6.jar:/Users/Justin/AQP-AI/AI/lib/DelaunayTriangulator-1.0.3.jar:/Users/Justin/AQP-AI/AI/lib/guava-12.0.jar:/Users/Justin/.p2/pool/plugins/org.junit_4.12.0.v201504281640/junit.jar:/Users/Justin/.p2/pool/plugins/org.hamcrest.core_1.3.0.v201303031735.jar
Launcher Type: SUN_STANDARD

Environment Variables:
PATH=/usr/bin:/bin:/usr/sbin:/sbin
SHELL=/bin/bash
DISPLAY=/private/tmp/com.apple.launchd.z7YaFbB72Z/org.macosforge.xquartz:0

Signal Handlers:
SIGSEGV: [libjvm.dylib+0x5b03ed], sa_mask[0]=11111111011111110111111111111111, sa_flags=SA_ONSTACK|SA_RESTART|SA_SIGINFO
SIGBUS: [libjvm.dylib+0x5b03ed], sa_mask[0]=11111111011111110111111111111111, sa_flags=SA_RESTART|SA_SIGINFO
SIGFPE: [libjvm.dylib+0x48711c], sa_mask[0]=11111111011111110111111111111111, sa_flags=SA_RESTART|SA_SIGINFO
SIGPIPE: [libjvm.dylib+0x48711c], sa_mask[0]=11111111011111110111111111111111, sa_flags=SA_RESTART|SA_SIGINFO
SIGXFSZ: [libjvm.dylib+0x48711c], sa_mask[0]=11111111011111110111111111111111, sa_flags=SA_RESTART|SA_SIGINFO
SIGILL: [libjvm.dylib+0x48711c], sa_mask[0]=11111111011111110111111111111111, sa_flags=SA_RESTART|SA_SIGINFO
SIGUSR1: SIG_DFL, sa_mask[0]=00000000000000000000000000000000, sa_flags=none
SIGUSR2: [libjvm.dylib+0x486c3a], sa_mask[0]=00100000000000000000000000000000, sa_flags=SA_RESTART|SA_SIGINFO
SIGHUP: [libjvm.dylib+0x485211], sa_mask[0]=11111111011111110111111111111111, sa_flags=SA_RESTART|SA_SIGINFO
SIGINT: [libjvm.dylib+0x485211], sa_mask[0]=11111111011111110111111111111111, sa_flags=SA_RESTART|SA_SIGINFO
SIGTERM: [libjvm.dylib+0x485211], sa_mask[0]=11111111011111110111111111111111, sa_flags=SA_RESTART|SA_SIGINFO
SIGQUIT: [libjvm.dylib+0x485211], sa_mask[0]=11111111011111110111111111111111, sa_flags=SA_RESTART|SA_SIGINFO


---------------  S Y S T E M  ---------------

OS:Bsduname:Darwin 16.0.0 Darwin Kernel Version 16.0.0: Mon Aug 29 17:56:20 PDT 2016; root:xnu-3789.1.32~3/RELEASE_X86_64 x86_64
rlimit: STACK 8192k, CORE 0k, NPROC 709, NOFILE 10240, AS infinity
load average:2.25 2.42 2.50

CPU:total 4 (2 cores per cpu, 2 threads per core) family 6 model 69 stepping 1, cmov, cx8, fxsr, mmx, sse, sse2, sse3, ssse3, sse4.1, sse4.2, popcnt, avx, avx2, aes, clmul, erms, lzcnt, ht, tsc, tscinvbit, bmi1, bmi2

Memory: 4k page, physical 8388608k(250980k free)

/proc/meminfo:


vm_info: Java HotSpot(TM) 64-Bit Server VM (25.111-b14) for bsd-amd64 JRE (1.8.0_111-b14), built on Sep 22 2016 15:31:41 by "java_re" with gcc 4.2.1 (Based on Apple Inc. build 5658) (LLVM build 2336.11.00)

time: Mon Apr  9 16:22:51 2018
elapsed time: 60 seconds (0d 0h 1m 0s)

