#
# A fatal error has been detected by the Java Runtime Environment:
#
#  SIGSEGV (0xb) at pc=0x00007fffd37f3b5d, pid=60908, tid=0x000000000000080b
#
# JRE version: Java(TM) SE Runtime Environment (8.0_111-b14) (build 1.8.0_111-b14)
# Java VM: Java HotSpot(TM) 64-Bit Server VM (25.111-b14 mixed mode bsd-amd64 compressed oops)
# Problematic frame:
# C  [libobjc.A.dylib+0x6b5d]  objc_msgSend+0x1d
#
# Failed to write core dump. Core dumps have been disabled. To enable core dumping, try "ulimit -c unlimited" before starting Java again
#
# If you would like to submit a bug report, please visit:
#   http://bugreport.java.com/bugreport/crash.jsp
# The crash happened outside the Java Virtual Machine in native code.
# See problematic frame for where to report the bug.
#

---------------  T H R E A D  ---------------

Current thread (0x00007f96160d1000):  JavaThread "AWT-AppKit" daemon [_thread_in_native, id=2059, stack(0x00007fff5a194000,0x00007fff5a994000)]

siginfo: si_signo: 11 (SIGSEGV), si_code: 1 (SEGV_MAPERR), si_addr: 0x000007f961a47d80

Registers:
RAX=0x00007f961a479410, RBX=0x000000016238a3b0, RCX=0x00007f9616900d40, RDX=0x0000000000000000
RSP=0x00007fff5a98f418, RBP=0x00007fff5a98f4d0, RSI=0x00007fffbd8821c3, RDI=0x00007f961a4768d0
R8 =0x0000000000000018, R9 =0x00007f9616900d60, R10=0x000007f961a47d68, R11=0x00007fffbd8821c3
R12=0x0000000000000000, R13=0x00000001647863b8, R14=0x000000016238a3a0, R15=0x00007f96160d1000
RIP=0x00007fffd37f3b5d, EFLAGS=0x0000000000010202, ERR=0x0000000000000004
  TRAPNO=0x000000000000000e

Top of Stack: (sp=0x00007fff5a98f418)
0x00007fff5a98f418:   00000001623885d7 00007fff5a98f470
0x00007fff5a98f428:   0000000000000003 00007fff5a98f450
0x00007fff5a98f438:   0000000105df27be 00000001647863b8
0x00007fff5a98f448:   00000001647863b8 00007f961a479410
0x00007fff5a98f458:   000000016238a5c0 000000016238a640
0x00007fff5a98f468:   000000016238a3b0 00007fffd97b96d0
0x00007fff5a98f478:   000000016238a5d0 00007fffda41df90
0x00007fff5a98f488:   00007f961a479410 00007f961a4768d0
0x00007fff5a98f498:   00007f961a5938a0 00007f961a479410
0x00007fff5a98f4a8:   00007f961a4768d0 00007fff5a98f558
0x00007fff5a98f4b8:   00007f96160d11f8 00000001647863b8
0x00007fff5a98f4c8:   00007fff5a98f580 00007fff5a98f548
0x00007fff5a98f4d8:   00000001135be9f4 00000001647863b8
0x00007fff5a98f4e8:   00007fff5a98f580 00007fff5a98f548
0x00007fff5a98f4f8:   00000001135be787 00000001135be742
0x00007fff5a98f508:   00007fff5a98f508 00000001647863b8
0x00007fff5a98f518:   00007fff5a98f580 0000000164788ba8
0x00007fff5a98f528:   0000000000000000 00000001647863b8
0x00007fff5a98f538:   0000000000000000 00007fff5a98f568
0x00007fff5a98f548:   00007fff5a98f5c8 00000001135af2bd
0x00007fff5a98f558:   0000000741111be8 00000001135b8538
0x00007fff5a98f568:   00007f961a479410 00007fff5a98f5c8
0x00007fff5a98f578:   00007f961a4768d0 00000001135b9e02
0x00007fff5a98f588:   00007fff5a98f588 0000000164786582
0x00007fff5a98f598:   00007fff5a98f5f0 0000000164788ba8
0x00007fff5a98f5a8:   0000000000000000 0000000164786590
0x00007fff5a98f5b8:   00007fff5a98f568 00007fff5a98f5d8
0x00007fff5a98f5c8:   00007fff5a98f638 00000001135af2bd
0x00007fff5a98f5d8:   00007f961a479410 00000007410468d0
0x00007fff5a98f5e8:   00007f961a4768d0 00000007410468d0
0x00007fff5a98f5f8:   00007fff5a98f5f8 000000016da920ee
0x00007fff5a98f608:   00007fff5a98f648 000000016da921a8 

Instructions: (pc=0x00007fffd37f3b5d)
0x00007fffd37f3b3d:   0f 1f 00 48 85 ff 2e 74 62 40 f6 c7 01 2e 75 66
0x00007fffd37f3b4d:   49 ba f8 ff ff ff ff 7f 00 00 4c 23 17 49 89 f3
0x00007fffd37f3b5d:   45 23 5a 18 49 c1 e3 04 4d 03 5a 10 49 3b 33 75
0x00007fffd37f3b6d:   04 41 ff 63 08 49 83 3b 01 76 0d 49 83 c3 10 49 

Register to memory mapping:

RAX=0x00007f961a479410 is an unknown value
RBX=0x000000016238a3b0: Java_jogamp_nativewindow_macosx_OSXUtil_GetScreenRefreshRate0+0x1850 in /private/var/folders/qk/z1qqpcwd0wx0z14thz2z48xw0000gr/T/jogamp_0000/file_cache/jln8126899533331123311/jln1647103200867351644/libnativewindow_macosx.jnilib at 0x0000000162383000
RCX=0x00007f9616900d40 is an unknown value
RDX=0x0000000000000000 is an unknown value
RSP=0x00007fff5a98f418 is pointing into the stack for thread: 0x00007f96160d1000
RBP=0x00007fff5a98f4d0 is pointing into the stack for thread: 0x00007f96160d1000
RSI=0x00007fffbd8821c3: __NSStyleNameIndexTable+0x814d6 in /System/Library/Frameworks/AppKit.framework/Versions/C/AppKit at 0x00007fffbccf0000
RDI=0x00007f961a4768d0 is an unknown value
R8 =0x0000000000000018 is an unknown value
R9 =0x00007f9616900d60 is an unknown value
R10=0x000007f961a47d68 is an unknown value
R11=0x00007fffbd8821c3: __NSStyleNameIndexTable+0x814d6 in /System/Library/Frameworks/AppKit.framework/Versions/C/AppKit at 0x00007fffbccf0000
R12=0x0000000000000000 is an unknown value
R13={method} {0x00000001647863b8} 'UnsetJAWTRootSurfaceLayer0' '(JJ)V' in 'jogamp/nativewindow/jawt/macosx/MacOSXJAWTWindow'
R14=0x000000016238a3a0: Java_jogamp_nativewindow_macosx_OSXUtil_GetScreenRefreshRate0+0x1840 in /private/var/folders/qk/z1qqpcwd0wx0z14thz2z48xw0000gr/T/jogamp_0000/file_cache/jln8126899533331123311/jln1647103200867351644/libnativewindow_macosx.jnilib at 0x0000000162383000
R15=0x00007f96160d1000 is a thread


Stack: [0x00007fff5a194000,0x00007fff5a994000],  sp=0x00007fff5a98f418,  free space=8173k
Native frames: (J=compiled Java code, j=interpreted, Vv=VM code, C=native code)
C  [libobjc.A.dylib+0x6b5d]  objc_msgSend+0x1d
j  jogamp.nativewindow.jawt.macosx.MacOSXJAWTWindow.UnsetJAWTRootSurfaceLayer0(JJ)V+0
j  jogamp.nativewindow.jawt.macosx.MacOSXJAWTWindow.access$200(JJ)V+2
j  jogamp.nativewindow.jawt.macosx.MacOSXJAWTWindow$1.run()V+38
J 1971 C1 com.jogamp.common.util.RunnableTask.run()V (345 bytes) @ 0x0000000113b3d864 [0x0000000113b3d6c0+0x1a4]
v  ~StubRoutines::call_stub
V  [libjvm.dylib+0x2ecf8a]
V  [libjvm.dylib+0x324119]
V  [libjvm.dylib+0x3168e7]
C  [libnativewindow_macosx.jnilib+0x57ae]  Java_jogamp_nativewindow_jawt_macosx_MacOSXJAWTWindow_UnsetJAWTRootSurfaceLayer0+0x2be
C  [Foundation+0x71f2a]  __NSThreadPerformPerform+0x146
C  [CoreFoundation+0xa7551]  __CFRUNLOOP_IS_CALLING_OUT_TO_A_SOURCE0_PERFORM_FUNCTION__+0x11
C  [CoreFoundation+0x886bd]  __CFRunLoopDoSources0+0x22d
C  [CoreFoundation+0x87bb6]  __CFRunLoopRun+0x3a6
C  [CoreFoundation+0x875b4]  CFRunLoopRunSpecific+0x1a4
C  [HIToolbox+0x30f6c]  RunCurrentEventLoopInMode+0xf0
C  [HIToolbox+0x30ca9]  ReceiveNextEventCommon+0xb8
C  [HIToolbox+0x30bd6]  _BlockUntilNextEventMatchingListInModeWithFilter+0x47
C  [AppKit+0x475f5]  _DPSNextEvent+0x445
C  [AppKit+0x7578eb]  -[NSApplication(NSEvent) _nextEventMatchingEventMask:untilDate:inMode:dequeue:]+0x665
C  [libosxapp.dylib+0x23aa]  -[NSApplicationAWT nextEventMatchingMask:untilDate:inMode:dequeue:]+0x7c
C  [AppKit+0x3bfbd]  -[NSApplication run]+0x39e
C  [libosxapp.dylib+0x214d]  +[NSApplicationAWT runAWTLoopWithApp:]+0x9c
C  [libawt_lwawt.dylib+0x444b3]  -[AWTStarter starter:]+0x389
C  [Foundation+0x71f2a]  __NSThreadPerformPerform+0x146
C  [CoreFoundation+0xa7551]  __CFRUNLOOP_IS_CALLING_OUT_TO_A_SOURCE0_PERFORM_FUNCTION__+0x11
C  [CoreFoundation+0x886bd]  __CFRunLoopDoSources0+0x22d
C  [CoreFoundation+0x87bb6]  __CFRunLoopRun+0x3a6
C  [CoreFoundation+0x875b4]  CFRunLoopRunSpecific+0x1a4
C  [java+0x6465]  CreateExecutionEnvironment+0x367
C  [java+0x218c]  JLI_Launch+0x7a0
C  [java+0x84c2]  main+0x65
C  [java+0x19e4]  start+0x34
C  0x0000000000000007

Java frames: (J=compiled Java code, j=interpreted, Vv=VM code)
j  jogamp.nativewindow.jawt.macosx.MacOSXJAWTWindow.UnsetJAWTRootSurfaceLayer0(JJ)V+0
j  jogamp.nativewindow.jawt.macosx.MacOSXJAWTWindow.access$200(JJ)V+2
j  jogamp.nativewindow.jawt.macosx.MacOSXJAWTWindow$1.run()V+38
J 1971 C1 com.jogamp.common.util.RunnableTask.run()V (345 bytes) @ 0x0000000113b3d864 [0x0000000113b3d6c0+0x1a4]
v  ~StubRoutines::call_stub

---------------  P R O C E S S  ---------------

Java Threads: ( => current thread )
  0x00007f9614c9d000 JavaThread "Thread-51" [_thread_blocked, id=72043, stack(0x0000700010e5b000,0x0000700010f5b000)]
  0x00007f9614cf9000 JavaThread "Thread-19" [_thread_in_native, id=71447, stack(0x0000700010d58000,0x0000700010e58000)]
  0x00007f9615a54000 JavaThread "Image Fetcher 1" daemon [_thread_blocked, id=70183, stack(0x0000700011267000,0x0000700011367000)]
  0x00007f9615aa3000 JavaThread "Image Fetcher 0" daemon [_thread_blocked, id=5639, stack(0x0000700011164000,0x0000700011264000)]
  0x00007f9615342800 JavaThread "Keep-Alive-Timer" daemon [_thread_blocked, id=5127, stack(0x000070000f507000,0x000070000f607000)]
  0x00007f96162ce000 JavaThread "AWT-EventQueue-1" [_thread_in_native, id=66579, stack(0x0000700010bd2000,0x0000700010cd2000)]
  0x00007f96149f0000 JavaThread "DestroyJavaVM" [_thread_blocked, id=7427, stack(0x000070000f60d000,0x000070000f70d000)]
  0x00007f9616275800 JavaThread "AWT-EventQueue-0" [_thread_blocked, id=57883, stack(0x00007000109cc000,0x0000700010acc000)]
  0x00007f9616235800 JavaThread "Java2D Disposer" daemon [_thread_blocked, id=57107, stack(0x0000700010743000,0x0000700010843000)]
  0x00007f9616243800 JavaThread "Java2D Queue Flusher" daemon [_thread_in_native, id=47667, stack(0x0000700010640000,0x0000700010740000)]
  0x00007f9616175000 JavaThread "AWT-Shutdown" [_thread_blocked, id=30495, stack(0x0000700010437000,0x0000700010537000)]
=>0x00007f96160d1000 JavaThread "AWT-AppKit" daemon [_thread_in_native, id=2059, stack(0x00007fff5a194000,0x00007fff5a994000)]
  0x00007f961580e000 JavaThread "Service Thread" daemon [_thread_blocked, id=18947, stack(0x0000700010231000,0x0000700010331000)]
  0x00007f9616070800 JavaThread "C1 CompilerThread2" daemon [_thread_blocked, id=18435, stack(0x000070001012e000,0x000070001022e000)]
  0x00007f9615020000 JavaThread "C2 CompilerThread1" daemon [_thread_blocked, id=17923, stack(0x000070001002b000,0x000070001012b000)]
  0x00007f961501e800 JavaThread "C2 CompilerThread0" daemon [_thread_blocked, id=17411, stack(0x000070000ff28000,0x0000700010028000)]
  0x00007f9616065800 JavaThread "Signal Dispatcher" daemon [_thread_blocked, id=16899, stack(0x000070000fe25000,0x000070000ff25000)]
  0x00007f9614813000 JavaThread "Finalizer" daemon [_thread_blocked, id=12803, stack(0x000070000fd22000,0x000070000fe22000)]
  0x00007f9614810800 JavaThread "Reference Handler" daemon [_thread_blocked, id=12291, stack(0x000070000fc1f000,0x000070000fd1f000)]

Other Threads:
  0x00007f9616054000 VMThread [stack: 0x000070000fb1c000,0x000070000fc1c000] [id=11779]
  0x00007f9615833800 WatcherThread [stack: 0x0000700010334000,0x0000700010434000] [id=19459]

VM state:not at safepoint (normal execution)

VM Mutex/Monitor currently owned by a thread: None

Heap:
 PSYoungGen      total 32768K, used 17068K [0x0000000795580000, 0x0000000798b80000, 0x00000007c0000000)
  eden space 28672K, 46% used [0x0000000795580000,0x000000079627b260,0x0000000797180000)
  from space 4096K, 92% used [0x0000000797200000,0x00000007975b00e0,0x0000000797600000)
  to   space 13312K, 0% used [0x0000000797e80000,0x0000000797e80000,0x0000000798b80000)
 ParOldGen       total 87552K, used 26881K [0x0000000740000000, 0x0000000745580000, 0x0000000795580000)
  object space 87552K, 30% used [0x0000000740000000,0x0000000741a40450,0x0000000745580000)
 Metaspace       used 19198K, capacity 19377K, committed 19712K, reserved 1067008K
  class space    used 1883K, capacity 1951K, committed 2048K, reserved 1048576K

Card table byte_map: [0x0000000106f61000,0x0000000107362000] byte_map_base: 0x0000000103561000

Marking Bits: (ParMarkBitMap*) 0x00000001064efd20
 Begin Bits: [0x000000010760d000, 0x000000010960d000)
 End Bits:   [0x000000010960d000, 0x000000010b60d000)

Polling page: 0x000000010532c000

CodeCache: size=245760Kb used=7136Kb max_used=7151Kb free=238623Kb
 bounds [0x00000001135a7000, 0x0000000113cb7000, 0x00000001225a7000]
 total_blobs=2914 nmethods=2037 adapters=790
 compilation: enabled

Compilation events (10 events):
Event: 21.131 Thread 0x00007f9616070800 2309       3       sun.java2d.pipe.RenderBuffer::position (11 bytes)
Event: 21.131 Thread 0x00007f9616070800 nmethod 2309 0x0000000113c98210 code [0x0000000113c98360, 0x0000000113c984b0]
Event: 21.131 Thread 0x00007f9616070800 2310       3       sun.lwawt.LWComponentPeer::localToWindow (14 bytes)
Event: 21.132 Thread 0x00007f9616070800 nmethod 2310 0x0000000113ca8c90 code [0x0000000113ca8e20, 0x0000000113ca91a8]
Event: 21.214 Thread 0x00007f9615020000 2311       4       java.awt.Rectangle::<init> (26 bytes)
Event: 21.215 Thread 0x00007f9615020000 nmethod 2311 0x00000001139c3a50 code [0x00000001139c3ba0, 0x00000001139c3c18]
Event: 21.215 Thread 0x00007f9616070800 2313       3       sun.java2d.pipe.RenderBuffer::putInt (26 bytes)
Event: 21.215 Thread 0x00007f9616070800 nmethod 2313 0x0000000113ca2110 code [0x0000000113ca2280, 0x0000000113ca23f0]
Event: 21.215 Thread 0x00007f9616070800 2312       1       sun.java2d.SurfaceData::isValid (5 bytes)
Event: 21.215 Thread 0x00007f9616070800 nmethod 2312 0x0000000113ca8250 code [0x0000000113ca83a0, 0x0000000113ca84b0]

GC Heap History (10 events):
Event: 14.394 GC heap before
{Heap before GC invocations=9 (full 0):
 PSYoungGen      total 45568K, used 34736K [0x0000000795580000, 0x0000000799300000, 0x00000007c0000000)
  eden space 31232K, 100% used [0x0000000795580000,0x0000000797400000,0x0000000797400000)
  from space 14336K, 24% used [0x0000000798500000,0x000000079886c110,0x0000000799300000)
  to   space 15872K, 0% used [0x0000000797400000,0x0000000797400000,0x0000000798380000)
 ParOldGen       total 87552K, used 17632K [0x0000000740000000, 0x0000000745580000, 0x0000000795580000)
  object space 87552K, 20% used [0x0000000740000000,0x0000000741138050,0x0000000745580000)
 Metaspace       used 18842K, capacity 19047K, committed 19456K, reserved 1067008K
  class space    used 1870K, capacity 1950K, committed 2048K, reserved 1048576K
Event: 14.397 GC heap after
Heap after GC invocations=9 (full 0):
 PSYoungGen      total 36352K, used 5408K [0x0000000795580000, 0x0000000799080000, 0x00000007c0000000)
  eden space 30720K, 0% used [0x0000000795580000,0x0000000795580000,0x0000000797380000)
  from space 5632K, 96% used [0x0000000797400000,0x00000007979481a0,0x0000000797980000)
  to   space 14848K, 0% used [0x0000000798200000,0x0000000798200000,0x0000000799080000)
 ParOldGen       total 87552K, used 17648K [0x0000000740000000, 0x0000000745580000, 0x0000000795580000)
  object space 87552K, 20% used [0x0000000740000000,0x000000074113c050,0x0000000745580000)
 Metaspace       used 18842K, capacity 19047K, committed 19456K, reserved 1067008K
  class space    used 1870K, capacity 1950K, committed 2048K, reserved 1048576K
}
Event: 15.928 GC heap before
{Heap before GC invocations=10 (full 0):
 PSYoungGen      total 36352K, used 36128K [0x0000000795580000, 0x0000000799080000, 0x00000007c0000000)
  eden space 30720K, 100% used [0x0000000795580000,0x0000000797380000,0x0000000797380000)
  from space 5632K, 96% used [0x0000000797400000,0x00000007979481a0,0x0000000797980000)
  to   space 14848K, 0% used [0x0000000798200000,0x0000000798200000,0x0000000799080000)
 ParOldGen       total 87552K, used 17648K [0x0000000740000000, 0x0000000745580000, 0x0000000795580000)
  object space 87552K, 20% used [0x0000000740000000,0x000000074113c050,0x0000000745580000)
 Metaspace       used 19002K, capacity 19239K, committed 19456K, reserved 1067008K
  class space    used 1870K, capacity 1950K, committed 2048K, reserved 1048576K
Event: 15.935 GC heap after
Heap after GC invocations=10 (full 0):
 PSYoungGen      total 44544K, used 3072K [0x0000000795580000, 0x0000000799000000, 0x00000007c0000000)
  eden space 30208K, 0% used [0x0000000795580000,0x0000000795580000,0x0000000797300000)
  from space 14336K, 21% used [0x0000000798200000,0x00000007985000e0,0x0000000799000000)
  to   space 14848K, 0% used [0x0000000797300000,0x0000000797300000,0x0000000798180000)
 ParOldGen       total 87552K, used 19944K [0x0000000740000000, 0x0000000745580000, 0x0000000795580000)
  object space 87552K, 22% used [0x0000000740000000,0x000000074137a1f0,0x0000000745580000)
 Metaspace       used 19002K, capacity 19239K, committed 19456K, reserved 1067008K
  class space    used 1870K, capacity 1950K, committed 2048K, reserved 1048576K
}
Event: 16.928 GC heap before
{Heap before GC invocations=11 (full 0):
 PSYoungGen      total 44544K, used 33280K [0x0000000795580000, 0x0000000799000000, 0x00000007c0000000)
  eden space 30208K, 100% used [0x0000000795580000,0x0000000797300000,0x0000000797300000)
  from space 14336K, 21% used [0x0000000798200000,0x00000007985000e0,0x0000000799000000)
  to   space 14848K, 0% used [0x0000000797300000,0x0000000797300000,0x0000000798180000)
 ParOldGen       total 87552K, used 19944K [0x0000000740000000, 0x0000000745580000, 0x0000000795580000)
  object space 87552K, 22% used [0x0000000740000000,0x000000074137a1f0,0x0000000745580000)
 Metaspace       used 19005K, capacity 19239K, committed 19456K, reserved 1067008K
  class space    used 1870K, capacity 1950K, committed 2048K, reserved 1048576K
Event: 16.932 GC heap after
Heap after GC invocations=11 (full 0):
 PSYoungGen      total 32768K, used 3024K [0x0000000795580000, 0x0000000798e80000, 0x00000007c0000000)
  eden space 29696K, 0% used [0x0000000795580000,0x0000000795580000,0x0000000797280000)
  from space 3072K, 98% used [0x0000000797300000,0x00000007975f40d0,0x0000000797600000)
  to   space 14336K, 0% used [0x0000000798080000,0x0000000798080000,0x0000000798e80000)
 ParOldGen       total 87552K, used 22112K [0x0000000740000000, 0x0000000745580000, 0x0000000795580000)
  object space 87552K, 25% used [0x0000000740000000,0x00000007415982e0,0x0000000745580000)
 Metaspace       used 19005K, capacity 19239K, committed 19456K, reserved 1067008K
  class space    used 1870K, capacity 1950K, committed 2048K, reserved 1048576K
}
Event: 17.957 GC heap before
{Heap before GC invocations=12 (full 0):
 PSYoungGen      total 32768K, used 32668K [0x0000000795580000, 0x0000000798e80000, 0x00000007c0000000)
  eden space 29696K, 99% used [0x0000000795580000,0x00000007972730c0,0x0000000797280000)
  from space 3072K, 98% used [0x0000000797300000,0x00000007975f40d0,0x0000000797600000)
  to   space 14336K, 0% used [0x0000000798080000,0x0000000798080000,0x0000000798e80000)
 ParOldGen       total 87552K, used 22112K [0x0000000740000000, 0x0000000745580000, 0x0000000795580000)
  object space 87552K, 25% used [0x0000000740000000,0x00000007415982e0,0x0000000745580000)
 Metaspace       used 19018K, capacity 19239K, committed 19456K, reserved 1067008K
  class space    used 1870K, capacity 1950K, committed 2048K, reserved 1048576K
Event: 17.961 GC heap after
Heap after GC invocations=12 (full 0):
 PSYoungGen      total 41984K, used 3520K [0x0000000795580000, 0x0000000798d00000, 0x00000007c0000000)
  eden space 29184K, 0% used [0x0000000795580000,0x0000000795580000,0x0000000797200000)
  from space 12800K, 27% used [0x0000000798080000,0x00000007983f00d0,0x0000000798d00000)
  to   space 13824K, 0% used [0x0000000797200000,0x0000000797200000,0x0000000797f80000)
 ParOldGen       total 87552K, used 24272K [0x0000000740000000, 0x0000000745580000, 0x0000000795580000)
  object space 87552K, 27% used [0x0000000740000000,0x00000007417b43b0,0x0000000745580000)
 Metaspace       used 19018K, capacity 19239K, committed 19456K, reserved 1067008K
  class space    used 1870K, capacity 1950K, committed 2048K, reserved 1048576K
}
Event: 19.433 GC heap before
{Heap before GC invocations=13 (full 0):
 PSYoungGen      total 41984K, used 32704K [0x0000000795580000, 0x0000000798d00000, 0x00000007c0000000)
  eden space 29184K, 100% used [0x0000000795580000,0x0000000797200000,0x0000000797200000)
  from space 12800K, 27% used [0x0000000798080000,0x00000007983f00d0,0x0000000798d00000)
  to   space 13824K, 0% used [0x0000000797200000,0x0000000797200000,0x0000000797f80000)
 ParOldGen       total 87552K, used 24272K [0x0000000740000000, 0x0000000745580000, 0x0000000795580000)
  object space 87552K, 27% used [0x0000000740000000,0x00000007417b43b0,0x0000000745580000)
 Metaspace       used 19054K, capacity 19313K, committed 19712K, reserved 1067008K
  class space    used 1871K, capacity 1951K, committed 2048K, reserved 1048576K
Event: 19.436 GC heap after
Heap after GC invocations=13 (full 0):
 PSYoungGen      total 32768K, used 3776K [0x0000000795580000, 0x0000000798b80000, 0x00000007c0000000)
  eden space 28672K, 0% used [0x0000000795580000,0x0000000795580000,0x0000000797180000)
  from space 4096K, 92% used [0x0000000797200000,0x00000007975b00e0,0x0000000797600000)
  to   space 13312K, 0% used [0x0000000797e80000,0x0000000797e80000,0x0000000798b80000)
 ParOldGen       total 87552K, used 26881K [0x0000000740000000, 0x0000000745580000, 0x0000000795580000)
  object space 87552K, 30% used [0x0000000740000000,0x0000000741a40450,0x0000000745580000)
 Metaspace       used 19054K, capacity 19313K, committed 19712K, reserved 1067008K
  class space    used 1871K, capacity 1951K, committed 2048K, reserved 1048576K
}

Deoptimization events (10 events):
Event: 17.362 Thread 0x00007f96162ce000 Uncommon trap: reason=speculate_class_check action=maybe_recompile pc=0x00000001139b0d0c method=com.jogamp.common.nio.Buffers.getDirectBufferByteOffset(Ljava/lang/Object;)I @ 53
Event: 17.366 Thread 0x00007f96162ce000 Uncommon trap: reason=speculate_class_check action=maybe_recompile pc=0x00000001139b0d0c method=com.jogamp.common.nio.Buffers.getDirectBufferByteOffset(Ljava/lang/Object;)I @ 53
Event: 18.228 Thread 0x00007f96162ce000 Uncommon trap: reason=speculate_class_check action=maybe_recompile pc=0x0000000113971e7c method=com.jogamp.common.nio.Buffers.getDirectBufferByteOffset(Ljava/lang/Object;)I @ 22
Event: 18.228 Thread 0x00007f96162ce000 Uncommon trap: reason=speculate_class_check action=maybe_recompile pc=0x0000000113971e7c method=com.jogamp.common.nio.Buffers.getDirectBufferByteOffset(Ljava/lang/Object;)I @ 22
Event: 18.450 Thread 0x00007f96162ce000 Uncommon trap: reason=speculate_class_check action=maybe_recompile pc=0x0000000113bd3a54 method=com.jogamp.common.nio.Buffers.getDirectBufferByteOffset(Ljava/lang/Object;)I @ 31
Event: 18.450 Thread 0x00007f96162ce000 Uncommon trap: reason=speculate_class_check action=maybe_recompile pc=0x0000000113bd3a54 method=com.jogamp.common.nio.Buffers.getDirectBufferByteOffset(Ljava/lang/Object;)I @ 31
Event: 18.688 Thread 0x00007f96162ce000 Uncommon trap: reason=speculate_class_check action=maybe_recompile pc=0x0000000113bd0510 method=com.jogamp.common.nio.Buffers.getDirectBufferByteOffset(Ljava/lang/Object;)I @ 42
Event: 18.689 Thread 0x00007f96162ce000 Uncommon trap: reason=speculate_class_check action=maybe_recompile pc=0x0000000113bd0510 method=com.jogamp.common.nio.Buffers.getDirectBufferByteOffset(Ljava/lang/Object;)I @ 42
Event: 21.194 Thread 0x00007f9616236800 Uncommon trap: reason=unstable_if action=reinterpret pc=0x0000000113b92904 method=java.util.HashMap.putVal(ILjava/lang/Object;Ljava/lang/Object;ZZ)Ljava/lang/Object; @ 81
Event: 21.212 Thread 0x00007f96162ce000 Uncommon trap: reason=unstable_if action=reinterpret pc=0x0000000113caac68 method=java.security.AccessControlContext.optimize()Ljava/security/AccessControlContext; @ 233

Internal exceptions (10 events):
Event: 0.484 Thread 0x00007f9615802800 Exception <a 'java/io/FileNotFoundException'> (0x000000079580f7f0) thrown at [/Users/java_re/workspace/8-2-build-macosx-x86_64/jdk8u111/7883/hotspot/src/share/vm/prims/jni.cpp, line 709]
Event: 0.528 Thread 0x00007f9615802800 Exception <a 'java/io/FileNotFoundException'> (0x0000000795916358) thrown at [/Users/java_re/workspace/8-2-build-macosx-x86_64/jdk8u111/7883/hotspot/src/share/vm/prims/jni.cpp, line 709]
Event: 0.640 Thread 0x00007f9615802800 Exception <a 'java/io/FileNotFoundException'> (0x0000000795953210) thrown at [/Users/java_re/workspace/8-2-build-macosx-x86_64/jdk8u111/7883/hotspot/src/share/vm/prims/jni.cpp, line 709]
Event: 4.089 Thread 0x00007f9614a07000 Exception <a 'java/io/FileNotFoundException'> (0x00000007965cc2a0) thrown at [/Users/java_re/workspace/8-2-build-macosx-x86_64/jdk8u111/7883/hotspot/src/share/vm/prims/jni.cpp, line 709]
Event: 4.090 Thread 0x00007f9614a07000 Exception <a 'java/io/FileNotFoundException'> (0x00000007965d2c88) thrown at [/Users/java_re/workspace/8-2-build-macosx-x86_64/jdk8u111/7883/hotspot/src/share/vm/prims/jni.cpp, line 709]
Event: 4.090 Thread 0x00007f9614a07000 Implicit null exception at 0x00000001137504b6 to 0x00000001137508a9
Event: 4.149 Thread 0x00007f9614a07000 Exception <a 'java/io/FileNotFoundException'> (0x00000007967dca30) thrown at [/Users/java_re/workspace/8-2-build-macosx-x86_64/jdk8u111/7883/hotspot/src/share/vm/prims/jni.cpp, line 709]
Event: 4.367 Thread 0x00007f9614a07000 Exception <a 'java/lang/UnsatisfiedLinkError': com.jogamp.common.util.JarUtil.fixNativeLibAttribs(Ljava/lang/String;)Z> (0x0000000796d890d8) thrown at [/Users/java_re/workspace/8-2-build-macosx-x86_64/jdk8u111/7883/hotspot/src/share/vm/prims/nativeLookup.
Event: 4.749 Thread 0x00007f9614813000 Exception <a 'java/lang/NullPointerException'> (0x000000079574b640) thrown at [/Users/java_re/workspace/8-2-build-macosx-x86_64/jdk8u111/7883/hotspot/src/share/vm/interpreter/linkResolver.cpp, line 1178]
Event: 5.788 Thread 0x00007f96162ce000 Exception <a 'java/io/FileNotFoundException'> (0x0000000795fb7bc0) thrown at [/Users/java_re/workspace/8-2-build-macosx-x86_64/jdk8u111/7883/hotspot/src/share/vm/prims/jni.cpp, line 709]

Events (10 events):
Event: 21.213 loading class java/awt/LightweightDispatcher$2 done
Event: 21.213 loading class java/awt/event/AWTEventListenerProxy
Event: 21.213 loading class java/awt/event/AWTEventListenerProxy done
Event: 21.213 loading class java/awt/Toolkit$ToolkitEventMulticaster
Event: 21.213 loading class java/awt/Toolkit$ToolkitEventMulticaster done
Event: 21.214 Thread 0x00007f9616236800 Thread exited: 0x00007f9616236800
Event: 21.215 loading class java/lang/IllegalThreadStateException
Event: 21.215 loading class java/lang/IllegalThreadStateException done
Event: 21.215 loading class java/awt/Window$1DisposeAction
Event: 21.215 loading class java/awt/Window$1DisposeAction done


Dynamic libraries:
0x0000000049ea3000 	/System/Library/Frameworks/Cocoa.framework/Versions/A/Cocoa
0x0000000049ea3000 	/System/Library/Frameworks/Security.framework/Versions/A/Security
0x0000000049ea3000 	/System/Library/Frameworks/ApplicationServices.framework/Versions/A/ApplicationServices
0x0000000049ea3000 	/usr/lib/libz.1.dylib
0x0000000049ea3000 	/usr/lib/libSystem.B.dylib
0x0000000049ea3000 	/usr/lib/libobjc.A.dylib
0x0000000049ea3000 	/System/Library/Frameworks/CoreFoundation.framework/Versions/A/CoreFoundation
0x0000000049ea3000 	/System/Library/Frameworks/Foundation.framework/Versions/C/Foundation
0x0000000049ea3000 	/System/Library/Frameworks/AppKit.framework/Versions/C/AppKit
0x0000000049ea3000 	/System/Library/Frameworks/CoreData.framework/Versions/A/CoreData
0x0000000049ea3000 	/System/Library/PrivateFrameworks/RemoteViewServices.framework/Versions/A/RemoteViewServices
0x0000000049ea3000 	/System/Library/PrivateFrameworks/UIFoundation.framework/Versions/A/UIFoundation
0x0000000049ea3000 	/usr/lib/libenergytrace.dylib
0x0000000049ea3000 	/System/Library/PrivateFrameworks/SkyLight.framework/Versions/A/SkyLight
0x0000000049ea3000 	/System/Library/Frameworks/CoreGraphics.framework/Versions/A/CoreGraphics
0x0000000049ea3000 	/usr/lib/libScreenReader.dylib
0x0000000049ea3000 	/System/Library/Frameworks/Accelerate.framework/Versions/A/Accelerate
0x0000000049ea3000 	/System/Library/Frameworks/IOSurface.framework/Versions/A/IOSurface
0x0000000049ea3000 	/System/Library/Frameworks/AudioToolbox.framework/Versions/A/AudioToolbox
0x0000000049ea3000 	/System/Library/Frameworks/AudioUnit.framework/Versions/A/AudioUnit
0x0000000049ea3000 	/System/Library/PrivateFrameworks/DataDetectorsCore.framework/Versions/A/DataDetectorsCore
0x0000000049ea3000 	/System/Library/PrivateFrameworks/DesktopServicesPriv.framework/Versions/A/DesktopServicesPriv
0x0000000049ea3000 	/System/Library/Frameworks/Carbon.framework/Versions/A/Frameworks/HIToolbox.framework/Versions/A/HIToolbox
0x0000000049ea3000 	/usr/lib/libicucore.A.dylib
0x0000000049ea3000 	/System/Library/Frameworks/QuartzCore.framework/Versions/A/QuartzCore
0x0000000049ea3000 	/System/Library/Frameworks/Carbon.framework/Versions/A/Frameworks/SpeechRecognition.framework/Versions/A/SpeechRecognition
0x0000000049ea3000 	/usr/lib/libauto.dylib
0x0000000049ea3000 	/usr/lib/libxml2.2.dylib
0x0000000049ea3000 	/System/Library/PrivateFrameworks/CoreUI.framework/Versions/A/CoreUI
0x0000000049ea3000 	/System/Library/Frameworks/CoreAudio.framework/Versions/A/CoreAudio
0x0000000049ea3000 	/System/Library/Frameworks/DiskArbitration.framework/Versions/A/DiskArbitration
0x0000000049ea3000 	/usr/lib/liblangid.dylib
0x0000000049ea3000 	/System/Library/PrivateFrameworks/MultitouchSupport.framework/Versions/A/MultitouchSupport
0x0000000049ea3000 	/System/Library/Frameworks/IOKit.framework/Versions/A/IOKit
0x0000000049ea3000 	/usr/lib/libDiagnosticMessagesClient.dylib
0x0000000049ea3000 	/System/Library/Frameworks/CoreServices.framework/Versions/A/CoreServices
0x0000000049ea3000 	/System/Library/PrivateFrameworks/PerformanceAnalysis.framework/Versions/A/PerformanceAnalysis
0x0000000049ea3000 	/System/Library/PrivateFrameworks/GenerationalStorage.framework/Versions/A/GenerationalStorage
0x0000000049ea3000 	/System/Library/Frameworks/OpenGL.framework/Versions/A/OpenGL
0x0000000049ea3000 	/System/Library/Frameworks/CoreImage.framework/Versions/A/CoreImage
0x0000000049ea3000 	/System/Library/Frameworks/CoreText.framework/Versions/A/CoreText
0x0000000049ea3000 	/System/Library/Frameworks/ImageIO.framework/Versions/A/ImageIO
0x0000000049ea3000 	/System/Library/PrivateFrameworks/Backup.framework/Versions/A/Backup
0x0000000049ea3000 	/usr/lib/libarchive.2.dylib
0x0000000049ea3000 	/System/Library/Frameworks/CFNetwork.framework/Versions/A/CFNetwork
0x0000000049ea3000 	/System/Library/Frameworks/SystemConfiguration.framework/Versions/A/SystemConfiguration
0x0000000049ea3000 	/usr/lib/libCRFSuite.dylib
0x0000000049ea3000 	/usr/lib/libc++.1.dylib
0x0000000049ea3000 	/usr/lib/libc++abi.dylib
0x0000000049ea3000 	/usr/lib/system/libcache.dylib
0x0000000049ea3000 	/usr/lib/system/libcommonCrypto.dylib
0x0000000049ea3000 	/usr/lib/system/libcompiler_rt.dylib
0x0000000049ea3000 	/usr/lib/system/libcopyfile.dylib
0x0000000049ea3000 	/usr/lib/system/libcorecrypto.dylib
0x0000000049ea3000 	/usr/lib/system/libdispatch.dylib
0x0000000049ea3000 	/usr/lib/system/libdyld.dylib
0x0000000049ea3000 	/usr/lib/system/libkeymgr.dylib
0x0000000049ea3000 	/usr/lib/system/liblaunch.dylib
0x0000000049ea3000 	/usr/lib/system/libmacho.dylib
0x0000000049ea3000 	/usr/lib/system/libquarantine.dylib
0x0000000049ea3000 	/usr/lib/system/libremovefile.dylib
0x0000000049ea3000 	/usr/lib/system/libsystem_asl.dylib
0x0000000049ea3000 	/usr/lib/system/libsystem_blocks.dylib
0x0000000049ea3000 	/usr/lib/system/libsystem_c.dylib
0x0000000049ea3000 	/usr/lib/system/libsystem_configuration.dylib
0x0000000049ea3000 	/usr/lib/system/libsystem_coreservices.dylib
0x0000000049ea3000 	/usr/lib/system/libsystem_coretls.dylib
0x0000000049ea3000 	/usr/lib/system/libsystem_dnssd.dylib
0x0000000049ea3000 	/usr/lib/system/libsystem_info.dylib
0x0000000049ea3000 	/usr/lib/system/libsystem_kernel.dylib
0x0000000049ea3000 	/usr/lib/system/libsystem_m.dylib
0x0000000049ea3000 	/usr/lib/system/libsystem_malloc.dylib
0x0000000049ea3000 	/usr/lib/system/libsystem_network.dylib
0x0000000049ea3000 	/usr/lib/system/libsystem_networkextension.dylib
0x0000000049ea3000 	/usr/lib/system/libsystem_notify.dylib
0x0000000049ea3000 	/usr/lib/system/libsystem_platform.dylib
0x0000000049ea3000 	/usr/lib/system/libsystem_pthread.dylib
0x0000000049ea3000 	/usr/lib/system/libsystem_sandbox.dylib
0x0000000049ea3000 	/usr/lib/system/libsystem_secinit.dylib
0x0000000049ea3000 	/usr/lib/system/libsystem_symptoms.dylib
0x0000000049ea3000 	/usr/lib/system/libsystem_trace.dylib
0x0000000049ea3000 	/usr/lib/system/libunwind.dylib
0x0000000049ea3000 	/usr/lib/system/libxpc.dylib
0x0000000049ea3000 	/usr/lib/libbsm.0.dylib
0x0000000049ea3000 	/usr/lib/system/libkxld.dylib
0x0000000049ea3000 	/usr/lib/libcoretls.dylib
0x0000000049ea3000 	/usr/lib/libcoretls_cfhelpers.dylib
0x0000000049ea3000 	/usr/lib/libxar.1.dylib
0x0000000049ea3000 	/usr/lib/libsqlite3.dylib
0x0000000049ea3000 	/usr/lib/libpam.2.dylib
0x0000000049ea3000 	/usr/lib/libOpenScriptingUtil.dylib
0x0000000049ea3000 	/usr/lib/libbz2.1.0.dylib
0x0000000049ea3000 	/usr/lib/liblzma.5.dylib
0x0000000049ea3000 	/usr/lib/libnetwork.dylib
0x0000000049ea3000 	/usr/lib/libpcap.A.dylib
0x0000000049ea3000 	/System/Library/Frameworks/CoreServices.framework/Versions/A/Frameworks/FSEvents.framework/Versions/A/FSEvents
0x0000000049ea3000 	/System/Library/Frameworks/CoreServices.framework/Versions/A/Frameworks/CarbonCore.framework/Versions/A/CarbonCore
0x0000000049ea3000 	/System/Library/Frameworks/CoreServices.framework/Versions/A/Frameworks/Metadata.framework/Versions/A/Metadata
0x0000000049ea3000 	/System/Library/Frameworks/CoreServices.framework/Versions/A/Frameworks/OSServices.framework/Versions/A/OSServices
0x0000000049ea3000 	/System/Library/Frameworks/CoreServices.framework/Versions/A/Frameworks/SearchKit.framework/Versions/A/SearchKit
0x0000000049ea3000 	/System/Library/Frameworks/CoreServices.framework/Versions/A/Frameworks/AE.framework/Versions/A/AE
0x0000000049ea3000 	/System/Library/Frameworks/CoreServices.framework/Versions/A/Frameworks/LaunchServices.framework/Versions/A/LaunchServices
0x0000000049ea3000 	/System/Library/Frameworks/CoreServices.framework/Versions/A/Frameworks/DictionaryServices.framework/Versions/A/DictionaryServices
0x0000000049ea3000 	/System/Library/Frameworks/CoreServices.framework/Versions/A/Frameworks/SharedFileList.framework/Versions/A/SharedFileList
0x0000000049ea3000 	/System/Library/Frameworks/NetFS.framework/Versions/A/NetFS
0x0000000049ea3000 	/System/Library/PrivateFrameworks/NetAuth.framework/Versions/A/NetAuth
0x0000000049ea3000 	/System/Library/PrivateFrameworks/login.framework/Versions/A/Frameworks/loginsupport.framework/Versions/A/loginsupport
0x0000000049ea3000 	/System/Library/PrivateFrameworks/TCC.framework/Versions/A/TCC
0x0000000049ea3000 	/usr/lib/libmecabra.dylib
0x0000000049ea3000 	/System/Library/Frameworks/ApplicationServices.framework/Versions/A/Frameworks/ATS.framework/Versions/A/ATS
0x0000000049ea3000 	/System/Library/Frameworks/ApplicationServices.framework/Versions/A/Frameworks/ColorSync.framework/Versions/A/ColorSync
0x0000000049ea3000 	/System/Library/Frameworks/ApplicationServices.framework/Versions/A/Frameworks/HIServices.framework/Versions/A/HIServices
0x0000000049ea3000 	/System/Library/Frameworks/ApplicationServices.framework/Versions/A/Frameworks/LangAnalysis.framework/Versions/A/LangAnalysis
0x0000000049ea3000 	/System/Library/Frameworks/ApplicationServices.framework/Versions/A/Frameworks/PrintCore.framework/Versions/A/PrintCore
0x0000000049ea3000 	/System/Library/Frameworks/ApplicationServices.framework/Versions/A/Frameworks/QD.framework/Versions/A/QD
0x0000000049ea3000 	/System/Library/Frameworks/ApplicationServices.framework/Versions/A/Frameworks/SpeechSynthesis.framework/Versions/A/SpeechSynthesis
0x0000000049ea3000 	/System/Library/Frameworks/Accelerate.framework/Versions/A/Frameworks/vImage.framework/Versions/A/vImage
0x0000000049ea3000 	/System/Library/Frameworks/Accelerate.framework/Versions/A/Frameworks/vecLib.framework/Versions/A/vecLib
0x0000000049ea3000 	/System/Library/Frameworks/Accelerate.framework/Versions/A/Frameworks/vecLib.framework/Versions/A/libvDSP.dylib
0x0000000049ea3000 	/System/Library/Frameworks/Accelerate.framework/Versions/A/Frameworks/vecLib.framework/Versions/A/libBNNS.dylib
0x0000000049ea3000 	/System/Library/Frameworks/Accelerate.framework/Versions/A/Frameworks/vecLib.framework/Versions/A/libQuadrature.dylib
0x0000000049ea3000 	/System/Library/Frameworks/Accelerate.framework/Versions/A/Frameworks/vecLib.framework/Versions/A/libvMisc.dylib
0x0000000049ea3000 	/System/Library/Frameworks/Accelerate.framework/Versions/A/Frameworks/vecLib.framework/Versions/A/libLAPACK.dylib
0x0000000049ea3000 	/System/Library/Frameworks/Accelerate.framework/Versions/A/Frameworks/vecLib.framework/Versions/A/libBLAS.dylib
0x0000000049ea3000 	/System/Library/Frameworks/Accelerate.framework/Versions/A/Frameworks/vecLib.framework/Versions/A/libLinearAlgebra.dylib
0x0000000049ea3000 	/System/Library/Frameworks/Accelerate.framework/Versions/A/Frameworks/vecLib.framework/Versions/A/libSparseBLAS.dylib
0x0000000049ea3000 	/System/Library/Frameworks/ApplicationServices.framework/Versions/A/Frameworks/ATS.framework/Versions/A/Resources/libFontParser.dylib
0x0000000049ea3000 	/System/Library/Frameworks/ApplicationServices.framework/Versions/A/Frameworks/ATS.framework/Versions/A/Resources/libFontRegistry.dylib
0x0000000049ea3000 	/System/Library/Frameworks/ImageIO.framework/Versions/A/Resources/libJPEG.dylib
0x0000000049ea3000 	/System/Library/Frameworks/ImageIO.framework/Versions/A/Resources/libTIFF.dylib
0x0000000049ea3000 	/System/Library/Frameworks/ImageIO.framework/Versions/A/Resources/libPng.dylib
0x0000000049ea3000 	/System/Library/Frameworks/ImageIO.framework/Versions/A/Resources/libGIF.dylib
0x0000000049ea3000 	/System/Library/Frameworks/ImageIO.framework/Versions/A/Resources/libJP2.dylib
0x0000000049ea3000 	/System/Library/Frameworks/ImageIO.framework/Versions/A/Resources/libRadiance.dylib
0x0000000049ea3000 	/usr/lib/libcompression.dylib
0x0000000049ea3000 	/System/Library/PrivateFrameworks/AppleJPEG.framework/Versions/A/AppleJPEG
0x0000000049ea3000 	/usr/lib/libcups.2.dylib
0x0000000049ea3000 	/System/Library/Frameworks/Kerberos.framework/Versions/A/Kerberos
0x0000000049ea3000 	/System/Library/Frameworks/GSS.framework/Versions/A/GSS
0x0000000049ea3000 	/usr/lib/libresolv.9.dylib
0x0000000049ea3000 	/usr/lib/libiconv.2.dylib
0x0000000049ea3000 	/System/Library/PrivateFrameworks/Heimdal.framework/Versions/A/Heimdal
0x0000000049ea3000 	/usr/lib/libheimdal-asn1.dylib
0x0000000049ea3000 	/System/Library/Frameworks/OpenDirectory.framework/Versions/A/OpenDirectory
0x0000000049ea3000 	/System/Library/PrivateFrameworks/CommonAuth.framework/Versions/A/CommonAuth
0x0000000049ea3000 	/System/Library/Frameworks/OpenDirectory.framework/Versions/A/Frameworks/CFOpenDirectory.framework/Versions/A/CFOpenDirectory
0x0000000049ea3000 	/System/Library/Frameworks/SecurityFoundation.framework/Versions/A/SecurityFoundation
0x0000000049ea3000 	/System/Library/PrivateFrameworks/LanguageModeling.framework/Versions/A/LanguageModeling
0x0000000049ea3000 	/usr/lib/libmarisa.dylib
0x0000000049ea3000 	/usr/lib/libChineseTokenizer.dylib
0x0000000049ea3000 	/usr/lib/libcmph.dylib
0x0000000049ea3000 	/System/Library/PrivateFrameworks/CoreEmoji.framework/Versions/A/CoreEmoji
0x0000000049ea3000 	/System/Library/Frameworks/ServiceManagement.framework/Versions/A/ServiceManagement
0x0000000049ea3000 	/usr/lib/libxslt.1.dylib
0x0000000049ea3000 	/System/Library/Frameworks/Carbon.framework/Versions/A/Frameworks/Ink.framework/Versions/A/Ink
0x0000000049ea3000 	/System/Library/PrivateFrameworks/TextureIO.framework/Versions/A/TextureIO
0x0000000049ea3000 	/System/Library/Frameworks/Metal.framework/Versions/A/Metal
0x0000000049ea3000 	/usr/lib/libate.dylib
0x0000000049ea3000 	/System/Library/PrivateFrameworks/GPUCompiler.framework/libmetal_timestamp.dylib
0x0000000049ea3000 	/System/Library/Frameworks/OpenGL.framework/Versions/A/Libraries/libCoreFSCache.dylib
0x0000000049ea3000 	/System/Library/PrivateFrameworks/IOAccelerator.framework/Versions/A/IOAccelerator
0x0000000049ea3000 	/System/Library/Frameworks/CoreVideo.framework/Versions/A/CoreVideo
0x0000000049ea3000 	/usr/lib/libFosl_dynamic.dylib
0x0000000049ea3000 	/System/Library/PrivateFrameworks/MetalPerformanceShaders.framework/Versions/A/MetalPerformanceShaders
0x0000000049ea3000 	/System/Library/PrivateFrameworks/FaceCore.framework/Versions/A/FaceCore
0x0000000049ea3000 	/System/Library/Frameworks/OpenCL.framework/Versions/A/OpenCL
0x0000000049ea3000 	/System/Library/Frameworks/OpenGL.framework/Versions/A/Libraries/libGLU.dylib
0x0000000049ea3000 	/System/Library/Frameworks/OpenGL.framework/Versions/A/Libraries/libGFXShared.dylib
0x0000000049ea3000 	/System/Library/Frameworks/OpenGL.framework/Versions/A/Libraries/libGL.dylib
0x0000000049ea3000 	/System/Library/Frameworks/OpenGL.framework/Versions/A/Libraries/libGLImage.dylib
0x0000000049ea3000 	/System/Library/Frameworks/OpenGL.framework/Versions/A/Libraries/libCVMSPluginSupport.dylib
0x0000000049ea3000 	/System/Library/Frameworks/OpenGL.framework/Versions/A/Libraries/libCoreVMClient.dylib
0x0000000049ea3000 	/System/Library/PrivateFrameworks/CrashReporterSupport.framework/Versions/A/CrashReporterSupport
0x0000000049ea3000 	/System/Library/PrivateFrameworks/Sharing.framework/Versions/A/Sharing
0x0000000049ea3000 	/System/Library/PrivateFrameworks/IconServices.framework/Versions/A/IconServices
0x0000000049ea3000 	/System/Library/PrivateFrameworks/ProtocolBuffer.framework/Versions/A/ProtocolBuffer
0x0000000049ea3000 	/System/Library/PrivateFrameworks/Apple80211.framework/Versions/A/Apple80211
0x0000000049ea3000 	/System/Library/Frameworks/CoreWLAN.framework/Versions/A/CoreWLAN
0x0000000049ea3000 	/System/Library/PrivateFrameworks/CoreUtils.framework/Versions/A/CoreUtils
0x0000000049ea3000 	/System/Library/Frameworks/IOBluetooth.framework/Versions/A/IOBluetooth
0x0000000049ea3000 	/System/Library/PrivateFrameworks/CoreWiFi.framework/Versions/A/CoreWiFi
0x0000000049ea3000 	/System/Library/Frameworks/CoreBluetooth.framework/Versions/A/CoreBluetooth
0x0000000049ea3000 	/System/Library/Frameworks/CoreDisplay.framework/Versions/A/CoreDisplay
0x0000000049ea3000 	/System/Library/PrivateFrameworks/IOPresentment.framework/Versions/A/IOPresentment
0x0000000049ea3000 	/System/Library/PrivateFrameworks/DebugSymbols.framework/Versions/A/DebugSymbols
0x0000000049ea3000 	/System/Library/PrivateFrameworks/CoreSymbolication.framework/Versions/A/CoreSymbolication
0x0000000049ea3000 	/System/Library/PrivateFrameworks/Symbolication.framework/Versions/A/Symbolication
0x0000000049ea3000 	/System/Library/PrivateFrameworks/AppleFSCompression.framework/Versions/A/AppleFSCompression
0x0000000049ea3000 	/System/Library/PrivateFrameworks/SpeechRecognitionCore.framework/Versions/A/SpeechRecognitionCore
0x0000000049ea3000 	/System/Library/PrivateFrameworks/ChunkingLibrary.framework/Versions/A/ChunkingLibrary
0x0000000105c00000 	/Library/Java/JavaVirtualMachines/jdk1.8.0_111.jdk/Contents/Home/jre/lib/server/libjvm.dylib
0x0000000049ea3000 	/usr/lib/libstdc++.6.dylib
0x00000001052e9000 	/Library/Java/JavaVirtualMachines/jdk1.8.0_111.jdk/Contents/Home/jre/lib/libverify.dylib
0x00000001052f7000 	/Library/Java/JavaVirtualMachines/jdk1.8.0_111.jdk/Contents/Home/jre/lib/libjava.dylib
0x0000000105336000 	/Library/Java/JavaVirtualMachines/jdk1.8.0_111.jdk/Contents/Home/jre/lib/libzip.dylib
0x000000010d459000 	/System/Library/Frameworks/JavaVM.framework/Frameworks/JavaRuntimeSupport.framework/JavaRuntimeSupport
0x00000001053eb000 	/System/Library/Frameworks/JavaVM.framework/Versions/A/Frameworks/JavaNativeFoundation.framework/Versions/A/JavaNativeFoundation
0x000000010d473000 	/System/Library/Frameworks/JavaVM.framework/Versions/A/JavaVM
0x0000000049ea3000 	/System/Library/Frameworks/Carbon.framework/Versions/A/Carbon
0x000000010d480000 	/System/Library/PrivateFrameworks/JavaLaunching.framework/Versions/A/JavaLaunching
0x0000000049ea3000 	/System/Library/Frameworks/Carbon.framework/Versions/A/Frameworks/CommonPanels.framework/Versions/A/CommonPanels
0x0000000049ea3000 	/System/Library/Frameworks/Carbon.framework/Versions/A/Frameworks/Help.framework/Versions/A/Help
0x0000000049ea3000 	/System/Library/Frameworks/Carbon.framework/Versions/A/Frameworks/ImageCapture.framework/Versions/A/ImageCapture
0x0000000049ea3000 	/System/Library/Frameworks/Carbon.framework/Versions/A/Frameworks/OpenScripting.framework/Versions/A/OpenScripting
0x0000000049ea3000 	/System/Library/Frameworks/Carbon.framework/Versions/A/Frameworks/Print.framework/Versions/A/Print
0x0000000049ea3000 	/System/Library/Frameworks/Carbon.framework/Versions/A/Frameworks/SecurityHI.framework/Versions/A/SecurityHI
0x000000010ed8c000 	/Library/Java/JavaVirtualMachines/jdk1.8.0_111.jdk/Contents/Home/jre/lib/libawt.dylib
0x000000010ee34000 	/Library/Java/JavaVirtualMachines/jdk1.8.0_111.jdk/Contents/Home/jre/lib/./libmlib_image.dylib
0x000000010ef00000 	/Library/Java/JavaVirtualMachines/jdk1.8.0_111.jdk/Contents/Home/jre/lib/libawt_lwawt.dylib
0x000000010efb5000 	/Library/Java/JavaVirtualMachines/jdk1.8.0_111.jdk/Contents/Home/jre/lib/./libosxapp.dylib
0x0000000049ea3000 	/System/Library/Frameworks/ExceptionHandling.framework/Versions/A/ExceptionHandling
0x0000000049ea3000 	/System/Library/PrivateFrameworks/CoreServicesInternal.framework/Versions/A/CoreServicesInternal
0x0000000049ea3000 	/System/Library/CoreServices/RawCamera.bundle/Contents/MacOS/RawCamera
0x0000000049ea3000 	/System/Library/Frameworks/Accelerate.framework/Versions/A/Frameworks/vImage.framework/Versions/A/Libraries/libCGInterfaces.dylib
0x0000000049ea3000 	/System/Library/Frameworks/ApplicationServices.framework/Versions/A/Frameworks/ATS.framework/Versions/A/Resources/libTrueTypeScaler.dylib
0x0000000049ea3000 	/System/Library/Frameworks/OpenGL.framework/Versions/A/Resources/GLEngine.bundle/GLEngine
0x0000000049ea3000 	/System/Library/Frameworks/OpenGL.framework/Versions/A/Libraries/libGLProgrammability.dylib
0x0000000110b34000 	/System/Library/Extensions/AppleIntelHD5000GraphicsGLDriver.bundle/Contents/MacOS/AppleIntelHD5000GraphicsGLDriver
0x0000000049ea3000 	/System/Library/PrivateFrameworks/GPUSupport.framework/Versions/A/Libraries/libGPUSupportMercury.dylib
0x0000000049ea3000 	/System/Library/Frameworks/OpenGL.framework/Versions/A/Resources/GLRendererFloat.bundle/GLRendererFloat
0x0000000049ea3000 	/System/Library/Frameworks/OpenCL.framework/Versions/A/Libraries/libcldcpuengine.dylib
0x0000000049ea3000 	/usr/lib/libcrypto.0.9.8.dylib
0x0000000049ea3000 	/System/Library/PrivateFrameworks/TrustEvaluationAgent.framework/Versions/A/TrustEvaluationAgent
0x00000001112b2000 	/System/Library/Extensions/AppleIntelHD5000GraphicsMTLDriver.bundle/Contents/MacOS/AppleIntelHD5000GraphicsMTLDriver
0x0000000049ea3000 	/System/Library/PrivateFrameworks/FamilyControls.framework/Versions/A/FamilyControls
0x0000000049ea3000 	/System/Library/PrivateFrameworks/CommerceKit.framework/Versions/A/Frameworks/CommerceCore.framework/Versions/A/CommerceCore
0x0000000049ea3000 	/System/Library/PrivateFrameworks/SystemAdministration.framework/Versions/A/SystemAdministration
0x0000000049ea3000 	/System/Library/PrivateFrameworks/AppContainer.framework/Versions/A/AppContainer
0x0000000049ea3000 	/System/Library/PrivateFrameworks/SecCodeWrapper.framework/Versions/A/SecCodeWrapper
0x0000000049ea3000 	/System/Library/Frameworks/DirectoryService.framework/Versions/A/DirectoryService
0x0000000049ea3000 	/System/Library/PrivateFrameworks/DiskImages.framework/Versions/A/DiskImages
0x0000000049ea3000 	/System/Library/PrivateFrameworks/LoginUIKit.framework/Versions/A/Frameworks/LoginUICore.framework/Versions/A/LoginUICore
0x0000000049ea3000 	/usr/lib/libCoreStorage.dylib
0x0000000049ea3000 	/usr/lib/libcsfde.dylib
0x0000000049ea3000 	/usr/lib/libodfde.dylib
0x0000000049ea3000 	/System/Library/Frameworks/DiscRecording.framework/Versions/A/DiscRecording
0x0000000049ea3000 	/usr/lib/libcurl.4.dylib
0x0000000049ea3000 	/System/Library/PrivateFrameworks/MediaKit.framework/Versions/A/MediaKit
0x0000000049ea3000 	/System/Library/PrivateFrameworks/ProtectedCloudStorage.framework/Versions/A/ProtectedCloudStorage
0x0000000049ea3000 	/System/Library/PrivateFrameworks/EFILogin.framework/Versions/A/EFILogin
0x0000000049ea3000 	/usr/lib/libutil.dylib
0x0000000049ea3000 	/System/Library/Frameworks/LDAP.framework/Versions/A/LDAP
0x0000000049ea3000 	/usr/lib/libsasl2.2.dylib
0x0000000049ea3000 	/System/Library/PrivateFrameworks/CoreDaemon.framework/Versions/B/CoreDaemon
0x0000000049ea3000 	/System/Library/PrivateFrameworks/AppleSRP.framework/Versions/A/AppleSRP
0x0000000049ea3000 	/System/Library/PrivateFrameworks/APFS.framework/Versions/A/APFS
0x0000000112ea4000 	/Library/Java/JavaVirtualMachines/jdk1.8.0_111.jdk/Contents/Home/jre/lib/libfontmanager.dylib
0x0000000049ea3000 	/System/Library/PrivateFrameworks/ViewBridge.framework/Versions/A/ViewBridge
0x0000000049ea3000 	/System/Library/PrivateFrameworks/XPCService.framework/Versions/A/XPCService
0x0000000049ea3000 	/System/Library/PrivateFrameworks/AppSandbox.framework/Versions/A/AppSandbox
0x0000000049ea3000 	/usr/lib/libsandbox.1.dylib
0x0000000049ea3000 	/usr/lib/libMatch.1.dylib
0x000000012303f000 	/Library/Java/JavaVirtualMachines/jdk1.8.0_111.jdk/Contents/Home/jre/lib/libosxui.dylib
0x000000012409e000 	/Library/Java/JavaVirtualMachines/jdk1.8.0_111.jdk/Contents/Home/jre/lib/libnet.dylib
0x00000001240fd000 	/Library/Java/JavaVirtualMachines/jdk1.8.0_111.jdk/Contents/Home/jre/lib/libnio.dylib
0x0000000123038000 	/private/var/folders/qk/z1qqpcwd0wx0z14thz2z48xw0000gr/T/jogamp_0000/file_cache/jln8126899533331123311/jln1647103200867351644/libgluegen-rt.jnilib
0x000000012303c000 	/private/var/folders/qk/z1qqpcwd0wx0z14thz2z48xw0000gr/T/jogamp_0000/file_cache/jln8126899533331123311/jln1647103200867351644/libnativewindow_awt.jnilib
0x0000000125e09000 	/Library/Java/JavaVirtualMachines/jdk1.8.0_111.jdk/Contents/Home/jre/lib/libjawt.dylib
0x0000000162383000 	/private/var/folders/qk/z1qqpcwd0wx0z14thz2z48xw0000gr/T/jogamp_0000/file_cache/jln8126899533331123311/jln1647103200867351644/libnativewindow_macosx.jnilib
0x00000001648b1000 	/private/var/folders/qk/z1qqpcwd0wx0z14thz2z48xw0000gr/T/jogamp_0000/file_cache/jln8126899533331123311/jln1647103200867351644/libjogl_desktop.jnilib
0x000000011091d000 	/Library/Java/JavaVirtualMachines/jdk1.8.0_111.jdk/Contents/Home/jre/lib/libjpeg.dylib

VM Arguments:
jvm_args: -Djava.security.policy=java.policy.applet -Dfile.encoding=UTF-8 
java_command: sun.applet.AppletViewer ai.files.DisplayPath1519697212305.html
java_class_path (initial): /Users/Justin/AQP-AI/AI/build:/Users/Justin/AQP-AI/AI/lib/core.jar:/Users/Justin/AQP-AI/AI/lib/gluegen-rt.jar:/Users/Justin/AQP-AI/AI/lib/jogl-all.jar:/Users/Justin/AQP-AI/AI/lib/log4j-1.2.15.jar:/Users/Justin/AQP-AI/AI/lib/sqlite-jdbc-3.7.2.jar:/Users/Justin/AQP-AI/AI/lib/json4processing.jar:/Users/Justin/AQP-AI/AI/lib/libTUIO.jar:/Users/Justin/AQP-AI/AI/lib/unfolding.0.9.6.jar:/Users/Justin/AQP-AI/AI/lib/DelaunayTriangulator-1.0.3.jar:/Users/Justin/AQP-AI/AI/lib/guava-12.0.jar:/Users/Justin/.p2/pool/plugins/org.junit_4.12.0.v201504281640/junit.jar:/Users/Justin/.p2/pool/plugins/org.hamcrest.core_1.3.0.v201303031735.jar
Launcher Type: SUN_STANDARD

Environment Variables:
PATH=/usr/bin:/bin:/usr/sbin:/sbin
SHELL=/bin/bash
DISPLAY=/private/tmp/com.apple.launchd.mCTsStFHO5/org.macosforge.xquartz:0

Signal Handlers:
SIGSEGV: [libjvm.dylib+0x5b03ed], sa_mask[0]=11111111011111110111111111111111, sa_flags=SA_ONSTACK|SA_RESTART|SA_SIGINFO
SIGBUS: [libjvm.dylib+0x5b03ed], sa_mask[0]=11111111011111110111111111111111, sa_flags=SA_RESTART|SA_SIGINFO
SIGFPE: [libjvm.dylib+0x48711c], sa_mask[0]=11111111011111110111111111111111, sa_flags=SA_RESTART|SA_SIGINFO
SIGPIPE: [libjvm.dylib+0x48711c], sa_mask[0]=11111111011111110111111111111111, sa_flags=SA_RESTART|SA_SIGINFO
SIGXFSZ: [libjvm.dylib+0x48711c], sa_mask[0]=11111111011111110111111111111111, sa_flags=SA_RESTART|SA_SIGINFO
SIGILL: [libjvm.dylib+0x48711c], sa_mask[0]=11111111011111110111111111111111, sa_flags=SA_RESTART|SA_SIGINFO
SIGUSR1: SIG_DFL, sa_mask[0]=00000000000000000000000000000000, sa_flags=none
SIGUSR2: [libjvm.dylib+0x486c3a], sa_mask[0]=00100000000000000000000000000000, sa_flags=SA_RESTART|SA_SIGINFO
SIGHUP: [libjvm.dylib+0x485211], sa_mask[0]=11111111011111110111111111111111, sa_flags=SA_RESTART|SA_SIGINFO
SIGINT: [libjvm.dylib+0x485211], sa_mask[0]=11111111011111110111111111111111, sa_flags=SA_RESTART|SA_SIGINFO
SIGTERM: [libjvm.dylib+0x485211], sa_mask[0]=11111111011111110111111111111111, sa_flags=SA_RESTART|SA_SIGINFO
SIGQUIT: [libjvm.dylib+0x485211], sa_mask[0]=11111111011111110111111111111111, sa_flags=SA_RESTART|SA_SIGINFO


---------------  S Y S T E M  ---------------

OS:Bsduname:Darwin 16.0.0 Darwin Kernel Version 16.0.0: Mon Aug 29 17:56:20 PDT 2016; root:xnu-3789.1.32~3/RELEASE_X86_64 x86_64
rlimit: STACK 8192k, CORE 0k, NPROC 709, NOFILE 10240, AS infinity
load average:2.37 1.81 1.65

CPU:total 4 (2 cores per cpu, 2 threads per core) family 6 model 69 stepping 1, cmov, cx8, fxsr, mmx, sse, sse2, sse3, ssse3, sse4.1, sse4.2, popcnt, avx, avx2, aes, clmul, erms, lzcnt, ht, tsc, tscinvbit, bmi1, bmi2

Memory: 4k page, physical 8388608k(164856k free)

/proc/meminfo:


vm_info: Java HotSpot(TM) 64-Bit Server VM (25.111-b14) for bsd-amd64 JRE (1.8.0_111-b14), built on Sep 22 2016 15:31:41 by "java_re" with gcc 4.2.1 (Based on Apple Inc. build 5658) (LLVM build 2336.11.00)

time: Mon Feb 26 21:07:13 2018
elapsed time: 21 seconds (0d 0h 0m 21s)

