#
# A fatal error has been detected by the Java Runtime Environment:
#
#  SIGSEGV (0xb) at pc=0x00007fffd37f3b5d, pid=65162, tid=0x000000000000080b
#
# JRE version: Java(TM) SE Runtime Environment (8.0_111-b14) (build 1.8.0_111-b14)
# Java VM: Java HotSpot(TM) 64-Bit Server VM (25.111-b14 mixed mode bsd-amd64 compressed oops)
# Problematic frame:
# C  [libobjc.A.dylib+0x6b5d]  objc_msgSend+0x1d
#
# Failed to write core dump. Core dumps have been disabled. To enable core dumping, try "ulimit -c unlimited" before starting Java again
#
# If you would like to submit a bug report, please visit:
#   http://bugreport.java.com/bugreport/crash.jsp
# The crash happened outside the Java Virtual Machine in native code.
# See problematic frame for where to report the bug.
#

---------------  T H R E A D  ---------------

Current thread (0x00007fda1009b000):  JavaThread "AWT-AppKit" daemon [_thread_in_native, id=2059, stack(0x00007fff5bbae000,0x00007fff5c3ae000)]

siginfo: si_signo: 11 (SIGSEGV), si_code: 1 (SEGV_MAPERR), si_addr: 0x000007fda11d5a48

Registers:
RAX=0x00007fda13b91500, RBX=0x00000001609b63b0, RCX=0x00007fda11e003d0, RDX=0x0000000000000000
RSP=0x00007fff5c3a9518, RBP=0x00007fff5c3a95d0, RSI=0x00007fffbd8821c3, RDI=0x00007fda11d38490
R8 =0x0000000000000018, R9 =0x00007fda11e00400, R10=0x000007fda11d5a30, R11=0x00007fffbd8821c3
R12=0x0000000000000000, R13=0x0000000163134688, R14=0x00000001609b63a0, R15=0x00007fda1009b000
RIP=0x00007fffd37f3b5d, EFLAGS=0x0000000000010206, ERR=0x0000000000000004
  TRAPNO=0x000000000000000e

Top of Stack: (sp=0x00007fff5c3a9518)
0x00007fff5c3a9518:   00000001609b45d7 00007fff5c3a9570
0x00007fff5c3a9528:   0000000000000003 00007fff5c3a9550
0x00007fff5c3a9538:   0000000103ac17be 0000000163134688
0x00007fff5c3a9548:   0000000163134688 00007fda13b91500
0x00007fff5c3a9558:   00000001609b65c0 00000001609b6640
0x00007fff5c3a9568:   00000001609b63b0 00007fffd97b96d0
0x00007fff5c3a9578:   00000001609b65d0 00007fffda41df90
0x00007fff5c3a9588:   00007fda13b91500 00007fda11d38490
0x00007fff5c3a9598:   00007fda0f524e40 00007fda13b91500
0x00007fff5c3a95a8:   00007fda11d38490 00007fff5c3a9650
0x00007fff5c3a95b8:   00007fda1009b1f8 0000000163134688
0x00007fff5c3a95c8:   00007fff5c3a9678 00007fff5c3a9640
0x00007fff5c3a95d8:   0000000105d349f4 00007fff5c3a9640
0x00007fff5c3a95e8:   0000000105d34779 0000000105d409a3
0x00007fff5c3a95f8:   0000000105d34742 00007fff5c3a9600
0x00007fff5c3a9608:   0000000163134688 00007fff5c3a9678
0x00007fff5c3a9618:   0000000163136e78 0000000000000000
0x00007fff5c3a9628:   0000000163134688 0000000000000000
0x00007fff5c3a9638:   00007fff5c3a9660 00007fff5c3a96c0
0x00007fff5c3a9648:   0000000105d252bd 000000074015ebc0
0x00007fff5c3a9658:   0000000105d2e538 00007fda13b91500
0x00007fff5c3a9668:   0000000105d2fe39 00007fda11d38490
0x00007fff5c3a9678:   0000000105d2fe02 00007fff5c3a9680
0x00007fff5c3a9688:   0000000163134852 00007fff5c3a96e8
0x00007fff5c3a9698:   0000000163136e78 0000000000000000
0x00007fff5c3a96a8:   0000000163134860 00007fff5c3a9660
0x00007fff5c3a96b8:   00007fff5c3a96d0 00007fff5c3a9730
0x00007fff5c3a96c8:   0000000105d252bd 00007fda13b91500
0x00007fff5c3a96d8:   000000079ef4d258 00007fda11d38490
0x00007fff5c3a96e8:   000000079ef4d258 00007fff5c3a96f0
0x00007fff5c3a96f8:   000000016c4dbe8e 00007fff5c3a9740
0x00007fff5c3a9708:   000000016c4dbf48 0000000000000000 

Instructions: (pc=0x00007fffd37f3b5d)
0x00007fffd37f3b3d:   0f 1f 00 48 85 ff 2e 74 62 40 f6 c7 01 2e 75 66
0x00007fffd37f3b4d:   49 ba f8 ff ff ff ff 7f 00 00 4c 23 17 49 89 f3
0x00007fffd37f3b5d:   45 23 5a 18 49 c1 e3 04 4d 03 5a 10 49 3b 33 75
0x00007fffd37f3b6d:   04 41 ff 63 08 49 83 3b 01 76 0d 49 83 c3 10 49 

Register to memory mapping:

RAX=0x00007fda13b91500 is an unknown value
RBX=0x00000001609b63b0: Java_jogamp_nativewindow_macosx_OSXUtil_GetScreenRefreshRate0+0x1850 in /private/var/folders/qk/z1qqpcwd0wx0z14thz2z48xw0000gr/T/jogamp_0000/file_cache/jln6677697739763738878/jln5393505343161243855/libnativewindow_macosx.jnilib at 0x00000001609af000
RCX=0x00007fda11e003d0 is an unknown value
RDX=0x0000000000000000 is an unknown value
RSP=0x00007fff5c3a9518 is pointing into the stack for thread: 0x00007fda1009b000
RBP=0x00007fff5c3a95d0 is pointing into the stack for thread: 0x00007fda1009b000
RSI=0x00007fffbd8821c3: __NSStyleNameIndexTable+0x814d6 in /System/Library/Frameworks/AppKit.framework/Versions/C/AppKit at 0x00007fffbccf0000
RDI=0x00007fda11d38490 is an unknown value
R8 =0x0000000000000018 is an unknown value
R9 =0x00007fda11e00400 is an unknown value
R10=0x000007fda11d5a30 is an unknown value
R11=0x00007fffbd8821c3: __NSStyleNameIndexTable+0x814d6 in /System/Library/Frameworks/AppKit.framework/Versions/C/AppKit at 0x00007fffbccf0000
R12=0x0000000000000000 is an unknown value
R13={method} {0x0000000163134688} 'UnsetJAWTRootSurfaceLayer0' '(JJ)V' in 'jogamp/nativewindow/jawt/macosx/MacOSXJAWTWindow'
R14=0x00000001609b63a0: Java_jogamp_nativewindow_macosx_OSXUtil_GetScreenRefreshRate0+0x1840 in /private/var/folders/qk/z1qqpcwd0wx0z14thz2z48xw0000gr/T/jogamp_0000/file_cache/jln6677697739763738878/jln5393505343161243855/libnativewindow_macosx.jnilib at 0x00000001609af000
R15=0x00007fda1009b000 is a thread


Stack: [0x00007fff5bbae000,0x00007fff5c3ae000],  sp=0x00007fff5c3a9518,  free space=8173k
Native frames: (J=compiled Java code, j=interpreted, Vv=VM code, C=native code)
C  [libobjc.A.dylib+0x6b5d]  objc_msgSend+0x1d
j  jogamp.nativewindow.jawt.macosx.MacOSXJAWTWindow.UnsetJAWTRootSurfaceLayer0(JJ)V+0
j  jogamp.nativewindow.jawt.macosx.MacOSXJAWTWindow.access$200(JJ)V+2
j  jogamp.nativewindow.jawt.macosx.MacOSXJAWTWindow$1.run()V+38
j  com.jogamp.common.util.RunnableTask.run()V+24
v  ~StubRoutines::call_stub
V  [libjvm.dylib+0x2ecf8a]  JavaCalls::call_helper(JavaValue*, methodHandle*, JavaCallArguments*, Thread*)+0x6ae
V  [libjvm.dylib+0x324119]  jni_invoke_nonstatic(JNIEnv_*, JavaValue*, _jobject*, JNICallType, _jmethodID*, JNI_ArgumentPusher*, Thread*)+0x2ec
V  [libjvm.dylib+0x3168e7]  jni_CallVoidMethod+0x16b
C  [libnativewindow_macosx.jnilib+0x57ae]  Java_jogamp_nativewindow_jawt_macosx_MacOSXJAWTWindow_UnsetJAWTRootSurfaceLayer0+0x2be
C  [Foundation+0x71f2a]  __NSThreadPerformPerform+0x146
C  [CoreFoundation+0xa7551]  __CFRUNLOOP_IS_CALLING_OUT_TO_A_SOURCE0_PERFORM_FUNCTION__+0x11
C  [CoreFoundation+0x88637]  __CFRunLoopDoSources0+0x1a7
C  [CoreFoundation+0x87bb6]  __CFRunLoopRun+0x3a6
C  [CoreFoundation+0x875b4]  CFRunLoopRunSpecific+0x1a4
C  [HIToolbox+0x30f6c]  RunCurrentEventLoopInMode+0xf0
C  [HIToolbox+0x30ca9]  ReceiveNextEventCommon+0xb8
C  [HIToolbox+0x30bd6]  _BlockUntilNextEventMatchingListInModeWithFilter+0x47
C  [AppKit+0x475f5]  _DPSNextEvent+0x445
C  [AppKit+0x7578eb]  -[NSApplication(NSEvent) _nextEventMatchingEventMask:untilDate:inMode:dequeue:]+0x665
C  [libosxapp.dylib+0x23aa]  -[NSApplicationAWT nextEventMatchingMask:untilDate:inMode:dequeue:]+0x7c
C  [AppKit+0x3bfbd]  -[NSApplication run]+0x39e
C  [libosxapp.dylib+0x214d]  +[NSApplicationAWT runAWTLoopWithApp:]+0x9c
C  [libawt_lwawt.dylib+0x444b3]  -[AWTStarter starter:]+0x389
C  [Foundation+0x71f2a]  __NSThreadPerformPerform+0x146
C  [CoreFoundation+0xa7551]  __CFRUNLOOP_IS_CALLING_OUT_TO_A_SOURCE0_PERFORM_FUNCTION__+0x11
C  [CoreFoundation+0x886bd]  __CFRunLoopDoSources0+0x22d
C  [CoreFoundation+0x87bb6]  __CFRunLoopRun+0x3a6
C  [CoreFoundation+0x875b4]  CFRunLoopRunSpecific+0x1a4
C  [java+0x6465]  CreateExecutionEnvironment+0x367
C  [java+0x218c]  JLI_Launch+0x7a0
C  [java+0x84c2]  main+0x65
C  [java+0x19e4]  start+0x34
C  0x0000000000000007

Java frames: (J=compiled Java code, j=interpreted, Vv=VM code)
j  jogamp.nativewindow.jawt.macosx.MacOSXJAWTWindow.UnsetJAWTRootSurfaceLayer0(JJ)V+0
j  jogamp.nativewindow.jawt.macosx.MacOSXJAWTWindow.access$200(JJ)V+2
j  jogamp.nativewindow.jawt.macosx.MacOSXJAWTWindow$1.run()V+38
j  com.jogamp.common.util.RunnableTask.run()V+24
v  ~StubRoutines::call_stub

---------------  P R O C E S S  ---------------

Java Threads: ( => current thread )
  0x00007fda10935000 JavaThread "Thread-99" [_thread_blocked, id=72207, stack(0x000070000acd9000,0x000070000add9000)]
  0x00007fda10ad9800 JavaThread "Keep-Alive-Timer" daemon [_thread_blocked, id=71779, stack(0x000070000b0e5000,0x000070000b1e5000)]
  0x00007fda1136d800 JavaThread "AWT-EventQueue-1" [_thread_in_native, id=66579, stack(0x000070000ab53000,0x000070000ac53000)]
  0x00007fda10806000 JavaThread "DestroyJavaVM" [_thread_blocked, id=7171, stack(0x000070000950b000,0x000070000960b000)]
  0x00007fda11332800 JavaThread "AWT-EventQueue-0" [_thread_blocked, id=60163, stack(0x000070000a94d000,0x000070000aa4d000)]
  0x00007fda10120000 JavaThread "Java2D Disposer" daemon [_thread_blocked, id=56847, stack(0x000070000a6c4000,0x000070000a7c4000)]
  0x00007fda10163800 JavaThread "Java2D Queue Flusher" daemon [_thread_blocked, id=47667, stack(0x000070000a5c1000,0x000070000a6c1000)]
  0x00007fda0f91d000 JavaThread "AWT-Shutdown" [_thread_blocked, id=30239, stack(0x000070000a3b8000,0x000070000a4b8000)]
=>0x00007fda1009b000 JavaThread "AWT-AppKit" daemon [_thread_in_native, id=2059, stack(0x00007fff5bbae000,0x00007fff5c3ae000)]
  0x00007fda0f802800 JavaThread "Service Thread" daemon [_thread_blocked, id=18691, stack(0x000070000a12f000,0x000070000a22f000)]
  0x00007fda1002e800 JavaThread "C1 CompilerThread2" daemon [_thread_blocked, id=18179, stack(0x000070000a02c000,0x000070000a12c000)]
  0x00007fda10057800 JavaThread "C2 CompilerThread1" daemon [_thread_blocked, id=17667, stack(0x0000700009f29000,0x000070000a029000)]
  0x00007fda10056800 JavaThread "C2 CompilerThread0" daemon [_thread_blocked, id=17155, stack(0x0000700009e26000,0x0000700009f26000)]
  0x00007fda10002800 JavaThread "Signal Dispatcher" daemon [_thread_blocked, id=16643, stack(0x0000700009d23000,0x0000700009e23000)]
  0x00007fda1100a800 JavaThread "Finalizer" daemon [_thread_blocked, id=12547, stack(0x0000700009c20000,0x0000700009d20000)]
  0x00007fda11008000 JavaThread "Reference Handler" daemon [_thread_blocked, id=12035, stack(0x0000700009b1d000,0x0000700009c1d000)]

Other Threads:
  0x00007fda11003000 VMThread [stack: 0x0000700009a1a000,0x0000700009b1a000] [id=11523]
  0x00007fda10810800 WatcherThread [stack: 0x000070000a232000,0x000070000a332000] [id=19203]

VM state:not at safepoint (normal execution)

VM Mutex/Monitor currently owned by a thread: None

Heap:
 PSYoungGen      total 151552K, used 104341K [0x0000000795580000, 0x00000007a0180000, 0x00000007c0000000)
  eden space 131584K, 67% used [0x0000000795580000,0x000000079ac093f8,0x000000079d600000)
  from space 19968K, 78% used [0x000000079eb00000,0x000000079fa5c138,0x000000079fe80000)
  to   space 21504K, 0% used [0x000000079d600000,0x000000079d600000,0x000000079eb00000)
 ParOldGen       total 87552K, used 28462K [0x0000000740000000, 0x0000000745580000, 0x0000000795580000)
  object space 87552K, 32% used [0x0000000740000000,0x0000000741bcb8a8,0x0000000745580000)
 Metaspace       used 19409K, capacity 19633K, committed 19968K, reserved 1067008K
  class space    used 1917K, capacity 2015K, committed 2048K, reserved 1048576K

Card table byte_map: [0x00000001055c0000,0x00000001059c1000] byte_map_base: 0x0000000101bc0000

Marking Bits: (ParMarkBitMap*) 0x00000001041bed20
 Begin Bits: [0x0000000114d1d000, 0x0000000116d1d000)
 End Bits:   [0x0000000116d1d000, 0x0000000118d1d000)

Polling page: 0x00000001048b3000

CodeCache: size=245760Kb used=7671Kb max_used=7688Kb free=238088Kb
 bounds [0x0000000105d1d000, 0x00000001064ad000, 0x0000000114d1d000]
 total_blobs=3138 nmethods=2258 adapters=794
 compilation: enabled

Compilation events (10 events):
Event: 14.606 Thread 0x00007fda1002e800 nmethod 2492 0x0000000106214790 code [0x00000001062148e0, 0x00000001062149f0]
Event: 14.655 Thread 0x00007fda1002e800 2493       1       sun.java2d.SurfaceData::isValid (5 bytes)
Event: 14.655 Thread 0x00007fda1002e800 nmethod 2493 0x00000001064a4d10 code [0x00000001064a4e60, 0x00000001064a4f70]
Event: 14.676 Thread 0x00007fda1002e800 2494       3       sun.java2d.SunGraphics2D::<init> (180 bytes)
Event: 14.677 Thread 0x00007fda1002e800 nmethod 2494 0x00000001061bc0d0 code [0x00000001061bc2e0, 0x00000001061bce48]
Event: 14.677 Thread 0x00007fda1002e800 2497       3       java.security.AccessControlContext::optimize (318 bytes)
Event: 14.679 Thread 0x00007fda1002e800 nmethod 2497 0x00000001061be210 code [0x00000001061be580, 0x00000001061c0388]
Event: 14.679 Thread 0x00007fda1002e800 2495       3       java.awt.Graphics2D::<init> (5 bytes)
Event: 14.679 Thread 0x00007fda1002e800 nmethod 2495 0x00000001061f31d0 code [0x00000001061f3340, 0x00000001061f3550]
Event: 14.679 Thread 0x00007fda1002e800 2496       3       java.awt.geom.AffineTransform::getScaleX (5 bytes)

GC Heap History (10 events):
Event: 5.485 GC heap before
{Heap before GC invocations=2 (full 0):
 PSYoungGen      total 38400K, used 38268K [0x0000000795580000, 0x0000000798000000, 0x00000007c0000000)
  eden space 33280K, 99% used [0x0000000795580000,0x00000007975e1ee8,0x0000000797600000)
  from space 5120K, 99% used [0x0000000797600000,0x0000000797afd378,0x0000000797b00000)
  to   space 5120K, 0% used [0x0000000797b00000,0x0000000797b00000,0x0000000798000000)
 ParOldGen       total 87552K, used 326K [0x0000000740000000, 0x0000000745580000, 0x0000000795580000)
  object space 87552K, 0% used [0x0000000740000000,0x0000000740051b00,0x0000000745580000)
 Metaspace       used 18665K, capacity 18887K, committed 19200K, reserved 1067008K
  class space    used 1906K, capacity 1982K, committed 2048K, reserved 1048576K
Event: 5.515 GC heap after
Heap after GC invocations=2 (full 0):
 PSYoungGen      total 38400K, used 5114K [0x0000000795580000, 0x000000079a080000, 0x00000007c0000000)
  eden space 33280K, 0% used [0x0000000795580000,0x0000000795580000,0x0000000797600000)
  from space 5120K, 99% used [0x0000000797b00000,0x0000000797ffea28,0x0000000798000000)
  to   space 5120K, 0% used [0x0000000797600000,0x0000000797600000,0x0000000797b00000)
 ParOldGen       total 87552K, used 13711K [0x0000000740000000, 0x0000000745580000, 0x0000000795580000)
  object space 87552K, 15% used [0x0000000740000000,0x0000000740d63ca0,0x0000000745580000)
 Metaspace       used 18665K, capacity 18887K, committed 19200K, reserved 1067008K
  class space    used 1906K, capacity 1982K, committed 2048K, reserved 1048576K
}
Event: 6.084 GC heap before
{Heap before GC invocations=3 (full 0):
 PSYoungGen      total 38400K, used 38394K [0x0000000795580000, 0x000000079a080000, 0x00000007c0000000)
  eden space 33280K, 100% used [0x0000000795580000,0x0000000797600000,0x0000000797600000)
  from space 5120K, 99% used [0x0000000797b00000,0x0000000797ffea28,0x0000000798000000)
  to   space 5120K, 0% used [0x0000000797600000,0x0000000797600000,0x0000000797b00000)
 ParOldGen       total 87552K, used 13971K [0x0000000740000000, 0x0000000745580000, 0x0000000795580000)
  object space 87552K, 15% used [0x0000000740000000,0x0000000740da4d90,0x0000000745580000)
 Metaspace       used 18784K, capacity 19015K, committed 19200K, reserved 1067008K
  class space    used 1907K, capacity 1982K, committed 2048K, reserved 1048576K
Event: 6.099 GC heap after
Heap after GC invocations=3 (full 0):
 PSYoungGen      total 38400K, used 5115K [0x0000000795580000, 0x000000079a080000, 0x00000007c0000000)
  eden space 33280K, 0% used [0x0000000795580000,0x0000000795580000,0x0000000797600000)
  from space 5120K, 99% used [0x0000000797600000,0x0000000797afeec0,0x0000000797b00000)
  to   space 5120K, 0% used [0x0000000799b80000,0x0000000799b80000,0x000000079a080000)
 ParOldGen       total 87552K, used 19965K [0x0000000740000000, 0x0000000745580000, 0x0000000795580000)
  object space 87552K, 22% used [0x0000000740000000,0x000000074137f688,0x0000000745580000)
 Metaspace       used 18784K, capacity 19015K, committed 19200K, reserved 1067008K
  class space    used 1907K, capacity 1982K, committed 2048K, reserved 1048576K
}
Event: 6.100 GC heap before
{Heap before GC invocations=4 (full 0):
 PSYoungGen      total 38400K, used 5226K [0x0000000795580000, 0x000000079a080000, 0x00000007c0000000)
  eden space 33280K, 0% used [0x0000000795580000,0x000000079559bc38,0x0000000797600000)
  from space 5120K, 99% used [0x0000000797600000,0x0000000797afeec0,0x0000000797b00000)
  to   space 5120K, 0% used [0x0000000799b80000,0x0000000799b80000,0x000000079a080000)
 ParOldGen       total 87552K, used 19965K [0x0000000740000000, 0x0000000745580000, 0x0000000795580000)
  object space 87552K, 22% used [0x0000000740000000,0x000000074137f688,0x0000000745580000)
 Metaspace       used 18784K, capacity 19015K, committed 19200K, reserved 1067008K
  class space    used 1907K, capacity 1982K, committed 2048K, reserved 1048576K
Event: 6.114 GC heap after
Heap after GC invocations=4 (full 0):
 PSYoungGen      total 71680K, used 4978K [0x0000000795580000, 0x000000079a080000, 0x00000007c0000000)
  eden space 66560K, 0% used [0x0000000795580000,0x0000000795580000,0x0000000799680000)
  from space 5120K, 97% used [0x0000000799b80000,0x000000079a05ca78,0x000000079a080000)
  to   space 5120K, 0% used [0x0000000799680000,0x0000000799680000,0x0000000799b80000)
 ParOldGen       total 87552K, used 20221K [0x0000000740000000, 0x0000000745580000, 0x0000000795580000)
  object space 87552K, 23% used [0x0000000740000000,0x00000007413bf698,0x0000000745580000)
 Metaspace       used 18784K, capacity 19015K, committed 19200K, reserved 1067008K
  class space    used 1907K, capacity 1982K, committed 2048K, reserved 1048576K
}
Event: 7.869 GC heap before
{Heap before GC invocations=5 (full 0):
 PSYoungGen      total 71680K, used 71538K [0x0000000795580000, 0x000000079a080000, 0x00000007c0000000)
  eden space 66560K, 100% used [0x0000000795580000,0x0000000799680000,0x0000000799680000)
  from space 5120K, 97% used [0x0000000799b80000,0x000000079a05ca78,0x000000079a080000)
  to   space 5120K, 0% used [0x0000000799680000,0x0000000799680000,0x0000000799b80000)
 ParOldGen       total 87552K, used 20221K [0x0000000740000000, 0x0000000745580000, 0x0000000795580000)
  object space 87552K, 23% used [0x0000000740000000,0x00000007413bf698,0x0000000745580000)
 Metaspace       used 19045K, capacity 19281K, committed 19456K, reserved 1067008K
  class space    used 1908K, capacity 1983K, committed 2048K, reserved 1048576K
Event: 7.898 GC heap after
Heap after GC invocations=5 (full 0):
 PSYoungGen      total 71680K, used 5115K [0x0000000795580000, 0x000000079fe80000, 0x00000007c0000000)
  eden space 66560K, 0% used [0x0000000795580000,0x0000000795580000,0x0000000799680000)
  from space 5120K, 99% used [0x0000000799680000,0x0000000799b7eed0,0x0000000799b80000)
  to   space 19968K, 0% used [0x000000079eb00000,0x000000079eb00000,0x000000079fe80000)
 ParOldGen       total 87552K, used 28462K [0x0000000740000000, 0x0000000745580000, 0x0000000795580000)
  object space 87552K, 32% used [0x0000000740000000,0x0000000741bcb8a8,0x0000000745580000)
 Metaspace       used 19045K, capacity 19281K, committed 19456K, reserved 1067008K
  class space    used 1908K, capacity 1983K, committed 2048K, reserved 1048576K
}
Event: 8.767 GC heap before
{Heap before GC invocations=6 (full 0):
 PSYoungGen      total 71680K, used 71429K [0x0000000795580000, 0x000000079fe80000, 0x00000007c0000000)
  eden space 66560K, 99% used [0x0000000795580000,0x00000007996426a0,0x0000000799680000)
  from space 5120K, 99% used [0x0000000799680000,0x0000000799b7eed0,0x0000000799b80000)
  to   space 19968K, 0% used [0x000000079eb00000,0x000000079eb00000,0x000000079fe80000)
 ParOldGen       total 87552K, used 28462K [0x0000000740000000, 0x0000000745580000, 0x0000000795580000)
  object space 87552K, 32% used [0x0000000740000000,0x0000000741bcb8a8,0x0000000745580000)
 Metaspace       used 19209K, capacity 19409K, committed 19712K, reserved 1067008K
  class space    used 1908K, capacity 1983K, committed 2048K, reserved 1048576K
Event: 8.785 GC heap after
Heap after GC invocations=6 (full 0):
 PSYoungGen      total 151552K, used 15728K [0x0000000795580000, 0x00000007a0180000, 0x00000007c0000000)
  eden space 131584K, 0% used [0x0000000795580000,0x0000000795580000,0x000000079d600000)
  from space 19968K, 78% used [0x000000079eb00000,0x000000079fa5c138,0x000000079fe80000)
  to   space 21504K, 0% used [0x000000079d600000,0x000000079d600000,0x000000079eb00000)
 ParOldGen       total 87552K, used 28462K [0x0000000740000000, 0x0000000745580000, 0x0000000795580000)
  object space 87552K, 32% used [0x0000000740000000,0x0000000741bcb8a8,0x0000000745580000)
 Metaspace       used 19209K, capacity 19409K, committed 19712K, reserved 1067008K
  class space    used 1908K, capacity 1983K, committed 2048K, reserved 1048576K
}

Deoptimization events (10 events):
Event: 5.177 Thread 0x00007fda1136d800 Uncommon trap: reason=class_check action=maybe_recompile pc=0x000000010611baa0 method=com.jogamp.common.nio.Buffers.isDirect(Ljava/lang/Object;)Z @ 13
Event: 5.177 Thread 0x00007fda1136d800 Uncommon trap: reason=class_check action=maybe_recompile pc=0x000000010612d264 method=com.jogamp.common.nio.Buffers.getDirectBufferByteOffset(Ljava/lang/Object;)I @ 7
Event: 5.178 Thread 0x00007fda1136d800 Uncommon trap: reason=class_check action=maybe_recompile pc=0x000000010611baa0 method=com.jogamp.common.nio.Buffers.isDirect(Ljava/lang/Object;)Z @ 13
Event: 5.178 Thread 0x00007fda1136d800 Uncommon trap: reason=class_check action=maybe_recompile pc=0x000000010612d264 method=com.jogamp.common.nio.Buffers.getDirectBufferByteOffset(Ljava/lang/Object;)I @ 7
Event: 5.205 Thread 0x00007fda1136d800 Uncommon trap: reason=class_check action=maybe_recompile pc=0x000000010611baa0 method=com.jogamp.common.nio.Buffers.isDirect(Ljava/lang/Object;)Z @ 13
Event: 5.205 Thread 0x00007fda1136d800 Uncommon trap: reason=class_check action=maybe_recompile pc=0x000000010612d264 method=com.jogamp.common.nio.Buffers.getDirectBufferByteOffset(Ljava/lang/Object;)I @ 7
Event: 5.208 Thread 0x00007fda1136d800 Uncommon trap: reason=unstable_if action=reinterpret pc=0x0000000106130fc4 method=jogamp.opengl.gl4.GL4bcImpl.checkBufferObject(ZZZILjava/lang/String;Z)Z @ 59
Event: 5.350 Thread 0x00007fda1136d800 Uncommon trap: reason=unstable_if action=reinterpret pc=0x000000010616a828 method=processing.opengl.PGraphicsOpenGL$InGeometry.addVertex(FFFIFFFFFIFIIIFIZ)I @ 218
Event: 14.653 Thread 0x00007fda11303000 Uncommon trap: reason=unstable_if action=reinterpret pc=0x0000000106155760 method=java.util.HashMap.putVal(ILjava/lang/Object;Ljava/lang/Object;ZZ)Ljava/lang/Object; @ 81
Event: 14.674 Thread 0x00007fda1136d800 Uncommon trap: reason=unstable_if action=reinterpret pc=0x000000010648bd40 method=java.security.AccessControlContext.optimize()Ljava/security/AccessControlContext; @ 233

Internal exceptions (10 events):
Event: 0.177 Thread 0x00007fda10806000 Exception <a 'java/lang/NoSuchFieldError': method resolution failed> (0x00000007957935e0) thrown at [/Users/java_re/workspace/8-2-build-macosx-x86_64/jdk8u111/7883/hotspot/src/share/vm/prims/methodHandles.cpp, line 1146]
Event: 0.410 Thread 0x00007fda10806000 Exception <a 'java/io/FileNotFoundException'> (0x000000079580ec88) thrown at [/Users/java_re/workspace/8-2-build-macosx-x86_64/jdk8u111/7883/hotspot/src/share/vm/prims/jni.cpp, line 709]
Event: 0.410 Thread 0x00007fda10806000 Exception <a 'java/io/FileNotFoundException'> (0x000000079580f7f0) thrown at [/Users/java_re/workspace/8-2-build-macosx-x86_64/jdk8u111/7883/hotspot/src/share/vm/prims/jni.cpp, line 709]
Event: 0.451 Thread 0x00007fda10806000 Exception <a 'java/io/FileNotFoundException'> (0x0000000795916358) thrown at [/Users/java_re/workspace/8-2-build-macosx-x86_64/jdk8u111/7883/hotspot/src/share/vm/prims/jni.cpp, line 709]
Event: 0.556 Thread 0x00007fda10806000 Exception <a 'java/io/FileNotFoundException'> (0x0000000795953210) thrown at [/Users/java_re/workspace/8-2-build-macosx-x86_64/jdk8u111/7883/hotspot/src/share/vm/prims/jni.cpp, line 709]
Event: 3.376 Thread 0x00007fda11301000 Exception <a 'java/io/FileNotFoundException'> (0x00000007965dad40) thrown at [/Users/java_re/workspace/8-2-build-macosx-x86_64/jdk8u111/7883/hotspot/src/share/vm/prims/jni.cpp, line 709]
Event: 3.376 Thread 0x00007fda11301000 Exception <a 'java/io/FileNotFoundException'> (0x00000007965e1728) thrown at [/Users/java_re/workspace/8-2-build-macosx-x86_64/jdk8u111/7883/hotspot/src/share/vm/prims/jni.cpp, line 709]
Event: 3.377 Thread 0x00007fda11301000 Implicit null exception at 0x0000000105ec8776 to 0x0000000105ec8b45
Event: 3.613 Thread 0x00007fda11301000 Exception <a 'java/lang/UnsatisfiedLinkError': com.jogamp.common.util.JarUtil.fixNativeLibAttribs(Ljava/lang/String;)Z> (0x0000000796db4d30) thrown at [/Users/java_re/workspace/8-2-build-macosx-x86_64/jdk8u111/7883/hotspot/src/share/vm/prims/nativeLookup.
Event: 3.935 Thread 0x00007fda1100a800 Exception <a 'java/lang/NullPointerException'> (0x00000007956a47a0) thrown at [/Users/java_re/workspace/8-2-build-macosx-x86_64/jdk8u111/7883/hotspot/src/share/vm/interpreter/linkResolver.cpp, line 1178]

Events (10 events):
Event: 14.675 loading class java/awt/LightweightDispatcher$2 done
Event: 14.675 loading class java/awt/event/AWTEventListenerProxy
Event: 14.675 loading class java/awt/event/AWTEventListenerProxy done
Event: 14.675 loading class java/awt/Toolkit$ToolkitEventMulticaster
Event: 14.675 loading class java/awt/Toolkit$ToolkitEventMulticaster done
Event: 14.675 Thread 0x00007fda11303000 Thread exited: 0x00007fda11303000
Event: 14.675 loading class java/lang/IllegalThreadStateException
Event: 14.675 loading class java/lang/IllegalThreadStateException done
Event: 14.676 loading class java/awt/Window$1DisposeAction
Event: 14.676 loading class java/awt/Window$1DisposeAction done


Dynamic libraries:
0x0000000049ea3000 	/System/Library/Frameworks/Cocoa.framework/Versions/A/Cocoa
0x0000000049ea3000 	/System/Library/Frameworks/Security.framework/Versions/A/Security
0x0000000049ea3000 	/System/Library/Frameworks/ApplicationServices.framework/Versions/A/ApplicationServices
0x0000000049ea3000 	/usr/lib/libz.1.dylib
0x0000000049ea3000 	/usr/lib/libSystem.B.dylib
0x0000000049ea3000 	/usr/lib/libobjc.A.dylib
0x0000000049ea3000 	/System/Library/Frameworks/CoreFoundation.framework/Versions/A/CoreFoundation
0x0000000049ea3000 	/System/Library/Frameworks/Foundation.framework/Versions/C/Foundation
0x0000000049ea3000 	/System/Library/Frameworks/AppKit.framework/Versions/C/AppKit
0x0000000049ea3000 	/System/Library/Frameworks/CoreData.framework/Versions/A/CoreData
0x0000000049ea3000 	/System/Library/PrivateFrameworks/RemoteViewServices.framework/Versions/A/RemoteViewServices
0x0000000049ea3000 	/System/Library/PrivateFrameworks/UIFoundation.framework/Versions/A/UIFoundation
0x0000000049ea3000 	/usr/lib/libenergytrace.dylib
0x0000000049ea3000 	/System/Library/PrivateFrameworks/SkyLight.framework/Versions/A/SkyLight
0x0000000049ea3000 	/System/Library/Frameworks/CoreGraphics.framework/Versions/A/CoreGraphics
0x0000000049ea3000 	/usr/lib/libScreenReader.dylib
0x0000000049ea3000 	/System/Library/Frameworks/Accelerate.framework/Versions/A/Accelerate
0x0000000049ea3000 	/System/Library/Frameworks/IOSurface.framework/Versions/A/IOSurface
0x0000000049ea3000 	/System/Library/Frameworks/AudioToolbox.framework/Versions/A/AudioToolbox
0x0000000049ea3000 	/System/Library/Frameworks/AudioUnit.framework/Versions/A/AudioUnit
0x0000000049ea3000 	/System/Library/PrivateFrameworks/DataDetectorsCore.framework/Versions/A/DataDetectorsCore
0x0000000049ea3000 	/System/Library/PrivateFrameworks/DesktopServicesPriv.framework/Versions/A/DesktopServicesPriv
0x0000000049ea3000 	/System/Library/Frameworks/Carbon.framework/Versions/A/Frameworks/HIToolbox.framework/Versions/A/HIToolbox
0x0000000049ea3000 	/usr/lib/libicucore.A.dylib
0x0000000049ea3000 	/System/Library/Frameworks/QuartzCore.framework/Versions/A/QuartzCore
0x0000000049ea3000 	/System/Library/Frameworks/Carbon.framework/Versions/A/Frameworks/SpeechRecognition.framework/Versions/A/SpeechRecognition
0x0000000049ea3000 	/usr/lib/libauto.dylib
0x0000000049ea3000 	/usr/lib/libxml2.2.dylib
0x0000000049ea3000 	/System/Library/PrivateFrameworks/CoreUI.framework/Versions/A/CoreUI
0x0000000049ea3000 	/System/Library/Frameworks/CoreAudio.framework/Versions/A/CoreAudio
0x0000000049ea3000 	/System/Library/Frameworks/DiskArbitration.framework/Versions/A/DiskArbitration
0x0000000049ea3000 	/usr/lib/liblangid.dylib
0x0000000049ea3000 	/System/Library/PrivateFrameworks/MultitouchSupport.framework/Versions/A/MultitouchSupport
0x0000000049ea3000 	/System/Library/Frameworks/IOKit.framework/Versions/A/IOKit
0x0000000049ea3000 	/usr/lib/libDiagnosticMessagesClient.dylib
0x0000000049ea3000 	/System/Library/Frameworks/CoreServices.framework/Versions/A/CoreServices
0x0000000049ea3000 	/System/Library/PrivateFrameworks/PerformanceAnalysis.framework/Versions/A/PerformanceAnalysis
0x0000000049ea3000 	/System/Library/PrivateFrameworks/GenerationalStorage.framework/Versions/A/GenerationalStorage
0x0000000049ea3000 	/System/Library/Frameworks/OpenGL.framework/Versions/A/OpenGL
0x0000000049ea3000 	/System/Library/Frameworks/CoreImage.framework/Versions/A/CoreImage
0x0000000049ea3000 	/System/Library/Frameworks/CoreText.framework/Versions/A/CoreText
0x0000000049ea3000 	/System/Library/Frameworks/ImageIO.framework/Versions/A/ImageIO
0x0000000049ea3000 	/System/Library/PrivateFrameworks/Backup.framework/Versions/A/Backup
0x0000000049ea3000 	/usr/lib/libarchive.2.dylib
0x0000000049ea3000 	/System/Library/Frameworks/CFNetwork.framework/Versions/A/CFNetwork
0x0000000049ea3000 	/System/Library/Frameworks/SystemConfiguration.framework/Versions/A/SystemConfiguration
0x0000000049ea3000 	/usr/lib/libCRFSuite.dylib
0x0000000049ea3000 	/usr/lib/libc++.1.dylib
0x0000000049ea3000 	/usr/lib/libc++abi.dylib
0x0000000049ea3000 	/usr/lib/system/libcache.dylib
0x0000000049ea3000 	/usr/lib/system/libcommonCrypto.dylib
0x0000000049ea3000 	/usr/lib/system/libcompiler_rt.dylib
0x0000000049ea3000 	/usr/lib/system/libcopyfile.dylib
0x0000000049ea3000 	/usr/lib/system/libcorecrypto.dylib
0x0000000049ea3000 	/usr/lib/system/libdispatch.dylib
0x0000000049ea3000 	/usr/lib/system/libdyld.dylib
0x0000000049ea3000 	/usr/lib/system/libkeymgr.dylib
0x0000000049ea3000 	/usr/lib/system/liblaunch.dylib
0x0000000049ea3000 	/usr/lib/system/libmacho.dylib
0x0000000049ea3000 	/usr/lib/system/libquarantine.dylib
0x0000000049ea3000 	/usr/lib/system/libremovefile.dylib
0x0000000049ea3000 	/usr/lib/system/libsystem_asl.dylib
0x0000000049ea3000 	/usr/lib/system/libsystem_blocks.dylib
0x0000000049ea3000 	/usr/lib/system/libsystem_c.dylib
0x0000000049ea3000 	/usr/lib/system/libsystem_configuration.dylib
0x0000000049ea3000 	/usr/lib/system/libsystem_coreservices.dylib
0x0000000049ea3000 	/usr/lib/system/libsystem_coretls.dylib
0x0000000049ea3000 	/usr/lib/system/libsystem_dnssd.dylib
0x0000000049ea3000 	/usr/lib/system/libsystem_info.dylib
0x0000000049ea3000 	/usr/lib/system/libsystem_kernel.dylib
0x0000000049ea3000 	/usr/lib/system/libsystem_m.dylib
0x0000000049ea3000 	/usr/lib/system/libsystem_malloc.dylib
0x0000000049ea3000 	/usr/lib/system/libsystem_network.dylib
0x0000000049ea3000 	/usr/lib/system/libsystem_networkextension.dylib
0x0000000049ea3000 	/usr/lib/system/libsystem_notify.dylib
0x0000000049ea3000 	/usr/lib/system/libsystem_platform.dylib
0x0000000049ea3000 	/usr/lib/system/libsystem_pthread.dylib
0x0000000049ea3000 	/usr/lib/system/libsystem_sandbox.dylib
0x0000000049ea3000 	/usr/lib/system/libsystem_secinit.dylib
0x0000000049ea3000 	/usr/lib/system/libsystem_symptoms.dylib
0x0000000049ea3000 	/usr/lib/system/libsystem_trace.dylib
0x0000000049ea3000 	/usr/lib/system/libunwind.dylib
0x0000000049ea3000 	/usr/lib/system/libxpc.dylib
0x0000000049ea3000 	/usr/lib/libbsm.0.dylib
0x0000000049ea3000 	/usr/lib/system/libkxld.dylib
0x0000000049ea3000 	/usr/lib/libcoretls.dylib
0x0000000049ea3000 	/usr/lib/libcoretls_cfhelpers.dylib
0x0000000049ea3000 	/usr/lib/libxar.1.dylib
0x0000000049ea3000 	/usr/lib/libsqlite3.dylib
0x0000000049ea3000 	/usr/lib/libpam.2.dylib
0x0000000049ea3000 	/usr/lib/libOpenScriptingUtil.dylib
0x0000000049ea3000 	/usr/lib/libbz2.1.0.dylib
0x0000000049ea3000 	/usr/lib/liblzma.5.dylib
0x0000000049ea3000 	/usr/lib/libnetwork.dylib
0x0000000049ea3000 	/usr/lib/libpcap.A.dylib
0x0000000049ea3000 	/System/Library/Frameworks/CoreServices.framework/Versions/A/Frameworks/FSEvents.framework/Versions/A/FSEvents
0x0000000049ea3000 	/System/Library/Frameworks/CoreServices.framework/Versions/A/Frameworks/CarbonCore.framework/Versions/A/CarbonCore
0x0000000049ea3000 	/System/Library/Frameworks/CoreServices.framework/Versions/A/Frameworks/Metadata.framework/Versions/A/Metadata
0x0000000049ea3000 	/System/Library/Frameworks/CoreServices.framework/Versions/A/Frameworks/OSServices.framework/Versions/A/OSServices
0x0000000049ea3000 	/System/Library/Frameworks/CoreServices.framework/Versions/A/Frameworks/SearchKit.framework/Versions/A/SearchKit
0x0000000049ea3000 	/System/Library/Frameworks/CoreServices.framework/Versions/A/Frameworks/AE.framework/Versions/A/AE
0x0000000049ea3000 	/System/Library/Frameworks/CoreServices.framework/Versions/A/Frameworks/LaunchServices.framework/Versions/A/LaunchServices
0x0000000049ea3000 	/System/Library/Frameworks/CoreServices.framework/Versions/A/Frameworks/DictionaryServices.framework/Versions/A/DictionaryServices
0x0000000049ea3000 	/System/Library/Frameworks/CoreServices.framework/Versions/A/Frameworks/SharedFileList.framework/Versions/A/SharedFileList
0x0000000049ea3000 	/System/Library/Frameworks/NetFS.framework/Versions/A/NetFS
0x0000000049ea3000 	/System/Library/PrivateFrameworks/NetAuth.framework/Versions/A/NetAuth
0x0000000049ea3000 	/System/Library/PrivateFrameworks/login.framework/Versions/A/Frameworks/loginsupport.framework/Versions/A/loginsupport
0x0000000049ea3000 	/System/Library/PrivateFrameworks/TCC.framework/Versions/A/TCC
0x0000000049ea3000 	/usr/lib/libmecabra.dylib
0x0000000049ea3000 	/System/Library/Frameworks/ApplicationServices.framework/Versions/A/Frameworks/ATS.framework/Versions/A/ATS
0x0000000049ea3000 	/System/Library/Frameworks/ApplicationServices.framework/Versions/A/Frameworks/ColorSync.framework/Versions/A/ColorSync
0x0000000049ea3000 	/System/Library/Frameworks/ApplicationServices.framework/Versions/A/Frameworks/HIServices.framework/Versions/A/HIServices
0x0000000049ea3000 	/System/Library/Frameworks/ApplicationServices.framework/Versions/A/Frameworks/LangAnalysis.framework/Versions/A/LangAnalysis
0x0000000049ea3000 	/System/Library/Frameworks/ApplicationServices.framework/Versions/A/Frameworks/PrintCore.framework/Versions/A/PrintCore
0x0000000049ea3000 	/System/Library/Frameworks/ApplicationServices.framework/Versions/A/Frameworks/QD.framework/Versions/A/QD
0x0000000049ea3000 	/System/Library/Frameworks/ApplicationServices.framework/Versions/A/Frameworks/SpeechSynthesis.framework/Versions/A/SpeechSynthesis
0x0000000049ea3000 	/System/Library/Frameworks/Accelerate.framework/Versions/A/Frameworks/vImage.framework/Versions/A/vImage
0x0000000049ea3000 	/System/Library/Frameworks/Accelerate.framework/Versions/A/Frameworks/vecLib.framework/Versions/A/vecLib
0x0000000049ea3000 	/System/Library/Frameworks/Accelerate.framework/Versions/A/Frameworks/vecLib.framework/Versions/A/libvDSP.dylib
0x0000000049ea3000 	/System/Library/Frameworks/Accelerate.framework/Versions/A/Frameworks/vecLib.framework/Versions/A/libBNNS.dylib
0x0000000049ea3000 	/System/Library/Frameworks/Accelerate.framework/Versions/A/Frameworks/vecLib.framework/Versions/A/libQuadrature.dylib
0x0000000049ea3000 	/System/Library/Frameworks/Accelerate.framework/Versions/A/Frameworks/vecLib.framework/Versions/A/libvMisc.dylib
0x0000000049ea3000 	/System/Library/Frameworks/Accelerate.framework/Versions/A/Frameworks/vecLib.framework/Versions/A/libLAPACK.dylib
0x0000000049ea3000 	/System/Library/Frameworks/Accelerate.framework/Versions/A/Frameworks/vecLib.framework/Versions/A/libBLAS.dylib
0x0000000049ea3000 	/System/Library/Frameworks/Accelerate.framework/Versions/A/Frameworks/vecLib.framework/Versions/A/libLinearAlgebra.dylib
0x0000000049ea3000 	/System/Library/Frameworks/Accelerate.framework/Versions/A/Frameworks/vecLib.framework/Versions/A/libSparseBLAS.dylib
0x0000000049ea3000 	/System/Library/Frameworks/ApplicationServices.framework/Versions/A/Frameworks/ATS.framework/Versions/A/Resources/libFontParser.dylib
0x0000000049ea3000 	/System/Library/Frameworks/ApplicationServices.framework/Versions/A/Frameworks/ATS.framework/Versions/A/Resources/libFontRegistry.dylib
0x0000000049ea3000 	/System/Library/Frameworks/ImageIO.framework/Versions/A/Resources/libJPEG.dylib
0x0000000049ea3000 	/System/Library/Frameworks/ImageIO.framework/Versions/A/Resources/libTIFF.dylib
0x0000000049ea3000 	/System/Library/Frameworks/ImageIO.framework/Versions/A/Resources/libPng.dylib
0x0000000049ea3000 	/System/Library/Frameworks/ImageIO.framework/Versions/A/Resources/libGIF.dylib
0x0000000049ea3000 	/System/Library/Frameworks/ImageIO.framework/Versions/A/Resources/libJP2.dylib
0x0000000049ea3000 	/System/Library/Frameworks/ImageIO.framework/Versions/A/Resources/libRadiance.dylib
0x0000000049ea3000 	/usr/lib/libcompression.dylib
0x0000000049ea3000 	/System/Library/PrivateFrameworks/AppleJPEG.framework/Versions/A/AppleJPEG
0x0000000049ea3000 	/usr/lib/libcups.2.dylib
0x0000000049ea3000 	/System/Library/Frameworks/Kerberos.framework/Versions/A/Kerberos
0x0000000049ea3000 	/System/Library/Frameworks/GSS.framework/Versions/A/GSS
0x0000000049ea3000 	/usr/lib/libresolv.9.dylib
0x0000000049ea3000 	/usr/lib/libiconv.2.dylib
0x0000000049ea3000 	/System/Library/PrivateFrameworks/Heimdal.framework/Versions/A/Heimdal
0x0000000049ea3000 	/usr/lib/libheimdal-asn1.dylib
0x0000000049ea3000 	/System/Library/Frameworks/OpenDirectory.framework/Versions/A/OpenDirectory
0x0000000049ea3000 	/System/Library/PrivateFrameworks/CommonAuth.framework/Versions/A/CommonAuth
0x0000000049ea3000 	/System/Library/Frameworks/OpenDirectory.framework/Versions/A/Frameworks/CFOpenDirectory.framework/Versions/A/CFOpenDirectory
0x0000000049ea3000 	/System/Library/Frameworks/SecurityFoundation.framework/Versions/A/SecurityFoundation
0x0000000049ea3000 	/System/Library/PrivateFrameworks/LanguageModeling.framework/Versions/A/LanguageModeling
0x0000000049ea3000 	/usr/lib/libmarisa.dylib
0x0000000049ea3000 	/usr/lib/libChineseTokenizer.dylib
0x0000000049ea3000 	/usr/lib/libcmph.dylib
0x0000000049ea3000 	/System/Library/PrivateFrameworks/CoreEmoji.framework/Versions/A/CoreEmoji
0x0000000049ea3000 	/System/Library/Frameworks/ServiceManagement.framework/Versions/A/ServiceManagement
0x0000000049ea3000 	/usr/lib/libxslt.1.dylib
0x0000000049ea3000 	/System/Library/Frameworks/Carbon.framework/Versions/A/Frameworks/Ink.framework/Versions/A/Ink
0x0000000049ea3000 	/System/Library/PrivateFrameworks/TextureIO.framework/Versions/A/TextureIO
0x0000000049ea3000 	/System/Library/Frameworks/Metal.framework/Versions/A/Metal
0x0000000049ea3000 	/usr/lib/libate.dylib
0x0000000049ea3000 	/System/Library/PrivateFrameworks/GPUCompiler.framework/libmetal_timestamp.dylib
0x0000000049ea3000 	/System/Library/Frameworks/OpenGL.framework/Versions/A/Libraries/libCoreFSCache.dylib
0x0000000049ea3000 	/System/Library/PrivateFrameworks/IOAccelerator.framework/Versions/A/IOAccelerator
0x0000000049ea3000 	/System/Library/Frameworks/CoreVideo.framework/Versions/A/CoreVideo
0x0000000049ea3000 	/usr/lib/libFosl_dynamic.dylib
0x0000000049ea3000 	/System/Library/PrivateFrameworks/MetalPerformanceShaders.framework/Versions/A/MetalPerformanceShaders
0x0000000049ea3000 	/System/Library/PrivateFrameworks/FaceCore.framework/Versions/A/FaceCore
0x0000000049ea3000 	/System/Library/Frameworks/OpenCL.framework/Versions/A/OpenCL
0x0000000049ea3000 	/System/Library/Frameworks/OpenGL.framework/Versions/A/Libraries/libGLU.dylib
0x0000000049ea3000 	/System/Library/Frameworks/OpenGL.framework/Versions/A/Libraries/libGFXShared.dylib
0x0000000049ea3000 	/System/Library/Frameworks/OpenGL.framework/Versions/A/Libraries/libGL.dylib
0x0000000049ea3000 	/System/Library/Frameworks/OpenGL.framework/Versions/A/Libraries/libGLImage.dylib
0x0000000049ea3000 	/System/Library/Frameworks/OpenGL.framework/Versions/A/Libraries/libCVMSPluginSupport.dylib
0x0000000049ea3000 	/System/Library/Frameworks/OpenGL.framework/Versions/A/Libraries/libCoreVMClient.dylib
0x0000000049ea3000 	/System/Library/PrivateFrameworks/CrashReporterSupport.framework/Versions/A/CrashReporterSupport
0x0000000049ea3000 	/System/Library/PrivateFrameworks/Sharing.framework/Versions/A/Sharing
0x0000000049ea3000 	/System/Library/PrivateFrameworks/IconServices.framework/Versions/A/IconServices
0x0000000049ea3000 	/System/Library/PrivateFrameworks/ProtocolBuffer.framework/Versions/A/ProtocolBuffer
0x0000000049ea3000 	/System/Library/PrivateFrameworks/Apple80211.framework/Versions/A/Apple80211
0x0000000049ea3000 	/System/Library/Frameworks/CoreWLAN.framework/Versions/A/CoreWLAN
0x0000000049ea3000 	/System/Library/PrivateFrameworks/CoreUtils.framework/Versions/A/CoreUtils
0x0000000049ea3000 	/System/Library/Frameworks/IOBluetooth.framework/Versions/A/IOBluetooth
0x0000000049ea3000 	/System/Library/PrivateFrameworks/CoreWiFi.framework/Versions/A/CoreWiFi
0x0000000049ea3000 	/System/Library/Frameworks/CoreBluetooth.framework/Versions/A/CoreBluetooth
0x0000000049ea3000 	/System/Library/Frameworks/CoreDisplay.framework/Versions/A/CoreDisplay
0x0000000049ea3000 	/System/Library/PrivateFrameworks/IOPresentment.framework/Versions/A/IOPresentment
0x0000000049ea3000 	/System/Library/PrivateFrameworks/DebugSymbols.framework/Versions/A/DebugSymbols
0x0000000049ea3000 	/System/Library/PrivateFrameworks/CoreSymbolication.framework/Versions/A/CoreSymbolication
0x0000000049ea3000 	/System/Library/PrivateFrameworks/Symbolication.framework/Versions/A/Symbolication
0x0000000049ea3000 	/System/Library/PrivateFrameworks/AppleFSCompression.framework/Versions/A/AppleFSCompression
0x0000000049ea3000 	/System/Library/PrivateFrameworks/SpeechRecognitionCore.framework/Versions/A/SpeechRecognitionCore
0x0000000049ea3000 	/System/Library/PrivateFrameworks/ChunkingLibrary.framework/Versions/A/ChunkingLibrary
0x00000001038cf000 	/Library/Java/JavaVirtualMachines/jdk1.8.0_111.jdk/Contents/Home/jre/lib/server/libjvm.dylib
0x0000000049ea3000 	/usr/lib/libstdc++.6.dylib
0x0000000104870000 	/Library/Java/JavaVirtualMachines/jdk1.8.0_111.jdk/Contents/Home/jre/lib/libverify.dylib
0x000000010487e000 	/Library/Java/JavaVirtualMachines/jdk1.8.0_111.jdk/Contents/Home/jre/lib/libjava.dylib
0x00000001048bd000 	/Library/Java/JavaVirtualMachines/jdk1.8.0_111.jdk/Contents/Home/jre/lib/libzip.dylib
0x000000011aad3000 	/System/Library/Frameworks/JavaVM.framework/Frameworks/JavaRuntimeSupport.framework/JavaRuntimeSupport
0x00000001049e8000 	/System/Library/Frameworks/JavaVM.framework/Versions/A/Frameworks/JavaNativeFoundation.framework/Versions/A/JavaNativeFoundation
0x000000011aaed000 	/System/Library/Frameworks/JavaVM.framework/Versions/A/JavaVM
0x0000000049ea3000 	/System/Library/Frameworks/Carbon.framework/Versions/A/Carbon
0x000000011aafa000 	/System/Library/PrivateFrameworks/JavaLaunching.framework/Versions/A/JavaLaunching
0x0000000049ea3000 	/System/Library/Frameworks/Carbon.framework/Versions/A/Frameworks/CommonPanels.framework/Versions/A/CommonPanels
0x0000000049ea3000 	/System/Library/Frameworks/Carbon.framework/Versions/A/Frameworks/Help.framework/Versions/A/Help
0x0000000049ea3000 	/System/Library/Frameworks/Carbon.framework/Versions/A/Frameworks/ImageCapture.framework/Versions/A/ImageCapture
0x0000000049ea3000 	/System/Library/Frameworks/Carbon.framework/Versions/A/Frameworks/OpenScripting.framework/Versions/A/OpenScripting
0x0000000049ea3000 	/System/Library/Frameworks/Carbon.framework/Versions/A/Frameworks/Print.framework/Versions/A/Print
0x0000000049ea3000 	/System/Library/Frameworks/Carbon.framework/Versions/A/Frameworks/SecurityHI.framework/Versions/A/SecurityHI
0x000000011c400000 	/Library/Java/JavaVirtualMachines/jdk1.8.0_111.jdk/Contents/Home/jre/lib/libawt.dylib
0x000000011c4a8000 	/Library/Java/JavaVirtualMachines/jdk1.8.0_111.jdk/Contents/Home/jre/lib/./libmlib_image.dylib
0x000000011c574000 	/Library/Java/JavaVirtualMachines/jdk1.8.0_111.jdk/Contents/Home/jre/lib/libawt_lwawt.dylib
0x000000011c629000 	/Library/Java/JavaVirtualMachines/jdk1.8.0_111.jdk/Contents/Home/jre/lib/./libosxapp.dylib
0x0000000049ea3000 	/System/Library/Frameworks/ExceptionHandling.framework/Versions/A/ExceptionHandling
0x0000000049ea3000 	/System/Library/PrivateFrameworks/CoreServicesInternal.framework/Versions/A/CoreServicesInternal
0x0000000049ea3000 	/System/Library/CoreServices/RawCamera.bundle/Contents/MacOS/RawCamera
0x0000000049ea3000 	/System/Library/Frameworks/Accelerate.framework/Versions/A/Frameworks/vImage.framework/Versions/A/Libraries/libCGInterfaces.dylib
0x0000000049ea3000 	/System/Library/Frameworks/ApplicationServices.framework/Versions/A/Frameworks/ATS.framework/Versions/A/Resources/libTrueTypeScaler.dylib
0x0000000049ea3000 	/System/Library/Frameworks/OpenGL.framework/Versions/A/Resources/GLEngine.bundle/GLEngine
0x0000000049ea3000 	/System/Library/Frameworks/OpenGL.framework/Versions/A/Libraries/libGLProgrammability.dylib
0x000000011e257000 	/System/Library/Extensions/AppleIntelHD5000GraphicsGLDriver.bundle/Contents/MacOS/AppleIntelHD5000GraphicsGLDriver
0x0000000049ea3000 	/System/Library/PrivateFrameworks/GPUSupport.framework/Versions/A/Libraries/libGPUSupportMercury.dylib
0x0000000049ea3000 	/System/Library/Frameworks/OpenGL.framework/Versions/A/Resources/GLRendererFloat.bundle/GLRendererFloat
0x0000000049ea3000 	/System/Library/Frameworks/OpenCL.framework/Versions/A/Libraries/libcldcpuengine.dylib
0x0000000049ea3000 	/usr/lib/libcrypto.0.9.8.dylib
0x0000000049ea3000 	/System/Library/PrivateFrameworks/TrustEvaluationAgent.framework/Versions/A/TrustEvaluationAgent
0x000000011e9d5000 	/System/Library/Extensions/AppleIntelHD5000GraphicsMTLDriver.bundle/Contents/MacOS/AppleIntelHD5000GraphicsMTLDriver
0x0000000049ea3000 	/System/Library/PrivateFrameworks/FamilyControls.framework/Versions/A/FamilyControls
0x0000000049ea3000 	/System/Library/PrivateFrameworks/CommerceKit.framework/Versions/A/Frameworks/CommerceCore.framework/Versions/A/CommerceCore
0x0000000049ea3000 	/System/Library/PrivateFrameworks/SystemAdministration.framework/Versions/A/SystemAdministration
0x0000000049ea3000 	/System/Library/PrivateFrameworks/AppContainer.framework/Versions/A/AppContainer
0x0000000049ea3000 	/System/Library/PrivateFrameworks/SecCodeWrapper.framework/Versions/A/SecCodeWrapper
0x0000000049ea3000 	/System/Library/Frameworks/DirectoryService.framework/Versions/A/DirectoryService
0x0000000049ea3000 	/System/Library/PrivateFrameworks/DiskImages.framework/Versions/A/DiskImages
0x0000000049ea3000 	/System/Library/PrivateFrameworks/LoginUIKit.framework/Versions/A/Frameworks/LoginUICore.framework/Versions/A/LoginUICore
0x0000000049ea3000 	/usr/lib/libCoreStorage.dylib
0x0000000049ea3000 	/usr/lib/libcsfde.dylib
0x0000000049ea3000 	/usr/lib/libodfde.dylib
0x0000000049ea3000 	/System/Library/Frameworks/DiscRecording.framework/Versions/A/DiscRecording
0x0000000049ea3000 	/usr/lib/libcurl.4.dylib
0x0000000049ea3000 	/System/Library/PrivateFrameworks/MediaKit.framework/Versions/A/MediaKit
0x0000000049ea3000 	/System/Library/PrivateFrameworks/ProtectedCloudStorage.framework/Versions/A/ProtectedCloudStorage
0x0000000049ea3000 	/System/Library/PrivateFrameworks/EFILogin.framework/Versions/A/EFILogin
0x0000000049ea3000 	/usr/lib/libutil.dylib
0x0000000049ea3000 	/System/Library/Frameworks/LDAP.framework/Versions/A/LDAP
0x0000000049ea3000 	/usr/lib/libsasl2.2.dylib
0x0000000049ea3000 	/System/Library/PrivateFrameworks/CoreDaemon.framework/Versions/B/CoreDaemon
0x0000000049ea3000 	/System/Library/PrivateFrameworks/AppleSRP.framework/Versions/A/AppleSRP
0x0000000049ea3000 	/System/Library/PrivateFrameworks/APFS.framework/Versions/A/APFS
0x0000000120550000 	/Library/Java/JavaVirtualMachines/jdk1.8.0_111.jdk/Contents/Home/jre/lib/libfontmanager.dylib
0x000000012194b000 	/Library/Java/JavaVirtualMachines/jdk1.8.0_111.jdk/Contents/Home/jre/lib/libosxui.dylib
0x0000000049ea3000 	/System/Library/PrivateFrameworks/ViewBridge.framework/Versions/A/ViewBridge
0x0000000049ea3000 	/System/Library/PrivateFrameworks/XPCService.framework/Versions/A/XPCService
0x0000000049ea3000 	/System/Library/PrivateFrameworks/AppSandbox.framework/Versions/A/AppSandbox
0x0000000049ea3000 	/usr/lib/libsandbox.1.dylib
0x0000000049ea3000 	/usr/lib/libMatch.1.dylib
0x00000001226ca000 	/Library/Java/JavaVirtualMachines/jdk1.8.0_111.jdk/Contents/Home/jre/lib/libnet.dylib
0x0000000122729000 	/Library/Java/JavaVirtualMachines/jdk1.8.0_111.jdk/Contents/Home/jre/lib/libnio.dylib
0x0000000121659000 	/private/var/folders/qk/z1qqpcwd0wx0z14thz2z48xw0000gr/T/jogamp_0000/file_cache/jln6677697739763738878/jln5393505343161243855/libgluegen-rt.jnilib
0x000000012165d000 	/private/var/folders/qk/z1qqpcwd0wx0z14thz2z48xw0000gr/T/jogamp_0000/file_cache/jln6677697739763738878/jln5393505343161243855/libnativewindow_awt.jnilib
0x000000016095d000 	/Library/Java/JavaVirtualMachines/jdk1.8.0_111.jdk/Contents/Home/jre/lib/libjawt.dylib
0x00000001609af000 	/private/var/folders/qk/z1qqpcwd0wx0z14thz2z48xw0000gr/T/jogamp_0000/file_cache/jln6677697739763738878/jln5393505343161243855/libnativewindow_macosx.jnilib
0x000000016326c000 	/private/var/folders/qk/z1qqpcwd0wx0z14thz2z48xw0000gr/T/jogamp_0000/file_cache/jln6677697739763738878/jln5393505343161243855/libjogl_desktop.jnilib
0x000000016c9a9000 	/Library/Java/JavaVirtualMachines/jdk1.8.0_111.jdk/Contents/Home/jre/lib/libjpeg.dylib

VM Arguments:
jvm_args: -Djava.security.policy=java.policy.applet -Dfile.encoding=UTF-8 
java_command: sun.applet.AppletViewer ai.files.DisplayPath1519757592619.html
java_class_path (initial): /Users/Justin/AQP-AI/AI/build:/Users/Justin/AQP-AI/AI/lib/core.jar:/Users/Justin/AQP-AI/AI/lib/gluegen-rt.jar:/Users/Justin/AQP-AI/AI/lib/jogl-all.jar:/Users/Justin/AQP-AI/AI/lib/log4j-1.2.15.jar:/Users/Justin/AQP-AI/AI/lib/sqlite-jdbc-3.7.2.jar:/Users/Justin/AQP-AI/AI/lib/json4processing.jar:/Users/Justin/AQP-AI/AI/lib/libTUIO.jar:/Users/Justin/AQP-AI/AI/lib/unfolding.0.9.6.jar:/Users/Justin/AQP-AI/AI/lib/DelaunayTriangulator-1.0.3.jar:/Users/Justin/AQP-AI/AI/lib/guava-12.0.jar:/Users/Justin/.p2/pool/plugins/org.junit_4.12.0.v201504281640/junit.jar:/Users/Justin/.p2/pool/plugins/org.hamcrest.core_1.3.0.v201303031735.jar
Launcher Type: SUN_STANDARD

Environment Variables:
PATH=/usr/bin:/bin:/usr/sbin:/sbin
SHELL=/bin/bash
DISPLAY=/private/tmp/com.apple.launchd.mCTsStFHO5/org.macosforge.xquartz:0

Signal Handlers:
SIGSEGV: [libjvm.dylib+0x5b03ed], sa_mask[0]=11111111011111110111111111111111, sa_flags=SA_ONSTACK|SA_RESTART|SA_SIGINFO
SIGBUS: [libjvm.dylib+0x5b03ed], sa_mask[0]=11111111011111110111111111111111, sa_flags=SA_RESTART|SA_SIGINFO
SIGFPE: [libjvm.dylib+0x48711c], sa_mask[0]=11111111011111110111111111111111, sa_flags=SA_RESTART|SA_SIGINFO
SIGPIPE: [libjvm.dylib+0x48711c], sa_mask[0]=11111111011111110111111111111111, sa_flags=SA_RESTART|SA_SIGINFO
SIGXFSZ: [libjvm.dylib+0x48711c], sa_mask[0]=11111111011111110111111111111111, sa_flags=SA_RESTART|SA_SIGINFO
SIGILL: [libjvm.dylib+0x48711c], sa_mask[0]=11111111011111110111111111111111, sa_flags=SA_RESTART|SA_SIGINFO
SIGUSR1: SIG_DFL, sa_mask[0]=00000000000000000000000000000000, sa_flags=none
SIGUSR2: [libjvm.dylib+0x486c3a], sa_mask[0]=00100000000000000000000000000000, sa_flags=SA_RESTART|SA_SIGINFO
SIGHUP: [libjvm.dylib+0x485211], sa_mask[0]=11111111011111110111111111111111, sa_flags=SA_RESTART|SA_SIGINFO
SIGINT: [libjvm.dylib+0x485211], sa_mask[0]=11111111011111110111111111111111, sa_flags=SA_RESTART|SA_SIGINFO
SIGTERM: [libjvm.dylib+0x485211], sa_mask[0]=11111111011111110111111111111111, sa_flags=SA_RESTART|SA_SIGINFO
SIGQUIT: [libjvm.dylib+0x485211], sa_mask[0]=11111111011111110111111111111111, sa_flags=SA_RESTART|SA_SIGINFO


---------------  S Y S T E M  ---------------

OS:Bsduname:Darwin 16.0.0 Darwin Kernel Version 16.0.0: Mon Aug 29 17:56:20 PDT 2016; root:xnu-3789.1.32~3/RELEASE_X86_64 x86_64
rlimit: STACK 8192k, CORE 0k, NPROC 709, NOFILE 10240, AS infinity
load average:2.27 1.97 1.79

CPU:total 4 (2 cores per cpu, 2 threads per core) family 6 model 69 stepping 1, cmov, cx8, fxsr, mmx, sse, sse2, sse3, ssse3, sse4.1, sse4.2, popcnt, avx, avx2, aes, clmul, erms, lzcnt, ht, tsc, tscinvbit, bmi1, bmi2

Memory: 4k page, physical 8388608k(148120k free)

/proc/meminfo:


vm_info: Java HotSpot(TM) 64-Bit Server VM (25.111-b14) for bsd-amd64 JRE (1.8.0_111-b14), built on Sep 22 2016 15:31:41 by "java_re" with gcc 4.2.1 (Based on Apple Inc. build 5658) (LLVM build 2336.11.00)

time: Tue Feb 27 13:53:27 2018
elapsed time: 14 seconds (0d 0h 0m 14s)

