#
# A fatal error has been detected by the Java Runtime Environment:
#
#  SIGSEGV (0xb) at pc=0x00007fffd37f3b5d, pid=65771, tid=0x000000000000080b
#
# JRE version: Java(TM) SE Runtime Environment (8.0_111-b14) (build 1.8.0_111-b14)
# Java VM: Java HotSpot(TM) 64-Bit Server VM (25.111-b14 mixed mode bsd-amd64 compressed oops)
# Problematic frame:
# C  [libobjc.A.dylib+0x6b5d]  objc_msgSend+0x1d
#
# Failed to write core dump. Core dumps have been disabled. To enable core dumping, try "ulimit -c unlimited" before starting Java again
#
# If you would like to submit a bug report, please visit:
#   http://bugreport.java.com/bugreport/crash.jsp
# The crash happened outside the Java Virtual Machine in native code.
# See problematic frame for where to report the bug.
#

---------------  T H R E A D  ---------------

Current thread (0x00007fdffb199800):  JavaThread "AWT-AppKit" daemon [_thread_in_native, id=2059, stack(0x00007fff5836b000,0x00007fff58b6b000)]

siginfo: si_signo: 11 (SIGSEGV), si_code: 1 (SEGV_MAPERR), si_addr: 0x000007fdffe910b8

Registers:
RAX=0x00007fdff9c78020, RBX=0x0000000120d983b0, RCX=0x00007fdffc400020, RDX=0x0000000000000000
RSP=0x00007fff58b66518, RBP=0x00007fff58b665d0, RSI=0x00007fffbd8821c3, RDI=0x00007fdff9dc70d0
R8 =0x0000000000000018, R9 =0x00007fdffc400040, R10=0x000007fdffe910a0, R11=0x00007fffbd8821c3
R12=0x0000000000000000, R13=0x0000000166c0cba0, R14=0x0000000120d983a0, R15=0x00007fdffb199800
RIP=0x00007fffd37f3b5d, EFLAGS=0x0000000000010206, ERR=0x0000000000000004
  TRAPNO=0x000000000000000e

Top of Stack: (sp=0x00007fff58b66518)
0x00007fff58b66518:   0000000120d965d7 00007fff58b66570
0x00007fff58b66528:   0000000000000003 00007fff58b66550
0x00007fff58b66538:   0000000107bf27be 0000000166c0cba0
0x00007fff58b66548:   0000000166c0cba0 00007fdff9c78020
0x00007fff58b66558:   0000000120d985c0 0000000120d98640
0x00007fff58b66568:   0000000120d983b0 00007fffd97b96d0
0x00007fff58b66578:   0000000120d985d0 00007fffda41df90
0x00007fff58b66588:   00007fdff9c78020 00007fdff9dc70d0
0x00007fff58b66598:   00007fdff9e40fc0 00007fdff9c78020
0x00007fff58b665a8:   00007fdff9dc70d0 00007fff58b66650
0x00007fff58b665b8:   00007fdffb1999f8 0000000166c0cba0
0x00007fff58b665c8:   00007fff58b66678 00007fff58b66640
0x00007fff58b665d8:   000000010a9329f4 00007fff58b66640
0x00007fff58b665e8:   000000010a932779 000000010a93e9a3
0x00007fff58b665f8:   000000010a932742 00007fff58b66600
0x00007fff58b66608:   0000000166c0cba0 00007fff58b66678
0x00007fff58b66618:   0000000166c0e170 0000000000000000
0x00007fff58b66628:   0000000166c0cba0 0000000000000000
0x00007fff58b66638:   00007fff58b66660 00007fff58b666c0
0x00007fff58b66648:   000000010a9232bd 000000074125e8f0
0x00007fff58b66658:   000000010a92c538 00007fdff9c78020
0x00007fff58b66668:   000000010a92de39 00007fdff9dc70d0
0x00007fff58b66678:   000000010a92de02 00007fff58b66680
0x00007fff58b66688:   0000000166c0cd6a 00007fff58b666e8
0x00007fff58b66698:   0000000166c0e170 0000000000000000
0x00007fff58b666a8:   0000000166c0cd78 00007fff58b66660
0x00007fff58b666b8:   00007fff58b666d0 00007fff58b66730
0x00007fff58b666c8:   000000010a9232bd 00007fdff9c78020
0x00007fff58b666d8:   0000000741265ef8 00007fdff9dc70d0
0x00007fff58b666e8:   0000000741265ef8 00007fff58b666f0
0x00007fff58b666f8:   000000016cd06756 00007fff58b66740
0x00007fff58b66708:   000000016cd06810 0000000000000000 

Instructions: (pc=0x00007fffd37f3b5d)
0x00007fffd37f3b3d:   0f 1f 00 48 85 ff 2e 74 62 40 f6 c7 01 2e 75 66
0x00007fffd37f3b4d:   49 ba f8 ff ff ff ff 7f 00 00 4c 23 17 49 89 f3
0x00007fffd37f3b5d:   45 23 5a 18 49 c1 e3 04 4d 03 5a 10 49 3b 33 75
0x00007fffd37f3b6d:   04 41 ff 63 08 49 83 3b 01 76 0d 49 83 c3 10 49 

Register to memory mapping:

RAX=0x00007fdff9c78020 is an unknown value
RBX=0x0000000120d983b0: Java_jogamp_nativewindow_macosx_OSXUtil_GetScreenRefreshRate0+0x1850 in /private/var/folders/qk/z1qqpcwd0wx0z14thz2z48xw0000gr/T/jogamp_0000/file_cache/jln6689846023827703866/jln9063403150459308618/libnativewindow_macosx.jnilib at 0x0000000120d91000
RCX=0x00007fdffc400020 is an unknown value
RDX=0x0000000000000000 is an unknown value
RSP=0x00007fff58b66518 is pointing into the stack for thread: 0x00007fdffb199800
RBP=0x00007fff58b665d0 is pointing into the stack for thread: 0x00007fdffb199800
RSI=0x00007fffbd8821c3: __NSStyleNameIndexTable+0x814d6 in /System/Library/Frameworks/AppKit.framework/Versions/C/AppKit at 0x00007fffbccf0000
RDI=0x00007fdff9dc70d0 is an unknown value
R8 =0x0000000000000018 is an unknown value
R9 =0x00007fdffc400040 is an unknown value
R10=0x000007fdffe910a0 is an unknown value
R11=0x00007fffbd8821c3: __NSStyleNameIndexTable+0x814d6 in /System/Library/Frameworks/AppKit.framework/Versions/C/AppKit at 0x00007fffbccf0000
R12=0x0000000000000000 is an unknown value
R13={method} {0x0000000166c0cba0} 'UnsetJAWTRootSurfaceLayer0' '(JJ)V' in 'jogamp/nativewindow/jawt/macosx/MacOSXJAWTWindow'
R14=0x0000000120d983a0: Java_jogamp_nativewindow_macosx_OSXUtil_GetScreenRefreshRate0+0x1840 in /private/var/folders/qk/z1qqpcwd0wx0z14thz2z48xw0000gr/T/jogamp_0000/file_cache/jln6689846023827703866/jln9063403150459308618/libnativewindow_macosx.jnilib at 0x0000000120d91000
R15=0x00007fdffb199800 is a thread


Stack: [0x00007fff5836b000,0x00007fff58b6b000],  sp=0x00007fff58b66518,  free space=8173k
Native frames: (J=compiled Java code, j=interpreted, Vv=VM code, C=native code)
C  [libobjc.A.dylib+0x6b5d]  objc_msgSend+0x1d
j  jogamp.nativewindow.jawt.macosx.MacOSXJAWTWindow.UnsetJAWTRootSurfaceLayer0(JJ)V+0
j  jogamp.nativewindow.jawt.macosx.MacOSXJAWTWindow.access$200(JJ)V+2
j  jogamp.nativewindow.jawt.macosx.MacOSXJAWTWindow$1.run()V+38
j  com.jogamp.common.util.RunnableTask.run()V+24
v  ~StubRoutines::call_stub
V  [libjvm.dylib+0x2ecf8a]  JavaCalls::call_helper(JavaValue*, methodHandle*, JavaCallArguments*, Thread*)+0x6ae
V  [libjvm.dylib+0x324119]  jni_invoke_nonstatic(JNIEnv_*, JavaValue*, _jobject*, JNICallType, _jmethodID*, JNI_ArgumentPusher*, Thread*)+0x2ec
V  [libjvm.dylib+0x3168e7]  jni_CallVoidMethod+0x16b
C  [libnativewindow_macosx.jnilib+0x57ae]  Java_jogamp_nativewindow_jawt_macosx_MacOSXJAWTWindow_UnsetJAWTRootSurfaceLayer0+0x2be
C  [Foundation+0x71f2a]  __NSThreadPerformPerform+0x146
C  [CoreFoundation+0xa7551]  __CFRUNLOOP_IS_CALLING_OUT_TO_A_SOURCE0_PERFORM_FUNCTION__+0x11
C  [CoreFoundation+0x88637]  __CFRunLoopDoSources0+0x1a7
C  [CoreFoundation+0x87bb6]  __CFRunLoopRun+0x3a6
C  [CoreFoundation+0x875b4]  CFRunLoopRunSpecific+0x1a4
C  [HIToolbox+0x30f6c]  RunCurrentEventLoopInMode+0xf0
C  [HIToolbox+0x30ca9]  ReceiveNextEventCommon+0xb8
C  [HIToolbox+0x30bd6]  _BlockUntilNextEventMatchingListInModeWithFilter+0x47
C  [AppKit+0x475f5]  _DPSNextEvent+0x445
C  [AppKit+0x7578eb]  -[NSApplication(NSEvent) _nextEventMatchingEventMask:untilDate:inMode:dequeue:]+0x665
C  [libosxapp.dylib+0x23aa]  -[NSApplicationAWT nextEventMatchingMask:untilDate:inMode:dequeue:]+0x7c
C  [AppKit+0x3bfbd]  -[NSApplication run]+0x39e
C  [libosxapp.dylib+0x214d]  +[NSApplicationAWT runAWTLoopWithApp:]+0x9c
C  [libawt_lwawt.dylib+0x444b3]  -[AWTStarter starter:]+0x389
C  [Foundation+0x71f2a]  __NSThreadPerformPerform+0x146
C  [CoreFoundation+0xa7551]  __CFRUNLOOP_IS_CALLING_OUT_TO_A_SOURCE0_PERFORM_FUNCTION__+0x11
C  [CoreFoundation+0x886bd]  __CFRunLoopDoSources0+0x22d
C  [CoreFoundation+0x87bb6]  __CFRunLoopRun+0x3a6
C  [CoreFoundation+0x875b4]  CFRunLoopRunSpecific+0x1a4
C  [java+0x6465]  CreateExecutionEnvironment+0x367
C  [java+0x218c]  JLI_Launch+0x7a0
C  [java+0x84c2]  main+0x65
C  [java+0x19e4]  start+0x34
C  0x0000000000000007

Java frames: (J=compiled Java code, j=interpreted, Vv=VM code)
j  jogamp.nativewindow.jawt.macosx.MacOSXJAWTWindow.UnsetJAWTRootSurfaceLayer0(JJ)V+0
j  jogamp.nativewindow.jawt.macosx.MacOSXJAWTWindow.access$200(JJ)V+2
j  jogamp.nativewindow.jawt.macosx.MacOSXJAWTWindow$1.run()V+38
j  com.jogamp.common.util.RunnableTask.run()V+24
v  ~StubRoutines::call_stub

---------------  P R O C E S S  ---------------

Java Threads: ( => current thread )
  0x00007fdffa4b5000 JavaThread "Thread-64" [_thread_blocked, id=69871, stack(0x0000700002a28000,0x0000700002b28000)]
  0x00007fdffbcd7800 JavaThread "Image Fetcher 2" daemon [_thread_blocked, id=73219, stack(0x000070000313d000,0x000070000323d000)]
  0x00007fdffbc9a000 JavaThread "Image Fetcher 1" daemon [_thread_blocked, id=72707, stack(0x000070000303a000,0x000070000313a000)]
  0x00007fdffa70c800 JavaThread "Image Fetcher 0" daemon [_thread_blocked, id=72195, stack(0x0000700002f37000,0x0000700003037000)]
  0x00007fdffb67b800 JavaThread "Keep-Alive-Timer" daemon [_thread_blocked, id=71683, stack(0x0000700002e34000,0x0000700002f34000)]
  0x00007fdffaa9d800 JavaThread "AWT-EventQueue-1" [_thread_in_native, id=66579, stack(0x00007000028a2000,0x00007000029a2000)]
  0x00007fdffb96a800 JavaThread "DestroyJavaVM" [_thread_blocked, id=7171, stack(0x000070000125a000,0x000070000135a000)]
  0x00007fdffa19a800 JavaThread "AWT-EventQueue-0" [_thread_blocked, id=60163, stack(0x000070000269c000,0x000070000279c000)]
  0x00007fdffa168800 JavaThread "Java2D Disposer" daemon [_thread_blocked, id=56847, stack(0x0000700002413000,0x0000700002513000)]
  0x00007fdffa9ee000 JavaThread "Java2D Queue Flusher" daemon [_thread_blocked, id=54791, stack(0x0000700002310000,0x0000700002410000)]
  0x00007fdffb8eb000 JavaThread "AWT-Shutdown" [_thread_blocked, id=30495, stack(0x0000700002107000,0x0000700002207000)]
=>0x00007fdffb199800 JavaThread "AWT-AppKit" daemon [_thread_in_native, id=2059, stack(0x00007fff5836b000,0x00007fff58b6b000)]
  0x00007fdffb00b000 JavaThread "Service Thread" daemon [_thread_blocked, id=18435, stack(0x0000700001e7e000,0x0000700001f7e000)]
  0x00007fdffa03d800 JavaThread "C1 CompilerThread2" daemon [_thread_blocked, id=17923, stack(0x0000700001d7b000,0x0000700001e7b000)]
  0x00007fdffa02f800 JavaThread "C2 CompilerThread1" daemon [_thread_blocked, id=17411, stack(0x0000700001c78000,0x0000700001d78000)]
  0x00007fdffa03c000 JavaThread "C2 CompilerThread0" daemon [_thread_blocked, id=16899, stack(0x0000700001b75000,0x0000700001c75000)]
  0x00007fdffa054000 JavaThread "Signal Dispatcher" daemon [_thread_blocked, id=16387, stack(0x0000700001a72000,0x0000700001b72000)]
  0x00007fdffa83c000 JavaThread "Finalizer" daemon [_thread_blocked, id=12547, stack(0x000070000196f000,0x0000700001a6f000)]
  0x00007fdffa839000 JavaThread "Reference Handler" daemon [_thread_blocked, id=12035, stack(0x000070000186c000,0x000070000196c000)]

Other Threads:
  0x00007fdffa800800 VMThread [stack: 0x0000700001769000,0x0000700001869000] [id=11523]
  0x00007fdffb80b000 WatcherThread [stack: 0x0000700001f81000,0x0000700002081000] [id=18947]

VM state:not at safepoint (normal execution)

VM Mutex/Monitor currently owned by a thread: None

Heap:
 PSYoungGen      total 679424K, used 297797K [0x0000000795580000, 0x00000007c0000000, 0x00000007c0000000)
  eden space 659968K, 45% used [0x0000000795580000,0x00000007a78315a8,0x00000007bda00000)
  from space 19456K, 0% used [0x00000007bda00000,0x00000007bda20000,0x00000007bed00000)
  to   space 19456K, 0% used [0x00000007bed00000,0x00000007bed00000,0x00000007c0000000)
 ParOldGen       total 87552K, used 45049K [0x0000000740000000, 0x0000000745580000, 0x0000000795580000)
  object space 87552K, 51% used [0x0000000740000000,0x0000000742bfe510,0x0000000745580000)
 Metaspace       used 19679K, capacity 19921K, committed 20224K, reserved 1067008K
  class space    used 1963K, capacity 2047K, committed 2048K, reserved 1048576K

Card table byte_map: [0x0000000108d61000,0x0000000109162000] byte_map_base: 0x0000000105361000

Marking Bits: (ParMarkBitMap*) 0x00000001082efd20
 Begin Bits: [0x000000011991b000, 0x000000011b91b000)
 End Bits:   [0x000000011b91b000, 0x000000011d91b000)

Polling page: 0x0000000107155000

CodeCache: size=245760Kb used=7605Kb max_used=7605Kb free=238154Kb
 bounds [0x000000010a91b000, 0x000000010b09b000, 0x000000011991b000]
 total_blobs=3086 nmethods=2205 adapters=794
 compilation: enabled

Compilation events (10 events):
Event: 15.810 Thread 0x00007fdffa03c000 2553       4       java.nio.DirectFloatBufferU::put (157 bytes)
Event: 15.815 Thread 0x00007fdffa03c000 nmethod 2553 0x000000010b090790 code [0x000000010b090900, 0x000000010b090b78]
Event: 15.921 Thread 0x00007fdffa03d800 2554   !   3       java.awt.EventDispatchThread::pumpOneEventForFilters (295 bytes)
Event: 15.927 Thread 0x00007fdffa03d800 nmethod 2554 0x000000010b090dd0 code [0x000000010b0911c0, 0x000000010b0935e8]
Event: 15.927 Thread 0x00007fdffa03d800 2556       3       java.lang.Boolean::valueOf (14 bytes)
Event: 15.927 Thread 0x00007fdffa03d800 nmethod 2556 0x000000010b090410 code [0x000000010b090580, 0x000000010b090710]
Event: 15.927 Thread 0x00007fdffa03d800 2555       3       sun.awt.EventQueueDelegate::getDelegate (13 bytes)
Event: 15.927 Thread 0x00007fdffa03d800 nmethod 2555 0x000000010b08fe50 code [0x000000010b08ffe0, 0x000000010b090338]
Event: 15.927 Thread 0x00007fdffa03d800 2557       1       java.awt.Component::isEnabledImpl (5 bytes)
Event: 15.927 Thread 0x00007fdffa03d800 nmethod 2557 0x000000010b08fb90 code [0x000000010b08fce0, 0x000000010b08fdf0]

GC Heap History (10 events):
Event: 10.957 GC heap before
{Heap before GC invocations=11 (full 0):
 PSYoungGen      total 439296K, used 431456K [0x0000000795580000, 0x00000007b1500000, 0x00000007c0000000)
  eden space 421376K, 100% used [0x0000000795580000,0x00000007af100000,0x00000007af100000)
  from space 17920K, 56% used [0x00000007b0380000,0x00000007b0d58280,0x00000007b1500000)
  to   space 18432K, 0% used [0x00000007af100000,0x00000007af100000,0x00000007b0300000)
 ParOldGen       total 87552K, used 31216K [0x0000000740000000, 0x0000000745580000, 0x0000000795580000)
  object space 87552K, 35% used [0x0000000740000000,0x0000000741e7c130,0x0000000745580000)
 Metaspace       used 19510K, capacity 19729K, committed 19968K, reserved 1067008K
  class space    used 1954K, capacity 2047K, committed 2048K, reserved 1048576K
Event: 10.973 GC heap after
Heap after GC invocations=11 (full 0):
 PSYoungGen      total 439808K, used 1408K [0x0000000795580000, 0x00000007c0000000, 0x00000007c0000000)
  eden space 421376K, 0% used [0x0000000795580000,0x0000000795580000,0x00000007af100000)
  from space 18432K, 7% used [0x00000007af100000,0x00000007af260050,0x00000007b0300000)
  to   space 18944K, 0% used [0x00000007bed80000,0x00000007bed80000,0x00000007c0000000)
 ParOldGen       total 87552K, used 40336K [0x0000000740000000, 0x0000000745580000, 0x0000000795580000)
  object space 87552K, 46% used [0x0000000740000000,0x00000007427643f0,0x0000000745580000)
 Metaspace       used 19510K, capacity 19729K, committed 19968K, reserved 1067008K
  class space    used 1954K, capacity 2047K, committed 2048K, reserved 1048576K
}
Event: 11.766 GC heap before
{Heap before GC invocations=12 (full 0):
 PSYoungGen      total 439808K, used 422784K [0x0000000795580000, 0x00000007c0000000, 0x00000007c0000000)
  eden space 421376K, 100% used [0x0000000795580000,0x00000007af100000,0x00000007af100000)
  from space 18432K, 7% used [0x00000007af100000,0x00000007af260050,0x00000007b0300000)
  to   space 18944K, 0% used [0x00000007bed80000,0x00000007bed80000,0x00000007c0000000)
 ParOldGen       total 87552K, used 40336K [0x0000000740000000, 0x0000000745580000, 0x0000000795580000)
  object space 87552K, 46% used [0x0000000740000000,0x00000007427643f0,0x0000000745580000)
 Metaspace       used 19545K, capacity 19793K, committed 19968K, reserved 1067008K
  class space    used 1954K, capacity 2047K, committed 2048K, reserved 1048576K
Event: 11.771 GC heap after
Heap after GC invocations=12 (full 0):
 PSYoungGen      total 679936K, used 3488K [0x0000000795580000, 0x00000007c0000000, 0x00000007c0000000)
  eden space 660992K, 0% used [0x0000000795580000,0x0000000795580000,0x00000007bdb00000)
  from space 18944K, 18% used [0x00000007bed80000,0x00000007bf0e80d0,0x00000007c0000000)
  to   space 18944K, 0% used [0x00000007bdb00000,0x00000007bdb00000,0x00000007bed80000)
 ParOldGen       total 87552K, used 41649K [0x0000000740000000, 0x0000000745580000, 0x0000000795580000)
  object space 87552K, 47% used [0x0000000740000000,0x00000007428ac440,0x0000000745580000)
 Metaspace       used 19545K, capacity 19793K, committed 19968K, reserved 1067008K
  class space    used 1954K, capacity 2047K, committed 2048K, reserved 1048576K
}
Event: 13.185 GC heap before
{Heap before GC invocations=13 (full 0):
 PSYoungGen      total 679936K, used 664480K [0x0000000795580000, 0x00000007c0000000, 0x00000007c0000000)
  eden space 660992K, 100% used [0x0000000795580000,0x00000007bdb00000,0x00000007bdb00000)
  from space 18944K, 18% used [0x00000007bed80000,0x00000007bf0e80d0,0x00000007c0000000)
  to   space 18944K, 0% used [0x00000007bdb00000,0x00000007bdb00000,0x00000007bed80000)
 ParOldGen       total 87552K, used 41649K [0x0000000740000000, 0x0000000745580000, 0x0000000795580000)
  object space 87552K, 47% used [0x0000000740000000,0x00000007428ac440,0x0000000745580000)
 Metaspace       used 19575K, capacity 19793K, committed 19968K, reserved 1067008K
  class space    used 1954K, capacity 2047K, committed 2048K, reserved 1048576K
Event: 13.190 GC heap after
Heap after GC invocations=13 (full 0):
 PSYoungGen      total 661504K, used 96K [0x0000000795580000, 0x00000007c0000000, 0x00000007c0000000)
  eden space 660992K, 0% used [0x0000000795580000,0x0000000795580000,0x00000007bdb00000)
  from space 512K, 18% used [0x00000007bdb00000,0x00000007bdb18000,0x00000007bdb80000)
  to   space 19456K, 0% used [0x00000007bed00000,0x00000007bed00000,0x00000007c0000000)
 ParOldGen       total 87552K, used 45009K [0x0000000740000000, 0x0000000745580000, 0x0000000795580000)
  object space 87552K, 51% used [0x0000000740000000,0x0000000742bf4510,0x0000000745580000)
 Metaspace       used 19575K, capacity 19793K, committed 19968K, reserved 1067008K
  class space    used 1954K, capacity 2047K, committed 2048K, reserved 1048576K
}
Event: 14.393 GC heap before
{Heap before GC invocations=14 (full 0):
 PSYoungGen      total 661504K, used 661088K [0x0000000795580000, 0x00000007c0000000, 0x00000007c0000000)
  eden space 660992K, 100% used [0x0000000795580000,0x00000007bdb00000,0x00000007bdb00000)
  from space 512K, 18% used [0x00000007bdb00000,0x00000007bdb18000,0x00000007bdb80000)
  to   space 19456K, 0% used [0x00000007bed00000,0x00000007bed00000,0x00000007c0000000)
 ParOldGen       total 87552K, used 45009K [0x0000000740000000, 0x0000000745580000, 0x0000000795580000)
  object space 87552K, 51% used [0x0000000740000000,0x0000000742bf4510,0x0000000745580000)
 Metaspace       used 19613K, capacity 19857K, committed 20224K, reserved 1067008K
  class space    used 1954K, capacity 2047K, committed 2048K, reserved 1048576K
Event: 14.395 GC heap after
Heap after GC invocations=14 (full 0):
 PSYoungGen      total 679424K, used 96K [0x0000000795580000, 0x00000007c0000000, 0x00000007c0000000)
  eden space 659968K, 0% used [0x0000000795580000,0x0000000795580000,0x00000007bda00000)
  from space 19456K, 0% used [0x00000007bed00000,0x00000007bed18000,0x00000007c0000000)
  to   space 19456K, 0% used [0x00000007bda00000,0x00000007bda00000,0x00000007bed00000)
 ParOldGen       total 87552K, used 45025K [0x0000000740000000, 0x0000000745580000, 0x0000000795580000)
  object space 87552K, 51% used [0x0000000740000000,0x0000000742bf8510,0x0000000745580000)
 Metaspace       used 19613K, capacity 19857K, committed 20224K, reserved 1067008K
  class space    used 1954K, capacity 2047K, committed 2048K, reserved 1048576K
}
Event: 15.418 GC heap before
{Heap before GC invocations=15 (full 0):
 PSYoungGen      total 679424K, used 660064K [0x0000000795580000, 0x00000007c0000000, 0x00000007c0000000)
  eden space 659968K, 100% used [0x0000000795580000,0x00000007bda00000,0x00000007bda00000)
  from space 19456K, 0% used [0x00000007bed00000,0x00000007bed18000,0x00000007c0000000)
  to   space 19456K, 0% used [0x00000007bda00000,0x00000007bda00000,0x00000007bed00000)
 ParOldGen       total 87552K, used 45025K [0x0000000740000000, 0x0000000745580000, 0x0000000795580000)
  object space 87552K, 51% used [0x0000000740000000,0x0000000742bf8510,0x0000000745580000)
 Metaspace       used 19626K, capacity 19857K, committed 20224K, reserved 1067008K
  class space    used 1954K, capacity 2047K, committed 2048K, reserved 1048576K
Event: 15.419 GC heap after
Heap after GC invocations=15 (full 0):
 PSYoungGen      total 679424K, used 128K [0x0000000795580000, 0x00000007c0000000, 0x00000007c0000000)
  eden space 659968K, 0% used [0x0000000795580000,0x0000000795580000,0x00000007bda00000)
  from space 19456K, 0% used [0x00000007bda00000,0x00000007bda20000,0x00000007bed00000)
  to   space 19456K, 0% used [0x00000007bed00000,0x00000007bed00000,0x00000007c0000000)
 ParOldGen       total 87552K, used 45049K [0x0000000740000000, 0x0000000745580000, 0x0000000795580000)
  object space 87552K, 51% used [0x0000000740000000,0x0000000742bfe510,0x0000000745580000)
 Metaspace       used 19626K, capacity 19857K, committed 20224K, reserved 1067008K
  class space    used 1954K, capacity 2047K, committed 2048K, reserved 1048576K
}

Deoptimization events (10 events):
Event: 6.359 Thread 0x00007fdffaa9d800 Uncommon trap: reason=unstable_if action=reinterpret pc=0x000000010ac5b5a4 method=java.util.HashMap.removeNode(ILjava/lang/Object;Ljava/lang/Object;ZZ)Ljava/util/HashMap$Node; @ 58
Event: 6.359 Thread 0x00007fdffaa9d800 Uncommon trap: reason=unstable_if action=reinterpret pc=0x000000010ac4c698 method=java.util.HashMap.removeNode(ILjava/lang/Object;Ljava/lang/Object;ZZ)Ljava/util/HashMap$Node; @ 58
Event: 6.965 Thread 0x00007fdffaa9d800 Uncommon trap: reason=unstable_if action=reinterpret pc=0x000000010ade0e3c method=com.jogamp.common.util.IntIntHashMap.get(I)I @ 28
Event: 7.530 Thread 0x00007fdffaa9d800 Uncommon trap: reason=unstable_if action=reinterpret pc=0x000000010ab9d340 method=java.io.BufferedReader.readLine(Z)Ljava/lang/String; @ 55
Event: 15.919 Thread 0x00007fdffa166800 Uncommon trap: reason=class_check action=maybe_recompile pc=0x000000010acc4404 method=java.util.HashMap.putVal(ILjava/lang/Object;Ljava/lang/Object;ZZ)Ljava/lang/Object; @ 91
Event: 15.919 Thread 0x00007fdffa166800 Uncommon trap: reason=class_check action=maybe_recompile pc=0x000000010acc4404 method=java.util.HashMap.putVal(ILjava/lang/Object;Ljava/lang/Object;ZZ)Ljava/lang/Object; @ 91
Event: 15.919 Thread 0x00007fdffa166800 Uncommon trap: reason=class_check action=maybe_recompile pc=0x000000010acc4404 method=java.util.HashMap.putVal(ILjava/lang/Object;Ljava/lang/Object;ZZ)Ljava/lang/Object; @ 91
Event: 15.919 Thread 0x00007fdffa166800 Uncommon trap: reason=class_check action=maybe_recompile pc=0x000000010acc4404 method=java.util.HashMap.putVal(ILjava/lang/Object;Ljava/lang/Object;ZZ)Ljava/lang/Object; @ 91
Event: 15.919 Thread 0x00007fdffa166800 Uncommon trap: reason=class_check action=maybe_recompile pc=0x000000010abe5e2c method=java.util.HashMap.putVal(ILjava/lang/Object;Ljava/lang/Object;ZZ)Ljava/lang/Object; @ 91
Event: 15.920 Thread 0x00007fdffa166800 Uncommon trap: reason=predicate action=maybe_recompile pc=0x000000010adb9d6c method=java.util.ArrayList.remove(Ljava/lang/Object;)Z @ 49

Internal exceptions (10 events):
Event: 0.460 Thread 0x00007fdffa806000 Exception <a 'java/io/FileNotFoundException'> (0x0000000795916358) thrown at [/Users/java_re/workspace/8-2-build-macosx-x86_64/jdk8u111/7883/hotspot/src/share/vm/prims/jni.cpp, line 709]
Event: 0.565 Thread 0x00007fdffa806000 Exception <a 'java/io/FileNotFoundException'> (0x0000000795953210) thrown at [/Users/java_re/workspace/8-2-build-macosx-x86_64/jdk8u111/7883/hotspot/src/share/vm/prims/jni.cpp, line 709]
Event: 3.952 Thread 0x00007fdffa450000 Exception <a 'java/io/FileNotFoundException'> (0x00000007965b9868) thrown at [/Users/java_re/workspace/8-2-build-macosx-x86_64/jdk8u111/7883/hotspot/src/share/vm/prims/jni.cpp, line 709]
Event: 3.953 Thread 0x00007fdffa450000 Exception <a 'java/io/FileNotFoundException'> (0x00000007965c0250) thrown at [/Users/java_re/workspace/8-2-build-macosx-x86_64/jdk8u111/7883/hotspot/src/share/vm/prims/jni.cpp, line 709]
Event: 3.953 Thread 0x00007fdffa450000 Implicit null exception at 0x000000010aac38f6 to 0x000000010aac3cc5
Event: 4.019 Thread 0x00007fdffa450000 Exception <a 'java/io/FileNotFoundException'> (0x00000007967ce508) thrown at [/Users/java_re/workspace/8-2-build-macosx-x86_64/jdk8u111/7883/hotspot/src/share/vm/prims/jni.cpp, line 709]
Event: 4.323 Thread 0x00007fdffa83c000 Exception <a 'java/lang/NullPointerException'> (0x00000007956a8168) thrown at [/Users/java_re/workspace/8-2-build-macosx-x86_64/jdk8u111/7883/hotspot/src/share/vm/interpreter/linkResolver.cpp, line 1178]
Event: 4.606 Thread 0x00007fdffa450000 Implicit null exception at 0x000000010ac5537c to 0x000000010ac55b45
Event: 4.839 Thread 0x00007fdffa450000 Exception <a 'java/lang/UnsatisfiedLinkError': com.jogamp.common.util.JarUtil.fixNativeLibAttribs(Ljava/lang/String;)Z> (0x00000007966085d8) thrown at [/Users/java_re/workspace/8-2-build-macosx-x86_64/jdk8u111/7883/hotspot/src/share/vm/prims/nativeLookup.
Event: 6.284 Thread 0x00007fdffaa9d800 Exception <a 'java/io/FileNotFoundException'> (0x0000000797587ea0) thrown at [/Users/java_re/workspace/8-2-build-macosx-x86_64/jdk8u111/7883/hotspot/src/share/vm/prims/jni.cpp, line 709]

Events (10 events):
Event: 15.939 loading class java/awt/LightweightDispatcher$2 done
Event: 15.940 loading class java/awt/event/AWTEventListenerProxy
Event: 15.940 loading class java/awt/event/AWTEventListenerProxy done
Event: 15.940 loading class java/awt/Toolkit$ToolkitEventMulticaster
Event: 15.940 loading class java/awt/Toolkit$ToolkitEventMulticaster done
Event: 15.940 Thread 0x00007fdffa166800 Thread exited: 0x00007fdffa166800
Event: 15.940 loading class java/lang/IllegalThreadStateException
Event: 15.940 loading class java/lang/IllegalThreadStateException done
Event: 15.941 loading class java/awt/Window$1DisposeAction
Event: 15.941 loading class java/awt/Window$1DisposeAction done


Dynamic libraries:
0x0000000049ea3000 	/System/Library/Frameworks/Cocoa.framework/Versions/A/Cocoa
0x0000000049ea3000 	/System/Library/Frameworks/Security.framework/Versions/A/Security
0x0000000049ea3000 	/System/Library/Frameworks/ApplicationServices.framework/Versions/A/ApplicationServices
0x0000000049ea3000 	/usr/lib/libz.1.dylib
0x0000000049ea3000 	/usr/lib/libSystem.B.dylib
0x0000000049ea3000 	/usr/lib/libobjc.A.dylib
0x0000000049ea3000 	/System/Library/Frameworks/CoreFoundation.framework/Versions/A/CoreFoundation
0x0000000049ea3000 	/System/Library/Frameworks/Foundation.framework/Versions/C/Foundation
0x0000000049ea3000 	/System/Library/Frameworks/AppKit.framework/Versions/C/AppKit
0x0000000049ea3000 	/System/Library/Frameworks/CoreData.framework/Versions/A/CoreData
0x0000000049ea3000 	/System/Library/PrivateFrameworks/RemoteViewServices.framework/Versions/A/RemoteViewServices
0x0000000049ea3000 	/System/Library/PrivateFrameworks/UIFoundation.framework/Versions/A/UIFoundation
0x0000000049ea3000 	/usr/lib/libenergytrace.dylib
0x0000000049ea3000 	/System/Library/PrivateFrameworks/SkyLight.framework/Versions/A/SkyLight
0x0000000049ea3000 	/System/Library/Frameworks/CoreGraphics.framework/Versions/A/CoreGraphics
0x0000000049ea3000 	/usr/lib/libScreenReader.dylib
0x0000000049ea3000 	/System/Library/Frameworks/Accelerate.framework/Versions/A/Accelerate
0x0000000049ea3000 	/System/Library/Frameworks/IOSurface.framework/Versions/A/IOSurface
0x0000000049ea3000 	/System/Library/Frameworks/AudioToolbox.framework/Versions/A/AudioToolbox
0x0000000049ea3000 	/System/Library/Frameworks/AudioUnit.framework/Versions/A/AudioUnit
0x0000000049ea3000 	/System/Library/PrivateFrameworks/DataDetectorsCore.framework/Versions/A/DataDetectorsCore
0x0000000049ea3000 	/System/Library/PrivateFrameworks/DesktopServicesPriv.framework/Versions/A/DesktopServicesPriv
0x0000000049ea3000 	/System/Library/Frameworks/Carbon.framework/Versions/A/Frameworks/HIToolbox.framework/Versions/A/HIToolbox
0x0000000049ea3000 	/usr/lib/libicucore.A.dylib
0x0000000049ea3000 	/System/Library/Frameworks/QuartzCore.framework/Versions/A/QuartzCore
0x0000000049ea3000 	/System/Library/Frameworks/Carbon.framework/Versions/A/Frameworks/SpeechRecognition.framework/Versions/A/SpeechRecognition
0x0000000049ea3000 	/usr/lib/libauto.dylib
0x0000000049ea3000 	/usr/lib/libxml2.2.dylib
0x0000000049ea3000 	/System/Library/PrivateFrameworks/CoreUI.framework/Versions/A/CoreUI
0x0000000049ea3000 	/System/Library/Frameworks/CoreAudio.framework/Versions/A/CoreAudio
0x0000000049ea3000 	/System/Library/Frameworks/DiskArbitration.framework/Versions/A/DiskArbitration
0x0000000049ea3000 	/usr/lib/liblangid.dylib
0x0000000049ea3000 	/System/Library/PrivateFrameworks/MultitouchSupport.framework/Versions/A/MultitouchSupport
0x0000000049ea3000 	/System/Library/Frameworks/IOKit.framework/Versions/A/IOKit
0x0000000049ea3000 	/usr/lib/libDiagnosticMessagesClient.dylib
0x0000000049ea3000 	/System/Library/Frameworks/CoreServices.framework/Versions/A/CoreServices
0x0000000049ea3000 	/System/Library/PrivateFrameworks/PerformanceAnalysis.framework/Versions/A/PerformanceAnalysis
0x0000000049ea3000 	/System/Library/PrivateFrameworks/GenerationalStorage.framework/Versions/A/GenerationalStorage
0x0000000049ea3000 	/System/Library/Frameworks/OpenGL.framework/Versions/A/OpenGL
0x0000000049ea3000 	/System/Library/Frameworks/CoreImage.framework/Versions/A/CoreImage
0x0000000049ea3000 	/System/Library/Frameworks/CoreText.framework/Versions/A/CoreText
0x0000000049ea3000 	/System/Library/Frameworks/ImageIO.framework/Versions/A/ImageIO
0x0000000049ea3000 	/System/Library/PrivateFrameworks/Backup.framework/Versions/A/Backup
0x0000000049ea3000 	/usr/lib/libarchive.2.dylib
0x0000000049ea3000 	/System/Library/Frameworks/CFNetwork.framework/Versions/A/CFNetwork
0x0000000049ea3000 	/System/Library/Frameworks/SystemConfiguration.framework/Versions/A/SystemConfiguration
0x0000000049ea3000 	/usr/lib/libCRFSuite.dylib
0x0000000049ea3000 	/usr/lib/libc++.1.dylib
0x0000000049ea3000 	/usr/lib/libc++abi.dylib
0x0000000049ea3000 	/usr/lib/system/libcache.dylib
0x0000000049ea3000 	/usr/lib/system/libcommonCrypto.dylib
0x0000000049ea3000 	/usr/lib/system/libcompiler_rt.dylib
0x0000000049ea3000 	/usr/lib/system/libcopyfile.dylib
0x0000000049ea3000 	/usr/lib/system/libcorecrypto.dylib
0x0000000049ea3000 	/usr/lib/system/libdispatch.dylib
0x0000000049ea3000 	/usr/lib/system/libdyld.dylib
0x0000000049ea3000 	/usr/lib/system/libkeymgr.dylib
0x0000000049ea3000 	/usr/lib/system/liblaunch.dylib
0x0000000049ea3000 	/usr/lib/system/libmacho.dylib
0x0000000049ea3000 	/usr/lib/system/libquarantine.dylib
0x0000000049ea3000 	/usr/lib/system/libremovefile.dylib
0x0000000049ea3000 	/usr/lib/system/libsystem_asl.dylib
0x0000000049ea3000 	/usr/lib/system/libsystem_blocks.dylib
0x0000000049ea3000 	/usr/lib/system/libsystem_c.dylib
0x0000000049ea3000 	/usr/lib/system/libsystem_configuration.dylib
0x0000000049ea3000 	/usr/lib/system/libsystem_coreservices.dylib
0x0000000049ea3000 	/usr/lib/system/libsystem_coretls.dylib
0x0000000049ea3000 	/usr/lib/system/libsystem_dnssd.dylib
0x0000000049ea3000 	/usr/lib/system/libsystem_info.dylib
0x0000000049ea3000 	/usr/lib/system/libsystem_kernel.dylib
0x0000000049ea3000 	/usr/lib/system/libsystem_m.dylib
0x0000000049ea3000 	/usr/lib/system/libsystem_malloc.dylib
0x0000000049ea3000 	/usr/lib/system/libsystem_network.dylib
0x0000000049ea3000 	/usr/lib/system/libsystem_networkextension.dylib
0x0000000049ea3000 	/usr/lib/system/libsystem_notify.dylib
0x0000000049ea3000 	/usr/lib/system/libsystem_platform.dylib
0x0000000049ea3000 	/usr/lib/system/libsystem_pthread.dylib
0x0000000049ea3000 	/usr/lib/system/libsystem_sandbox.dylib
0x0000000049ea3000 	/usr/lib/system/libsystem_secinit.dylib
0x0000000049ea3000 	/usr/lib/system/libsystem_symptoms.dylib
0x0000000049ea3000 	/usr/lib/system/libsystem_trace.dylib
0x0000000049ea3000 	/usr/lib/system/libunwind.dylib
0x0000000049ea3000 	/usr/lib/system/libxpc.dylib
0x0000000049ea3000 	/usr/lib/libbsm.0.dylib
0x0000000049ea3000 	/usr/lib/system/libkxld.dylib
0x0000000049ea3000 	/usr/lib/libcoretls.dylib
0x0000000049ea3000 	/usr/lib/libcoretls_cfhelpers.dylib
0x0000000049ea3000 	/usr/lib/libxar.1.dylib
0x0000000049ea3000 	/usr/lib/libsqlite3.dylib
0x0000000049ea3000 	/usr/lib/libpam.2.dylib
0x0000000049ea3000 	/usr/lib/libOpenScriptingUtil.dylib
0x0000000049ea3000 	/usr/lib/libbz2.1.0.dylib
0x0000000049ea3000 	/usr/lib/liblzma.5.dylib
0x0000000049ea3000 	/usr/lib/libnetwork.dylib
0x0000000049ea3000 	/usr/lib/libpcap.A.dylib
0x0000000049ea3000 	/System/Library/Frameworks/CoreServices.framework/Versions/A/Frameworks/FSEvents.framework/Versions/A/FSEvents
0x0000000049ea3000 	/System/Library/Frameworks/CoreServices.framework/Versions/A/Frameworks/CarbonCore.framework/Versions/A/CarbonCore
0x0000000049ea3000 	/System/Library/Frameworks/CoreServices.framework/Versions/A/Frameworks/Metadata.framework/Versions/A/Metadata
0x0000000049ea3000 	/System/Library/Frameworks/CoreServices.framework/Versions/A/Frameworks/OSServices.framework/Versions/A/OSServices
0x0000000049ea3000 	/System/Library/Frameworks/CoreServices.framework/Versions/A/Frameworks/SearchKit.framework/Versions/A/SearchKit
0x0000000049ea3000 	/System/Library/Frameworks/CoreServices.framework/Versions/A/Frameworks/AE.framework/Versions/A/AE
0x0000000049ea3000 	/System/Library/Frameworks/CoreServices.framework/Versions/A/Frameworks/LaunchServices.framework/Versions/A/LaunchServices
0x0000000049ea3000 	/System/Library/Frameworks/CoreServices.framework/Versions/A/Frameworks/DictionaryServices.framework/Versions/A/DictionaryServices
0x0000000049ea3000 	/System/Library/Frameworks/CoreServices.framework/Versions/A/Frameworks/SharedFileList.framework/Versions/A/SharedFileList
0x0000000049ea3000 	/System/Library/Frameworks/NetFS.framework/Versions/A/NetFS
0x0000000049ea3000 	/System/Library/PrivateFrameworks/NetAuth.framework/Versions/A/NetAuth
0x0000000049ea3000 	/System/Library/PrivateFrameworks/login.framework/Versions/A/Frameworks/loginsupport.framework/Versions/A/loginsupport
0x0000000049ea3000 	/System/Library/PrivateFrameworks/TCC.framework/Versions/A/TCC
0x0000000049ea3000 	/usr/lib/libmecabra.dylib
0x0000000049ea3000 	/System/Library/Frameworks/ApplicationServices.framework/Versions/A/Frameworks/ATS.framework/Versions/A/ATS
0x0000000049ea3000 	/System/Library/Frameworks/ApplicationServices.framework/Versions/A/Frameworks/ColorSync.framework/Versions/A/ColorSync
0x0000000049ea3000 	/System/Library/Frameworks/ApplicationServices.framework/Versions/A/Frameworks/HIServices.framework/Versions/A/HIServices
0x0000000049ea3000 	/System/Library/Frameworks/ApplicationServices.framework/Versions/A/Frameworks/LangAnalysis.framework/Versions/A/LangAnalysis
0x0000000049ea3000 	/System/Library/Frameworks/ApplicationServices.framework/Versions/A/Frameworks/PrintCore.framework/Versions/A/PrintCore
0x0000000049ea3000 	/System/Library/Frameworks/ApplicationServices.framework/Versions/A/Frameworks/QD.framework/Versions/A/QD
0x0000000049ea3000 	/System/Library/Frameworks/ApplicationServices.framework/Versions/A/Frameworks/SpeechSynthesis.framework/Versions/A/SpeechSynthesis
0x0000000049ea3000 	/System/Library/Frameworks/Accelerate.framework/Versions/A/Frameworks/vImage.framework/Versions/A/vImage
0x0000000049ea3000 	/System/Library/Frameworks/Accelerate.framework/Versions/A/Frameworks/vecLib.framework/Versions/A/vecLib
0x0000000049ea3000 	/System/Library/Frameworks/Accelerate.framework/Versions/A/Frameworks/vecLib.framework/Versions/A/libvDSP.dylib
0x0000000049ea3000 	/System/Library/Frameworks/Accelerate.framework/Versions/A/Frameworks/vecLib.framework/Versions/A/libBNNS.dylib
0x0000000049ea3000 	/System/Library/Frameworks/Accelerate.framework/Versions/A/Frameworks/vecLib.framework/Versions/A/libQuadrature.dylib
0x0000000049ea3000 	/System/Library/Frameworks/Accelerate.framework/Versions/A/Frameworks/vecLib.framework/Versions/A/libvMisc.dylib
0x0000000049ea3000 	/System/Library/Frameworks/Accelerate.framework/Versions/A/Frameworks/vecLib.framework/Versions/A/libLAPACK.dylib
0x0000000049ea3000 	/System/Library/Frameworks/Accelerate.framework/Versions/A/Frameworks/vecLib.framework/Versions/A/libBLAS.dylib
0x0000000049ea3000 	/System/Library/Frameworks/Accelerate.framework/Versions/A/Frameworks/vecLib.framework/Versions/A/libLinearAlgebra.dylib
0x0000000049ea3000 	/System/Library/Frameworks/Accelerate.framework/Versions/A/Frameworks/vecLib.framework/Versions/A/libSparseBLAS.dylib
0x0000000049ea3000 	/System/Library/Frameworks/ApplicationServices.framework/Versions/A/Frameworks/ATS.framework/Versions/A/Resources/libFontParser.dylib
0x0000000049ea3000 	/System/Library/Frameworks/ApplicationServices.framework/Versions/A/Frameworks/ATS.framework/Versions/A/Resources/libFontRegistry.dylib
0x0000000049ea3000 	/System/Library/Frameworks/ImageIO.framework/Versions/A/Resources/libJPEG.dylib
0x0000000049ea3000 	/System/Library/Frameworks/ImageIO.framework/Versions/A/Resources/libTIFF.dylib
0x0000000049ea3000 	/System/Library/Frameworks/ImageIO.framework/Versions/A/Resources/libPng.dylib
0x0000000049ea3000 	/System/Library/Frameworks/ImageIO.framework/Versions/A/Resources/libGIF.dylib
0x0000000049ea3000 	/System/Library/Frameworks/ImageIO.framework/Versions/A/Resources/libJP2.dylib
0x0000000049ea3000 	/System/Library/Frameworks/ImageIO.framework/Versions/A/Resources/libRadiance.dylib
0x0000000049ea3000 	/usr/lib/libcompression.dylib
0x0000000049ea3000 	/System/Library/PrivateFrameworks/AppleJPEG.framework/Versions/A/AppleJPEG
0x0000000049ea3000 	/usr/lib/libcups.2.dylib
0x0000000049ea3000 	/System/Library/Frameworks/Kerberos.framework/Versions/A/Kerberos
0x0000000049ea3000 	/System/Library/Frameworks/GSS.framework/Versions/A/GSS
0x0000000049ea3000 	/usr/lib/libresolv.9.dylib
0x0000000049ea3000 	/usr/lib/libiconv.2.dylib
0x0000000049ea3000 	/System/Library/PrivateFrameworks/Heimdal.framework/Versions/A/Heimdal
0x0000000049ea3000 	/usr/lib/libheimdal-asn1.dylib
0x0000000049ea3000 	/System/Library/Frameworks/OpenDirectory.framework/Versions/A/OpenDirectory
0x0000000049ea3000 	/System/Library/PrivateFrameworks/CommonAuth.framework/Versions/A/CommonAuth
0x0000000049ea3000 	/System/Library/Frameworks/OpenDirectory.framework/Versions/A/Frameworks/CFOpenDirectory.framework/Versions/A/CFOpenDirectory
0x0000000049ea3000 	/System/Library/Frameworks/SecurityFoundation.framework/Versions/A/SecurityFoundation
0x0000000049ea3000 	/System/Library/PrivateFrameworks/LanguageModeling.framework/Versions/A/LanguageModeling
0x0000000049ea3000 	/usr/lib/libmarisa.dylib
0x0000000049ea3000 	/usr/lib/libChineseTokenizer.dylib
0x0000000049ea3000 	/usr/lib/libcmph.dylib
0x0000000049ea3000 	/System/Library/PrivateFrameworks/CoreEmoji.framework/Versions/A/CoreEmoji
0x0000000049ea3000 	/System/Library/Frameworks/ServiceManagement.framework/Versions/A/ServiceManagement
0x0000000049ea3000 	/usr/lib/libxslt.1.dylib
0x0000000049ea3000 	/System/Library/Frameworks/Carbon.framework/Versions/A/Frameworks/Ink.framework/Versions/A/Ink
0x0000000049ea3000 	/System/Library/PrivateFrameworks/TextureIO.framework/Versions/A/TextureIO
0x0000000049ea3000 	/System/Library/Frameworks/Metal.framework/Versions/A/Metal
0x0000000049ea3000 	/usr/lib/libate.dylib
0x0000000049ea3000 	/System/Library/PrivateFrameworks/GPUCompiler.framework/libmetal_timestamp.dylib
0x0000000049ea3000 	/System/Library/Frameworks/OpenGL.framework/Versions/A/Libraries/libCoreFSCache.dylib
0x0000000049ea3000 	/System/Library/PrivateFrameworks/IOAccelerator.framework/Versions/A/IOAccelerator
0x0000000049ea3000 	/System/Library/Frameworks/CoreVideo.framework/Versions/A/CoreVideo
0x0000000049ea3000 	/usr/lib/libFosl_dynamic.dylib
0x0000000049ea3000 	/System/Library/PrivateFrameworks/MetalPerformanceShaders.framework/Versions/A/MetalPerformanceShaders
0x0000000049ea3000 	/System/Library/PrivateFrameworks/FaceCore.framework/Versions/A/FaceCore
0x0000000049ea3000 	/System/Library/Frameworks/OpenCL.framework/Versions/A/OpenCL
0x0000000049ea3000 	/System/Library/Frameworks/OpenGL.framework/Versions/A/Libraries/libGLU.dylib
0x0000000049ea3000 	/System/Library/Frameworks/OpenGL.framework/Versions/A/Libraries/libGFXShared.dylib
0x0000000049ea3000 	/System/Library/Frameworks/OpenGL.framework/Versions/A/Libraries/libGL.dylib
0x0000000049ea3000 	/System/Library/Frameworks/OpenGL.framework/Versions/A/Libraries/libGLImage.dylib
0x0000000049ea3000 	/System/Library/Frameworks/OpenGL.framework/Versions/A/Libraries/libCVMSPluginSupport.dylib
0x0000000049ea3000 	/System/Library/Frameworks/OpenGL.framework/Versions/A/Libraries/libCoreVMClient.dylib
0x0000000049ea3000 	/System/Library/PrivateFrameworks/CrashReporterSupport.framework/Versions/A/CrashReporterSupport
0x0000000049ea3000 	/System/Library/PrivateFrameworks/Sharing.framework/Versions/A/Sharing
0x0000000049ea3000 	/System/Library/PrivateFrameworks/IconServices.framework/Versions/A/IconServices
0x0000000049ea3000 	/System/Library/PrivateFrameworks/ProtocolBuffer.framework/Versions/A/ProtocolBuffer
0x0000000049ea3000 	/System/Library/PrivateFrameworks/Apple80211.framework/Versions/A/Apple80211
0x0000000049ea3000 	/System/Library/Frameworks/CoreWLAN.framework/Versions/A/CoreWLAN
0x0000000049ea3000 	/System/Library/PrivateFrameworks/CoreUtils.framework/Versions/A/CoreUtils
0x0000000049ea3000 	/System/Library/Frameworks/IOBluetooth.framework/Versions/A/IOBluetooth
0x0000000049ea3000 	/System/Library/PrivateFrameworks/CoreWiFi.framework/Versions/A/CoreWiFi
0x0000000049ea3000 	/System/Library/Frameworks/CoreBluetooth.framework/Versions/A/CoreBluetooth
0x0000000049ea3000 	/System/Library/Frameworks/CoreDisplay.framework/Versions/A/CoreDisplay
0x0000000049ea3000 	/System/Library/PrivateFrameworks/IOPresentment.framework/Versions/A/IOPresentment
0x0000000049ea3000 	/System/Library/PrivateFrameworks/DebugSymbols.framework/Versions/A/DebugSymbols
0x0000000049ea3000 	/System/Library/PrivateFrameworks/CoreSymbolication.framework/Versions/A/CoreSymbolication
0x0000000049ea3000 	/System/Library/PrivateFrameworks/Symbolication.framework/Versions/A/Symbolication
0x0000000049ea3000 	/System/Library/PrivateFrameworks/AppleFSCompression.framework/Versions/A/AppleFSCompression
0x0000000049ea3000 	/System/Library/PrivateFrameworks/SpeechRecognitionCore.framework/Versions/A/SpeechRecognitionCore
0x0000000049ea3000 	/System/Library/PrivateFrameworks/ChunkingLibrary.framework/Versions/A/ChunkingLibrary
0x0000000107a00000 	/Library/Java/JavaVirtualMachines/jdk1.8.0_111.jdk/Contents/Home/jre/lib/server/libjvm.dylib
0x0000000049ea3000 	/usr/lib/libstdc++.6.dylib
0x0000000107112000 	/Library/Java/JavaVirtualMachines/jdk1.8.0_111.jdk/Contents/Home/jre/lib/libverify.dylib
0x0000000107120000 	/Library/Java/JavaVirtualMachines/jdk1.8.0_111.jdk/Contents/Home/jre/lib/libjava.dylib
0x000000010715f000 	/Library/Java/JavaVirtualMachines/jdk1.8.0_111.jdk/Contents/Home/jre/lib/libzip.dylib
0x000000010a874000 	/System/Library/Frameworks/JavaVM.framework/Frameworks/JavaRuntimeSupport.framework/JavaRuntimeSupport
0x000000011e31b000 	/System/Library/Frameworks/JavaVM.framework/Versions/A/Frameworks/JavaNativeFoundation.framework/Versions/A/JavaNativeFoundation
0x000000011e330000 	/System/Library/Frameworks/JavaVM.framework/Versions/A/JavaVM
0x0000000049ea3000 	/System/Library/Frameworks/Carbon.framework/Versions/A/Carbon
0x000000011e33d000 	/System/Library/PrivateFrameworks/JavaLaunching.framework/Versions/A/JavaLaunching
0x0000000049ea3000 	/System/Library/Frameworks/Carbon.framework/Versions/A/Frameworks/CommonPanels.framework/Versions/A/CommonPanels
0x0000000049ea3000 	/System/Library/Frameworks/Carbon.framework/Versions/A/Frameworks/Help.framework/Versions/A/Help
0x0000000049ea3000 	/System/Library/Frameworks/Carbon.framework/Versions/A/Frameworks/ImageCapture.framework/Versions/A/ImageCapture
0x0000000049ea3000 	/System/Library/Frameworks/Carbon.framework/Versions/A/Frameworks/OpenScripting.framework/Versions/A/OpenScripting
0x0000000049ea3000 	/System/Library/Frameworks/Carbon.framework/Versions/A/Frameworks/Print.framework/Versions/A/Print
0x0000000049ea3000 	/System/Library/Frameworks/Carbon.framework/Versions/A/Frameworks/SecurityHI.framework/Versions/A/SecurityHI
0x000000011fc43000 	/Library/Java/JavaVirtualMachines/jdk1.8.0_111.jdk/Contents/Home/jre/lib/libawt.dylib
0x000000011fceb000 	/Library/Java/JavaVirtualMachines/jdk1.8.0_111.jdk/Contents/Home/jre/lib/./libmlib_image.dylib
0x000000011fdb7000 	/Library/Java/JavaVirtualMachines/jdk1.8.0_111.jdk/Contents/Home/jre/lib/libawt_lwawt.dylib
0x000000011fe6c000 	/Library/Java/JavaVirtualMachines/jdk1.8.0_111.jdk/Contents/Home/jre/lib/./libosxapp.dylib
0x0000000049ea3000 	/System/Library/Frameworks/ExceptionHandling.framework/Versions/A/ExceptionHandling
0x0000000049ea3000 	/System/Library/PrivateFrameworks/CoreServicesInternal.framework/Versions/A/CoreServicesInternal
0x0000000049ea3000 	/System/Library/CoreServices/RawCamera.bundle/Contents/MacOS/RawCamera
0x0000000049ea3000 	/System/Library/Frameworks/Accelerate.framework/Versions/A/Frameworks/vImage.framework/Versions/A/Libraries/libCGInterfaces.dylib
0x0000000049ea3000 	/System/Library/Frameworks/ApplicationServices.framework/Versions/A/Frameworks/ATS.framework/Versions/A/Resources/libTrueTypeScaler.dylib
0x0000000049ea3000 	/System/Library/Frameworks/OpenGL.framework/Versions/A/Resources/GLEngine.bundle/GLEngine
0x0000000049ea3000 	/System/Library/Frameworks/OpenGL.framework/Versions/A/Libraries/libGLProgrammability.dylib
0x0000000121afd000 	/System/Library/Extensions/AppleIntelHD5000GraphicsGLDriver.bundle/Contents/MacOS/AppleIntelHD5000GraphicsGLDriver
0x0000000049ea3000 	/System/Library/PrivateFrameworks/GPUSupport.framework/Versions/A/Libraries/libGPUSupportMercury.dylib
0x0000000049ea3000 	/System/Library/Frameworks/OpenGL.framework/Versions/A/Resources/GLRendererFloat.bundle/GLRendererFloat
0x0000000049ea3000 	/System/Library/Frameworks/OpenCL.framework/Versions/A/Libraries/libcldcpuengine.dylib
0x0000000049ea3000 	/usr/lib/libcrypto.0.9.8.dylib
0x0000000049ea3000 	/System/Library/PrivateFrameworks/TrustEvaluationAgent.framework/Versions/A/TrustEvaluationAgent
0x000000012227b000 	/System/Library/Extensions/AppleIntelHD5000GraphicsMTLDriver.bundle/Contents/MacOS/AppleIntelHD5000GraphicsMTLDriver
0x0000000049ea3000 	/System/Library/PrivateFrameworks/FamilyControls.framework/Versions/A/FamilyControls
0x0000000049ea3000 	/System/Library/PrivateFrameworks/CommerceKit.framework/Versions/A/Frameworks/CommerceCore.framework/Versions/A/CommerceCore
0x0000000049ea3000 	/System/Library/PrivateFrameworks/SystemAdministration.framework/Versions/A/SystemAdministration
0x0000000049ea3000 	/System/Library/PrivateFrameworks/AppContainer.framework/Versions/A/AppContainer
0x0000000049ea3000 	/System/Library/PrivateFrameworks/SecCodeWrapper.framework/Versions/A/SecCodeWrapper
0x0000000049ea3000 	/System/Library/Frameworks/DirectoryService.framework/Versions/A/DirectoryService
0x0000000049ea3000 	/System/Library/PrivateFrameworks/DiskImages.framework/Versions/A/DiskImages
0x0000000049ea3000 	/System/Library/PrivateFrameworks/LoginUIKit.framework/Versions/A/Frameworks/LoginUICore.framework/Versions/A/LoginUICore
0x0000000049ea3000 	/usr/lib/libCoreStorage.dylib
0x0000000049ea3000 	/usr/lib/libcsfde.dylib
0x0000000049ea3000 	/usr/lib/libodfde.dylib
0x0000000049ea3000 	/System/Library/Frameworks/DiscRecording.framework/Versions/A/DiscRecording
0x0000000049ea3000 	/usr/lib/libcurl.4.dylib
0x0000000049ea3000 	/System/Library/PrivateFrameworks/MediaKit.framework/Versions/A/MediaKit
0x0000000049ea3000 	/System/Library/PrivateFrameworks/ProtectedCloudStorage.framework/Versions/A/ProtectedCloudStorage
0x0000000049ea3000 	/System/Library/PrivateFrameworks/EFILogin.framework/Versions/A/EFILogin
0x0000000049ea3000 	/usr/lib/libutil.dylib
0x0000000049ea3000 	/System/Library/Frameworks/LDAP.framework/Versions/A/LDAP
0x0000000049ea3000 	/usr/lib/libsasl2.2.dylib
0x0000000049ea3000 	/System/Library/PrivateFrameworks/CoreDaemon.framework/Versions/B/CoreDaemon
0x0000000049ea3000 	/System/Library/PrivateFrameworks/AppleSRP.framework/Versions/A/AppleSRP
0x0000000049ea3000 	/System/Library/PrivateFrameworks/APFS.framework/Versions/A/APFS
0x0000000123d8b000 	/Library/Java/JavaVirtualMachines/jdk1.8.0_111.jdk/Contents/Home/jre/lib/libfontmanager.dylib
0x0000000125186000 	/Library/Java/JavaVirtualMachines/jdk1.8.0_111.jdk/Contents/Home/jre/lib/libosxui.dylib
0x0000000049ea3000 	/System/Library/PrivateFrameworks/ViewBridge.framework/Versions/A/ViewBridge
0x0000000049ea3000 	/System/Library/PrivateFrameworks/XPCService.framework/Versions/A/XPCService
0x0000000049ea3000 	/System/Library/PrivateFrameworks/AppSandbox.framework/Versions/A/AppSandbox
0x0000000049ea3000 	/usr/lib/libsandbox.1.dylib
0x0000000049ea3000 	/usr/lib/libMatch.1.dylib
0x0000000125f07000 	/Library/Java/JavaVirtualMachines/jdk1.8.0_111.jdk/Contents/Home/jre/lib/libnet.dylib
0x0000000125f66000 	/Library/Java/JavaVirtualMachines/jdk1.8.0_111.jdk/Contents/Home/jre/lib/libnio.dylib
0x0000000120d86000 	/private/var/folders/qk/z1qqpcwd0wx0z14thz2z48xw0000gr/T/jogamp_0000/file_cache/jln6689846023827703866/jln9063403150459308618/libgluegen-rt.jnilib
0x0000000120d8b000 	/private/var/folders/qk/z1qqpcwd0wx0z14thz2z48xw0000gr/T/jogamp_0000/file_cache/jln6689846023827703866/jln9063403150459308618/libnativewindow_awt.jnilib
0x0000000120d8e000 	/Library/Java/JavaVirtualMachines/jdk1.8.0_111.jdk/Contents/Home/jre/lib/libjawt.dylib
0x0000000120d91000 	/private/var/folders/qk/z1qqpcwd0wx0z14thz2z48xw0000gr/T/jogamp_0000/file_cache/jln6689846023827703866/jln9063403150459308618/libnativewindow_macosx.jnilib
0x0000000164195000 	/private/var/folders/qk/z1qqpcwd0wx0z14thz2z48xw0000gr/T/jogamp_0000/file_cache/jln6689846023827703866/jln9063403150459308618/libjogl_desktop.jnilib
0x00000001216e5000 	/Library/Java/JavaVirtualMachines/jdk1.8.0_111.jdk/Contents/Home/jre/lib/libjpeg.dylib

VM Arguments:
jvm_args: -Djava.security.policy=java.policy.applet -Dfile.encoding=UTF-8 
java_command: sun.applet.AppletViewer ai.files.DisplayPath1519765900669.html
java_class_path (initial): /Users/Justin/AQP-AI/AI/build:/Users/Justin/AQP-AI/AI/lib/core.jar:/Users/Justin/AQP-AI/AI/lib/gluegen-rt.jar:/Users/Justin/AQP-AI/AI/lib/jogl-all.jar:/Users/Justin/AQP-AI/AI/lib/log4j-1.2.15.jar:/Users/Justin/AQP-AI/AI/lib/sqlite-jdbc-3.7.2.jar:/Users/Justin/AQP-AI/AI/lib/json4processing.jar:/Users/Justin/AQP-AI/AI/lib/libTUIO.jar:/Users/Justin/AQP-AI/AI/lib/unfolding.0.9.6.jar:/Users/Justin/AQP-AI/AI/lib/DelaunayTriangulator-1.0.3.jar:/Users/Justin/AQP-AI/AI/lib/guava-12.0.jar:/Users/Justin/.p2/pool/plugins/org.junit_4.12.0.v201504281640/junit.jar:/Users/Justin/.p2/pool/plugins/org.hamcrest.core_1.3.0.v201303031735.jar
Launcher Type: SUN_STANDARD

Environment Variables:
PATH=/usr/bin:/bin:/usr/sbin:/sbin
SHELL=/bin/bash
DISPLAY=/private/tmp/com.apple.launchd.mCTsStFHO5/org.macosforge.xquartz:0

Signal Handlers:
SIGSEGV: [libjvm.dylib+0x5b03ed], sa_mask[0]=11111111011111110111111111111111, sa_flags=SA_ONSTACK|SA_RESTART|SA_SIGINFO
SIGBUS: [libjvm.dylib+0x5b03ed], sa_mask[0]=11111111011111110111111111111111, sa_flags=SA_RESTART|SA_SIGINFO
SIGFPE: [libjvm.dylib+0x48711c], sa_mask[0]=11111111011111110111111111111111, sa_flags=SA_RESTART|SA_SIGINFO
SIGPIPE: [libjvm.dylib+0x48711c], sa_mask[0]=11111111011111110111111111111111, sa_flags=SA_RESTART|SA_SIGINFO
SIGXFSZ: [libjvm.dylib+0x48711c], sa_mask[0]=11111111011111110111111111111111, sa_flags=SA_RESTART|SA_SIGINFO
SIGILL: [libjvm.dylib+0x48711c], sa_mask[0]=11111111011111110111111111111111, sa_flags=SA_RESTART|SA_SIGINFO
SIGUSR1: SIG_DFL, sa_mask[0]=00000000000000000000000000000000, sa_flags=none
SIGUSR2: [libjvm.dylib+0x486c3a], sa_mask[0]=00100000000000000000000000000000, sa_flags=SA_RESTART|SA_SIGINFO
SIGHUP: [libjvm.dylib+0x485211], sa_mask[0]=11111111011111110111111111111111, sa_flags=SA_RESTART|SA_SIGINFO
SIGINT: [libjvm.dylib+0x485211], sa_mask[0]=11111111011111110111111111111111, sa_flags=SA_RESTART|SA_SIGINFO
SIGTERM: [libjvm.dylib+0x485211], sa_mask[0]=11111111011111110111111111111111, sa_flags=SA_RESTART|SA_SIGINFO
SIGQUIT: [libjvm.dylib+0x485211], sa_mask[0]=11111111011111110111111111111111, sa_flags=SA_RESTART|SA_SIGINFO


---------------  S Y S T E M  ---------------

OS:Bsduname:Darwin 16.0.0 Darwin Kernel Version 16.0.0: Mon Aug 29 17:56:20 PDT 2016; root:xnu-3789.1.32~3/RELEASE_X86_64 x86_64
rlimit: STACK 8192k, CORE 0k, NPROC 709, NOFILE 10240, AS infinity
load average:2.31 1.81 1.70

CPU:total 4 (2 cores per cpu, 2 threads per core) family 6 model 69 stepping 1, cmov, cx8, fxsr, mmx, sse, sse2, sse3, ssse3, sse4.1, sse4.2, popcnt, avx, avx2, aes, clmul, erms, lzcnt, ht, tsc, tscinvbit, bmi1, bmi2

Memory: 4k page, physical 8388608k(175980k free)

/proc/meminfo:


vm_info: Java HotSpot(TM) 64-Bit Server VM (25.111-b14) for bsd-amd64 JRE (1.8.0_111-b14), built on Sep 22 2016 15:31:41 by "java_re" with gcc 4.2.1 (Based on Apple Inc. build 5658) (LLVM build 2336.11.00)

time: Tue Feb 27 16:11:56 2018
elapsed time: 15 seconds (0d 0h 0m 15s)

