#
# A fatal error has been detected by the Java Runtime Environment:
#
#  SIGSEGV (0xb) at pc=0x00007fffd37f3b5d, pid=61549, tid=0x000000000000080b
#
# JRE version: Java(TM) SE Runtime Environment (8.0_111-b14) (build 1.8.0_111-b14)
# Java VM: Java HotSpot(TM) 64-Bit Server VM (25.111-b14 mixed mode bsd-amd64 compressed oops)
# Problematic frame:
# C  [libobjc.A.dylib+0x6b5d]  objc_msgSend+0x1d
#
# Failed to write core dump. Core dumps have been disabled. To enable core dumping, try "ulimit -c unlimited" before starting Java again
#
# If you would like to submit a bug report, please visit:
#   http://bugreport.java.com/bugreport/crash.jsp
# The crash happened outside the Java Virtual Machine in native code.
# See problematic frame for where to report the bug.
#

---------------  T H R E A D  ---------------

Current thread (0x00007fa4d1884000):  JavaThread "AWT-AppKit" daemon [_thread_in_native, id=2059, stack(0x00007fff52d58000,0x00007fff53558000)]

siginfo: si_signo: 11 (SIGSEGV), si_code: 1 (SEGV_MAPERR), si_addr: 0x000007fa4d58aee8

Registers:
RAX=0x00007fa4d5c97980, RBX=0x00000001697cc3b0, RCX=0x00007fa4d2a01e70, RDX=0x0000000000000000
RSP=0x00007fff53553518, RBP=0x00007fff535535d0, RSI=0x00007fffbd8821c3, RDI=0x00007fa4d07b4110
R8 =0x0000000000000018, R9 =0x00007fa4d2a01370, R10=0x000007fa4d58aed0, R11=0x00007fffbd8821c3
R12=0x0000000000000000, R13=0x000000016bbe4688, R14=0x00000001697cc3a0, R15=0x00007fa4d1884000
RIP=0x00007fffd37f3b5d, EFLAGS=0x0000000000010202, ERR=0x0000000000000004
  TRAPNO=0x000000000000000e

Top of Stack: (sp=0x00007fff53553518)
0x00007fff53553518:   00000001697ca5d7 00007fff53553570
0x00007fff53553528:   0000000000000003 00007fff53553550
0x00007fff53553538:   000000010d1f27be 000000016bbe4688
0x00007fff53553548:   000000016bbe4688 00007fa4d5c97980
0x00007fff53553558:   00000001697cc5c0 00000001697cc640
0x00007fff53553568:   00000001697cc3b0 00007fffd97b96d0
0x00007fff53553578:   00000001697cc5d0 00007fffda41df90
0x00007fff53553588:   00007fa4d5c97980 00007fa4d07b4110
0x00007fff53553598:   00007fa4d0746470 00007fa4d5c97980
0x00007fff535535a8:   00007fa4d07b4110 00007fff53553650
0x00007fff535535b8:   00007fa4d18841f8 000000016bbe4688
0x00007fff535535c8:   00007fff53553678 00007fff53553640
0x00007fff535535d8:   00000001103d29f4 00007fff53553640
0x00007fff535535e8:   00000001103d2779 00000001103de9a3
0x00007fff535535f8:   00000001103d2742 00007fff53553600
0x00007fff53553608:   000000016bbe4688 00007fff53553678
0x00007fff53553618:   000000016bbe6e78 0000000000000000
0x00007fff53553628:   000000016bbe4688 0000000000000000
0x00007fff53553638:   00007fff53553660 00007fff535536c0
0x00007fff53553648:   00000001103c32bd 000000079970be10
0x00007fff53553658:   00000001103cc538 00007fa4d5c97980
0x00007fff53553668:   00000001103cde39 00007fa4d07b4110
0x00007fff53553678:   00000001103cde02 00007fff53553680
0x00007fff53553688:   000000016bbe4852 00007fff535536e8
0x00007fff53553698:   000000016bbe6e78 0000000000000000
0x00007fff535536a8:   000000016bbe4860 00007fff53553660
0x00007fff535536b8:   00007fff535536d0 00007fff53553730
0x00007fff535536c8:   00000001103c32bd 00007fa4d5c97980
0x00007fff535536d8:   00000007997170f8 00007fa4d07b4110
0x00007fff535536e8:   00000007997170f8 00007fff535536f0
0x00007fff535536f8:   0000000174c36d5e 00007fff53553740
0x00007fff53553708:   0000000174c36e18 0000000000000000 

Instructions: (pc=0x00007fffd37f3b5d)
0x00007fffd37f3b3d:   0f 1f 00 48 85 ff 2e 74 62 40 f6 c7 01 2e 75 66
0x00007fffd37f3b4d:   49 ba f8 ff ff ff ff 7f 00 00 4c 23 17 49 89 f3
0x00007fffd37f3b5d:   45 23 5a 18 49 c1 e3 04 4d 03 5a 10 49 3b 33 75
0x00007fffd37f3b6d:   04 41 ff 63 08 49 83 3b 01 76 0d 49 83 c3 10 49 

Register to memory mapping:

RAX=0x00007fa4d5c97980 is an unknown value
RBX=0x00000001697cc3b0: Java_jogamp_nativewindow_macosx_OSXUtil_GetScreenRefreshRate0+0x1850 in /private/var/folders/qk/z1qqpcwd0wx0z14thz2z48xw0000gr/T/jogamp_0000/file_cache/jln3763277680715553247/jln2674348466776668544/libnativewindow_macosx.jnilib at 0x00000001697c5000
RCX=0x00007fa4d2a01e70 is an unknown value
RDX=0x0000000000000000 is an unknown value
RSP=0x00007fff53553518 is pointing into the stack for thread: 0x00007fa4d1884000
RBP=0x00007fff535535d0 is pointing into the stack for thread: 0x00007fa4d1884000
RSI=0x00007fffbd8821c3: __NSStyleNameIndexTable+0x814d6 in /System/Library/Frameworks/AppKit.framework/Versions/C/AppKit at 0x00007fffbccf0000
RDI=0x00007fa4d07b4110 is an unknown value
R8 =0x0000000000000018 is an unknown value
R9 =0x00007fa4d2a01370 is an unknown value
R10=0x000007fa4d58aed0 is an unknown value
R11=0x00007fffbd8821c3: __NSStyleNameIndexTable+0x814d6 in /System/Library/Frameworks/AppKit.framework/Versions/C/AppKit at 0x00007fffbccf0000
R12=0x0000000000000000 is an unknown value
R13={method} {0x000000016bbe4688} 'UnsetJAWTRootSurfaceLayer0' '(JJ)V' in 'jogamp/nativewindow/jawt/macosx/MacOSXJAWTWindow'
R14=0x00000001697cc3a0: Java_jogamp_nativewindow_macosx_OSXUtil_GetScreenRefreshRate0+0x1840 in /private/var/folders/qk/z1qqpcwd0wx0z14thz2z48xw0000gr/T/jogamp_0000/file_cache/jln3763277680715553247/jln2674348466776668544/libnativewindow_macosx.jnilib at 0x00000001697c5000
R15=0x00007fa4d1884000 is a thread


Stack: [0x00007fff52d58000,0x00007fff53558000],  sp=0x00007fff53553518,  free space=8173k
Native frames: (J=compiled Java code, j=interpreted, Vv=VM code, C=native code)
C  [libobjc.A.dylib+0x6b5d]  objc_msgSend+0x1d
j  jogamp.nativewindow.jawt.macosx.MacOSXJAWTWindow.UnsetJAWTRootSurfaceLayer0(JJ)V+0
j  jogamp.nativewindow.jawt.macosx.MacOSXJAWTWindow.access$200(JJ)V+2
j  jogamp.nativewindow.jawt.macosx.MacOSXJAWTWindow$1.run()V+38
j  com.jogamp.common.util.RunnableTask.run()V+24
v  ~StubRoutines::call_stub
V  [libjvm.dylib+0x2ecf8a]
V  [libjvm.dylib+0x324119]
V  [libjvm.dylib+0x3168e7]
C  [libnativewindow_macosx.jnilib+0x57ae]  Java_jogamp_nativewindow_jawt_macosx_MacOSXJAWTWindow_UnsetJAWTRootSurfaceLayer0+0x2be
C  [Foundation+0x71f2a]  __NSThreadPerformPerform+0x146
C  [CoreFoundation+0xa7551]  __CFRUNLOOP_IS_CALLING_OUT_TO_A_SOURCE0_PERFORM_FUNCTION__+0x11
C  [CoreFoundation+0x886bd]  __CFRunLoopDoSources0+0x22d
C  [CoreFoundation+0x87bb6]  __CFRunLoopRun+0x3a6
C  [CoreFoundation+0x875b4]  CFRunLoopRunSpecific+0x1a4
C  [HIToolbox+0x30f6c]  RunCurrentEventLoopInMode+0xf0
C  [HIToolbox+0x30ca9]  ReceiveNextEventCommon+0xb8
C  [HIToolbox+0x30bd6]  _BlockUntilNextEventMatchingListInModeWithFilter+0x47
C  [AppKit+0x475f5]  _DPSNextEvent+0x445
C  [AppKit+0x7578eb]  -[NSApplication(NSEvent) _nextEventMatchingEventMask:untilDate:inMode:dequeue:]+0x665
C  [libosxapp.dylib+0x23aa]  -[NSApplicationAWT nextEventMatchingMask:untilDate:inMode:dequeue:]+0x7c
C  [AppKit+0x3bfbd]  -[NSApplication run]+0x39e
C  [libosxapp.dylib+0x214d]  +[NSApplicationAWT runAWTLoopWithApp:]+0x9c
C  [libawt_lwawt.dylib+0x444b3]  -[AWTStarter starter:]+0x389
C  [Foundation+0x71f2a]  __NSThreadPerformPerform+0x146
C  [CoreFoundation+0xa7551]  __CFRUNLOOP_IS_CALLING_OUT_TO_A_SOURCE0_PERFORM_FUNCTION__+0x11
C  [CoreFoundation+0x886bd]  __CFRunLoopDoSources0+0x22d
C  [CoreFoundation+0x87bb6]  __CFRunLoopRun+0x3a6
C  [CoreFoundation+0x875b4]  CFRunLoopRunSpecific+0x1a4
C  [java+0x6465]  CreateExecutionEnvironment+0x367
C  [java+0x218c]  JLI_Launch+0x7a0
C  [java+0x84c2]  main+0x65
C  [java+0x19e4]  start+0x34
C  0x0000000000000007

Java frames: (J=compiled Java code, j=interpreted, Vv=VM code)
j  jogamp.nativewindow.jawt.macosx.MacOSXJAWTWindow.UnsetJAWTRootSurfaceLayer0(JJ)V+0
j  jogamp.nativewindow.jawt.macosx.MacOSXJAWTWindow.access$200(JJ)V+2
j  jogamp.nativewindow.jawt.macosx.MacOSXJAWTWindow$1.run()V+38
j  com.jogamp.common.util.RunnableTask.run()V+24
v  ~StubRoutines::call_stub

---------------  P R O C E S S  ---------------

Java Threads: ( => current thread )
  0x00007fa4d0c6d800 JavaThread "Thread-51" [_thread_blocked, id=5135, stack(0x00007000057a2000,0x00007000058a2000)]
  0x00007fa4d11a0800 JavaThread "Image Fetcher 3" daemon [_thread_blocked, id=73731, stack(0x0000700005fba000,0x00007000060ba000)]
  0x00007fa4d0ca2000 JavaThread "Image Fetcher 2" daemon [_thread_blocked, id=73219, stack(0x0000700005eb7000,0x0000700005fb7000)]
  0x00007fa4d0ca1800 JavaThread "Image Fetcher 1" daemon [_thread_blocked, id=72707, stack(0x0000700005db4000,0x0000700005eb4000)]
  0x00007fa4d687e800 JavaThread "Image Fetcher 0" daemon [_thread_blocked, id=72195, stack(0x0000700005cb1000,0x0000700005db1000)]
  0x00007fa4d221b800 JavaThread "Keep-Alive-Timer" daemon [_thread_blocked, id=71779, stack(0x0000700005bae000,0x0000700005cae000)]
  0x00007fa4d1316800 JavaThread "AWT-EventQueue-1" [_thread_in_native, id=66579, stack(0x000070000561c000,0x000070000571c000)]
  0x00007fa4d1b4d800 JavaThread "DestroyJavaVM" [_thread_blocked, id=7171, stack(0x0000700003fd4000,0x00007000040d4000)]
  0x00007fa4d1985000 JavaThread "AWT-EventQueue-0" [_thread_blocked, id=60163, stack(0x0000700005416000,0x0000700005516000)]
  0x00007fa4d199c800 JavaThread "Java2D Disposer" daemon [_thread_blocked, id=56847, stack(0x000070000518d000,0x000070000528d000)]
  0x00007fa4d1916800 JavaThread "Java2D Queue Flusher" daemon [_thread_in_native, id=54791, stack(0x000070000508a000,0x000070000518a000)]
  0x00007fa4d2182000 JavaThread "AWT-Shutdown" [_thread_blocked, id=31007, stack(0x0000700004f04000,0x0000700005004000)]
=>0x00007fa4d1884000 JavaThread "AWT-AppKit" daemon [_thread_in_native, id=2059, stack(0x00007fff52d58000,0x00007fff53558000)]
  0x00007fa4d0840800 JavaThread "Service Thread" daemon [_thread_blocked, id=18435, stack(0x0000700004bf8000,0x0000700004cf8000)]
  0x00007fa4d1072000 JavaThread "C1 CompilerThread2" daemon [_thread_blocked, id=17923, stack(0x0000700004af5000,0x0000700004bf5000)]
  0x00007fa4d1071000 JavaThread "C2 CompilerThread1" daemon [_thread_blocked, id=17411, stack(0x00007000049f2000,0x0000700004af2000)]
  0x00007fa4d106f800 JavaThread "C2 CompilerThread0" daemon [_thread_blocked, id=16899, stack(0x00007000048ef000,0x00007000049ef000)]
  0x00007fa4d106e800 JavaThread "Signal Dispatcher" daemon [_thread_blocked, id=16387, stack(0x00007000047ec000,0x00007000048ec000)]
  0x00007fa4d181a000 JavaThread "Finalizer" daemon [_thread_blocked, id=12547, stack(0x00007000046e9000,0x00007000047e9000)]
  0x00007fa4d1044800 JavaThread "Reference Handler" daemon [_thread_blocked, id=12035, stack(0x00007000045e6000,0x00007000046e6000)]

Other Threads:
  0x00007fa4d2007800 VMThread [stack: 0x00007000044e3000,0x00007000045e3000] [id=11523]
  0x00007fa4d0841000 WatcherThread [stack: 0x0000700004cfb000,0x0000700004dfb000] [id=18947]

VM state:not at safepoint (normal execution)

VM Mutex/Monitor currently owned by a thread: None

Heap:
 PSYoungGen      total 71680K, used 41667K [0x0000000795580000, 0x000000079f680000, 0x00000007c0000000)
  eden space 66560K, 54% used [0x0000000795580000,0x0000000797938c60,0x0000000799680000)
  from space 5120K, 99% used [0x0000000799680000,0x0000000799b78100,0x0000000799b80000)
  to   space 15872K, 0% used [0x000000079e700000,0x000000079e700000,0x000000079f680000)
 ParOldGen       total 87552K, used 24897K [0x0000000740000000, 0x0000000745580000, 0x0000000795580000)
  object space 87552K, 28% used [0x0000000740000000,0x0000000741850420,0x0000000745580000)
 Metaspace       used 19239K, capacity 19495K, committed 19712K, reserved 1067008K
  class space    used 1920K, capacity 2014K, committed 2048K, reserved 1048576K

Card table byte_map: [0x000000010e361000,0x000000010e762000] byte_map_base: 0x000000010a961000

Marking Bits: (ParMarkBitMap*) 0x000000010d8efd20
 Begin Bits: [0x000000011f3bb000, 0x00000001213bb000)
 End Bits:   [0x00000001213bb000, 0x00000001233bb000)

Polling page: 0x000000010c768000

CodeCache: size=245760Kb used=6901Kb max_used=6901Kb free=238858Kb
 bounds [0x00000001103bb000, 0x0000000110a8b000, 0x000000011f3bb000]
 total_blobs=2893 nmethods=2013 adapters=794
 compilation: enabled

Compilation events (10 events):
Event: 13.122 Thread 0x00007fa4d1072000 nmethod 2273 0x0000000110a7ebd0 code [0x0000000110a7ed40, 0x0000000110a7ef30]
Event: 13.157 Thread 0x00007fa4d1072000 2274       3       processing.core.PGraphics::backgroundFromCalc (126 bytes)
Event: 13.158 Thread 0x00007fa4d1072000 nmethod 2274 0x0000000110a81150 code [0x0000000110a812c0, 0x0000000110a81668]
Event: 13.204 Thread 0x00007fa4d1072000 2275  s    3       java.awt.KeyboardFocusManager::getCurrentKeyboardFocusManager (32 bytes)
Event: 13.205 Thread 0x00007fa4d1072000 nmethod 2275 0x0000000110a81710 code [0x0000000110a818c0, 0x0000000110a81ea8]
Event: 13.205 Thread 0x00007fa4d1072000 2276   !   3       sun.lwawt.LWComponentPeer::isShowing (49 bytes)
Event: 13.206 Thread 0x00007fa4d1072000 nmethod 2276 0x0000000110a82050 code [0x0000000110a82200, 0x0000000110a82b08]
Event: 13.238 Thread 0x00007fa4d1072000 2277       3       java.awt.KeyboardFocusManager::getCurrentKeyboardFocusManager (7 bytes)
Event: 13.239 Thread 0x00007fa4d1072000 nmethod 2277 0x0000000110a82dd0 code [0x0000000110a82f80, 0x0000000110a83618]
Event: 13.277 Thread 0x00007fa4d1072000 2278       3       sun.awt.SunToolkit::targetToAppContext (30 bytes)

GC Heap History (10 events):
Event: 4.886 GC heap before
{Heap before GC invocations=1 (full 0):
 PSYoungGen      total 38400K, used 33280K [0x0000000795580000, 0x0000000798000000, 0x00000007c0000000)
  eden space 33280K, 100% used [0x0000000795580000,0x0000000797600000,0x0000000797600000)
  from space 5120K, 0% used [0x0000000797b00000,0x0000000797b00000,0x0000000798000000)
  to   space 5120K, 0% used [0x0000000797600000,0x0000000797600000,0x0000000797b00000)
 ParOldGen       total 87552K, used 0K [0x0000000740000000, 0x0000000745580000, 0x0000000795580000)
  object space 87552K, 0% used [0x0000000740000000,0x0000000740000000,0x0000000745580000)
 Metaspace       used 15997K, capacity 16153K, committed 16384K, reserved 1064960K
  class space    used 1627K, capacity 1691K, committed 1792K, reserved 1048576K
Event: 4.899 GC heap after
Heap after GC invocations=1 (full 0):
 PSYoungGen      total 38400K, used 5118K [0x0000000795580000, 0x0000000798000000, 0x00000007c0000000)
  eden space 33280K, 0% used [0x0000000795580000,0x0000000795580000,0x0000000797600000)
  from space 5120K, 99% used [0x0000000797600000,0x0000000797aff800,0x0000000797b00000)
  to   space 5120K, 0% used [0x0000000797b00000,0x0000000797b00000,0x0000000798000000)
 ParOldGen       total 87552K, used 90K [0x0000000740000000, 0x0000000745580000, 0x0000000795580000)
  object space 87552K, 0% used [0x0000000740000000,0x0000000740016aa0,0x0000000745580000)
 Metaspace       used 15997K, capacity 16153K, committed 16384K, reserved 1064960K
  class space    used 1627K, capacity 1691K, committed 1792K, reserved 1048576K
}
Event: 6.457 GC heap before
{Heap before GC invocations=2 (full 0):
 PSYoungGen      total 38400K, used 38398K [0x0000000795580000, 0x0000000798000000, 0x00000007c0000000)
  eden space 33280K, 100% used [0x0000000795580000,0x0000000797600000,0x0000000797600000)
  from space 5120K, 99% used [0x0000000797600000,0x0000000797aff800,0x0000000797b00000)
  to   space 5120K, 0% used [0x0000000797b00000,0x0000000797b00000,0x0000000798000000)
 ParOldGen       total 87552K, used 90K [0x0000000740000000, 0x0000000745580000, 0x0000000795580000)
  object space 87552K, 0% used [0x0000000740000000,0x0000000740016aa0,0x0000000745580000)
 Metaspace       used 18275K, capacity 18471K, committed 18688K, reserved 1067008K
  class space    used 1862K, capacity 1950K, committed 2048K, reserved 1048576K
Event: 6.480 GC heap after
Heap after GC invocations=2 (full 0):
 PSYoungGen      total 38400K, used 5089K [0x0000000795580000, 0x0000000798000000, 0x00000007c0000000)
  eden space 33280K, 0% used [0x0000000795580000,0x0000000795580000,0x0000000797600000)
  from space 5120K, 99% used [0x0000000797b00000,0x0000000797ff87e8,0x0000000798000000)
  to   space 5120K, 0% used [0x0000000797600000,0x0000000797600000,0x0000000797b00000)
 ParOldGen       total 87552K, used 12678K [0x0000000740000000, 0x0000000745580000, 0x0000000795580000)
  object space 87552K, 14% used [0x0000000740000000,0x0000000740c61ab8,0x0000000745580000)
 Metaspace       used 18275K, capacity 18471K, committed 18688K, reserved 1067008K
  class space    used 1862K, capacity 1950K, committed 2048K, reserved 1048576K
}
Event: 7.240 GC heap before
{Heap before GC invocations=3 (full 0):
 PSYoungGen      total 38400K, used 38369K [0x0000000795580000, 0x0000000798000000, 0x00000007c0000000)
  eden space 33280K, 100% used [0x0000000795580000,0x0000000797600000,0x0000000797600000)
  from space 5120K, 99% used [0x0000000797b00000,0x0000000797ff87e8,0x0000000798000000)
  to   space 5120K, 0% used [0x0000000797600000,0x0000000797600000,0x0000000797b00000)
 ParOldGen       total 87552K, used 12678K [0x0000000740000000, 0x0000000745580000, 0x0000000795580000)
  object space 87552K, 14% used [0x0000000740000000,0x0000000740c61ab8,0x0000000745580000)
 Metaspace       used 18795K, capacity 18983K, committed 19200K, reserved 1067008K
  class space    used 1911K, capacity 2014K, committed 2048K, reserved 1048576K
Event: 7.255 GC heap after
Heap after GC invocations=3 (full 0):
 PSYoungGen      total 38400K, used 5088K [0x0000000795580000, 0x000000079a080000, 0x00000007c0000000)
  eden space 33280K, 0% used [0x0000000795580000,0x0000000795580000,0x0000000797600000)
  from space 5120K, 99% used [0x0000000797600000,0x0000000797af80f0,0x0000000797b00000)
  to   space 5120K, 0% used [0x0000000799b80000,0x0000000799b80000,0x000000079a080000)
 ParOldGen       total 87552K, used 15558K [0x0000000740000000, 0x0000000745580000, 0x0000000795580000)
  object space 87552K, 17% used [0x0000000740000000,0x0000000740f31a88,0x0000000745580000)
 Metaspace       used 18795K, capacity 18983K, committed 19200K, reserved 1067008K
  class space    used 1911K, capacity 2014K, committed 2048K, reserved 1048576K
}
Event: 7.734 GC heap before
{Heap before GC invocations=4 (full 0):
 PSYoungGen      total 38400K, used 38324K [0x0000000795580000, 0x000000079a080000, 0x00000007c0000000)
  eden space 33280K, 99% used [0x0000000795580000,0x00000007975f52d8,0x0000000797600000)
  from space 5120K, 99% used [0x0000000797600000,0x0000000797af80f0,0x0000000797b00000)
  to   space 5120K, 0% used [0x0000000799b80000,0x0000000799b80000,0x000000079a080000)
 ParOldGen       total 87552K, used 15558K [0x0000000740000000, 0x0000000745580000, 0x0000000795580000)
  object space 87552K, 17% used [0x0000000740000000,0x0000000740f31a88,0x0000000745580000)
 Metaspace       used 18896K, capacity 19111K, committed 19456K, reserved 1067008K
  class space    used 1911K, capacity 2014K, committed 2048K, reserved 1048576K
Event: 7.753 GC heap after
Heap after GC invocations=4 (full 0):
 PSYoungGen      total 71680K, used 5114K [0x0000000795580000, 0x000000079a080000, 0x00000007c0000000)
  eden space 66560K, 0% used [0x0000000795580000,0x0000000795580000,0x0000000799680000)
  from space 5120K, 99% used [0x0000000799b80000,0x000000079a07e8e0,0x000000079a080000)
  to   space 5120K, 0% used [0x0000000799680000,0x0000000799680000,0x0000000799b80000)
 ParOldGen       total 87552K, used 20016K [0x0000000740000000, 0x0000000745580000, 0x0000000795580000)
  object space 87552K, 22% used [0x0000000740000000,0x000000074138c2f0,0x0000000745580000)
 Metaspace       used 18896K, capacity 19111K, committed 19456K, reserved 1067008K
  class space    used 1911K, capacity 2014K, committed 2048K, reserved 1048576K
}
Event: 10.203 GC heap before
{Heap before GC invocations=5 (full 0):
 PSYoungGen      total 71680K, used 71674K [0x0000000795580000, 0x000000079a080000, 0x00000007c0000000)
  eden space 66560K, 100% used [0x0000000795580000,0x0000000799680000,0x0000000799680000)
  from space 5120K, 99% used [0x0000000799b80000,0x000000079a07e8e0,0x000000079a080000)
  to   space 5120K, 0% used [0x0000000799680000,0x0000000799680000,0x0000000799b80000)
 ParOldGen       total 87552K, used 20016K [0x0000000740000000, 0x0000000745580000, 0x0000000795580000)
  object space 87552K, 22% used [0x0000000740000000,0x000000074138c2f0,0x0000000745580000)
 Metaspace       used 19106K, capacity 19367K, committed 19712K, reserved 1067008K
  class space    used 1912K, capacity 2014K, committed 2048K, reserved 1048576K
Event: 10.215 GC heap after
Heap after GC invocations=5 (full 0):
 PSYoungGen      total 71680K, used 5088K [0x0000000795580000, 0x000000079f680000, 0x00000007c0000000)
  eden space 66560K, 0% used [0x0000000795580000,0x0000000795580000,0x0000000799680000)
  from space 5120K, 99% used [0x0000000799680000,0x0000000799b78100,0x0000000799b80000)
  to   space 15872K, 0% used [0x000000079e700000,0x000000079e700000,0x000000079f680000)
 ParOldGen       total 87552K, used 24897K [0x0000000740000000, 0x0000000745580000, 0x0000000795580000)
  object space 87552K, 28% used [0x0000000740000000,0x0000000741850420,0x0000000745580000)
 Metaspace       used 19106K, capacity 19367K, committed 19712K, reserved 1067008K
  class space    used 1912K, capacity 2014K, committed 2048K, reserved 1048576K
}

Deoptimization events (10 events):
Event: 6.193 Thread 0x00007fa4d1316800 Uncommon trap: reason=class_check action=maybe_recompile pc=0x00000001107bea64 method=com.jogamp.common.nio.Buffers.getDirectBufferByteOffset(Ljava/lang/Object;)I @ 7
Event: 6.194 Thread 0x00007fa4d1316800 Uncommon trap: reason=class_check action=maybe_recompile pc=0x00000001107b7f60 method=com.jogamp.common.nio.Buffers.isDirect(Ljava/lang/Object;)Z @ 13
Event: 6.194 Thread 0x00007fa4d1316800 Uncommon trap: reason=class_check action=maybe_recompile pc=0x00000001107bea64 method=com.jogamp.common.nio.Buffers.getDirectBufferByteOffset(Ljava/lang/Object;)I @ 7
Event: 6.194 Thread 0x00007fa4d1316800 Uncommon trap: reason=class_check action=maybe_recompile pc=0x00000001107b7f60 method=com.jogamp.common.nio.Buffers.isDirect(Ljava/lang/Object;)Z @ 13
Event: 6.195 Thread 0x00007fa4d1316800 Uncommon trap: reason=class_check action=maybe_recompile pc=0x00000001107bea64 method=com.jogamp.common.nio.Buffers.getDirectBufferByteOffset(Ljava/lang/Object;)I @ 7
Event: 6.223 Thread 0x00007fa4d1316800 Uncommon trap: reason=class_check action=maybe_recompile pc=0x00000001107b7f60 method=com.jogamp.common.nio.Buffers.isDirect(Ljava/lang/Object;)Z @ 13
Event: 6.223 Thread 0x00007fa4d1316800 Uncommon trap: reason=class_check action=maybe_recompile pc=0x00000001107bea64 method=com.jogamp.common.nio.Buffers.getDirectBufferByteOffset(Ljava/lang/Object;)I @ 7
Event: 6.333 Thread 0x00007fa4d1316800 Uncommon trap: reason=unstable_if action=reinterpret pc=0x00000001107f46a8 method=processing.opengl.PGraphicsOpenGL$InGeometry.addVertex(FFFIFFFFFIFIIIFIZ)I @ 218
Event: 13.256 Thread 0x00007fa4d11ce800 Uncommon trap: reason=unstable_if action=reinterpret pc=0x00000001106ed524 method=java.util.HashMap.putVal(ILjava/lang/Object;Ljava/lang/Object;ZZ)Ljava/lang/Object; @ 81
Event: 13.256 Thread 0x00007fa4d11ce800 Uncommon trap: reason=unstable_if action=reinterpret pc=0x00000001107b2174 method=java.util.HashMap.putVal(ILjava/lang/Object;Ljava/lang/Object;ZZ)Ljava/lang/Object; @ 81

Internal exceptions (10 events):
Event: 0.204 Thread 0x00007fa4d0800800 Exception <a 'java/lang/NoSuchFieldError': method resolution failed> (0x00000007957935e0) thrown at [/Users/java_re/workspace/8-2-build-macosx-x86_64/jdk8u111/7883/hotspot/src/share/vm/prims/methodHandles.cpp, line 1146]
Event: 0.495 Thread 0x00007fa4d0800800 Exception <a 'java/io/FileNotFoundException'> (0x000000079580ec88) thrown at [/Users/java_re/workspace/8-2-build-macosx-x86_64/jdk8u111/7883/hotspot/src/share/vm/prims/jni.cpp, line 709]
Event: 0.495 Thread 0x00007fa4d0800800 Exception <a 'java/io/FileNotFoundException'> (0x000000079580f7f0) thrown at [/Users/java_re/workspace/8-2-build-macosx-x86_64/jdk8u111/7883/hotspot/src/share/vm/prims/jni.cpp, line 709]
Event: 0.533 Thread 0x00007fa4d0800800 Exception <a 'java/io/FileNotFoundException'> (0x0000000795916358) thrown at [/Users/java_re/workspace/8-2-build-macosx-x86_64/jdk8u111/7883/hotspot/src/share/vm/prims/jni.cpp, line 709]
Event: 0.637 Thread 0x00007fa4d0800800 Exception <a 'java/io/FileNotFoundException'> (0x0000000795953210) thrown at [/Users/java_re/workspace/8-2-build-macosx-x86_64/jdk8u111/7883/hotspot/src/share/vm/prims/jni.cpp, line 709]
Event: 4.252 Thread 0x00007fa4d1265000 Exception <a 'java/io/FileNotFoundException'> (0x00000007965cc168) thrown at [/Users/java_re/workspace/8-2-build-macosx-x86_64/jdk8u111/7883/hotspot/src/share/vm/prims/jni.cpp, line 709]
Event: 4.252 Thread 0x00007fa4d1265000 Exception <a 'java/io/FileNotFoundException'> (0x00000007965d2b50) thrown at [/Users/java_re/workspace/8-2-build-macosx-x86_64/jdk8u111/7883/hotspot/src/share/vm/prims/jni.cpp, line 709]
Event: 4.252 Thread 0x00007fa4d1265000 Implicit null exception at 0x0000000110563c76 to 0x0000000110564069
Event: 4.542 Thread 0x00007fa4d1265000 Exception <a 'java/lang/UnsatisfiedLinkError': com.jogamp.common.util.JarUtil.fixNativeLibAttribs(Ljava/lang/String;)Z> (0x0000000796da2398) thrown at [/Users/java_re/workspace/8-2-build-macosx-x86_64/jdk8u111/7883/hotspot/src/share/vm/prims/nativeLookup.
Event: 4.901 Thread 0x00007fa4d181a000 Exception <a 'java/lang/NullPointerException'> (0x00000007956a5038) thrown at [/Users/java_re/workspace/8-2-build-macosx-x86_64/jdk8u111/7883/hotspot/src/share/vm/interpreter/linkResolver.cpp, line 1178]

Events (10 events):
Event: 13.276 loading class java/awt/event/AWTEventListenerProxy done
Event: 13.276 loading class java/awt/Toolkit$ToolkitEventMulticaster
Event: 13.276 loading class java/awt/Toolkit$ToolkitEventMulticaster done
Event: 13.276 Executing VM operation: RevokeBias
Event: 13.276 Executing VM operation: RevokeBias done
Event: 13.277 Thread 0x00007fa4d11ce800 Thread exited: 0x00007fa4d11ce800
Event: 13.277 loading class java/lang/IllegalThreadStateException
Event: 13.277 loading class java/lang/IllegalThreadStateException done
Event: 13.277 loading class java/awt/Window$1DisposeAction
Event: 13.277 loading class java/awt/Window$1DisposeAction done


Dynamic libraries:
0x0000000049ea3000 	/System/Library/Frameworks/Cocoa.framework/Versions/A/Cocoa
0x0000000049ea3000 	/System/Library/Frameworks/Security.framework/Versions/A/Security
0x0000000049ea3000 	/System/Library/Frameworks/ApplicationServices.framework/Versions/A/ApplicationServices
0x0000000049ea3000 	/usr/lib/libz.1.dylib
0x0000000049ea3000 	/usr/lib/libSystem.B.dylib
0x0000000049ea3000 	/usr/lib/libobjc.A.dylib
0x0000000049ea3000 	/System/Library/Frameworks/CoreFoundation.framework/Versions/A/CoreFoundation
0x0000000049ea3000 	/System/Library/Frameworks/Foundation.framework/Versions/C/Foundation
0x0000000049ea3000 	/System/Library/Frameworks/AppKit.framework/Versions/C/AppKit
0x0000000049ea3000 	/System/Library/Frameworks/CoreData.framework/Versions/A/CoreData
0x0000000049ea3000 	/System/Library/PrivateFrameworks/RemoteViewServices.framework/Versions/A/RemoteViewServices
0x0000000049ea3000 	/System/Library/PrivateFrameworks/UIFoundation.framework/Versions/A/UIFoundation
0x0000000049ea3000 	/usr/lib/libenergytrace.dylib
0x0000000049ea3000 	/System/Library/PrivateFrameworks/SkyLight.framework/Versions/A/SkyLight
0x0000000049ea3000 	/System/Library/Frameworks/CoreGraphics.framework/Versions/A/CoreGraphics
0x0000000049ea3000 	/usr/lib/libScreenReader.dylib
0x0000000049ea3000 	/System/Library/Frameworks/Accelerate.framework/Versions/A/Accelerate
0x0000000049ea3000 	/System/Library/Frameworks/IOSurface.framework/Versions/A/IOSurface
0x0000000049ea3000 	/System/Library/Frameworks/AudioToolbox.framework/Versions/A/AudioToolbox
0x0000000049ea3000 	/System/Library/Frameworks/AudioUnit.framework/Versions/A/AudioUnit
0x0000000049ea3000 	/System/Library/PrivateFrameworks/DataDetectorsCore.framework/Versions/A/DataDetectorsCore
0x0000000049ea3000 	/System/Library/PrivateFrameworks/DesktopServicesPriv.framework/Versions/A/DesktopServicesPriv
0x0000000049ea3000 	/System/Library/Frameworks/Carbon.framework/Versions/A/Frameworks/HIToolbox.framework/Versions/A/HIToolbox
0x0000000049ea3000 	/usr/lib/libicucore.A.dylib
0x0000000049ea3000 	/System/Library/Frameworks/QuartzCore.framework/Versions/A/QuartzCore
0x0000000049ea3000 	/System/Library/Frameworks/Carbon.framework/Versions/A/Frameworks/SpeechRecognition.framework/Versions/A/SpeechRecognition
0x0000000049ea3000 	/usr/lib/libauto.dylib
0x0000000049ea3000 	/usr/lib/libxml2.2.dylib
0x0000000049ea3000 	/System/Library/PrivateFrameworks/CoreUI.framework/Versions/A/CoreUI
0x0000000049ea3000 	/System/Library/Frameworks/CoreAudio.framework/Versions/A/CoreAudio
0x0000000049ea3000 	/System/Library/Frameworks/DiskArbitration.framework/Versions/A/DiskArbitration
0x0000000049ea3000 	/usr/lib/liblangid.dylib
0x0000000049ea3000 	/System/Library/PrivateFrameworks/MultitouchSupport.framework/Versions/A/MultitouchSupport
0x0000000049ea3000 	/System/Library/Frameworks/IOKit.framework/Versions/A/IOKit
0x0000000049ea3000 	/usr/lib/libDiagnosticMessagesClient.dylib
0x0000000049ea3000 	/System/Library/Frameworks/CoreServices.framework/Versions/A/CoreServices
0x0000000049ea3000 	/System/Library/PrivateFrameworks/PerformanceAnalysis.framework/Versions/A/PerformanceAnalysis
0x0000000049ea3000 	/System/Library/PrivateFrameworks/GenerationalStorage.framework/Versions/A/GenerationalStorage
0x0000000049ea3000 	/System/Library/Frameworks/OpenGL.framework/Versions/A/OpenGL
0x0000000049ea3000 	/System/Library/Frameworks/CoreImage.framework/Versions/A/CoreImage
0x0000000049ea3000 	/System/Library/Frameworks/CoreText.framework/Versions/A/CoreText
0x0000000049ea3000 	/System/Library/Frameworks/ImageIO.framework/Versions/A/ImageIO
0x0000000049ea3000 	/System/Library/PrivateFrameworks/Backup.framework/Versions/A/Backup
0x0000000049ea3000 	/usr/lib/libarchive.2.dylib
0x0000000049ea3000 	/System/Library/Frameworks/CFNetwork.framework/Versions/A/CFNetwork
0x0000000049ea3000 	/System/Library/Frameworks/SystemConfiguration.framework/Versions/A/SystemConfiguration
0x0000000049ea3000 	/usr/lib/libCRFSuite.dylib
0x0000000049ea3000 	/usr/lib/libc++.1.dylib
0x0000000049ea3000 	/usr/lib/libc++abi.dylib
0x0000000049ea3000 	/usr/lib/system/libcache.dylib
0x0000000049ea3000 	/usr/lib/system/libcommonCrypto.dylib
0x0000000049ea3000 	/usr/lib/system/libcompiler_rt.dylib
0x0000000049ea3000 	/usr/lib/system/libcopyfile.dylib
0x0000000049ea3000 	/usr/lib/system/libcorecrypto.dylib
0x0000000049ea3000 	/usr/lib/system/libdispatch.dylib
0x0000000049ea3000 	/usr/lib/system/libdyld.dylib
0x0000000049ea3000 	/usr/lib/system/libkeymgr.dylib
0x0000000049ea3000 	/usr/lib/system/liblaunch.dylib
0x0000000049ea3000 	/usr/lib/system/libmacho.dylib
0x0000000049ea3000 	/usr/lib/system/libquarantine.dylib
0x0000000049ea3000 	/usr/lib/system/libremovefile.dylib
0x0000000049ea3000 	/usr/lib/system/libsystem_asl.dylib
0x0000000049ea3000 	/usr/lib/system/libsystem_blocks.dylib
0x0000000049ea3000 	/usr/lib/system/libsystem_c.dylib
0x0000000049ea3000 	/usr/lib/system/libsystem_configuration.dylib
0x0000000049ea3000 	/usr/lib/system/libsystem_coreservices.dylib
0x0000000049ea3000 	/usr/lib/system/libsystem_coretls.dylib
0x0000000049ea3000 	/usr/lib/system/libsystem_dnssd.dylib
0x0000000049ea3000 	/usr/lib/system/libsystem_info.dylib
0x0000000049ea3000 	/usr/lib/system/libsystem_kernel.dylib
0x0000000049ea3000 	/usr/lib/system/libsystem_m.dylib
0x0000000049ea3000 	/usr/lib/system/libsystem_malloc.dylib
0x0000000049ea3000 	/usr/lib/system/libsystem_network.dylib
0x0000000049ea3000 	/usr/lib/system/libsystem_networkextension.dylib
0x0000000049ea3000 	/usr/lib/system/libsystem_notify.dylib
0x0000000049ea3000 	/usr/lib/system/libsystem_platform.dylib
0x0000000049ea3000 	/usr/lib/system/libsystem_pthread.dylib
0x0000000049ea3000 	/usr/lib/system/libsystem_sandbox.dylib
0x0000000049ea3000 	/usr/lib/system/libsystem_secinit.dylib
0x0000000049ea3000 	/usr/lib/system/libsystem_symptoms.dylib
0x0000000049ea3000 	/usr/lib/system/libsystem_trace.dylib
0x0000000049ea3000 	/usr/lib/system/libunwind.dylib
0x0000000049ea3000 	/usr/lib/system/libxpc.dylib
0x0000000049ea3000 	/usr/lib/libbsm.0.dylib
0x0000000049ea3000 	/usr/lib/system/libkxld.dylib
0x0000000049ea3000 	/usr/lib/libcoretls.dylib
0x0000000049ea3000 	/usr/lib/libcoretls_cfhelpers.dylib
0x0000000049ea3000 	/usr/lib/libxar.1.dylib
0x0000000049ea3000 	/usr/lib/libsqlite3.dylib
0x0000000049ea3000 	/usr/lib/libpam.2.dylib
0x0000000049ea3000 	/usr/lib/libOpenScriptingUtil.dylib
0x0000000049ea3000 	/usr/lib/libbz2.1.0.dylib
0x0000000049ea3000 	/usr/lib/liblzma.5.dylib
0x0000000049ea3000 	/usr/lib/libnetwork.dylib
0x0000000049ea3000 	/usr/lib/libpcap.A.dylib
0x0000000049ea3000 	/System/Library/Frameworks/CoreServices.framework/Versions/A/Frameworks/FSEvents.framework/Versions/A/FSEvents
0x0000000049ea3000 	/System/Library/Frameworks/CoreServices.framework/Versions/A/Frameworks/CarbonCore.framework/Versions/A/CarbonCore
0x0000000049ea3000 	/System/Library/Frameworks/CoreServices.framework/Versions/A/Frameworks/Metadata.framework/Versions/A/Metadata
0x0000000049ea3000 	/System/Library/Frameworks/CoreServices.framework/Versions/A/Frameworks/OSServices.framework/Versions/A/OSServices
0x0000000049ea3000 	/System/Library/Frameworks/CoreServices.framework/Versions/A/Frameworks/SearchKit.framework/Versions/A/SearchKit
0x0000000049ea3000 	/System/Library/Frameworks/CoreServices.framework/Versions/A/Frameworks/AE.framework/Versions/A/AE
0x0000000049ea3000 	/System/Library/Frameworks/CoreServices.framework/Versions/A/Frameworks/LaunchServices.framework/Versions/A/LaunchServices
0x0000000049ea3000 	/System/Library/Frameworks/CoreServices.framework/Versions/A/Frameworks/DictionaryServices.framework/Versions/A/DictionaryServices
0x0000000049ea3000 	/System/Library/Frameworks/CoreServices.framework/Versions/A/Frameworks/SharedFileList.framework/Versions/A/SharedFileList
0x0000000049ea3000 	/System/Library/Frameworks/NetFS.framework/Versions/A/NetFS
0x0000000049ea3000 	/System/Library/PrivateFrameworks/NetAuth.framework/Versions/A/NetAuth
0x0000000049ea3000 	/System/Library/PrivateFrameworks/login.framework/Versions/A/Frameworks/loginsupport.framework/Versions/A/loginsupport
0x0000000049ea3000 	/System/Library/PrivateFrameworks/TCC.framework/Versions/A/TCC
0x0000000049ea3000 	/usr/lib/libmecabra.dylib
0x0000000049ea3000 	/System/Library/Frameworks/ApplicationServices.framework/Versions/A/Frameworks/ATS.framework/Versions/A/ATS
0x0000000049ea3000 	/System/Library/Frameworks/ApplicationServices.framework/Versions/A/Frameworks/ColorSync.framework/Versions/A/ColorSync
0x0000000049ea3000 	/System/Library/Frameworks/ApplicationServices.framework/Versions/A/Frameworks/HIServices.framework/Versions/A/HIServices
0x0000000049ea3000 	/System/Library/Frameworks/ApplicationServices.framework/Versions/A/Frameworks/LangAnalysis.framework/Versions/A/LangAnalysis
0x0000000049ea3000 	/System/Library/Frameworks/ApplicationServices.framework/Versions/A/Frameworks/PrintCore.framework/Versions/A/PrintCore
0x0000000049ea3000 	/System/Library/Frameworks/ApplicationServices.framework/Versions/A/Frameworks/QD.framework/Versions/A/QD
0x0000000049ea3000 	/System/Library/Frameworks/ApplicationServices.framework/Versions/A/Frameworks/SpeechSynthesis.framework/Versions/A/SpeechSynthesis
0x0000000049ea3000 	/System/Library/Frameworks/Accelerate.framework/Versions/A/Frameworks/vImage.framework/Versions/A/vImage
0x0000000049ea3000 	/System/Library/Frameworks/Accelerate.framework/Versions/A/Frameworks/vecLib.framework/Versions/A/vecLib
0x0000000049ea3000 	/System/Library/Frameworks/Accelerate.framework/Versions/A/Frameworks/vecLib.framework/Versions/A/libvDSP.dylib
0x0000000049ea3000 	/System/Library/Frameworks/Accelerate.framework/Versions/A/Frameworks/vecLib.framework/Versions/A/libBNNS.dylib
0x0000000049ea3000 	/System/Library/Frameworks/Accelerate.framework/Versions/A/Frameworks/vecLib.framework/Versions/A/libQuadrature.dylib
0x0000000049ea3000 	/System/Library/Frameworks/Accelerate.framework/Versions/A/Frameworks/vecLib.framework/Versions/A/libvMisc.dylib
0x0000000049ea3000 	/System/Library/Frameworks/Accelerate.framework/Versions/A/Frameworks/vecLib.framework/Versions/A/libLAPACK.dylib
0x0000000049ea3000 	/System/Library/Frameworks/Accelerate.framework/Versions/A/Frameworks/vecLib.framework/Versions/A/libBLAS.dylib
0x0000000049ea3000 	/System/Library/Frameworks/Accelerate.framework/Versions/A/Frameworks/vecLib.framework/Versions/A/libLinearAlgebra.dylib
0x0000000049ea3000 	/System/Library/Frameworks/Accelerate.framework/Versions/A/Frameworks/vecLib.framework/Versions/A/libSparseBLAS.dylib
0x0000000049ea3000 	/System/Library/Frameworks/ApplicationServices.framework/Versions/A/Frameworks/ATS.framework/Versions/A/Resources/libFontParser.dylib
0x0000000049ea3000 	/System/Library/Frameworks/ApplicationServices.framework/Versions/A/Frameworks/ATS.framework/Versions/A/Resources/libFontRegistry.dylib
0x0000000049ea3000 	/System/Library/Frameworks/ImageIO.framework/Versions/A/Resources/libJPEG.dylib
0x0000000049ea3000 	/System/Library/Frameworks/ImageIO.framework/Versions/A/Resources/libTIFF.dylib
0x0000000049ea3000 	/System/Library/Frameworks/ImageIO.framework/Versions/A/Resources/libPng.dylib
0x0000000049ea3000 	/System/Library/Frameworks/ImageIO.framework/Versions/A/Resources/libGIF.dylib
0x0000000049ea3000 	/System/Library/Frameworks/ImageIO.framework/Versions/A/Resources/libJP2.dylib
0x0000000049ea3000 	/System/Library/Frameworks/ImageIO.framework/Versions/A/Resources/libRadiance.dylib
0x0000000049ea3000 	/usr/lib/libcompression.dylib
0x0000000049ea3000 	/System/Library/PrivateFrameworks/AppleJPEG.framework/Versions/A/AppleJPEG
0x0000000049ea3000 	/usr/lib/libcups.2.dylib
0x0000000049ea3000 	/System/Library/Frameworks/Kerberos.framework/Versions/A/Kerberos
0x0000000049ea3000 	/System/Library/Frameworks/GSS.framework/Versions/A/GSS
0x0000000049ea3000 	/usr/lib/libresolv.9.dylib
0x0000000049ea3000 	/usr/lib/libiconv.2.dylib
0x0000000049ea3000 	/System/Library/PrivateFrameworks/Heimdal.framework/Versions/A/Heimdal
0x0000000049ea3000 	/usr/lib/libheimdal-asn1.dylib
0x0000000049ea3000 	/System/Library/Frameworks/OpenDirectory.framework/Versions/A/OpenDirectory
0x0000000049ea3000 	/System/Library/PrivateFrameworks/CommonAuth.framework/Versions/A/CommonAuth
0x0000000049ea3000 	/System/Library/Frameworks/OpenDirectory.framework/Versions/A/Frameworks/CFOpenDirectory.framework/Versions/A/CFOpenDirectory
0x0000000049ea3000 	/System/Library/Frameworks/SecurityFoundation.framework/Versions/A/SecurityFoundation
0x0000000049ea3000 	/System/Library/PrivateFrameworks/LanguageModeling.framework/Versions/A/LanguageModeling
0x0000000049ea3000 	/usr/lib/libmarisa.dylib
0x0000000049ea3000 	/usr/lib/libChineseTokenizer.dylib
0x0000000049ea3000 	/usr/lib/libcmph.dylib
0x0000000049ea3000 	/System/Library/PrivateFrameworks/CoreEmoji.framework/Versions/A/CoreEmoji
0x0000000049ea3000 	/System/Library/Frameworks/ServiceManagement.framework/Versions/A/ServiceManagement
0x0000000049ea3000 	/usr/lib/libxslt.1.dylib
0x0000000049ea3000 	/System/Library/Frameworks/Carbon.framework/Versions/A/Frameworks/Ink.framework/Versions/A/Ink
0x0000000049ea3000 	/System/Library/PrivateFrameworks/TextureIO.framework/Versions/A/TextureIO
0x0000000049ea3000 	/System/Library/Frameworks/Metal.framework/Versions/A/Metal
0x0000000049ea3000 	/usr/lib/libate.dylib
0x0000000049ea3000 	/System/Library/PrivateFrameworks/GPUCompiler.framework/libmetal_timestamp.dylib
0x0000000049ea3000 	/System/Library/Frameworks/OpenGL.framework/Versions/A/Libraries/libCoreFSCache.dylib
0x0000000049ea3000 	/System/Library/PrivateFrameworks/IOAccelerator.framework/Versions/A/IOAccelerator
0x0000000049ea3000 	/System/Library/Frameworks/CoreVideo.framework/Versions/A/CoreVideo
0x0000000049ea3000 	/usr/lib/libFosl_dynamic.dylib
0x0000000049ea3000 	/System/Library/PrivateFrameworks/MetalPerformanceShaders.framework/Versions/A/MetalPerformanceShaders
0x0000000049ea3000 	/System/Library/PrivateFrameworks/FaceCore.framework/Versions/A/FaceCore
0x0000000049ea3000 	/System/Library/Frameworks/OpenCL.framework/Versions/A/OpenCL
0x0000000049ea3000 	/System/Library/Frameworks/OpenGL.framework/Versions/A/Libraries/libGLU.dylib
0x0000000049ea3000 	/System/Library/Frameworks/OpenGL.framework/Versions/A/Libraries/libGFXShared.dylib
0x0000000049ea3000 	/System/Library/Frameworks/OpenGL.framework/Versions/A/Libraries/libGL.dylib
0x0000000049ea3000 	/System/Library/Frameworks/OpenGL.framework/Versions/A/Libraries/libGLImage.dylib
0x0000000049ea3000 	/System/Library/Frameworks/OpenGL.framework/Versions/A/Libraries/libCVMSPluginSupport.dylib
0x0000000049ea3000 	/System/Library/Frameworks/OpenGL.framework/Versions/A/Libraries/libCoreVMClient.dylib
0x0000000049ea3000 	/System/Library/PrivateFrameworks/CrashReporterSupport.framework/Versions/A/CrashReporterSupport
0x0000000049ea3000 	/System/Library/PrivateFrameworks/Sharing.framework/Versions/A/Sharing
0x0000000049ea3000 	/System/Library/PrivateFrameworks/IconServices.framework/Versions/A/IconServices
0x0000000049ea3000 	/System/Library/PrivateFrameworks/ProtocolBuffer.framework/Versions/A/ProtocolBuffer
0x0000000049ea3000 	/System/Library/PrivateFrameworks/Apple80211.framework/Versions/A/Apple80211
0x0000000049ea3000 	/System/Library/Frameworks/CoreWLAN.framework/Versions/A/CoreWLAN
0x0000000049ea3000 	/System/Library/PrivateFrameworks/CoreUtils.framework/Versions/A/CoreUtils
0x0000000049ea3000 	/System/Library/Frameworks/IOBluetooth.framework/Versions/A/IOBluetooth
0x0000000049ea3000 	/System/Library/PrivateFrameworks/CoreWiFi.framework/Versions/A/CoreWiFi
0x0000000049ea3000 	/System/Library/Frameworks/CoreBluetooth.framework/Versions/A/CoreBluetooth
0x0000000049ea3000 	/System/Library/Frameworks/CoreDisplay.framework/Versions/A/CoreDisplay
0x0000000049ea3000 	/System/Library/PrivateFrameworks/IOPresentment.framework/Versions/A/IOPresentment
0x0000000049ea3000 	/System/Library/PrivateFrameworks/DebugSymbols.framework/Versions/A/DebugSymbols
0x0000000049ea3000 	/System/Library/PrivateFrameworks/CoreSymbolication.framework/Versions/A/CoreSymbolication
0x0000000049ea3000 	/System/Library/PrivateFrameworks/Symbolication.framework/Versions/A/Symbolication
0x0000000049ea3000 	/System/Library/PrivateFrameworks/AppleFSCompression.framework/Versions/A/AppleFSCompression
0x0000000049ea3000 	/System/Library/PrivateFrameworks/SpeechRecognitionCore.framework/Versions/A/SpeechRecognitionCore
0x0000000049ea3000 	/System/Library/PrivateFrameworks/ChunkingLibrary.framework/Versions/A/ChunkingLibrary
0x000000010d000000 	/Library/Java/JavaVirtualMachines/jdk1.8.0_111.jdk/Contents/Home/jre/lib/server/libjvm.dylib
0x0000000049ea3000 	/usr/lib/libstdc++.6.dylib
0x000000010c725000 	/Library/Java/JavaVirtualMachines/jdk1.8.0_111.jdk/Contents/Home/jre/lib/libverify.dylib
0x000000010c733000 	/Library/Java/JavaVirtualMachines/jdk1.8.0_111.jdk/Contents/Home/jre/lib/libjava.dylib
0x000000010c772000 	/Library/Java/JavaVirtualMachines/jdk1.8.0_111.jdk/Contents/Home/jre/lib/libzip.dylib
0x0000000110294000 	/System/Library/Frameworks/JavaVM.framework/Frameworks/JavaRuntimeSupport.framework/JavaRuntimeSupport
0x00000001102ae000 	/System/Library/Frameworks/JavaVM.framework/Versions/A/Frameworks/JavaNativeFoundation.framework/Versions/A/JavaNativeFoundation
0x000000010c7ec000 	/System/Library/Frameworks/JavaVM.framework/Versions/A/JavaVM
0x0000000049ea3000 	/System/Library/Frameworks/Carbon.framework/Versions/A/Carbon
0x00000001102c3000 	/System/Library/PrivateFrameworks/JavaLaunching.framework/Versions/A/JavaLaunching
0x0000000049ea3000 	/System/Library/Frameworks/Carbon.framework/Versions/A/Frameworks/CommonPanels.framework/Versions/A/CommonPanels
0x0000000049ea3000 	/System/Library/Frameworks/Carbon.framework/Versions/A/Frameworks/Help.framework/Versions/A/Help
0x0000000049ea3000 	/System/Library/Frameworks/Carbon.framework/Versions/A/Frameworks/ImageCapture.framework/Versions/A/ImageCapture
0x0000000049ea3000 	/System/Library/Frameworks/Carbon.framework/Versions/A/Frameworks/OpenScripting.framework/Versions/A/OpenScripting
0x0000000049ea3000 	/System/Library/Frameworks/Carbon.framework/Versions/A/Frameworks/Print.framework/Versions/A/Print
0x0000000049ea3000 	/System/Library/Frameworks/Carbon.framework/Versions/A/Frameworks/SecurityHI.framework/Versions/A/SecurityHI
0x0000000125271000 	/Library/Java/JavaVirtualMachines/jdk1.8.0_111.jdk/Contents/Home/jre/lib/libawt.dylib
0x0000000125319000 	/Library/Java/JavaVirtualMachines/jdk1.8.0_111.jdk/Contents/Home/jre/lib/./libmlib_image.dylib
0x00000001253e5000 	/Library/Java/JavaVirtualMachines/jdk1.8.0_111.jdk/Contents/Home/jre/lib/libawt_lwawt.dylib
0x0000000110313000 	/Library/Java/JavaVirtualMachines/jdk1.8.0_111.jdk/Contents/Home/jre/lib/./libosxapp.dylib
0x0000000049ea3000 	/System/Library/Frameworks/ExceptionHandling.framework/Versions/A/ExceptionHandling
0x0000000049ea3000 	/System/Library/PrivateFrameworks/CoreServicesInternal.framework/Versions/A/CoreServicesInternal
0x0000000049ea3000 	/System/Library/CoreServices/RawCamera.bundle/Contents/MacOS/RawCamera
0x0000000049ea3000 	/System/Library/Frameworks/Accelerate.framework/Versions/A/Frameworks/vImage.framework/Versions/A/Libraries/libCGInterfaces.dylib
0x0000000049ea3000 	/System/Library/Frameworks/ApplicationServices.framework/Versions/A/Frameworks/ATS.framework/Versions/A/Resources/libTrueTypeScaler.dylib
0x0000000049ea3000 	/System/Library/Frameworks/OpenGL.framework/Versions/A/Resources/GLEngine.bundle/GLEngine
0x0000000049ea3000 	/System/Library/Frameworks/OpenGL.framework/Versions/A/Libraries/libGLProgrammability.dylib
0x0000000127033000 	/System/Library/Extensions/AppleIntelHD5000GraphicsGLDriver.bundle/Contents/MacOS/AppleIntelHD5000GraphicsGLDriver
0x0000000049ea3000 	/System/Library/PrivateFrameworks/GPUSupport.framework/Versions/A/Libraries/libGPUSupportMercury.dylib
0x0000000049ea3000 	/System/Library/Frameworks/OpenGL.framework/Versions/A/Resources/GLRendererFloat.bundle/GLRendererFloat
0x0000000049ea3000 	/System/Library/Frameworks/OpenCL.framework/Versions/A/Libraries/libcldcpuengine.dylib
0x0000000049ea3000 	/usr/lib/libcrypto.0.9.8.dylib
0x0000000049ea3000 	/System/Library/PrivateFrameworks/TrustEvaluationAgent.framework/Versions/A/TrustEvaluationAgent
0x00000001277b1000 	/System/Library/Extensions/AppleIntelHD5000GraphicsMTLDriver.bundle/Contents/MacOS/AppleIntelHD5000GraphicsMTLDriver
0x0000000049ea3000 	/System/Library/PrivateFrameworks/FamilyControls.framework/Versions/A/FamilyControls
0x0000000049ea3000 	/System/Library/PrivateFrameworks/CommerceKit.framework/Versions/A/Frameworks/CommerceCore.framework/Versions/A/CommerceCore
0x0000000049ea3000 	/System/Library/PrivateFrameworks/SystemAdministration.framework/Versions/A/SystemAdministration
0x0000000049ea3000 	/System/Library/PrivateFrameworks/AppContainer.framework/Versions/A/AppContainer
0x0000000049ea3000 	/System/Library/PrivateFrameworks/SecCodeWrapper.framework/Versions/A/SecCodeWrapper
0x0000000049ea3000 	/System/Library/Frameworks/DirectoryService.framework/Versions/A/DirectoryService
0x0000000049ea3000 	/System/Library/PrivateFrameworks/DiskImages.framework/Versions/A/DiskImages
0x0000000049ea3000 	/System/Library/PrivateFrameworks/LoginUIKit.framework/Versions/A/Frameworks/LoginUICore.framework/Versions/A/LoginUICore
0x0000000049ea3000 	/usr/lib/libCoreStorage.dylib
0x0000000049ea3000 	/usr/lib/libcsfde.dylib
0x0000000049ea3000 	/usr/lib/libodfde.dylib
0x0000000049ea3000 	/System/Library/Frameworks/DiscRecording.framework/Versions/A/DiscRecording
0x0000000049ea3000 	/usr/lib/libcurl.4.dylib
0x0000000049ea3000 	/System/Library/PrivateFrameworks/MediaKit.framework/Versions/A/MediaKit
0x0000000049ea3000 	/System/Library/PrivateFrameworks/ProtectedCloudStorage.framework/Versions/A/ProtectedCloudStorage
0x0000000049ea3000 	/System/Library/PrivateFrameworks/EFILogin.framework/Versions/A/EFILogin
0x0000000049ea3000 	/usr/lib/libutil.dylib
0x0000000049ea3000 	/System/Library/Frameworks/LDAP.framework/Versions/A/LDAP
0x0000000049ea3000 	/usr/lib/libsasl2.2.dylib
0x0000000049ea3000 	/System/Library/PrivateFrameworks/CoreDaemon.framework/Versions/B/CoreDaemon
0x0000000049ea3000 	/System/Library/PrivateFrameworks/AppleSRP.framework/Versions/A/AppleSRP
0x0000000049ea3000 	/System/Library/PrivateFrameworks/APFS.framework/Versions/A/APFS
0x000000012936e000 	/Library/Java/JavaVirtualMachines/jdk1.8.0_111.jdk/Contents/Home/jre/lib/libfontmanager.dylib
0x0000000049ea3000 	/System/Library/PrivateFrameworks/ViewBridge.framework/Versions/A/ViewBridge
0x0000000049ea3000 	/System/Library/PrivateFrameworks/XPCService.framework/Versions/A/XPCService
0x0000000049ea3000 	/System/Library/PrivateFrameworks/AppSandbox.framework/Versions/A/AppSandbox
0x0000000049ea3000 	/usr/lib/libsandbox.1.dylib
0x0000000049ea3000 	/usr/lib/libMatch.1.dylib
0x000000012a769000 	/Library/Java/JavaVirtualMachines/jdk1.8.0_111.jdk/Contents/Home/jre/lib/libosxui.dylib
0x000000012b4e0000 	/Library/Java/JavaVirtualMachines/jdk1.8.0_111.jdk/Contents/Home/jre/lib/libnet.dylib
0x000000012b53f000 	/Library/Java/JavaVirtualMachines/jdk1.8.0_111.jdk/Contents/Home/jre/lib/libnio.dylib
0x000000012a477000 	/private/var/folders/qk/z1qqpcwd0wx0z14thz2z48xw0000gr/T/jogamp_0000/file_cache/jln3763277680715553247/jln2674348466776668544/libgluegen-rt.jnilib
0x000000012a47c000 	/private/var/folders/qk/z1qqpcwd0wx0z14thz2z48xw0000gr/T/jogamp_0000/file_cache/jln3763277680715553247/jln2674348466776668544/libnativewindow_awt.jnilib
0x0000000169773000 	/Library/Java/JavaVirtualMachines/jdk1.8.0_111.jdk/Contents/Home/jre/lib/libjawt.dylib
0x00000001697c5000 	/private/var/folders/qk/z1qqpcwd0wx0z14thz2z48xw0000gr/T/jogamp_0000/file_cache/jln3763277680715553247/jln2674348466776668544/libnativewindow_macosx.jnilib
0x000000016bd1c000 	/private/var/folders/qk/z1qqpcwd0wx0z14thz2z48xw0000gr/T/jogamp_0000/file_cache/jln3763277680715553247/jln2674348466776668544/libjogl_desktop.jnilib
0x0000000125d0a000 	/Library/Java/JavaVirtualMachines/jdk1.8.0_111.jdk/Contents/Home/jre/lib/libjpeg.dylib

VM Arguments:
jvm_args: -Djava.security.policy=java.policy.applet -Dfile.encoding=UTF-8 
java_command: sun.applet.AppletViewer ai.files.DisplayPath1519704156104.html
java_class_path (initial): /Users/Justin/AQP-AI/AI/build:/Users/Justin/AQP-AI/AI/lib/core.jar:/Users/Justin/AQP-AI/AI/lib/gluegen-rt.jar:/Users/Justin/AQP-AI/AI/lib/jogl-all.jar:/Users/Justin/AQP-AI/AI/lib/log4j-1.2.15.jar:/Users/Justin/AQP-AI/AI/lib/sqlite-jdbc-3.7.2.jar:/Users/Justin/AQP-AI/AI/lib/json4processing.jar:/Users/Justin/AQP-AI/AI/lib/libTUIO.jar:/Users/Justin/AQP-AI/AI/lib/unfolding.0.9.6.jar:/Users/Justin/AQP-AI/AI/lib/DelaunayTriangulator-1.0.3.jar:/Users/Justin/AQP-AI/AI/lib/guava-12.0.jar:/Users/Justin/.p2/pool/plugins/org.junit_4.12.0.v201504281640/junit.jar:/Users/Justin/.p2/pool/plugins/org.hamcrest.core_1.3.0.v201303031735.jar
Launcher Type: SUN_STANDARD

Environment Variables:
PATH=/usr/bin:/bin:/usr/sbin:/sbin
SHELL=/bin/bash
DISPLAY=/private/tmp/com.apple.launchd.mCTsStFHO5/org.macosforge.xquartz:0

Signal Handlers:
SIGSEGV: [libjvm.dylib+0x5b03ed], sa_mask[0]=11111111011111110111111111111111, sa_flags=SA_ONSTACK|SA_RESTART|SA_SIGINFO
SIGBUS: [libjvm.dylib+0x5b03ed], sa_mask[0]=11111111011111110111111111111111, sa_flags=SA_RESTART|SA_SIGINFO
SIGFPE: [libjvm.dylib+0x48711c], sa_mask[0]=11111111011111110111111111111111, sa_flags=SA_RESTART|SA_SIGINFO
SIGPIPE: [libjvm.dylib+0x48711c], sa_mask[0]=11111111011111110111111111111111, sa_flags=SA_RESTART|SA_SIGINFO
SIGXFSZ: [libjvm.dylib+0x48711c], sa_mask[0]=11111111011111110111111111111111, sa_flags=SA_RESTART|SA_SIGINFO
SIGILL: [libjvm.dylib+0x48711c], sa_mask[0]=11111111011111110111111111111111, sa_flags=SA_RESTART|SA_SIGINFO
SIGUSR1: SIG_DFL, sa_mask[0]=00000000000000000000000000000000, sa_flags=none
SIGUSR2: [libjvm.dylib+0x486c3a], sa_mask[0]=00100000000000000000000000000000, sa_flags=SA_RESTART|SA_SIGINFO
SIGHUP: [libjvm.dylib+0x485211], sa_mask[0]=11111111011111110111111111111111, sa_flags=SA_RESTART|SA_SIGINFO
SIGINT: [libjvm.dylib+0x485211], sa_mask[0]=11111111011111110111111111111111, sa_flags=SA_RESTART|SA_SIGINFO
SIGTERM: [libjvm.dylib+0x485211], sa_mask[0]=11111111011111110111111111111111, sa_flags=SA_RESTART|SA_SIGINFO
SIGQUIT: [libjvm.dylib+0x485211], sa_mask[0]=11111111011111110111111111111111, sa_flags=SA_RESTART|SA_SIGINFO


---------------  S Y S T E M  ---------------

OS:Bsduname:Darwin 16.0.0 Darwin Kernel Version 16.0.0: Mon Aug 29 17:56:20 PDT 2016; root:xnu-3789.1.32~3/RELEASE_X86_64 x86_64
rlimit: STACK 8192k, CORE 0k, NPROC 709, NOFILE 10240, AS infinity
load average:2.08 2.06 2.00

CPU:total 4 (2 cores per cpu, 2 threads per core) family 6 model 69 stepping 1, cmov, cx8, fxsr, mmx, sse, sse2, sse3, ssse3, sse4.1, sse4.2, popcnt, avx, avx2, aes, clmul, erms, lzcnt, ht, tsc, tscinvbit, bmi1, bmi2

Memory: 4k page, physical 8388608k(161552k free)

/proc/meminfo:


vm_info: Java HotSpot(TM) 64-Bit Server VM (25.111-b14) for bsd-amd64 JRE (1.8.0_111-b14), built on Sep 22 2016 15:31:41 by "java_re" with gcc 4.2.1 (Based on Apple Inc. build 5658) (LLVM build 2336.11.00)

time: Mon Feb 26 23:02:49 2018
elapsed time: 13 seconds (0d 0h 0m 13s)

