#
# A fatal error has been detected by the Java Runtime Environment:
#
#  SIGSEGV (0xb) at pc=0x00007fff8aa86b5d, pid=11864, tid=0x000000000000080b
#
# JRE version: Java(TM) SE Runtime Environment (8.0_111-b14) (build 1.8.0_111-b14)
# Java VM: Java HotSpot(TM) 64-Bit Server VM (25.111-b14 mixed mode bsd-amd64 compressed oops)
# Problematic frame:
# C  [libobjc.A.dylib+0x6b5d]  objc_msgSend+0x1d
#
# Failed to write core dump. Core dumps have been disabled. To enable core dumping, try "ulimit -c unlimited" before starting Java again
#
# If you would like to submit a bug report, please visit:
#   http://bugreport.java.com/bugreport/crash.jsp
# The crash happened outside the Java Virtual Machine in native code.
# See problematic frame for where to report the bug.
#

---------------  T H R E A D  ---------------

Current thread (0x00007fec8d093800):  JavaThread "AWT-AppKit" daemon [_thread_in_native, id=2059, stack(0x00007fff5a6b1000,0x00007fff5aeb1000)]

siginfo: si_signo: 11 (SIGSEGV), si_code: 1 (SEGV_MAPERR), si_addr: 0x000007fec919cbd0

Registers:
RAX=0x00007fec918ad040, RBX=0x0000000161f213b0, RCX=0x00007fec8ec01920, RDX=0x0000000000000000
RSP=0x00007fff5aeac418, RBP=0x00007fff5aeac4d0, RSI=0x00007fff74b151c3, RDI=0x00007fec8c5db8a0
R8 =0x0000000000000018, R9 =0x00007fec8ec01940, R10=0x000007fec919cbb8, R11=0x00007fff74b151c3
R12=0x0000000000000000, R13=0x0000000164520d90, R14=0x0000000161f213a0, R15=0x00007fec8d093800
RIP=0x00007fff8aa86b5d, EFLAGS=0x0000000000010206, ERR=0x0000000000000004
  TRAPNO=0x000000000000000e

Top of Stack: (sp=0x00007fff5aeac418)
0x00007fff5aeac418:   0000000161f1f5d7 00007fff5aeac470
0x00007fff5aeac428:   0000000000000003 00007fff5aeac450
0x00007fff5aeac438:   0000000104fbe7be 0000000164520d90
0x00007fff5aeac448:   0000000164520d90 00007fec918ad040
0x00007fff5aeac458:   0000000161f215c0 0000000161f21640
0x00007fff5aeac468:   0000000161f213b0 00007fff90a4c6d0
0x00007fff5aeac478:   0000000161f215d0 00007fff916b0f90
0x00007fff5aeac488:   00007fec918ad040 00007fec8c5db8a0
0x00007fff5aeac498:   00007fec8c617100 00007fec918ad040
0x00007fff5aeac4a8:   00007fec8c5db8a0 00007fff5aeac558
0x00007fff5aeac4b8:   00007fec8d0939f8 0000000164520d90
0x00007fff5aeac4c8:   00007fff5aeac580 00007fff5aeac548
0x00007fff5aeac4d8:   00000001119b29f4 0000000164520d90
0x00007fff5aeac4e8:   00007fff5aeac580 00007fff5aeac548
0x00007fff5aeac4f8:   00000001119b2787 00000001119b2742
0x00007fff5aeac508:   00007fff5aeac508 0000000164520d90
0x00007fff5aeac518:   00007fff5aeac580 0000000164523580
0x00007fff5aeac528:   0000000000000000 0000000164520d90
0x00007fff5aeac538:   0000000000000000 00007fff5aeac568
0x00007fff5aeac548:   00007fff5aeac5c8 00000001119a32bd
0x00007fff5aeac558:   000000074112ee48 00000001119ac538
0x00007fff5aeac568:   00007fec918ad040 00007fff5aeac5c8
0x00007fff5aeac578:   00007fec8c5db8a0 00000001119ade02
0x00007fff5aeac588:   00007fff5aeac588 0000000164520f5a
0x00007fff5aeac598:   00007fff5aeac5f0 0000000164523580
0x00007fff5aeac5a8:   0000000000000000 0000000164520f68
0x00007fff5aeac5b8:   00007fff5aeac568 00007fff5aeac5d8
0x00007fff5aeac5c8:   00007fff5aeac638 00000001119a32bd
0x00007fff5aeac5d8:   00007fec918ad040 00000007410c30c8
0x00007fff5aeac5e8:   00007fec8c5db8a0 00000007410c30c8
0x00007fff5aeac5f8:   00007fff5aeac5f8 000000016ab6f506
0x00007fff5aeac608:   00007fff5aeac648 000000016ab6f5c0 

Instructions: (pc=0x00007fff8aa86b5d)
0x00007fff8aa86b3d:   0f 1f 00 48 85 ff 2e 74 62 40 f6 c7 01 2e 75 66
0x00007fff8aa86b4d:   49 ba f8 ff ff ff ff 7f 00 00 4c 23 17 49 89 f3
0x00007fff8aa86b5d:   45 23 5a 18 49 c1 e3 04 4d 03 5a 10 49 3b 33 75
0x00007fff8aa86b6d:   04 41 ff 63 08 49 83 3b 01 76 0d 49 83 c3 10 49 

Register to memory mapping:

RAX=0x00007fec918ad040 is an unknown value
RBX=0x0000000161f213b0: Java_jogamp_nativewindow_macosx_OSXUtil_GetScreenRefreshRate0+0x1850 in /private/var/folders/qk/z1qqpcwd0wx0z14thz2z48xw0000gr/T/jogamp_0000/file_cache/jln1958574156995182919/jln1447861385035898311/libnativewindow_macosx.jnilib at 0x0000000161f1a000
RCX=0x00007fec8ec01920 is an unknown value
RDX=0x0000000000000000 is an unknown value
RSP=0x00007fff5aeac418 is pointing into the stack for thread: 0x00007fec8d093800
RBP=0x00007fff5aeac4d0 is pointing into the stack for thread: 0x00007fec8d093800
RSI=0x00007fff74b151c3: __NSStyleNameIndexTable+0x814d6 in /System/Library/Frameworks/AppKit.framework/Versions/C/AppKit at 0x00007fff73f83000
RDI=0x00007fec8c5db8a0 is an unknown value
R8 =0x0000000000000018 is an unknown value
R9 =0x00007fec8ec01940 is an unknown value
R10=0x000007fec919cbb8 is an unknown value
R11=0x00007fff74b151c3: __NSStyleNameIndexTable+0x814d6 in /System/Library/Frameworks/AppKit.framework/Versions/C/AppKit at 0x00007fff73f83000
R12=0x0000000000000000 is an unknown value
R13={method} {0x0000000164520d90} 'UnsetJAWTRootSurfaceLayer0' '(JJ)V' in 'jogamp/nativewindow/jawt/macosx/MacOSXJAWTWindow'
R14=0x0000000161f213a0: Java_jogamp_nativewindow_macosx_OSXUtil_GetScreenRefreshRate0+0x1840 in /private/var/folders/qk/z1qqpcwd0wx0z14thz2z48xw0000gr/T/jogamp_0000/file_cache/jln1958574156995182919/jln1447861385035898311/libnativewindow_macosx.jnilib at 0x0000000161f1a000
R15=0x00007fec8d093800 is a thread


Stack: [0x00007fff5a6b1000,0x00007fff5aeb1000],  sp=0x00007fff5aeac418,  free space=8173k
Native frames: (J=compiled Java code, j=interpreted, Vv=VM code, C=native code)
C  [libobjc.A.dylib+0x6b5d]  objc_msgSend+0x1d
j  jogamp.nativewindow.jawt.macosx.MacOSXJAWTWindow.UnsetJAWTRootSurfaceLayer0(JJ)V+0
j  jogamp.nativewindow.jawt.macosx.MacOSXJAWTWindow.access$200(JJ)V+2
j  jogamp.nativewindow.jawt.macosx.MacOSXJAWTWindow$1.run()V+38
J 2470 C1 com.jogamp.common.util.RunnableTask.run()V (345 bytes) @ 0x00000001120c15f4 [0x00000001120c1460+0x194]
v  ~StubRoutines::call_stub
V  [libjvm.dylib+0x2ecf8a]  JavaCalls::call_helper(JavaValue*, methodHandle*, JavaCallArguments*, Thread*)+0x6ae
V  [libjvm.dylib+0x324119]  jni_invoke_nonstatic(JNIEnv_*, JavaValue*, _jobject*, JNICallType, _jmethodID*, JNI_ArgumentPusher*, Thread*)+0x2ec
V  [libjvm.dylib+0x3168e7]  jni_CallVoidMethod+0x16b
C  [libnativewindow_macosx.jnilib+0x57ae]  Java_jogamp_nativewindow_jawt_macosx_MacOSXJAWTWindow_UnsetJAWTRootSurfaceLayer0+0x2be
C  [Foundation+0x71f2a]  __NSThreadPerformPerform+0x146
C  [CoreFoundation+0xa7551]  __CFRUNLOOP_IS_CALLING_OUT_TO_A_SOURCE0_PERFORM_FUNCTION__+0x11
C  [CoreFoundation+0x886bd]  __CFRunLoopDoSources0+0x22d
C  [CoreFoundation+0x87bb6]  __CFRunLoopRun+0x3a6
C  [CoreFoundation+0x875b4]  CFRunLoopRunSpecific+0x1a4
C  [HIToolbox+0x30f6c]  RunCurrentEventLoopInMode+0xf0
C  [HIToolbox+0x30da1]  ReceiveNextEventCommon+0x1b0
C  [HIToolbox+0x30bd6]  _BlockUntilNextEventMatchingListInModeWithFilter+0x47
C  [AppKit+0x475f5]  _DPSNextEvent+0x445
C  [AppKit+0x7578eb]  -[NSApplication(NSEvent) _nextEventMatchingEventMask:untilDate:inMode:dequeue:]+0x665
C  [libosxapp.dylib+0x23aa]  -[NSApplicationAWT nextEventMatchingMask:untilDate:inMode:dequeue:]+0x7c
C  [AppKit+0x3bfbd]  -[NSApplication run]+0x39e
C  [libosxapp.dylib+0x214d]  +[NSApplicationAWT runAWTLoopWithApp:]+0x9c
C  [libawt_lwawt.dylib+0x444b3]  -[AWTStarter starter:]+0x389
C  [Foundation+0x71f2a]  __NSThreadPerformPerform+0x146
C  [CoreFoundation+0xa7551]  __CFRUNLOOP_IS_CALLING_OUT_TO_A_SOURCE0_PERFORM_FUNCTION__+0x11
C  [CoreFoundation+0x886bd]  __CFRunLoopDoSources0+0x22d
C  [CoreFoundation+0x87bb6]  __CFRunLoopRun+0x3a6
C  [CoreFoundation+0x875b4]  CFRunLoopRunSpecific+0x1a4
C  [java+0x6465]  CreateExecutionEnvironment+0x367
C  [java+0x218c]  JLI_Launch+0x7a0
C  [java+0x84c2]  main+0x65
C  [java+0x19e4]  start+0x34
C  0x0000000000000007

Java frames: (J=compiled Java code, j=interpreted, Vv=VM code)
j  jogamp.nativewindow.jawt.macosx.MacOSXJAWTWindow.UnsetJAWTRootSurfaceLayer0(JJ)V+0
j  jogamp.nativewindow.jawt.macosx.MacOSXJAWTWindow.access$200(JJ)V+2
j  jogamp.nativewindow.jawt.macosx.MacOSXJAWTWindow$1.run()V+38
J 2470 C1 com.jogamp.common.util.RunnableTask.run()V (345 bytes) @ 0x00000001120c15f4 [0x00000001120c1460+0x194]
v  ~StubRoutines::call_stub

---------------  P R O C E S S  ---------------

Java Threads: ( => current thread )
  0x00007fec8d26b800 JavaThread "Thread-49" [_thread_blocked, id=5655, stack(0x000070000c776000,0x000070000c876000)]
  0x00007fec8e226800 JavaThread "AWT-EventQueue-1" [_thread_in_native, id=65807, stack(0x000070000c5f0000,0x000070000c6f0000)]
  0x00007fec8d0ad800 JavaThread "DestroyJavaVM" [_thread_blocked, id=7171, stack(0x000070000afa8000,0x000070000b0a8000)]
  0x00007fec8ca71000 JavaThread "AWT-EventQueue-0" [_thread_blocked, id=59395, stack(0x000070000c3ea000,0x000070000c4ea000)]
  0x00007fec8d0e8800 JavaThread "Java2D Disposer" daemon [_thread_blocked, id=56079, stack(0x000070000c161000,0x000070000c261000)]
  0x00007fec8e16d000 JavaThread "Java2D Queue Flusher" daemon [_thread_blocked, id=54023, stack(0x000070000c05e000,0x000070000c15e000)]
  0x00007fec8e0bd800 JavaThread "AWT-Shutdown" [_thread_blocked, id=27995, stack(0x000070000be55000,0x000070000bf55000)]
=>0x00007fec8d093800 JavaThread "AWT-AppKit" daemon [_thread_in_native, id=2059, stack(0x00007fff5a6b1000,0x00007fff5aeb1000)]
  0x00007fec8c833000 JavaThread "Service Thread" daemon [_thread_blocked, id=18691, stack(0x000070000bbcc000,0x000070000bccc000)]
  0x00007fec8c841000 JavaThread "C1 CompilerThread2" daemon [_thread_blocked, id=18179, stack(0x000070000bac9000,0x000070000bbc9000)]
  0x00007fec8c840000 JavaThread "C2 CompilerThread1" daemon [_thread_blocked, id=17667, stack(0x000070000b9c6000,0x000070000bac6000)]
  0x00007fec8c83e800 JavaThread "C2 CompilerThread0" daemon [_thread_blocked, id=17155, stack(0x000070000b8c3000,0x000070000b9c3000)]
  0x00007fec8c83d800 JavaThread "Signal Dispatcher" daemon [_thread_blocked, id=16643, stack(0x000070000b7c0000,0x000070000b8c0000)]
  0x00007fec8c82d800 JavaThread "Finalizer" daemon [_thread_blocked, id=12547, stack(0x000070000b6bd000,0x000070000b7bd000)]
  0x00007fec8d006800 JavaThread "Reference Handler" daemon [_thread_blocked, id=12035, stack(0x000070000b5ba000,0x000070000b6ba000)]

Other Threads:
  0x00007fec8d81d800 VMThread [stack: 0x000070000b4b7000,0x000070000b5b7000] [id=11523]
  0x00007fec8c855000 WatcherThread [stack: 0x000070000bccf000,0x000070000bdcf000] [id=19203]

VM state:not at safepoint (normal execution)

VM Mutex/Monitor currently owned by a thread: None

Heap:
 PSYoungGen      total 95744K, used 67114K [0x0000000795580000, 0x00000007a3180000, 0x00000007c0000000)
  eden space 95232K, 70% used [0x0000000795580000,0x00000007996f2988,0x000000079b280000)
  from space 512K, 18% used [0x00000007a3100000,0x00000007a3118000,0x00000007a3180000)
  to   space 15872K, 0% used [0x00000007a1280000,0x00000007a1280000,0x00000007a2200000)
 ParOldGen       total 87552K, used 30879K [0x0000000740000000, 0x0000000745580000, 0x0000000795580000)
  object space 87552K, 35% used [0x0000000740000000,0x0000000741e27ce0,0x0000000745580000)
 Metaspace       used 20024K, capacity 20177K, committed 20480K, reserved 1067008K
  class space    used 1978K, capacity 2047K, committed 2048K, reserved 1048576K

Card table byte_map: [0x00000001069c0000,0x0000000106dc1000] byte_map_base: 0x0000000102fc0000

Marking Bits: (ParMarkBitMap*) 0x00000001056bbd20
 Begin Bits: [0x000000010706c000, 0x000000010906c000)
 End Bits:   [0x000000010906c000, 0x000000010b06c000)

Polling page: 0x0000000105db0000

CodeCache: size=245760Kb used=8197Kb max_used=8210Kb free=237562Kb
 bounds [0x000000011199b000, 0x00000001121bb000, 0x000000012099b000]
 total_blobs=3256 nmethods=2371 adapters=798
 compilation: enabled

Compilation events (10 events):
Event: 43.270 Thread 0x00007fec8c841000 nmethod 2739 0x00000001121a5a10 code [0x00000001121a5b60, 0x00000001121a5c70]
Event: 44.390 Thread 0x00007fec8c83e800 2740       4       java.awt.Rectangle::<init> (26 bytes)
Event: 44.391 Thread 0x00007fec8c83e800 nmethod 2740 0x0000000112190f90 code [0x00000001121910e0, 0x0000000112191158]
Event: 44.392 Thread 0x00007fec8c841000 2741       3       java.awt.EventQueue$4::run (5 bytes)
Event: 44.394 Thread 0x00007fec8c841000 nmethod 2741 0x00000001121a9110 code [0x00000001121a9300, 0x00000001121a99b8]
Event: 44.394 Thread 0x00007fec8c841000 2742       3       java.awt.EventQueue$4::run (19 bytes)
Event: 44.395 Thread 0x00007fec8c841000 nmethod 2742 0x00000001121a8510 code [0x00000001121a8700, 0x00000001121a8d38]
Event: 44.454 Thread 0x00007fec8c841000 2743       1       sun.java2d.SurfaceData::isValid (5 bytes)
Event: 44.455 Thread 0x00007fec8c841000 nmethod 2743 0x00000001121a48d0 code [0x00000001121a4a20, 0x00000001121a4b30]
Event: 44.469 Thread 0x00007fec8c840000 2744       4       java.util.HashMap::putVal (300 bytes)

GC Heap History (10 events):
Event: 30.303 GC heap before
{Heap before GC invocations=12 (full 0):
 PSYoungGen      total 114688K, used 114208K [0x0000000795580000, 0x00000007a5f00000, 0x00000007c0000000)
  eden space 114176K, 100% used [0x0000000795580000,0x000000079c500000,0x000000079c500000)
  from space 512K, 6% used [0x00000007a4100000,0x00000007a4108000,0x00000007a4180000)
  to   space 15872K, 0% used [0x00000007a4f80000,0x00000007a4f80000,0x00000007a5f00000)
 ParOldGen       total 87552K, used 30799K [0x0000000740000000, 0x0000000745580000, 0x0000000795580000)
  object space 87552K, 35% used [0x0000000740000000,0x0000000741e13ce0,0x0000000745580000)
 Metaspace       used 19939K, capacity 20113K, committed 20480K, reserved 1067008K
  class space    used 1969K, capacity 2047K, committed 2048K, reserved 1048576K
Event: 30.305 GC heap after
Heap after GC invocations=12 (full 0):
 PSYoungGen      total 110592K, used 96K [0x0000000795580000, 0x00000007a5000000, 0x00000007c0000000)
  eden space 110080K, 0% used [0x0000000795580000,0x0000000795580000,0x000000079c100000)
  from space 512K, 18% used [0x00000007a4f80000,0x00000007a4f98000,0x00000007a5000000)
  to   space 16384K, 0% used [0x00000007a3000000,0x00000007a3000000,0x00000007a4000000)
 ParOldGen       total 87552K, used 30823K [0x0000000740000000, 0x0000000745580000, 0x0000000795580000)
  object space 87552K, 35% used [0x0000000740000000,0x0000000741e19ce0,0x0000000745580000)
 Metaspace       used 19939K, capacity 20113K, committed 20480K, reserved 1067008K
  class space    used 1969K, capacity 2047K, committed 2048K, reserved 1048576K
}
Event: 33.466 GC heap before
{Heap before GC invocations=13 (full 0):
 PSYoungGen      total 110592K, used 110176K [0x0000000795580000, 0x00000007a5000000, 0x00000007c0000000)
  eden space 110080K, 100% used [0x0000000795580000,0x000000079c100000,0x000000079c100000)
  from space 512K, 18% used [0x00000007a4f80000,0x00000007a4f98000,0x00000007a5000000)
  to   space 16384K, 0% used [0x00000007a3000000,0x00000007a3000000,0x00000007a4000000)
 ParOldGen       total 87552K, used 30823K [0x0000000740000000, 0x0000000745580000, 0x0000000795580000)
  object space 87552K, 35% used [0x0000000740000000,0x0000000741e19ce0,0x0000000745580000)
 Metaspace       used 19976K, capacity 20177K, committed 20480K, reserved 1067008K
  class space    used 1969K, capacity 2047K, committed 2048K, reserved 1048576K
Event: 33.467 GC heap after
Heap after GC invocations=13 (full 0):
 PSYoungGen      total 122368K, used 96K [0x0000000795580000, 0x00000007a5000000, 0x00000007c0000000)
  eden space 105984K, 0% used [0x0000000795580000,0x0000000795580000,0x000000079bd00000)
  from space 16384K, 0% used [0x00000007a3000000,0x00000007a3018000,0x00000007a4000000)
  to   space 16384K, 0% used [0x00000007a4000000,0x00000007a4000000,0x00000007a5000000)
 ParOldGen       total 87552K, used 30831K [0x0000000740000000, 0x0000000745580000, 0x0000000795580000)
  object space 87552K, 35% used [0x0000000740000000,0x0000000741e1bce0,0x0000000745580000)
 Metaspace       used 19976K, capacity 20177K, committed 20480K, reserved 1067008K
  class space    used 1969K, capacity 2047K, committed 2048K, reserved 1048576K
}
Event: 36.621 GC heap before
{Heap before GC invocations=14 (full 0):
 PSYoungGen      total 122368K, used 106080K [0x0000000795580000, 0x00000007a5000000, 0x00000007c0000000)
  eden space 105984K, 100% used [0x0000000795580000,0x000000079bd00000,0x000000079bd00000)
  from space 16384K, 0% used [0x00000007a3000000,0x00000007a3018000,0x00000007a4000000)
  to   space 16384K, 0% used [0x00000007a4000000,0x00000007a4000000,0x00000007a5000000)
 ParOldGen       total 87552K, used 30831K [0x0000000740000000, 0x0000000745580000, 0x0000000795580000)
  object space 87552K, 35% used [0x0000000740000000,0x0000000741e1bce0,0x0000000745580000)
 Metaspace       used 19976K, capacity 20177K, committed 20480K, reserved 1067008K
  class space    used 1969K, capacity 2047K, committed 2048K, reserved 1048576K
Event: 36.623 GC heap after
Heap after GC invocations=14 (full 0):
 PSYoungGen      total 102912K, used 128K [0x0000000795580000, 0x00000007a4080000, 0x00000007c0000000)
  eden space 102400K, 0% used [0x0000000795580000,0x0000000795580000,0x000000079b980000)
  from space 512K, 25% used [0x00000007a4000000,0x00000007a4020000,0x00000007a4080000)
  to   space 16384K, 0% used [0x00000007a2080000,0x00000007a2080000,0x00000007a3080000)
 ParOldGen       total 87552K, used 30847K [0x0000000740000000, 0x0000000745580000, 0x0000000795580000)
  object space 87552K, 35% used [0x0000000740000000,0x0000000741e1fce0,0x0000000745580000)
 Metaspace       used 19976K, capacity 20177K, committed 20480K, reserved 1067008K
  class space    used 1969K, capacity 2047K, committed 2048K, reserved 1048576K
}
Event: 39.646 GC heap before
{Heap before GC invocations=15 (full 0):
 PSYoungGen      total 102912K, used 102528K [0x0000000795580000, 0x00000007a4080000, 0x00000007c0000000)
  eden space 102400K, 100% used [0x0000000795580000,0x000000079b980000,0x000000079b980000)
  from space 512K, 25% used [0x00000007a4000000,0x00000007a4020000,0x00000007a4080000)
  to   space 16384K, 0% used [0x00000007a2080000,0x00000007a2080000,0x00000007a3080000)
 ParOldGen       total 87552K, used 30847K [0x0000000740000000, 0x0000000745580000, 0x0000000795580000)
  object space 87552K, 35% used [0x0000000740000000,0x0000000741e1fce0,0x0000000745580000)
 Metaspace       used 19982K, capacity 20177K, committed 20480K, reserved 1067008K
  class space    used 1969K, capacity 2047K, committed 2048K, reserved 1048576K
Event: 39.648 GC heap after
Heap after GC invocations=15 (full 0):
 PSYoungGen      total 115200K, used 128K [0x0000000795580000, 0x00000007a4080000, 0x00000007c0000000)
  eden space 98816K, 0% used [0x0000000795580000,0x0000000795580000,0x000000079b600000)
  from space 16384K, 0% used [0x00000007a2080000,0x00000007a20a0000,0x00000007a3080000)
  to   space 15872K, 0% used [0x00000007a3100000,0x00000007a3100000,0x00000007a4080000)
 ParOldGen       total 87552K, used 30855K [0x0000000740000000, 0x0000000745580000, 0x0000000795580000)
  object space 87552K, 35% used [0x0000000740000000,0x0000000741e21ce0,0x0000000745580000)
 Metaspace       used 19982K, capacity 20177K, committed 20480K, reserved 1067008K
  class space    used 1969K, capacity 2047K, committed 2048K, reserved 1048576K
}
Event: 42.554 GC heap before
{Heap before GC invocations=16 (full 0):
 PSYoungGen      total 115200K, used 98944K [0x0000000795580000, 0x00000007a4080000, 0x00000007c0000000)
  eden space 98816K, 100% used [0x0000000795580000,0x000000079b600000,0x000000079b600000)
  from space 16384K, 0% used [0x00000007a2080000,0x00000007a20a0000,0x00000007a3080000)
  to   space 15872K, 0% used [0x00000007a3100000,0x00000007a3100000,0x00000007a4080000)
 ParOldGen       total 87552K, used 30855K [0x0000000740000000, 0x0000000745580000, 0x0000000795580000)
  object space 87552K, 35% used [0x0000000740000000,0x0000000741e21ce0,0x0000000745580000)
 Metaspace       used 19987K, capacity 20177K, committed 20480K, reserved 1067008K
  class space    used 1969K, capacity 2047K, committed 2048K, reserved 1048576K
Event: 42.556 GC heap after
Heap after GC invocations=16 (full 0):
 PSYoungGen      total 95744K, used 96K [0x0000000795580000, 0x00000007a3180000, 0x00000007c0000000)
  eden space 95232K, 0% used [0x0000000795580000,0x0000000795580000,0x000000079b280000)
  from space 512K, 18% used [0x00000007a3100000,0x00000007a3118000,0x00000007a3180000)
  to   space 15872K, 0% used [0x00000007a1280000,0x00000007a1280000,0x00000007a2200000)
 ParOldGen       total 87552K, used 30879K [0x0000000740000000, 0x0000000745580000, 0x0000000795580000)
  object space 87552K, 35% used [0x0000000740000000,0x0000000741e27ce0,0x0000000745580000)
 Metaspace       used 19987K, capacity 20177K, committed 20480K, reserved 1067008K
  class space    used 1969K, capacity 2047K, committed 2048K, reserved 1048576K
}

Deoptimization events (10 events):
Event: 23.407 Thread 0x00007fec8e226800 Uncommon trap: reason=speculate_class_check action=maybe_recompile pc=0x0000000112123c58 method=com.jogamp.common.nio.Buffers.getDirectBufferByteOffset(Ljava/lang/Object;)I @ 31
Event: 23.407 Thread 0x00007fec8e226800 Uncommon trap: reason=speculate_class_check action=maybe_recompile pc=0x0000000112123c58 method=com.jogamp.common.nio.Buffers.getDirectBufferByteOffset(Ljava/lang/Object;)I @ 31
Event: 23.703 Thread 0x00007fec8e226800 Uncommon trap: reason=speculate_class_check action=maybe_recompile pc=0x00000001121356d0 method=com.jogamp.common.nio.Buffers.getDirectBufferByteOffset(Ljava/lang/Object;)I @ 42
Event: 23.709 Thread 0x00007fec8e226800 Uncommon trap: reason=speculate_class_check action=maybe_recompile pc=0x00000001121356d0 method=com.jogamp.common.nio.Buffers.getDirectBufferByteOffset(Ljava/lang/Object;)I @ 42
Event: 44.453 Thread 0x00007fec8e1a4800 Uncommon trap: reason=class_check action=maybe_recompile pc=0x0000000111d63d30 method=java.util.HashMap.putVal(ILjava/lang/Object;Ljava/lang/Object;ZZ)Ljava/lang/Object; @ 91
Event: 44.453 Thread 0x00007fec8e1a4800 Uncommon trap: reason=class_check action=maybe_recompile pc=0x0000000111d63d30 method=java.util.HashMap.putVal(ILjava/lang/Object;Ljava/lang/Object;ZZ)Ljava/lang/Object; @ 91
Event: 44.453 Thread 0x00007fec8e1a4800 Uncommon trap: reason=class_check action=maybe_recompile pc=0x0000000111d63d30 method=java.util.HashMap.putVal(ILjava/lang/Object;Ljava/lang/Object;ZZ)Ljava/lang/Object; @ 91
Event: 44.453 Thread 0x00007fec8e1a4800 Uncommon trap: reason=class_check action=maybe_recompile pc=0x0000000111d63d30 method=java.util.HashMap.putVal(ILjava/lang/Object;Ljava/lang/Object;ZZ)Ljava/lang/Object; @ 91
Event: 44.453 Thread 0x00007fec8e1a4800 Uncommon trap: reason=class_check action=maybe_recompile pc=0x0000000111c5ccac method=java.util.HashMap.putVal(ILjava/lang/Object;Ljava/lang/Object;ZZ)Ljava/lang/Object; @ 91
Event: 44.472 Thread 0x00007fec8e226800 Uncommon trap: reason=unstable_if action=reinterpret pc=0x00000001120da5ec method=java.security.AccessControlContext.optimize()Ljava/security/AccessControlContext; @ 233

Internal exceptions (10 events):
Event: 0.230 Thread 0x00007fec8e003000 Exception <a 'java/lang/NoSuchFieldError': method resolution failed> (0x00000007957935e0) thrown at [/Users/java_re/workspace/8-2-build-macosx-x86_64/jdk8u111/7883/hotspot/src/share/vm/prims/methodHandles.cpp, line 1146]
Event: 0.599 Thread 0x00007fec8e003000 Exception <a 'java/io/FileNotFoundException'> (0x000000079580ec88) thrown at [/Users/java_re/workspace/8-2-build-macosx-x86_64/jdk8u111/7883/hotspot/src/share/vm/prims/jni.cpp, line 709]
Event: 0.599 Thread 0x00007fec8e003000 Exception <a 'java/io/FileNotFoundException'> (0x000000079580f7f0) thrown at [/Users/java_re/workspace/8-2-build-macosx-x86_64/jdk8u111/7883/hotspot/src/share/vm/prims/jni.cpp, line 709]
Event: 0.638 Thread 0x00007fec8e003000 Exception <a 'java/io/FileNotFoundException'> (0x0000000795916358) thrown at [/Users/java_re/workspace/8-2-build-macosx-x86_64/jdk8u111/7883/hotspot/src/share/vm/prims/jni.cpp, line 709]
Event: 0.754 Thread 0x00007fec8e003000 Exception <a 'java/io/FileNotFoundException'> (0x0000000795953210) thrown at [/Users/java_re/workspace/8-2-build-macosx-x86_64/jdk8u111/7883/hotspot/src/share/vm/prims/jni.cpp, line 709]
Event: 4.437 Thread 0x00007fec8e1e8000 Exception <a 'java/io/FileNotFoundException'> (0x00000007965b0190) thrown at [/Users/java_re/workspace/8-2-build-macosx-x86_64/jdk8u111/7883/hotspot/src/share/vm/prims/jni.cpp, line 709]
Event: 4.437 Thread 0x00007fec8e1e8000 Exception <a 'java/io/FileNotFoundException'> (0x00000007965b6b78) thrown at [/Users/java_re/workspace/8-2-build-macosx-x86_64/jdk8u111/7883/hotspot/src/share/vm/prims/jni.cpp, line 709]
Event: 4.437 Thread 0x00007fec8e1e8000 Implicit null exception at 0x0000000111b418f6 to 0x0000000111b41cc5
Event: 4.844 Thread 0x00007fec8e1e8000 Exception <a 'java/lang/UnsatisfiedLinkError': com.jogamp.common.util.JarUtil.fixNativeLibAttribs(Ljava/lang/String;)Z> (0x00000007973787e0) thrown at [/Users/java_re/workspace/8-2-build-macosx-x86_64/jdk8u111/7883/hotspot/src/share/vm/prims/nativeLookup.
Event: 5.085 Thread 0x00007fec8c82d800 Exception <a 'java/lang/NullPointerException'> (0x00000007956a6300) thrown at [/Users/java_re/workspace/8-2-build-macosx-x86_64/jdk8u111/7883/hotspot/src/share/vm/interpreter/linkResolver.cpp, line 1178]

Events (10 events):
Event: 44.472 Thread 0x00007fec8e226800 DEOPT UNPACKING pc=0x00000001119a0229 sp=0x000070000c6ed880 mode 2
Event: 44.472 loading class java/awt/LightweightDispatcher$2
Event: 44.472 loading class java/awt/LightweightDispatcher$2 done
Event: 44.472 loading class java/awt/event/AWTEventListenerProxy
Event: 44.472 loading class java/awt/event/AWTEventListenerProxy done
Event: 44.472 loading class java/awt/Toolkit$ToolkitEventMulticaster
Event: 44.473 loading class java/awt/Toolkit$ToolkitEventMulticaster done
Event: 44.473 Executing VM operation: RevokeBias
Event: 44.473 Executing VM operation: RevokeBias done
Event: 44.473 Thread 0x00007fec8e1a4800 Thread exited: 0x00007fec8e1a4800


Dynamic libraries:
0x0000000001136000 	/System/Library/Frameworks/Cocoa.framework/Versions/A/Cocoa
0x0000000001136000 	/System/Library/Frameworks/Security.framework/Versions/A/Security
0x0000000001136000 	/System/Library/Frameworks/ApplicationServices.framework/Versions/A/ApplicationServices
0x0000000001136000 	/usr/lib/libz.1.dylib
0x0000000001136000 	/usr/lib/libSystem.B.dylib
0x0000000001136000 	/usr/lib/libobjc.A.dylib
0x0000000001136000 	/System/Library/Frameworks/CoreFoundation.framework/Versions/A/CoreFoundation
0x0000000001136000 	/System/Library/Frameworks/Foundation.framework/Versions/C/Foundation
0x0000000001136000 	/System/Library/Frameworks/AppKit.framework/Versions/C/AppKit
0x0000000001136000 	/System/Library/Frameworks/CoreData.framework/Versions/A/CoreData
0x0000000001136000 	/System/Library/PrivateFrameworks/RemoteViewServices.framework/Versions/A/RemoteViewServices
0x0000000001136000 	/System/Library/PrivateFrameworks/UIFoundation.framework/Versions/A/UIFoundation
0x0000000001136000 	/usr/lib/libenergytrace.dylib
0x0000000001136000 	/System/Library/PrivateFrameworks/SkyLight.framework/Versions/A/SkyLight
0x0000000001136000 	/System/Library/Frameworks/CoreGraphics.framework/Versions/A/CoreGraphics
0x0000000001136000 	/usr/lib/libScreenReader.dylib
0x0000000001136000 	/System/Library/Frameworks/Accelerate.framework/Versions/A/Accelerate
0x0000000001136000 	/System/Library/Frameworks/IOSurface.framework/Versions/A/IOSurface
0x0000000001136000 	/System/Library/Frameworks/AudioToolbox.framework/Versions/A/AudioToolbox
0x0000000001136000 	/System/Library/Frameworks/AudioUnit.framework/Versions/A/AudioUnit
0x0000000001136000 	/System/Library/PrivateFrameworks/DataDetectorsCore.framework/Versions/A/DataDetectorsCore
0x0000000001136000 	/System/Library/PrivateFrameworks/DesktopServicesPriv.framework/Versions/A/DesktopServicesPriv
0x0000000001136000 	/System/Library/Frameworks/Carbon.framework/Versions/A/Frameworks/HIToolbox.framework/Versions/A/HIToolbox
0x0000000001136000 	/usr/lib/libicucore.A.dylib
0x0000000001136000 	/System/Library/Frameworks/QuartzCore.framework/Versions/A/QuartzCore
0x0000000001136000 	/System/Library/Frameworks/Carbon.framework/Versions/A/Frameworks/SpeechRecognition.framework/Versions/A/SpeechRecognition
0x0000000001136000 	/usr/lib/libauto.dylib
0x0000000001136000 	/usr/lib/libxml2.2.dylib
0x0000000001136000 	/System/Library/PrivateFrameworks/CoreUI.framework/Versions/A/CoreUI
0x0000000001136000 	/System/Library/Frameworks/CoreAudio.framework/Versions/A/CoreAudio
0x0000000001136000 	/System/Library/Frameworks/DiskArbitration.framework/Versions/A/DiskArbitration
0x0000000001136000 	/usr/lib/liblangid.dylib
0x0000000001136000 	/System/Library/PrivateFrameworks/MultitouchSupport.framework/Versions/A/MultitouchSupport
0x0000000001136000 	/System/Library/Frameworks/IOKit.framework/Versions/A/IOKit
0x0000000001136000 	/usr/lib/libDiagnosticMessagesClient.dylib
0x0000000001136000 	/System/Library/Frameworks/CoreServices.framework/Versions/A/CoreServices
0x0000000001136000 	/System/Library/PrivateFrameworks/PerformanceAnalysis.framework/Versions/A/PerformanceAnalysis
0x0000000001136000 	/System/Library/PrivateFrameworks/GenerationalStorage.framework/Versions/A/GenerationalStorage
0x0000000001136000 	/System/Library/Frameworks/OpenGL.framework/Versions/A/OpenGL
0x0000000001136000 	/System/Library/Frameworks/CoreImage.framework/Versions/A/CoreImage
0x0000000001136000 	/System/Library/Frameworks/CoreText.framework/Versions/A/CoreText
0x0000000001136000 	/System/Library/Frameworks/ImageIO.framework/Versions/A/ImageIO
0x0000000001136000 	/System/Library/PrivateFrameworks/Backup.framework/Versions/A/Backup
0x0000000001136000 	/usr/lib/libarchive.2.dylib
0x0000000001136000 	/System/Library/Frameworks/CFNetwork.framework/Versions/A/CFNetwork
0x0000000001136000 	/System/Library/Frameworks/SystemConfiguration.framework/Versions/A/SystemConfiguration
0x0000000001136000 	/usr/lib/libCRFSuite.dylib
0x0000000001136000 	/usr/lib/libc++.1.dylib
0x0000000001136000 	/usr/lib/libc++abi.dylib
0x0000000001136000 	/usr/lib/system/libcache.dylib
0x0000000001136000 	/usr/lib/system/libcommonCrypto.dylib
0x0000000001136000 	/usr/lib/system/libcompiler_rt.dylib
0x0000000001136000 	/usr/lib/system/libcopyfile.dylib
0x0000000001136000 	/usr/lib/system/libcorecrypto.dylib
0x0000000001136000 	/usr/lib/system/libdispatch.dylib
0x0000000001136000 	/usr/lib/system/libdyld.dylib
0x0000000001136000 	/usr/lib/system/libkeymgr.dylib
0x0000000001136000 	/usr/lib/system/liblaunch.dylib
0x0000000001136000 	/usr/lib/system/libmacho.dylib
0x0000000001136000 	/usr/lib/system/libquarantine.dylib
0x0000000001136000 	/usr/lib/system/libremovefile.dylib
0x0000000001136000 	/usr/lib/system/libsystem_asl.dylib
0x0000000001136000 	/usr/lib/system/libsystem_blocks.dylib
0x0000000001136000 	/usr/lib/system/libsystem_c.dylib
0x0000000001136000 	/usr/lib/system/libsystem_configuration.dylib
0x0000000001136000 	/usr/lib/system/libsystem_coreservices.dylib
0x0000000001136000 	/usr/lib/system/libsystem_coretls.dylib
0x0000000001136000 	/usr/lib/system/libsystem_dnssd.dylib
0x0000000001136000 	/usr/lib/system/libsystem_info.dylib
0x0000000001136000 	/usr/lib/system/libsystem_kernel.dylib
0x0000000001136000 	/usr/lib/system/libsystem_m.dylib
0x0000000001136000 	/usr/lib/system/libsystem_malloc.dylib
0x0000000001136000 	/usr/lib/system/libsystem_network.dylib
0x0000000001136000 	/usr/lib/system/libsystem_networkextension.dylib
0x0000000001136000 	/usr/lib/system/libsystem_notify.dylib
0x0000000001136000 	/usr/lib/system/libsystem_platform.dylib
0x0000000001136000 	/usr/lib/system/libsystem_pthread.dylib
0x0000000001136000 	/usr/lib/system/libsystem_sandbox.dylib
0x0000000001136000 	/usr/lib/system/libsystem_secinit.dylib
0x0000000001136000 	/usr/lib/system/libsystem_symptoms.dylib
0x0000000001136000 	/usr/lib/system/libsystem_trace.dylib
0x0000000001136000 	/usr/lib/system/libunwind.dylib
0x0000000001136000 	/usr/lib/system/libxpc.dylib
0x0000000001136000 	/usr/lib/libbsm.0.dylib
0x0000000001136000 	/usr/lib/system/libkxld.dylib
0x0000000001136000 	/usr/lib/libcoretls.dylib
0x0000000001136000 	/usr/lib/libcoretls_cfhelpers.dylib
0x0000000001136000 	/usr/lib/libxar.1.dylib
0x0000000001136000 	/usr/lib/libsqlite3.dylib
0x0000000001136000 	/usr/lib/libpam.2.dylib
0x0000000001136000 	/usr/lib/libOpenScriptingUtil.dylib
0x0000000001136000 	/usr/lib/libbz2.1.0.dylib
0x0000000001136000 	/usr/lib/liblzma.5.dylib
0x0000000001136000 	/usr/lib/libnetwork.dylib
0x0000000001136000 	/usr/lib/libpcap.A.dylib
0x0000000001136000 	/System/Library/Frameworks/CoreServices.framework/Versions/A/Frameworks/FSEvents.framework/Versions/A/FSEvents
0x0000000001136000 	/System/Library/Frameworks/CoreServices.framework/Versions/A/Frameworks/CarbonCore.framework/Versions/A/CarbonCore
0x0000000001136000 	/System/Library/Frameworks/CoreServices.framework/Versions/A/Frameworks/Metadata.framework/Versions/A/Metadata
0x0000000001136000 	/System/Library/Frameworks/CoreServices.framework/Versions/A/Frameworks/OSServices.framework/Versions/A/OSServices
0x0000000001136000 	/System/Library/Frameworks/CoreServices.framework/Versions/A/Frameworks/SearchKit.framework/Versions/A/SearchKit
0x0000000001136000 	/System/Library/Frameworks/CoreServices.framework/Versions/A/Frameworks/AE.framework/Versions/A/AE
0x0000000001136000 	/System/Library/Frameworks/CoreServices.framework/Versions/A/Frameworks/LaunchServices.framework/Versions/A/LaunchServices
0x0000000001136000 	/System/Library/Frameworks/CoreServices.framework/Versions/A/Frameworks/DictionaryServices.framework/Versions/A/DictionaryServices
0x0000000001136000 	/System/Library/Frameworks/CoreServices.framework/Versions/A/Frameworks/SharedFileList.framework/Versions/A/SharedFileList
0x0000000001136000 	/System/Library/Frameworks/NetFS.framework/Versions/A/NetFS
0x0000000001136000 	/System/Library/PrivateFrameworks/NetAuth.framework/Versions/A/NetAuth
0x0000000001136000 	/System/Library/PrivateFrameworks/login.framework/Versions/A/Frameworks/loginsupport.framework/Versions/A/loginsupport
0x0000000001136000 	/System/Library/PrivateFrameworks/TCC.framework/Versions/A/TCC
0x0000000001136000 	/usr/lib/libmecabra.dylib
0x0000000001136000 	/System/Library/Frameworks/ApplicationServices.framework/Versions/A/Frameworks/ATS.framework/Versions/A/ATS
0x0000000001136000 	/System/Library/Frameworks/ApplicationServices.framework/Versions/A/Frameworks/ColorSync.framework/Versions/A/ColorSync
0x0000000001136000 	/System/Library/Frameworks/ApplicationServices.framework/Versions/A/Frameworks/HIServices.framework/Versions/A/HIServices
0x0000000001136000 	/System/Library/Frameworks/ApplicationServices.framework/Versions/A/Frameworks/LangAnalysis.framework/Versions/A/LangAnalysis
0x0000000001136000 	/System/Library/Frameworks/ApplicationServices.framework/Versions/A/Frameworks/PrintCore.framework/Versions/A/PrintCore
0x0000000001136000 	/System/Library/Frameworks/ApplicationServices.framework/Versions/A/Frameworks/QD.framework/Versions/A/QD
0x0000000001136000 	/System/Library/Frameworks/ApplicationServices.framework/Versions/A/Frameworks/SpeechSynthesis.framework/Versions/A/SpeechSynthesis
0x0000000001136000 	/System/Library/Frameworks/Accelerate.framework/Versions/A/Frameworks/vImage.framework/Versions/A/vImage
0x0000000001136000 	/System/Library/Frameworks/Accelerate.framework/Versions/A/Frameworks/vecLib.framework/Versions/A/vecLib
0x0000000001136000 	/System/Library/Frameworks/Accelerate.framework/Versions/A/Frameworks/vecLib.framework/Versions/A/libvDSP.dylib
0x0000000001136000 	/System/Library/Frameworks/Accelerate.framework/Versions/A/Frameworks/vecLib.framework/Versions/A/libBNNS.dylib
0x0000000001136000 	/System/Library/Frameworks/Accelerate.framework/Versions/A/Frameworks/vecLib.framework/Versions/A/libQuadrature.dylib
0x0000000001136000 	/System/Library/Frameworks/Accelerate.framework/Versions/A/Frameworks/vecLib.framework/Versions/A/libvMisc.dylib
0x0000000001136000 	/System/Library/Frameworks/Accelerate.framework/Versions/A/Frameworks/vecLib.framework/Versions/A/libLAPACK.dylib
0x0000000001136000 	/System/Library/Frameworks/Accelerate.framework/Versions/A/Frameworks/vecLib.framework/Versions/A/libBLAS.dylib
0x0000000001136000 	/System/Library/Frameworks/Accelerate.framework/Versions/A/Frameworks/vecLib.framework/Versions/A/libLinearAlgebra.dylib
0x0000000001136000 	/System/Library/Frameworks/Accelerate.framework/Versions/A/Frameworks/vecLib.framework/Versions/A/libSparseBLAS.dylib
0x0000000001136000 	/System/Library/Frameworks/ApplicationServices.framework/Versions/A/Frameworks/ATS.framework/Versions/A/Resources/libFontParser.dylib
0x0000000001136000 	/System/Library/Frameworks/ApplicationServices.framework/Versions/A/Frameworks/ATS.framework/Versions/A/Resources/libFontRegistry.dylib
0x0000000001136000 	/System/Library/Frameworks/ImageIO.framework/Versions/A/Resources/libJPEG.dylib
0x0000000001136000 	/System/Library/Frameworks/ImageIO.framework/Versions/A/Resources/libTIFF.dylib
0x0000000001136000 	/System/Library/Frameworks/ImageIO.framework/Versions/A/Resources/libPng.dylib
0x0000000001136000 	/System/Library/Frameworks/ImageIO.framework/Versions/A/Resources/libGIF.dylib
0x0000000001136000 	/System/Library/Frameworks/ImageIO.framework/Versions/A/Resources/libJP2.dylib
0x0000000001136000 	/System/Library/Frameworks/ImageIO.framework/Versions/A/Resources/libRadiance.dylib
0x0000000001136000 	/usr/lib/libcompression.dylib
0x0000000001136000 	/System/Library/PrivateFrameworks/AppleJPEG.framework/Versions/A/AppleJPEG
0x0000000001136000 	/usr/lib/libcups.2.dylib
0x0000000001136000 	/System/Library/Frameworks/Kerberos.framework/Versions/A/Kerberos
0x0000000001136000 	/System/Library/Frameworks/GSS.framework/Versions/A/GSS
0x0000000001136000 	/usr/lib/libresolv.9.dylib
0x0000000001136000 	/usr/lib/libiconv.2.dylib
0x0000000001136000 	/System/Library/PrivateFrameworks/Heimdal.framework/Versions/A/Heimdal
0x0000000001136000 	/usr/lib/libheimdal-asn1.dylib
0x0000000001136000 	/System/Library/Frameworks/OpenDirectory.framework/Versions/A/OpenDirectory
0x0000000001136000 	/System/Library/PrivateFrameworks/CommonAuth.framework/Versions/A/CommonAuth
0x0000000001136000 	/System/Library/Frameworks/OpenDirectory.framework/Versions/A/Frameworks/CFOpenDirectory.framework/Versions/A/CFOpenDirectory
0x0000000001136000 	/System/Library/Frameworks/SecurityFoundation.framework/Versions/A/SecurityFoundation
0x0000000001136000 	/System/Library/PrivateFrameworks/LanguageModeling.framework/Versions/A/LanguageModeling
0x0000000001136000 	/usr/lib/libmarisa.dylib
0x0000000001136000 	/usr/lib/libChineseTokenizer.dylib
0x0000000001136000 	/usr/lib/libcmph.dylib
0x0000000001136000 	/System/Library/PrivateFrameworks/CoreEmoji.framework/Versions/A/CoreEmoji
0x0000000001136000 	/System/Library/Frameworks/ServiceManagement.framework/Versions/A/ServiceManagement
0x0000000001136000 	/usr/lib/libxslt.1.dylib
0x0000000001136000 	/System/Library/Frameworks/Carbon.framework/Versions/A/Frameworks/Ink.framework/Versions/A/Ink
0x0000000001136000 	/System/Library/PrivateFrameworks/TextureIO.framework/Versions/A/TextureIO
0x0000000001136000 	/System/Library/Frameworks/Metal.framework/Versions/A/Metal
0x0000000001136000 	/usr/lib/libate.dylib
0x0000000001136000 	/System/Library/PrivateFrameworks/GPUCompiler.framework/libmetal_timestamp.dylib
0x0000000001136000 	/System/Library/Frameworks/OpenGL.framework/Versions/A/Libraries/libCoreFSCache.dylib
0x0000000001136000 	/System/Library/PrivateFrameworks/IOAccelerator.framework/Versions/A/IOAccelerator
0x0000000001136000 	/System/Library/Frameworks/CoreVideo.framework/Versions/A/CoreVideo
0x0000000001136000 	/usr/lib/libFosl_dynamic.dylib
0x0000000001136000 	/System/Library/PrivateFrameworks/MetalPerformanceShaders.framework/Versions/A/MetalPerformanceShaders
0x0000000001136000 	/System/Library/PrivateFrameworks/FaceCore.framework/Versions/A/FaceCore
0x0000000001136000 	/System/Library/Frameworks/OpenCL.framework/Versions/A/OpenCL
0x0000000001136000 	/System/Library/Frameworks/OpenGL.framework/Versions/A/Libraries/libGLU.dylib
0x0000000001136000 	/System/Library/Frameworks/OpenGL.framework/Versions/A/Libraries/libGFXShared.dylib
0x0000000001136000 	/System/Library/Frameworks/OpenGL.framework/Versions/A/Libraries/libGL.dylib
0x0000000001136000 	/System/Library/Frameworks/OpenGL.framework/Versions/A/Libraries/libGLImage.dylib
0x0000000001136000 	/System/Library/Frameworks/OpenGL.framework/Versions/A/Libraries/libCVMSPluginSupport.dylib
0x0000000001136000 	/System/Library/Frameworks/OpenGL.framework/Versions/A/Libraries/libCoreVMClient.dylib
0x0000000001136000 	/System/Library/PrivateFrameworks/CrashReporterSupport.framework/Versions/A/CrashReporterSupport
0x0000000001136000 	/System/Library/PrivateFrameworks/Sharing.framework/Versions/A/Sharing
0x0000000001136000 	/System/Library/PrivateFrameworks/IconServices.framework/Versions/A/IconServices
0x0000000001136000 	/System/Library/PrivateFrameworks/ProtocolBuffer.framework/Versions/A/ProtocolBuffer
0x0000000001136000 	/System/Library/PrivateFrameworks/Apple80211.framework/Versions/A/Apple80211
0x0000000001136000 	/System/Library/Frameworks/CoreWLAN.framework/Versions/A/CoreWLAN
0x0000000001136000 	/System/Library/PrivateFrameworks/CoreUtils.framework/Versions/A/CoreUtils
0x0000000001136000 	/System/Library/Frameworks/IOBluetooth.framework/Versions/A/IOBluetooth
0x0000000001136000 	/System/Library/PrivateFrameworks/CoreWiFi.framework/Versions/A/CoreWiFi
0x0000000001136000 	/System/Library/Frameworks/CoreBluetooth.framework/Versions/A/CoreBluetooth
0x0000000001136000 	/System/Library/Frameworks/CoreDisplay.framework/Versions/A/CoreDisplay
0x0000000001136000 	/System/Library/PrivateFrameworks/IOPresentment.framework/Versions/A/IOPresentment
0x0000000001136000 	/System/Library/PrivateFrameworks/DebugSymbols.framework/Versions/A/DebugSymbols
0x0000000001136000 	/System/Library/PrivateFrameworks/CoreSymbolication.framework/Versions/A/CoreSymbolication
0x0000000001136000 	/System/Library/PrivateFrameworks/Symbolication.framework/Versions/A/Symbolication
0x0000000001136000 	/System/Library/PrivateFrameworks/AppleFSCompression.framework/Versions/A/AppleFSCompression
0x0000000001136000 	/System/Library/PrivateFrameworks/SpeechRecognitionCore.framework/Versions/A/SpeechRecognitionCore
0x0000000001136000 	/System/Library/PrivateFrameworks/ChunkingLibrary.framework/Versions/A/ChunkingLibrary
0x0000000104dcc000 	/Library/Java/JavaVirtualMachines/jdk1.8.0_111.jdk/Contents/Home/jre/lib/server/libjvm.dylib
0x0000000001136000 	/usr/lib/libstdc++.6.dylib
0x0000000105d6d000 	/Library/Java/JavaVirtualMachines/jdk1.8.0_111.jdk/Contents/Home/jre/lib/libverify.dylib
0x0000000105d7b000 	/Library/Java/JavaVirtualMachines/jdk1.8.0_111.jdk/Contents/Home/jre/lib/libjava.dylib
0x0000000105dba000 	/Library/Java/JavaVirtualMachines/jdk1.8.0_111.jdk/Contents/Home/jre/lib/libzip.dylib
0x000000010cf3b000 	/System/Library/Frameworks/JavaVM.framework/Frameworks/JavaRuntimeSupport.framework/JavaRuntimeSupport
0x000000010cf55000 	/System/Library/Frameworks/JavaVM.framework/Versions/A/Frameworks/JavaNativeFoundation.framework/Versions/A/JavaNativeFoundation
0x0000000105dec000 	/System/Library/Frameworks/JavaVM.framework/Versions/A/JavaVM
0x0000000001136000 	/System/Library/Frameworks/Carbon.framework/Versions/A/Carbon
0x000000010cf6a000 	/System/Library/PrivateFrameworks/JavaLaunching.framework/Versions/A/JavaLaunching
0x0000000001136000 	/System/Library/Frameworks/Carbon.framework/Versions/A/Frameworks/CommonPanels.framework/Versions/A/CommonPanels
0x0000000001136000 	/System/Library/Frameworks/Carbon.framework/Versions/A/Frameworks/Help.framework/Versions/A/Help
0x0000000001136000 	/System/Library/Frameworks/Carbon.framework/Versions/A/Frameworks/ImageCapture.framework/Versions/A/ImageCapture
0x0000000001136000 	/System/Library/Frameworks/Carbon.framework/Versions/A/Frameworks/OpenScripting.framework/Versions/A/OpenScripting
0x0000000001136000 	/System/Library/Frameworks/Carbon.framework/Versions/A/Frameworks/Print.framework/Versions/A/Print
0x0000000001136000 	/System/Library/Frameworks/Carbon.framework/Versions/A/Frameworks/SecurityHI.framework/Versions/A/SecurityHI
0x000000010e870000 	/Library/Java/JavaVirtualMachines/jdk1.8.0_111.jdk/Contents/Home/jre/lib/libawt.dylib
0x000000010e918000 	/Library/Java/JavaVirtualMachines/jdk1.8.0_111.jdk/Contents/Home/jre/lib/./libmlib_image.dylib
0x000000010e9e4000 	/Library/Java/JavaVirtualMachines/jdk1.8.0_111.jdk/Contents/Home/jre/lib/libawt_lwawt.dylib
0x000000010ea99000 	/Library/Java/JavaVirtualMachines/jdk1.8.0_111.jdk/Contents/Home/jre/lib/./libosxapp.dylib
0x0000000001136000 	/System/Library/Frameworks/ExceptionHandling.framework/Versions/A/ExceptionHandling
0x0000000001136000 	/System/Library/PrivateFrameworks/CoreServicesInternal.framework/Versions/A/CoreServicesInternal
0x0000000001136000 	/System/Library/CoreServices/RawCamera.bundle/Contents/MacOS/RawCamera
0x0000000001136000 	/System/Library/Frameworks/Accelerate.framework/Versions/A/Frameworks/vImage.framework/Versions/A/Libraries/libCGInterfaces.dylib
0x0000000001136000 	/System/Library/Frameworks/ApplicationServices.framework/Versions/A/Frameworks/ATS.framework/Versions/A/Resources/libTrueTypeScaler.dylib
0x0000000001136000 	/System/Library/Frameworks/OpenGL.framework/Versions/A/Resources/GLEngine.bundle/GLEngine
0x0000000001136000 	/System/Library/Frameworks/OpenGL.framework/Versions/A/Libraries/libGLProgrammability.dylib
0x0000000110750000 	/System/Library/Extensions/AppleIntelHD5000GraphicsGLDriver.bundle/Contents/MacOS/AppleIntelHD5000GraphicsGLDriver
0x0000000001136000 	/System/Library/PrivateFrameworks/GPUSupport.framework/Versions/A/Libraries/libGPUSupportMercury.dylib
0x0000000001136000 	/System/Library/Frameworks/OpenGL.framework/Versions/A/Resources/GLRendererFloat.bundle/GLRendererFloat
0x0000000001136000 	/System/Library/Frameworks/OpenCL.framework/Versions/A/Libraries/libcldcpuengine.dylib
0x0000000001136000 	/usr/lib/libcrypto.0.9.8.dylib
0x0000000001136000 	/System/Library/PrivateFrameworks/TrustEvaluationAgent.framework/Versions/A/TrustEvaluationAgent
0x0000000110ece000 	/System/Library/Extensions/AppleIntelHD5000GraphicsMTLDriver.bundle/Contents/MacOS/AppleIntelHD5000GraphicsMTLDriver
0x0000000001136000 	/System/Library/PrivateFrameworks/FamilyControls.framework/Versions/A/FamilyControls
0x0000000001136000 	/System/Library/PrivateFrameworks/CommerceKit.framework/Versions/A/Frameworks/CommerceCore.framework/Versions/A/CommerceCore
0x0000000001136000 	/System/Library/PrivateFrameworks/SystemAdministration.framework/Versions/A/SystemAdministration
0x0000000001136000 	/System/Library/PrivateFrameworks/AppContainer.framework/Versions/A/AppContainer
0x0000000001136000 	/System/Library/PrivateFrameworks/SecCodeWrapper.framework/Versions/A/SecCodeWrapper
0x0000000001136000 	/System/Library/Frameworks/DirectoryService.framework/Versions/A/DirectoryService
0x0000000001136000 	/System/Library/PrivateFrameworks/DiskImages.framework/Versions/A/DiskImages
0x0000000001136000 	/System/Library/PrivateFrameworks/LoginUIKit.framework/Versions/A/Frameworks/LoginUICore.framework/Versions/A/LoginUICore
0x0000000001136000 	/usr/lib/libCoreStorage.dylib
0x0000000001136000 	/usr/lib/libcsfde.dylib
0x0000000001136000 	/usr/lib/libodfde.dylib
0x0000000001136000 	/System/Library/Frameworks/DiscRecording.framework/Versions/A/DiscRecording
0x0000000001136000 	/usr/lib/libcurl.4.dylib
0x0000000001136000 	/System/Library/PrivateFrameworks/MediaKit.framework/Versions/A/MediaKit
0x0000000001136000 	/System/Library/PrivateFrameworks/ProtectedCloudStorage.framework/Versions/A/ProtectedCloudStorage
0x0000000001136000 	/System/Library/PrivateFrameworks/EFILogin.framework/Versions/A/EFILogin
0x0000000001136000 	/usr/lib/libutil.dylib
0x0000000001136000 	/System/Library/Frameworks/LDAP.framework/Versions/A/LDAP
0x0000000001136000 	/usr/lib/libsasl2.2.dylib
0x0000000001136000 	/System/Library/PrivateFrameworks/CoreDaemon.framework/Versions/B/CoreDaemon
0x0000000001136000 	/System/Library/PrivateFrameworks/AppleSRP.framework/Versions/A/AppleSRP
0x0000000001136000 	/System/Library/PrivateFrameworks/APFS.framework/Versions/A/APFS
0x0000000121a97000 	/Library/Java/JavaVirtualMachines/jdk1.8.0_111.jdk/Contents/Home/jre/lib/libfontmanager.dylib
0x0000000001136000 	/System/Library/PrivateFrameworks/ViewBridge.framework/Versions/A/ViewBridge
0x0000000001136000 	/System/Library/PrivateFrameworks/XPCService.framework/Versions/A/XPCService
0x0000000001136000 	/System/Library/PrivateFrameworks/AppSandbox.framework/Versions/A/AppSandbox
0x0000000001136000 	/usr/lib/libsandbox.1.dylib
0x0000000001136000 	/usr/lib/libMatch.1.dylib
0x0000000122e57000 	/Library/Java/JavaVirtualMachines/jdk1.8.0_111.jdk/Contents/Home/jre/lib/libosxui.dylib
0x0000000123b9b000 	/Library/Java/JavaVirtualMachines/jdk1.8.0_111.jdk/Contents/Home/jre/lib/libnet.dylib
0x0000000123bfa000 	/Library/Java/JavaVirtualMachines/jdk1.8.0_111.jdk/Contents/Home/jre/lib/libnio.dylib
0x0000000122b65000 	/private/var/folders/qk/z1qqpcwd0wx0z14thz2z48xw0000gr/T/jogamp_0000/file_cache/jln1958574156995182919/jln1447861385035898311/libgluegen-rt.jnilib
0x0000000122b69000 	/private/var/folders/qk/z1qqpcwd0wx0z14thz2z48xw0000gr/T/jogamp_0000/file_cache/jln1958574156995182919/jln1447861385035898311/libnativewindow_awt.jnilib
0x0000000161ed8000 	/Library/Java/JavaVirtualMachines/jdk1.8.0_111.jdk/Contents/Home/jre/lib/libjawt.dylib
0x0000000161f1a000 	/private/var/folders/qk/z1qqpcwd0wx0z14thz2z48xw0000gr/T/jogamp_0000/file_cache/jln1958574156995182919/jln1447861385035898311/libnativewindow_macosx.jnilib
0x00000001645d0000 	/private/var/folders/qk/z1qqpcwd0wx0z14thz2z48xw0000gr/T/jogamp_0000/file_cache/jln1958574156995182919/jln1447861385035898311/libjogl_desktop.jnilib
0x00000001104bd000 	/Library/Java/JavaVirtualMachines/jdk1.8.0_111.jdk/Contents/Home/jre/lib/libjpeg.dylib

VM Arguments:
jvm_args: -Djava.security.policy=java.policy.applet -Dfile.encoding=UTF-8 
java_command: sun.applet.AppletViewer ai.files.DisplayPath1520440363383.html
java_class_path (initial): /Users/Justin/AQP-AI/AI/build:/Users/Justin/AQP-AI/AI/lib/core.jar:/Users/Justin/AQP-AI/AI/lib/gluegen-rt.jar:/Users/Justin/AQP-AI/AI/lib/jogl-all.jar:/Users/Justin/AQP-AI/AI/lib/log4j-1.2.15.jar:/Users/Justin/AQP-AI/AI/lib/sqlite-jdbc-3.7.2.jar:/Users/Justin/AQP-AI/AI/lib/json4processing.jar:/Users/Justin/AQP-AI/AI/lib/libTUIO.jar:/Users/Justin/AQP-AI/AI/lib/unfolding.0.9.6.jar:/Users/Justin/AQP-AI/AI/lib/DelaunayTriangulator-1.0.3.jar:/Users/Justin/AQP-AI/AI/lib/guava-12.0.jar:/Users/Justin/.p2/pool/plugins/org.junit_4.12.0.v201504281640/junit.jar:/Users/Justin/.p2/pool/plugins/org.hamcrest.core_1.3.0.v201303031735.jar
Launcher Type: SUN_STANDARD

Environment Variables:
PATH=/usr/bin:/bin:/usr/sbin:/sbin
SHELL=/bin/bash
DISPLAY=/private/tmp/com.apple.launchd.G7Ci6zuywv/org.macosforge.xquartz:0

Signal Handlers:
SIGSEGV: [libjvm.dylib+0x5b03ed], sa_mask[0]=11111111011111110111111111111111, sa_flags=SA_ONSTACK|SA_RESTART|SA_SIGINFO
SIGBUS: [libjvm.dylib+0x5b03ed], sa_mask[0]=11111111011111110111111111111111, sa_flags=SA_RESTART|SA_SIGINFO
SIGFPE: [libjvm.dylib+0x48711c], sa_mask[0]=11111111011111110111111111111111, sa_flags=SA_RESTART|SA_SIGINFO
SIGPIPE: [libjvm.dylib+0x48711c], sa_mask[0]=11111111011111110111111111111111, sa_flags=SA_RESTART|SA_SIGINFO
SIGXFSZ: [libjvm.dylib+0x48711c], sa_mask[0]=11111111011111110111111111111111, sa_flags=SA_RESTART|SA_SIGINFO
SIGILL: [libjvm.dylib+0x48711c], sa_mask[0]=11111111011111110111111111111111, sa_flags=SA_RESTART|SA_SIGINFO
SIGUSR1: SIG_DFL, sa_mask[0]=00000000000000000000000000000000, sa_flags=none
SIGUSR2: [libjvm.dylib+0x486c3a], sa_mask[0]=00100000000000000000000000000000, sa_flags=SA_RESTART|SA_SIGINFO
SIGHUP: [libjvm.dylib+0x485211], sa_mask[0]=11111111011111110111111111111111, sa_flags=SA_RESTART|SA_SIGINFO
SIGINT: [libjvm.dylib+0x485211], sa_mask[0]=11111111011111110111111111111111, sa_flags=SA_RESTART|SA_SIGINFO
SIGTERM: [libjvm.dylib+0x485211], sa_mask[0]=11111111011111110111111111111111, sa_flags=SA_RESTART|SA_SIGINFO
SIGQUIT: [libjvm.dylib+0x485211], sa_mask[0]=11111111011111110111111111111111, sa_flags=SA_RESTART|SA_SIGINFO


---------------  S Y S T E M  ---------------

OS:Bsduname:Darwin 16.0.0 Darwin Kernel Version 16.0.0: Mon Aug 29 17:56:20 PDT 2016; root:xnu-3789.1.32~3/RELEASE_X86_64 x86_64
rlimit: STACK 8192k, CORE 0k, NPROC 709, NOFILE 10240, AS infinity
load average:2.66 2.92 3.09

CPU:total 4 (2 cores per cpu, 2 threads per core) family 6 model 69 stepping 1, cmov, cx8, fxsr, mmx, sse, sse2, sse3, ssse3, sse4.1, sse4.2, popcnt, avx, avx2, aes, clmul, erms, lzcnt, ht, tsc, tscinvbit, bmi1, bmi2

Memory: 4k page, physical 8388608k(34420k free)

/proc/meminfo:


vm_info: Java HotSpot(TM) 64-Bit Server VM (25.111-b14) for bsd-amd64 JRE (1.8.0_111-b14), built on Sep 22 2016 15:31:41 by "java_re" with gcc 4.2.1 (Based on Apple Inc. build 5658) (LLVM build 2336.11.00)

time: Wed Mar  7 11:33:27 2018
elapsed time: 44 seconds (0d 0h 0m 44s)

