#
# A fatal error has been detected by the Java Runtime Environment:
#
#  SIGSEGV (0xb) at pc=0x00007fff8aa86b5d, pid=11718, tid=0x000000000000080b
#
# JRE version: Java(TM) SE Runtime Environment (8.0_111-b14) (build 1.8.0_111-b14)
# Java VM: Java HotSpot(TM) 64-Bit Server VM (25.111-b14 mixed mode bsd-amd64 compressed oops)
# Problematic frame:
# C  [libobjc.A.dylib+0x6b5d]  objc_msgSend+0x1d
#
# Failed to write core dump. Core dumps have been disabled. To enable core dumping, try "ulimit -c unlimited" before starting Java again
#
# If you would like to submit a bug report, please visit:
#   http://bugreport.java.com/bugreport/crash.jsp
# The crash happened outside the Java Virtual Machine in native code.
# See problematic frame for where to report the bug.
#

---------------  T H R E A D  ---------------

Current thread (0x00007f9c00019000):  JavaThread "AWT-AppKit" daemon [_thread_in_native, id=2059, stack(0x00007fff51882000,0x00007fff52082000)]

siginfo: si_signo: 11 (SIGSEGV), si_code: 1 (SEGV_MAPERR), si_addr: 0x000007f9c04c9918

Registers:
RAX=0x00007f9c04b65f30, RBX=0x000000016ad683b0, RCX=0x00007f9c01900030, RDX=0x0000000000000000
RSP=0x00007fff5207d418, RBP=0x00007fff5207d4d0, RSI=0x00007fff74b151c3, RDI=0x00007f9bff6c4890
R8 =0x0000000000000018, R9 =0x00007f9c01900060, R10=0x000007f9c04c9900, R11=0x00007fff74b151c3
R12=0x0000000000000000, R13=0x000000016d2fe198, R14=0x000000016ad683a0, R15=0x00007f9c00019000
RIP=0x00007fff8aa86b5d, EFLAGS=0x0000000000010206, ERR=0x0000000000000004
  TRAPNO=0x000000000000000e

Top of Stack: (sp=0x00007fff5207d418)
0x00007fff5207d418:   000000016ad665d7 00007fff5207d470
0x00007fff5207d428:   0000000000000003 00007fff5207d450
0x00007fff5207d438:   000000010e5f27be 000000016d2fe198
0x00007fff5207d448:   000000016d2fe198 00007f9c04b65f30
0x00007fff5207d458:   000000016ad685c0 000000016ad68640
0x00007fff5207d468:   000000016ad683b0 00007fff90a4c6d0
0x00007fff5207d478:   000000016ad685d0 00007fff916b0f90
0x00007fff5207d488:   00007f9c04b65f30 00007f9bff6c4890
0x00007fff5207d498:   00007f9bff641e80 00007f9c04b65f30
0x00007fff5207d4a8:   00007f9bff6c4890 00007fff5207d558
0x00007fff5207d4b8:   00007f9c000191f8 000000016d2fe198
0x00007fff5207d4c8:   00007fff5207d580 00007fff5207d548
0x00007fff5207d4d8:   000000011a5799f4 000000016d2fe198
0x00007fff5207d4e8:   00007fff5207d580 00007fff5207d548
0x00007fff5207d4f8:   000000011a579787 000000011a579742
0x00007fff5207d508:   00007fff5207d508 000000016d2fe198
0x00007fff5207d518:   00007fff5207d580 000000016d300988
0x00007fff5207d528:   0000000000000000 000000016d2fe198
0x00007fff5207d538:   0000000000000000 00007fff5207d568
0x00007fff5207d548:   00007fff5207d5c8 000000011a56a2bd
0x00007fff5207d558:   00000007416cf1c0 000000011a573538
0x00007fff5207d568:   00007f9c04b65f30 00007fff5207d5c8
0x00007fff5207d578:   00007f9bff6c4890 000000011a574e02
0x00007fff5207d588:   00007fff5207d588 000000016d2fe362
0x00007fff5207d598:   00007fff5207d5f0 000000016d300988
0x00007fff5207d5a8:   0000000000000000 000000016d2fe370
0x00007fff5207d5b8:   00007fff5207d568 00007fff5207d5d8
0x00007fff5207d5c8:   00007fff5207d638 000000011a56a2bd
0x00007fff5207d5d8:   00007f9c04b65f30 00000007400b13d0
0x00007fff5207d5e8:   00007f9bff6c4890 00000007400b13d0
0x00007fff5207d5f8:   00007fff5207d5f8 000000017360c9ee
0x00007fff5207d608:   00007fff5207d648 000000017360caa8 

Instructions: (pc=0x00007fff8aa86b5d)
0x00007fff8aa86b3d:   0f 1f 00 48 85 ff 2e 74 62 40 f6 c7 01 2e 75 66
0x00007fff8aa86b4d:   49 ba f8 ff ff ff ff 7f 00 00 4c 23 17 49 89 f3
0x00007fff8aa86b5d:   45 23 5a 18 49 c1 e3 04 4d 03 5a 10 49 3b 33 75
0x00007fff8aa86b6d:   04 41 ff 63 08 49 83 3b 01 76 0d 49 83 c3 10 49 

Register to memory mapping:

RAX=0x00007f9c04b65f30 is an unknown value
RBX=0x000000016ad683b0: Java_jogamp_nativewindow_macosx_OSXUtil_GetScreenRefreshRate0+0x1850 in /private/var/folders/qk/z1qqpcwd0wx0z14thz2z48xw0000gr/T/jogamp_0000/file_cache/jln8923500538281490435/jln4079226081449971219/libnativewindow_macosx.jnilib at 0x000000016ad61000
RCX=0x00007f9c01900030 is an unknown value
RDX=0x0000000000000000 is an unknown value
RSP=0x00007fff5207d418 is pointing into the stack for thread: 0x00007f9c00019000
RBP=0x00007fff5207d4d0 is pointing into the stack for thread: 0x00007f9c00019000
RSI=0x00007fff74b151c3: __NSStyleNameIndexTable+0x814d6 in /System/Library/Frameworks/AppKit.framework/Versions/C/AppKit at 0x00007fff73f83000
RDI=0x00007f9bff6c4890 is an unknown value
R8 =0x0000000000000018 is an unknown value
R9 =0x00007f9c01900060 is an unknown value
R10=0x000007f9c04c9900 is an unknown value
R11=0x00007fff74b151c3: __NSStyleNameIndexTable+0x814d6 in /System/Library/Frameworks/AppKit.framework/Versions/C/AppKit at 0x00007fff73f83000
R12=0x0000000000000000 is an unknown value
R13={method} {0x000000016d2fe198} 'UnsetJAWTRootSurfaceLayer0' '(JJ)V' in 'jogamp/nativewindow/jawt/macosx/MacOSXJAWTWindow'
R14=0x000000016ad683a0: Java_jogamp_nativewindow_macosx_OSXUtil_GetScreenRefreshRate0+0x1840 in /private/var/folders/qk/z1qqpcwd0wx0z14thz2z48xw0000gr/T/jogamp_0000/file_cache/jln8923500538281490435/jln4079226081449971219/libnativewindow_macosx.jnilib at 0x000000016ad61000
R15=0x00007f9c00019000 is a thread


Stack: [0x00007fff51882000,0x00007fff52082000],  sp=0x00007fff5207d418,  free space=8173k
Native frames: (J=compiled Java code, j=interpreted, Vv=VM code, C=native code)
C  [libobjc.A.dylib+0x6b5d]  objc_msgSend+0x1d
j  jogamp.nativewindow.jawt.macosx.MacOSXJAWTWindow.UnsetJAWTRootSurfaceLayer0(JJ)V+0
j  jogamp.nativewindow.jawt.macosx.MacOSXJAWTWindow.access$200(JJ)V+2
j  jogamp.nativewindow.jawt.macosx.MacOSXJAWTWindow$1.run()V+38
J 2529 C1 com.jogamp.common.util.RunnableTask.run()V (345 bytes) @ 0x000000011ac95eb4 [0x000000011ac95d20+0x194]
v  ~StubRoutines::call_stub
V  [libjvm.dylib+0x2ecf8a]  JavaCalls::call_helper(JavaValue*, methodHandle*, JavaCallArguments*, Thread*)+0x6ae
V  [libjvm.dylib+0x324119]  jni_invoke_nonstatic(JNIEnv_*, JavaValue*, _jobject*, JNICallType, _jmethodID*, JNI_ArgumentPusher*, Thread*)+0x2ec
V  [libjvm.dylib+0x3168e7]  jni_CallVoidMethod+0x16b
C  [libnativewindow_macosx.jnilib+0x57ae]  Java_jogamp_nativewindow_jawt_macosx_MacOSXJAWTWindow_UnsetJAWTRootSurfaceLayer0+0x2be
C  [Foundation+0x71f2a]  __NSThreadPerformPerform+0x146
C  [CoreFoundation+0xa7551]  __CFRUNLOOP_IS_CALLING_OUT_TO_A_SOURCE0_PERFORM_FUNCTION__+0x11
C  [CoreFoundation+0x88637]  __CFRunLoopDoSources0+0x1a7
C  [CoreFoundation+0x87bb6]  __CFRunLoopRun+0x3a6
C  [CoreFoundation+0x875b4]  CFRunLoopRunSpecific+0x1a4
C  [HIToolbox+0x30f6c]  RunCurrentEventLoopInMode+0xf0
C  [HIToolbox+0x30ca9]  ReceiveNextEventCommon+0xb8
C  [HIToolbox+0x30bd6]  _BlockUntilNextEventMatchingListInModeWithFilter+0x47
C  [AppKit+0x475f5]  _DPSNextEvent+0x445
C  [AppKit+0x7578eb]  -[NSApplication(NSEvent) _nextEventMatchingEventMask:untilDate:inMode:dequeue:]+0x665
C  [libosxapp.dylib+0x23aa]  -[NSApplicationAWT nextEventMatchingMask:untilDate:inMode:dequeue:]+0x7c
C  [AppKit+0x3bfbd]  -[NSApplication run]+0x39e
C  [libosxapp.dylib+0x214d]  +[NSApplicationAWT runAWTLoopWithApp:]+0x9c
C  [libawt_lwawt.dylib+0x444b3]  -[AWTStarter starter:]+0x389
C  [Foundation+0x71f2a]  __NSThreadPerformPerform+0x146
C  [CoreFoundation+0xa7551]  __CFRUNLOOP_IS_CALLING_OUT_TO_A_SOURCE0_PERFORM_FUNCTION__+0x11
C  [CoreFoundation+0x886bd]  __CFRunLoopDoSources0+0x22d
C  [CoreFoundation+0x87bb6]  __CFRunLoopRun+0x3a6
C  [CoreFoundation+0x875b4]  CFRunLoopRunSpecific+0x1a4
C  [java+0x6465]  CreateExecutionEnvironment+0x367
C  [java+0x218c]  JLI_Launch+0x7a0
C  [java+0x84c2]  main+0x65
C  [java+0x19e4]  start+0x34
C  0x0000000000000007

Java frames: (J=compiled Java code, j=interpreted, Vv=VM code)
j  jogamp.nativewindow.jawt.macosx.MacOSXJAWTWindow.UnsetJAWTRootSurfaceLayer0(JJ)V+0
j  jogamp.nativewindow.jawt.macosx.MacOSXJAWTWindow.access$200(JJ)V+2
j  jogamp.nativewindow.jawt.macosx.MacOSXJAWTWindow$1.run()V+38
J 2529 C1 com.jogamp.common.util.RunnableTask.run()V (345 bytes) @ 0x000000011ac95eb4 [0x000000011ac95d20+0x194]
v  ~StubRoutines::call_stub

---------------  P R O C E S S  ---------------

Java Threads: ( => current thread )
  0x00007f9c003da000 JavaThread "Thread-73" [_thread_blocked, id=37215, stack(0x000070000da40000,0x000070000db40000)]
  0x00007f9c0136c000 JavaThread "AWT-EventQueue-1" [_thread_in_native, id=65299, stack(0x000070000d837000,0x000070000d937000)]
  0x00007f9bff91b000 JavaThread "DestroyJavaVM" [_thread_blocked, id=7171, stack(0x000070000c272000,0x000070000c372000)]
  0x00007f9c012f0000 JavaThread "AWT-EventQueue-0" [_thread_blocked, id=58883, stack(0x000070000d631000,0x000070000d731000)]
  0x00007f9c011cc000 JavaThread "Java2D Disposer" daemon [_thread_blocked, id=55567, stack(0x000070000d3a8000,0x000070000d4a8000)]
  0x00007f9c00996800 JavaThread "Java2D Queue Flusher" daemon [_thread_blocked, id=53511, stack(0x000070000d2a5000,0x000070000d3a5000)]
  0x00007f9c01179000 JavaThread "AWT-Shutdown" [_thread_blocked, id=29471, stack(0x000070000d11f000,0x000070000d21f000)]
=>0x00007f9c00019000 JavaThread "AWT-AppKit" daemon [_thread_in_native, id=2059, stack(0x00007fff51882000,0x00007fff52082000)]
  0x00007f9bff828800 JavaThread "Service Thread" daemon [_thread_blocked, id=18691, stack(0x000070000ce96000,0x000070000cf96000)]
  0x00007f9c0100b800 JavaThread "C1 CompilerThread2" daemon [_thread_blocked, id=18179, stack(0x000070000cd93000,0x000070000ce93000)]
  0x00007f9c0100a800 JavaThread "C2 CompilerThread1" daemon [_thread_blocked, id=17667, stack(0x000070000cc90000,0x000070000cd90000)]
  0x00007f9c00018000 JavaThread "C2 CompilerThread0" daemon [_thread_blocked, id=17155, stack(0x000070000cb8d000,0x000070000cc8d000)]
  0x00007f9bff828000 JavaThread "Signal Dispatcher" daemon [_thread_blocked, id=16643, stack(0x000070000ca8a000,0x000070000cb8a000)]
  0x00007f9c0082b800 JavaThread "Finalizer" daemon [_thread_blocked, id=12547, stack(0x000070000c987000,0x000070000ca87000)]
  0x00007f9c00828800 JavaThread "Reference Handler" daemon [_thread_blocked, id=12035, stack(0x000070000c884000,0x000070000c984000)]

Other Threads:
  0x00007f9c0000f800 VMThread [stack: 0x000070000c781000,0x000070000c881000] [id=11523]
  0x00007f9c0082c000 WatcherThread [stack: 0x000070000cf99000,0x000070000d099000] [id=19203]

VM state:not at safepoint (normal execution)

VM Mutex/Monitor currently owned by a thread: None

Heap:
 PSYoungGen      total 135168K, used 116109K [0x0000000795580000, 0x00000007a9f80000, 0x00000007c0000000)
  eden space 125440K, 92% used [0x0000000795580000,0x000000079c6d3478,0x000000079d000000)
  from space 9728K, 0% used [0x00000007a8c80000,0x00000007a8c90000,0x00000007a9600000)
  to   space 9216K, 0% used [0x00000007a9680000,0x00000007a9680000,0x00000007a9f80000)
 ParOldGen       total 87552K, used 38892K [0x0000000740000000, 0x0000000745580000, 0x0000000795580000)
  object space 87552K, 44% used [0x0000000740000000,0x00000007425fb1a0,0x0000000745580000)
 Metaspace       used 20085K, capacity 20305K, committed 20480K, reserved 1067008K
  class space    used 1960K, capacity 2047K, committed 2048K, reserved 1048576K

Card table byte_map: [0x000000010f7b5000,0x000000010fbb6000] byte_map_base: 0x000000010bdb5000

Marking Bits: (ParMarkBitMap*) 0x000000010ecefd20
 Begin Bits: [0x000000010fe61000, 0x0000000111e61000)
 End Bits:   [0x0000000111e61000, 0x0000000113e61000)

Polling page: 0x000000010dbfb000

CodeCache: size=245760Kb used=8763Kb max_used=8860Kb free=236996Kb
 bounds [0x000000011a562000, 0x000000011ae42000, 0x0000000129562000]
 total_blobs=3356 nmethods=2475 adapters=794
 compilation: enabled

Compilation events (10 events):
Event: 78.293 Thread 0x00007f9c0100a800 2977   !   4       sun.awt.PostEventQueue::flush (168 bytes)
Event: 78.338 Thread 0x00007f9c0100b800 2978       3       java.lang.reflect.Method::invoke (62 bytes)
Event: 78.339 Thread 0x00007f9c0100b800 nmethod 2978 0x000000011ab4c050 code [0x000000011ab4c220, 0x000000011ab4c7a8]
Event: 78.339 Thread 0x00007f9c0100b800 2979       3       sun.reflect.DelegatingMethodAccessorImpl::invoke (10 bytes)
Event: 78.340 Thread 0x00007f9c0100b800 nmethod 2979 0x000000011a72e990 code [0x000000011a72eb00, 0x000000011a72ed28]
Event: 78.553 Thread 0x00007f9c0100a800 nmethod 2977 0x000000011ae29b50 code [0x000000011ae2a1c0, 0x000000011ae2fc58]
Event: 79.494 Thread 0x00007f9c00018000 2980       4       java.util.LinkedList::clone (53 bytes)
Event: 79.500 Thread 0x00007f9c00018000 nmethod 2980 0x000000011a9dae10 code [0x000000011a9daf80, 0x000000011a9db2c8]
Event: 79.645 Thread 0x00007f9c0100b800 2981       1       sun.java2d.SurfaceData::isValid (5 bytes)
Event: 79.646 Thread 0x00007f9c0100b800 nmethod 2981 0x000000011a741950 code [0x000000011a741aa0, 0x000000011a741bb0]

GC Heap History (10 events):
Event: 68.645 GC heap before
{Heap before GC invocations=23 (full 0):
 PSYoungGen      total 153600K, used 153184K [0x0000000795580000, 0x00000007ab380000, 0x00000007c0000000)
  eden space 153088K, 100% used [0x0000000795580000,0x000000079eb00000,0x000000079eb00000)
  from space 512K, 18% used [0x00000007ab300000,0x00000007ab318000,0x00000007ab380000)
  to   space 11776K, 0% used [0x00000007a9c80000,0x00000007a9c80000,0x00000007aa800000)
 ParOldGen       total 87552K, used 38868K [0x0000000740000000, 0x0000000745580000, 0x0000000795580000)
  object space 87552K, 44% used [0x0000000740000000,0x00000007425f51a0,0x0000000745580000)
 Metaspace       used 20028K, capacity 20241K, committed 20480K, reserved 1067008K
  class space    used 1952K, capacity 2047K, committed 2048K, reserved 1048576K
Event: 68.647 GC heap after
Heap after GC invocations=23 (full 0):
 PSYoungGen      total 158720K, used 96K [0x0000000795580000, 0x00000007ab380000, 0x00000007c0000000)
  eden space 146944K, 0% used [0x0000000795580000,0x0000000795580000,0x000000079e500000)
  from space 11776K, 0% used [0x00000007a9c80000,0x00000007a9c98000,0x00000007aa800000)
  to   space 11264K, 0% used [0x00000007aa880000,0x00000007aa880000,0x00000007ab380000)
 ParOldGen       total 87552K, used 38884K [0x0000000740000000, 0x0000000745580000, 0x0000000795580000)
  object space 87552K, 44% used [0x0000000740000000,0x00000007425f91a0,0x0000000745580000)
 Metaspace       used 20028K, capacity 20241K, committed 20480K, reserved 1067008K
  class space    used 1952K, capacity 2047K, committed 2048K, reserved 1048576K
}
Event: 71.078 GC heap before
{Heap before GC invocations=24 (full 0):
 PSYoungGen      total 158720K, used 147040K [0x0000000795580000, 0x00000007ab380000, 0x00000007c0000000)
  eden space 146944K, 100% used [0x0000000795580000,0x000000079e500000,0x000000079e500000)
  from space 11776K, 0% used [0x00000007a9c80000,0x00000007a9c98000,0x00000007aa800000)
  to   space 11264K, 0% used [0x00000007aa880000,0x00000007aa880000,0x00000007ab380000)
 ParOldGen       total 87552K, used 38884K [0x0000000740000000, 0x0000000745580000, 0x0000000795580000)
  object space 87552K, 44% used [0x0000000740000000,0x00000007425f91a0,0x0000000745580000)
 Metaspace       used 20028K, capacity 20241K, committed 20480K, reserved 1067008K
  class space    used 1952K, capacity 2047K, committed 2048K, reserved 1048576K
Event: 71.080 GC heap after
Heap after GC invocations=24 (full 0):
 PSYoungGen      total 141824K, used 128K [0x0000000795580000, 0x00000007aa900000, 0x00000007c0000000)
  eden space 141312K, 0% used [0x0000000795580000,0x0000000795580000,0x000000079df80000)
  from space 512K, 25% used [0x00000007aa880000,0x00000007aa8a0000,0x00000007aa900000)
  to   space 10752K, 0% used [0x00000007a9400000,0x00000007a9400000,0x00000007a9e80000)
 ParOldGen       total 87552K, used 38884K [0x0000000740000000, 0x0000000745580000, 0x0000000795580000)
  object space 87552K, 44% used [0x0000000740000000,0x00000007425f91a0,0x0000000745580000)
 Metaspace       used 20028K, capacity 20241K, committed 20480K, reserved 1067008K
  class space    used 1952K, capacity 2047K, committed 2048K, reserved 1048576K
}
Event: 73.326 GC heap before
{Heap before GC invocations=25 (full 0):
 PSYoungGen      total 141824K, used 141440K [0x0000000795580000, 0x00000007aa900000, 0x00000007c0000000)
  eden space 141312K, 100% used [0x0000000795580000,0x000000079df80000,0x000000079df80000)
  from space 512K, 25% used [0x00000007aa880000,0x00000007aa8a0000,0x00000007aa900000)
  to   space 10752K, 0% used [0x00000007a9400000,0x00000007a9400000,0x00000007a9e80000)
 ParOldGen       total 87552K, used 38884K [0x0000000740000000, 0x0000000745580000, 0x0000000795580000)
  object space 87552K, 44% used [0x0000000740000000,0x00000007425f91a0,0x0000000745580000)
 Metaspace       used 20028K, capacity 20241K, committed 20480K, reserved 1067008K
  class space    used 1952K, capacity 2047K, committed 2048K, reserved 1048576K
Event: 73.328 GC heap after
Heap after GC invocations=25 (full 0):
 PSYoungGen      total 146432K, used 96K [0x0000000795580000, 0x00000007aa900000, 0x00000007c0000000)
  eden space 135680K, 0% used [0x0000000795580000,0x0000000795580000,0x000000079da00000)
  from space 10752K, 0% used [0x00000007a9400000,0x00000007a9418000,0x00000007a9e80000)
  to   space 10240K, 0% used [0x00000007a9f00000,0x00000007a9f00000,0x00000007aa900000)
 ParOldGen       total 87552K, used 38884K [0x0000000740000000, 0x0000000745580000, 0x0000000795580000)
  object space 87552K, 44% used [0x0000000740000000,0x00000007425f91a0,0x0000000745580000)
 Metaspace       used 20028K, capacity 20241K, committed 20480K, reserved 1067008K
  class space    used 1952K, capacity 2047K, committed 2048K, reserved 1048576K
}
Event: 75.545 GC heap before
{Heap before GC invocations=26 (full 0):
 PSYoungGen      total 146432K, used 135776K [0x0000000795580000, 0x00000007aa900000, 0x00000007c0000000)
  eden space 135680K, 100% used [0x0000000795580000,0x000000079da00000,0x000000079da00000)
  from space 10752K, 0% used [0x00000007a9400000,0x00000007a9418000,0x00000007a9e80000)
  to   space 10240K, 0% used [0x00000007a9f00000,0x00000007a9f00000,0x00000007aa900000)
 ParOldGen       total 87552K, used 38884K [0x0000000740000000, 0x0000000745580000, 0x0000000795580000)
  object space 87552K, 44% used [0x0000000740000000,0x00000007425f91a0,0x0000000745580000)
 Metaspace       used 20028K, capacity 20241K, committed 20480K, reserved 1067008K
  class space    used 1952K, capacity 2047K, committed 2048K, reserved 1048576K
Event: 75.547 GC heap after
Heap after GC invocations=26 (full 0):
 PSYoungGen      total 131072K, used 64K [0x0000000795580000, 0x00000007a9f80000, 0x00000007c0000000)
  eden space 130560K, 0% used [0x0000000795580000,0x0000000795580000,0x000000079d500000)
  from space 512K, 12% used [0x00000007a9f00000,0x00000007a9f10000,0x00000007a9f80000)
  to   space 9728K, 0% used [0x00000007a8c80000,0x00000007a8c80000,0x00000007a9600000)
 ParOldGen       total 87552K, used 38884K [0x0000000740000000, 0x0000000745580000, 0x0000000795580000)
  object space 87552K, 44% used [0x0000000740000000,0x00000007425f91a0,0x0000000745580000)
 Metaspace       used 20028K, capacity 20241K, committed 20480K, reserved 1067008K
  class space    used 1952K, capacity 2047K, committed 2048K, reserved 1048576K
}
Event: 77.831 GC heap before
{Heap before GC invocations=27 (full 0):
 PSYoungGen      total 131072K, used 130624K [0x0000000795580000, 0x00000007a9f80000, 0x00000007c0000000)
  eden space 130560K, 100% used [0x0000000795580000,0x000000079d500000,0x000000079d500000)
  from space 512K, 12% used [0x00000007a9f00000,0x00000007a9f10000,0x00000007a9f80000)
  to   space 9728K, 0% used [0x00000007a8c80000,0x00000007a8c80000,0x00000007a9600000)
 ParOldGen       total 87552K, used 38884K [0x0000000740000000, 0x0000000745580000, 0x0000000795580000)
  object space 87552K, 44% used [0x0000000740000000,0x00000007425f91a0,0x0000000745580000)
 Metaspace       used 20047K, capacity 20241K, committed 20480K, reserved 1067008K
  class space    used 1952K, capacity 2047K, committed 2048K, reserved 1048576K
Event: 77.832 GC heap after
Heap after GC invocations=27 (full 0):
 PSYoungGen      total 135168K, used 64K [0x0000000795580000, 0x00000007a9f80000, 0x00000007c0000000)
  eden space 125440K, 0% used [0x0000000795580000,0x0000000795580000,0x000000079d000000)
  from space 9728K, 0% used [0x00000007a8c80000,0x00000007a8c90000,0x00000007a9600000)
  to   space 9216K, 0% used [0x00000007a9680000,0x00000007a9680000,0x00000007a9f80000)
 ParOldGen       total 87552K, used 38892K [0x0000000740000000, 0x0000000745580000, 0x0000000795580000)
  object space 87552K, 44% used [0x0000000740000000,0x00000007425fb1a0,0x0000000745580000)
 Metaspace       used 20047K, capacity 20241K, committed 20480K, reserved 1067008K
  class space    used 1952K, capacity 2047K, committed 2048K, reserved 1048576K
}

Deoptimization events (10 events):
Event: 21.428 Thread 0x00007f9c0136c000 Uncommon trap: reason=speculate_class_check action=maybe_recompile pc=0x000000011ad18010 method=com.jogamp.common.nio.Buffers.getDirectBufferByteOffset(Ljava/lang/Object;)I @ 31
Event: 21.429 Thread 0x00007f9c0136c000 Uncommon trap: reason=speculate_class_check action=maybe_recompile pc=0x000000011ad18010 method=com.jogamp.common.nio.Buffers.getDirectBufferByteOffset(Ljava/lang/Object;)I @ 31
Event: 79.578 Thread 0x00007f9c012f0000 Uncommon trap: reason=unstable_if action=reinterpret pc=0x000000011ae2de30 method=java.awt.EventQueue.getPriority(Ljava/awt/AWTEvent;)I @ 71
Event: 79.581 Thread 0x00007f9c012f0000 Uncommon trap: reason=unstable_if action=reinterpret pc=0x000000011ae1ccc4 method=sun.java2d.pipe.Region.intersectsQuickCheck(Lsun/java2d/pipe/Region;)Z @ 41
Event: 79.644 Thread 0x00007f9c009b0000 Uncommon trap: reason=class_check action=maybe_recompile pc=0x000000011aa1b414 method=java.util.HashMap.putVal(ILjava/lang/Object;Ljava/lang/Object;ZZ)Ljava/lang/Object; @ 91
Event: 79.644 Thread 0x00007f9c009b0000 Uncommon trap: reason=class_check action=maybe_recompile pc=0x000000011aa1b414 method=java.util.HashMap.putVal(ILjava/lang/Object;Ljava/lang/Object;ZZ)Ljava/lang/Object; @ 91
Event: 79.644 Thread 0x00007f9c009b0000 Uncommon trap: reason=class_check action=maybe_recompile pc=0x000000011aa1b414 method=java.util.HashMap.putVal(ILjava/lang/Object;Ljava/lang/Object;ZZ)Ljava/lang/Object; @ 91
Event: 79.644 Thread 0x00007f9c009b0000 Uncommon trap: reason=class_check action=maybe_recompile pc=0x000000011aa1b414 method=java.util.HashMap.putVal(ILjava/lang/Object;Ljava/lang/Object;ZZ)Ljava/lang/Object; @ 91
Event: 79.644 Thread 0x00007f9c009b0000 Uncommon trap: reason=class_check action=maybe_recompile pc=0x000000011a8197a4 method=java.util.HashMap.putVal(ILjava/lang/Object;Ljava/lang/Object;ZZ)Ljava/lang/Object; @ 91
Event: 79.662 Thread 0x00007f9c0136c000 Uncommon trap: reason=unstable_if action=reinterpret pc=0x000000011acf4a88 method=java.security.AccessControlContext.optimize()Ljava/security/AccessControlContext; @ 233

Internal exceptions (10 events):
Event: 0.250 Thread 0x00007f9c00001000 Exception <a 'java/lang/NoSuchFieldError': method resolution failed> (0x00000007957935e0) thrown at [/Users/java_re/workspace/8-2-build-macosx-x86_64/jdk8u111/7883/hotspot/src/share/vm/prims/methodHandles.cpp, line 1146]
Event: 0.513 Thread 0x00007f9c00001000 Exception <a 'java/io/FileNotFoundException'> (0x000000079580ec88) thrown at [/Users/java_re/workspace/8-2-build-macosx-x86_64/jdk8u111/7883/hotspot/src/share/vm/prims/jni.cpp, line 709]
Event: 0.513 Thread 0x00007f9c00001000 Exception <a 'java/io/FileNotFoundException'> (0x000000079580f7f0) thrown at [/Users/java_re/workspace/8-2-build-macosx-x86_64/jdk8u111/7883/hotspot/src/share/vm/prims/jni.cpp, line 709]
Event: 0.552 Thread 0x00007f9c00001000 Exception <a 'java/io/FileNotFoundException'> (0x0000000795916358) thrown at [/Users/java_re/workspace/8-2-build-macosx-x86_64/jdk8u111/7883/hotspot/src/share/vm/prims/jni.cpp, line 709]
Event: 0.676 Thread 0x00007f9c00001000 Exception <a 'java/io/FileNotFoundException'> (0x0000000795953210) thrown at [/Users/java_re/workspace/8-2-build-macosx-x86_64/jdk8u111/7883/hotspot/src/share/vm/prims/jni.cpp, line 709]
Event: 4.228 Thread 0x00007f9c00abc000 Exception <a 'java/io/FileNotFoundException'> (0x00000007965cdb48) thrown at [/Users/java_re/workspace/8-2-build-macosx-x86_64/jdk8u111/7883/hotspot/src/share/vm/prims/jni.cpp, line 709]
Event: 4.229 Thread 0x00007f9c00abc000 Exception <a 'java/io/FileNotFoundException'> (0x00000007965d4530) thrown at [/Users/java_re/workspace/8-2-build-macosx-x86_64/jdk8u111/7883/hotspot/src/share/vm/prims/jni.cpp, line 709]
Event: 4.229 Thread 0x00007f9c00abc000 Implicit null exception at 0x000000011a70fd36 to 0x000000011a710105
Event: 4.544 Thread 0x00007f9c00abc000 Exception <a 'java/lang/UnsatisfiedLinkError': com.jogamp.common.util.JarUtil.fixNativeLibAttribs(Ljava/lang/String;)Z> (0x00000007974553c0) thrown at [/Users/java_re/workspace/8-2-build-macosx-x86_64/jdk8u111/7883/hotspot/src/share/vm/prims/nativeLookup.
Event: 4.662 Thread 0x00007f9c0082b800 Exception <a 'java/lang/NullPointerException'> (0x00000007956a6718) thrown at [/Users/java_re/workspace/8-2-build-macosx-x86_64/jdk8u111/7883/hotspot/src/share/vm/interpreter/linkResolver.cpp, line 1178]

Events (10 events):
Event: 79.663 loading class java/awt/LightweightDispatcher$2 done
Event: 79.663 loading class java/awt/event/AWTEventListenerProxy
Event: 79.663 loading class java/awt/event/AWTEventListenerProxy done
Event: 79.663 loading class java/awt/Toolkit$ToolkitEventMulticaster
Event: 79.663 loading class java/awt/Toolkit$ToolkitEventMulticaster done
Event: 79.664 Thread 0x00007f9c009b0000 Thread exited: 0x00007f9c009b0000
Event: 79.664 loading class java/lang/IllegalThreadStateException
Event: 79.664 loading class java/lang/IllegalThreadStateException done
Event: 79.664 loading class java/awt/Window$1DisposeAction
Event: 79.664 loading class java/awt/Window$1DisposeAction done


Dynamic libraries:
0x0000000001136000 	/System/Library/Frameworks/Cocoa.framework/Versions/A/Cocoa
0x0000000001136000 	/System/Library/Frameworks/Security.framework/Versions/A/Security
0x0000000001136000 	/System/Library/Frameworks/ApplicationServices.framework/Versions/A/ApplicationServices
0x0000000001136000 	/usr/lib/libz.1.dylib
0x0000000001136000 	/usr/lib/libSystem.B.dylib
0x0000000001136000 	/usr/lib/libobjc.A.dylib
0x0000000001136000 	/System/Library/Frameworks/CoreFoundation.framework/Versions/A/CoreFoundation
0x0000000001136000 	/System/Library/Frameworks/Foundation.framework/Versions/C/Foundation
0x0000000001136000 	/System/Library/Frameworks/AppKit.framework/Versions/C/AppKit
0x0000000001136000 	/System/Library/Frameworks/CoreData.framework/Versions/A/CoreData
0x0000000001136000 	/System/Library/PrivateFrameworks/RemoteViewServices.framework/Versions/A/RemoteViewServices
0x0000000001136000 	/System/Library/PrivateFrameworks/UIFoundation.framework/Versions/A/UIFoundation
0x0000000001136000 	/usr/lib/libenergytrace.dylib
0x0000000001136000 	/System/Library/PrivateFrameworks/SkyLight.framework/Versions/A/SkyLight
0x0000000001136000 	/System/Library/Frameworks/CoreGraphics.framework/Versions/A/CoreGraphics
0x0000000001136000 	/usr/lib/libScreenReader.dylib
0x0000000001136000 	/System/Library/Frameworks/Accelerate.framework/Versions/A/Accelerate
0x0000000001136000 	/System/Library/Frameworks/IOSurface.framework/Versions/A/IOSurface
0x0000000001136000 	/System/Library/Frameworks/AudioToolbox.framework/Versions/A/AudioToolbox
0x0000000001136000 	/System/Library/Frameworks/AudioUnit.framework/Versions/A/AudioUnit
0x0000000001136000 	/System/Library/PrivateFrameworks/DataDetectorsCore.framework/Versions/A/DataDetectorsCore
0x0000000001136000 	/System/Library/PrivateFrameworks/DesktopServicesPriv.framework/Versions/A/DesktopServicesPriv
0x0000000001136000 	/System/Library/Frameworks/Carbon.framework/Versions/A/Frameworks/HIToolbox.framework/Versions/A/HIToolbox
0x0000000001136000 	/usr/lib/libicucore.A.dylib
0x0000000001136000 	/System/Library/Frameworks/QuartzCore.framework/Versions/A/QuartzCore
0x0000000001136000 	/System/Library/Frameworks/Carbon.framework/Versions/A/Frameworks/SpeechRecognition.framework/Versions/A/SpeechRecognition
0x0000000001136000 	/usr/lib/libauto.dylib
0x0000000001136000 	/usr/lib/libxml2.2.dylib
0x0000000001136000 	/System/Library/PrivateFrameworks/CoreUI.framework/Versions/A/CoreUI
0x0000000001136000 	/System/Library/Frameworks/CoreAudio.framework/Versions/A/CoreAudio
0x0000000001136000 	/System/Library/Frameworks/DiskArbitration.framework/Versions/A/DiskArbitration
0x0000000001136000 	/usr/lib/liblangid.dylib
0x0000000001136000 	/System/Library/PrivateFrameworks/MultitouchSupport.framework/Versions/A/MultitouchSupport
0x0000000001136000 	/System/Library/Frameworks/IOKit.framework/Versions/A/IOKit
0x0000000001136000 	/usr/lib/libDiagnosticMessagesClient.dylib
0x0000000001136000 	/System/Library/Frameworks/CoreServices.framework/Versions/A/CoreServices
0x0000000001136000 	/System/Library/PrivateFrameworks/PerformanceAnalysis.framework/Versions/A/PerformanceAnalysis
0x0000000001136000 	/System/Library/PrivateFrameworks/GenerationalStorage.framework/Versions/A/GenerationalStorage
0x0000000001136000 	/System/Library/Frameworks/OpenGL.framework/Versions/A/OpenGL
0x0000000001136000 	/System/Library/Frameworks/CoreImage.framework/Versions/A/CoreImage
0x0000000001136000 	/System/Library/Frameworks/CoreText.framework/Versions/A/CoreText
0x0000000001136000 	/System/Library/Frameworks/ImageIO.framework/Versions/A/ImageIO
0x0000000001136000 	/System/Library/PrivateFrameworks/Backup.framework/Versions/A/Backup
0x0000000001136000 	/usr/lib/libarchive.2.dylib
0x0000000001136000 	/System/Library/Frameworks/CFNetwork.framework/Versions/A/CFNetwork
0x0000000001136000 	/System/Library/Frameworks/SystemConfiguration.framework/Versions/A/SystemConfiguration
0x0000000001136000 	/usr/lib/libCRFSuite.dylib
0x0000000001136000 	/usr/lib/libc++.1.dylib
0x0000000001136000 	/usr/lib/libc++abi.dylib
0x0000000001136000 	/usr/lib/system/libcache.dylib
0x0000000001136000 	/usr/lib/system/libcommonCrypto.dylib
0x0000000001136000 	/usr/lib/system/libcompiler_rt.dylib
0x0000000001136000 	/usr/lib/system/libcopyfile.dylib
0x0000000001136000 	/usr/lib/system/libcorecrypto.dylib
0x0000000001136000 	/usr/lib/system/libdispatch.dylib
0x0000000001136000 	/usr/lib/system/libdyld.dylib
0x0000000001136000 	/usr/lib/system/libkeymgr.dylib
0x0000000001136000 	/usr/lib/system/liblaunch.dylib
0x0000000001136000 	/usr/lib/system/libmacho.dylib
0x0000000001136000 	/usr/lib/system/libquarantine.dylib
0x0000000001136000 	/usr/lib/system/libremovefile.dylib
0x0000000001136000 	/usr/lib/system/libsystem_asl.dylib
0x0000000001136000 	/usr/lib/system/libsystem_blocks.dylib
0x0000000001136000 	/usr/lib/system/libsystem_c.dylib
0x0000000001136000 	/usr/lib/system/libsystem_configuration.dylib
0x0000000001136000 	/usr/lib/system/libsystem_coreservices.dylib
0x0000000001136000 	/usr/lib/system/libsystem_coretls.dylib
0x0000000001136000 	/usr/lib/system/libsystem_dnssd.dylib
0x0000000001136000 	/usr/lib/system/libsystem_info.dylib
0x0000000001136000 	/usr/lib/system/libsystem_kernel.dylib
0x0000000001136000 	/usr/lib/system/libsystem_m.dylib
0x0000000001136000 	/usr/lib/system/libsystem_malloc.dylib
0x0000000001136000 	/usr/lib/system/libsystem_network.dylib
0x0000000001136000 	/usr/lib/system/libsystem_networkextension.dylib
0x0000000001136000 	/usr/lib/system/libsystem_notify.dylib
0x0000000001136000 	/usr/lib/system/libsystem_platform.dylib
0x0000000001136000 	/usr/lib/system/libsystem_pthread.dylib
0x0000000001136000 	/usr/lib/system/libsystem_sandbox.dylib
0x0000000001136000 	/usr/lib/system/libsystem_secinit.dylib
0x0000000001136000 	/usr/lib/system/libsystem_symptoms.dylib
0x0000000001136000 	/usr/lib/system/libsystem_trace.dylib
0x0000000001136000 	/usr/lib/system/libunwind.dylib
0x0000000001136000 	/usr/lib/system/libxpc.dylib
0x0000000001136000 	/usr/lib/libbsm.0.dylib
0x0000000001136000 	/usr/lib/system/libkxld.dylib
0x0000000001136000 	/usr/lib/libcoretls.dylib
0x0000000001136000 	/usr/lib/libcoretls_cfhelpers.dylib
0x0000000001136000 	/usr/lib/libxar.1.dylib
0x0000000001136000 	/usr/lib/libsqlite3.dylib
0x0000000001136000 	/usr/lib/libpam.2.dylib
0x0000000001136000 	/usr/lib/libOpenScriptingUtil.dylib
0x0000000001136000 	/usr/lib/libbz2.1.0.dylib
0x0000000001136000 	/usr/lib/liblzma.5.dylib
0x0000000001136000 	/usr/lib/libnetwork.dylib
0x0000000001136000 	/usr/lib/libpcap.A.dylib
0x0000000001136000 	/System/Library/Frameworks/CoreServices.framework/Versions/A/Frameworks/FSEvents.framework/Versions/A/FSEvents
0x0000000001136000 	/System/Library/Frameworks/CoreServices.framework/Versions/A/Frameworks/CarbonCore.framework/Versions/A/CarbonCore
0x0000000001136000 	/System/Library/Frameworks/CoreServices.framework/Versions/A/Frameworks/Metadata.framework/Versions/A/Metadata
0x0000000001136000 	/System/Library/Frameworks/CoreServices.framework/Versions/A/Frameworks/OSServices.framework/Versions/A/OSServices
0x0000000001136000 	/System/Library/Frameworks/CoreServices.framework/Versions/A/Frameworks/SearchKit.framework/Versions/A/SearchKit
0x0000000001136000 	/System/Library/Frameworks/CoreServices.framework/Versions/A/Frameworks/AE.framework/Versions/A/AE
0x0000000001136000 	/System/Library/Frameworks/CoreServices.framework/Versions/A/Frameworks/LaunchServices.framework/Versions/A/LaunchServices
0x0000000001136000 	/System/Library/Frameworks/CoreServices.framework/Versions/A/Frameworks/DictionaryServices.framework/Versions/A/DictionaryServices
0x0000000001136000 	/System/Library/Frameworks/CoreServices.framework/Versions/A/Frameworks/SharedFileList.framework/Versions/A/SharedFileList
0x0000000001136000 	/System/Library/Frameworks/NetFS.framework/Versions/A/NetFS
0x0000000001136000 	/System/Library/PrivateFrameworks/NetAuth.framework/Versions/A/NetAuth
0x0000000001136000 	/System/Library/PrivateFrameworks/login.framework/Versions/A/Frameworks/loginsupport.framework/Versions/A/loginsupport
0x0000000001136000 	/System/Library/PrivateFrameworks/TCC.framework/Versions/A/TCC
0x0000000001136000 	/usr/lib/libmecabra.dylib
0x0000000001136000 	/System/Library/Frameworks/ApplicationServices.framework/Versions/A/Frameworks/ATS.framework/Versions/A/ATS
0x0000000001136000 	/System/Library/Frameworks/ApplicationServices.framework/Versions/A/Frameworks/ColorSync.framework/Versions/A/ColorSync
0x0000000001136000 	/System/Library/Frameworks/ApplicationServices.framework/Versions/A/Frameworks/HIServices.framework/Versions/A/HIServices
0x0000000001136000 	/System/Library/Frameworks/ApplicationServices.framework/Versions/A/Frameworks/LangAnalysis.framework/Versions/A/LangAnalysis
0x0000000001136000 	/System/Library/Frameworks/ApplicationServices.framework/Versions/A/Frameworks/PrintCore.framework/Versions/A/PrintCore
0x0000000001136000 	/System/Library/Frameworks/ApplicationServices.framework/Versions/A/Frameworks/QD.framework/Versions/A/QD
0x0000000001136000 	/System/Library/Frameworks/ApplicationServices.framework/Versions/A/Frameworks/SpeechSynthesis.framework/Versions/A/SpeechSynthesis
0x0000000001136000 	/System/Library/Frameworks/Accelerate.framework/Versions/A/Frameworks/vImage.framework/Versions/A/vImage
0x0000000001136000 	/System/Library/Frameworks/Accelerate.framework/Versions/A/Frameworks/vecLib.framework/Versions/A/vecLib
0x0000000001136000 	/System/Library/Frameworks/Accelerate.framework/Versions/A/Frameworks/vecLib.framework/Versions/A/libvDSP.dylib
0x0000000001136000 	/System/Library/Frameworks/Accelerate.framework/Versions/A/Frameworks/vecLib.framework/Versions/A/libBNNS.dylib
0x0000000001136000 	/System/Library/Frameworks/Accelerate.framework/Versions/A/Frameworks/vecLib.framework/Versions/A/libQuadrature.dylib
0x0000000001136000 	/System/Library/Frameworks/Accelerate.framework/Versions/A/Frameworks/vecLib.framework/Versions/A/libvMisc.dylib
0x0000000001136000 	/System/Library/Frameworks/Accelerate.framework/Versions/A/Frameworks/vecLib.framework/Versions/A/libLAPACK.dylib
0x0000000001136000 	/System/Library/Frameworks/Accelerate.framework/Versions/A/Frameworks/vecLib.framework/Versions/A/libBLAS.dylib
0x0000000001136000 	/System/Library/Frameworks/Accelerate.framework/Versions/A/Frameworks/vecLib.framework/Versions/A/libLinearAlgebra.dylib
0x0000000001136000 	/System/Library/Frameworks/Accelerate.framework/Versions/A/Frameworks/vecLib.framework/Versions/A/libSparseBLAS.dylib
0x0000000001136000 	/System/Library/Frameworks/ApplicationServices.framework/Versions/A/Frameworks/ATS.framework/Versions/A/Resources/libFontParser.dylib
0x0000000001136000 	/System/Library/Frameworks/ApplicationServices.framework/Versions/A/Frameworks/ATS.framework/Versions/A/Resources/libFontRegistry.dylib
0x0000000001136000 	/System/Library/Frameworks/ImageIO.framework/Versions/A/Resources/libJPEG.dylib
0x0000000001136000 	/System/Library/Frameworks/ImageIO.framework/Versions/A/Resources/libTIFF.dylib
0x0000000001136000 	/System/Library/Frameworks/ImageIO.framework/Versions/A/Resources/libPng.dylib
0x0000000001136000 	/System/Library/Frameworks/ImageIO.framework/Versions/A/Resources/libGIF.dylib
0x0000000001136000 	/System/Library/Frameworks/ImageIO.framework/Versions/A/Resources/libJP2.dylib
0x0000000001136000 	/System/Library/Frameworks/ImageIO.framework/Versions/A/Resources/libRadiance.dylib
0x0000000001136000 	/usr/lib/libcompression.dylib
0x0000000001136000 	/System/Library/PrivateFrameworks/AppleJPEG.framework/Versions/A/AppleJPEG
0x0000000001136000 	/usr/lib/libcups.2.dylib
0x0000000001136000 	/System/Library/Frameworks/Kerberos.framework/Versions/A/Kerberos
0x0000000001136000 	/System/Library/Frameworks/GSS.framework/Versions/A/GSS
0x0000000001136000 	/usr/lib/libresolv.9.dylib
0x0000000001136000 	/usr/lib/libiconv.2.dylib
0x0000000001136000 	/System/Library/PrivateFrameworks/Heimdal.framework/Versions/A/Heimdal
0x0000000001136000 	/usr/lib/libheimdal-asn1.dylib
0x0000000001136000 	/System/Library/Frameworks/OpenDirectory.framework/Versions/A/OpenDirectory
0x0000000001136000 	/System/Library/PrivateFrameworks/CommonAuth.framework/Versions/A/CommonAuth
0x0000000001136000 	/System/Library/Frameworks/OpenDirectory.framework/Versions/A/Frameworks/CFOpenDirectory.framework/Versions/A/CFOpenDirectory
0x0000000001136000 	/System/Library/Frameworks/SecurityFoundation.framework/Versions/A/SecurityFoundation
0x0000000001136000 	/System/Library/PrivateFrameworks/LanguageModeling.framework/Versions/A/LanguageModeling
0x0000000001136000 	/usr/lib/libmarisa.dylib
0x0000000001136000 	/usr/lib/libChineseTokenizer.dylib
0x0000000001136000 	/usr/lib/libcmph.dylib
0x0000000001136000 	/System/Library/PrivateFrameworks/CoreEmoji.framework/Versions/A/CoreEmoji
0x0000000001136000 	/System/Library/Frameworks/ServiceManagement.framework/Versions/A/ServiceManagement
0x0000000001136000 	/usr/lib/libxslt.1.dylib
0x0000000001136000 	/System/Library/Frameworks/Carbon.framework/Versions/A/Frameworks/Ink.framework/Versions/A/Ink
0x0000000001136000 	/System/Library/PrivateFrameworks/TextureIO.framework/Versions/A/TextureIO
0x0000000001136000 	/System/Library/Frameworks/Metal.framework/Versions/A/Metal
0x0000000001136000 	/usr/lib/libate.dylib
0x0000000001136000 	/System/Library/PrivateFrameworks/GPUCompiler.framework/libmetal_timestamp.dylib
0x0000000001136000 	/System/Library/Frameworks/OpenGL.framework/Versions/A/Libraries/libCoreFSCache.dylib
0x0000000001136000 	/System/Library/PrivateFrameworks/IOAccelerator.framework/Versions/A/IOAccelerator
0x0000000001136000 	/System/Library/Frameworks/CoreVideo.framework/Versions/A/CoreVideo
0x0000000001136000 	/usr/lib/libFosl_dynamic.dylib
0x0000000001136000 	/System/Library/PrivateFrameworks/MetalPerformanceShaders.framework/Versions/A/MetalPerformanceShaders
0x0000000001136000 	/System/Library/PrivateFrameworks/FaceCore.framework/Versions/A/FaceCore
0x0000000001136000 	/System/Library/Frameworks/OpenCL.framework/Versions/A/OpenCL
0x0000000001136000 	/System/Library/Frameworks/OpenGL.framework/Versions/A/Libraries/libGLU.dylib
0x0000000001136000 	/System/Library/Frameworks/OpenGL.framework/Versions/A/Libraries/libGFXShared.dylib
0x0000000001136000 	/System/Library/Frameworks/OpenGL.framework/Versions/A/Libraries/libGL.dylib
0x0000000001136000 	/System/Library/Frameworks/OpenGL.framework/Versions/A/Libraries/libGLImage.dylib
0x0000000001136000 	/System/Library/Frameworks/OpenGL.framework/Versions/A/Libraries/libCVMSPluginSupport.dylib
0x0000000001136000 	/System/Library/Frameworks/OpenGL.framework/Versions/A/Libraries/libCoreVMClient.dylib
0x0000000001136000 	/System/Library/PrivateFrameworks/CrashReporterSupport.framework/Versions/A/CrashReporterSupport
0x0000000001136000 	/System/Library/PrivateFrameworks/Sharing.framework/Versions/A/Sharing
0x0000000001136000 	/System/Library/PrivateFrameworks/IconServices.framework/Versions/A/IconServices
0x0000000001136000 	/System/Library/PrivateFrameworks/ProtocolBuffer.framework/Versions/A/ProtocolBuffer
0x0000000001136000 	/System/Library/PrivateFrameworks/Apple80211.framework/Versions/A/Apple80211
0x0000000001136000 	/System/Library/Frameworks/CoreWLAN.framework/Versions/A/CoreWLAN
0x0000000001136000 	/System/Library/PrivateFrameworks/CoreUtils.framework/Versions/A/CoreUtils
0x0000000001136000 	/System/Library/Frameworks/IOBluetooth.framework/Versions/A/IOBluetooth
0x0000000001136000 	/System/Library/PrivateFrameworks/CoreWiFi.framework/Versions/A/CoreWiFi
0x0000000001136000 	/System/Library/Frameworks/CoreBluetooth.framework/Versions/A/CoreBluetooth
0x0000000001136000 	/System/Library/Frameworks/CoreDisplay.framework/Versions/A/CoreDisplay
0x0000000001136000 	/System/Library/PrivateFrameworks/IOPresentment.framework/Versions/A/IOPresentment
0x0000000001136000 	/System/Library/PrivateFrameworks/DebugSymbols.framework/Versions/A/DebugSymbols
0x0000000001136000 	/System/Library/PrivateFrameworks/CoreSymbolication.framework/Versions/A/CoreSymbolication
0x0000000001136000 	/System/Library/PrivateFrameworks/Symbolication.framework/Versions/A/Symbolication
0x0000000001136000 	/System/Library/PrivateFrameworks/AppleFSCompression.framework/Versions/A/AppleFSCompression
0x0000000001136000 	/System/Library/PrivateFrameworks/SpeechRecognitionCore.framework/Versions/A/SpeechRecognitionCore
0x0000000001136000 	/System/Library/PrivateFrameworks/ChunkingLibrary.framework/Versions/A/ChunkingLibrary
0x000000010e400000 	/Library/Java/JavaVirtualMachines/jdk1.8.0_111.jdk/Contents/Home/jre/lib/server/libjvm.dylib
0x0000000001136000 	/usr/lib/libstdc++.6.dylib
0x000000010f3a1000 	/Library/Java/JavaVirtualMachines/jdk1.8.0_111.jdk/Contents/Home/jre/lib/libverify.dylib
0x000000010f3af000 	/Library/Java/JavaVirtualMachines/jdk1.8.0_111.jdk/Contents/Home/jre/lib/libjava.dylib
0x000000010f3ec000 	/Library/Java/JavaVirtualMachines/jdk1.8.0_111.jdk/Contents/Home/jre/lib/libzip.dylib
0x0000000115d58000 	/System/Library/Frameworks/JavaVM.framework/Frameworks/JavaRuntimeSupport.framework/JavaRuntimeSupport
0x0000000115d72000 	/System/Library/Frameworks/JavaVM.framework/Versions/A/Frameworks/JavaNativeFoundation.framework/Versions/A/JavaNativeFoundation
0x0000000115d87000 	/System/Library/Frameworks/JavaVM.framework/Versions/A/JavaVM
0x0000000001136000 	/System/Library/Frameworks/Carbon.framework/Versions/A/Carbon
0x0000000115d94000 	/System/Library/PrivateFrameworks/JavaLaunching.framework/Versions/A/JavaLaunching
0x0000000001136000 	/System/Library/Frameworks/Carbon.framework/Versions/A/Frameworks/CommonPanels.framework/Versions/A/CommonPanels
0x0000000001136000 	/System/Library/Frameworks/Carbon.framework/Versions/A/Frameworks/Help.framework/Versions/A/Help
0x0000000001136000 	/System/Library/Frameworks/Carbon.framework/Versions/A/Frameworks/ImageCapture.framework/Versions/A/ImageCapture
0x0000000001136000 	/System/Library/Frameworks/Carbon.framework/Versions/A/Frameworks/OpenScripting.framework/Versions/A/OpenScripting
0x0000000001136000 	/System/Library/Frameworks/Carbon.framework/Versions/A/Frameworks/Print.framework/Versions/A/Print
0x0000000001136000 	/System/Library/Frameworks/Carbon.framework/Versions/A/Frameworks/SecurityHI.framework/Versions/A/SecurityHI
0x000000011769e000 	/Library/Java/JavaVirtualMachines/jdk1.8.0_111.jdk/Contents/Home/jre/lib/libawt.dylib
0x0000000117746000 	/Library/Java/JavaVirtualMachines/jdk1.8.0_111.jdk/Contents/Home/jre/lib/./libmlib_image.dylib
0x0000000117812000 	/Library/Java/JavaVirtualMachines/jdk1.8.0_111.jdk/Contents/Home/jre/lib/libawt_lwawt.dylib
0x00000001178c7000 	/Library/Java/JavaVirtualMachines/jdk1.8.0_111.jdk/Contents/Home/jre/lib/./libosxapp.dylib
0x0000000001136000 	/System/Library/Frameworks/ExceptionHandling.framework/Versions/A/ExceptionHandling
0x0000000001136000 	/System/Library/PrivateFrameworks/CoreServicesInternal.framework/Versions/A/CoreServicesInternal
0x0000000001136000 	/System/Library/CoreServices/RawCamera.bundle/Contents/MacOS/RawCamera
0x0000000001136000 	/System/Library/Frameworks/Accelerate.framework/Versions/A/Frameworks/vImage.framework/Versions/A/Libraries/libCGInterfaces.dylib
0x0000000001136000 	/System/Library/Frameworks/ApplicationServices.framework/Versions/A/Frameworks/ATS.framework/Versions/A/Resources/libTrueTypeScaler.dylib
0x0000000001136000 	/System/Library/Frameworks/OpenGL.framework/Versions/A/Resources/GLEngine.bundle/GLEngine
0x0000000001136000 	/System/Library/Frameworks/OpenGL.framework/Versions/A/Libraries/libGLProgrammability.dylib
0x000000011948a000 	/System/Library/Extensions/AppleIntelHD5000GraphicsGLDriver.bundle/Contents/MacOS/AppleIntelHD5000GraphicsGLDriver
0x0000000001136000 	/System/Library/PrivateFrameworks/GPUSupport.framework/Versions/A/Libraries/libGPUSupportMercury.dylib
0x0000000001136000 	/System/Library/Frameworks/OpenGL.framework/Versions/A/Resources/GLRendererFloat.bundle/GLRendererFloat
0x0000000001136000 	/System/Library/Frameworks/OpenCL.framework/Versions/A/Libraries/libcldcpuengine.dylib
0x0000000001136000 	/usr/lib/libcrypto.0.9.8.dylib
0x0000000001136000 	/System/Library/PrivateFrameworks/TrustEvaluationAgent.framework/Versions/A/TrustEvaluationAgent
0x0000000119c08000 	/System/Library/Extensions/AppleIntelHD5000GraphicsMTLDriver.bundle/Contents/MacOS/AppleIntelHD5000GraphicsMTLDriver
0x0000000001136000 	/System/Library/PrivateFrameworks/FamilyControls.framework/Versions/A/FamilyControls
0x0000000001136000 	/System/Library/PrivateFrameworks/CommerceKit.framework/Versions/A/Frameworks/CommerceCore.framework/Versions/A/CommerceCore
0x0000000001136000 	/System/Library/PrivateFrameworks/SystemAdministration.framework/Versions/A/SystemAdministration
0x0000000001136000 	/System/Library/PrivateFrameworks/AppContainer.framework/Versions/A/AppContainer
0x0000000001136000 	/System/Library/PrivateFrameworks/SecCodeWrapper.framework/Versions/A/SecCodeWrapper
0x0000000001136000 	/System/Library/Frameworks/DirectoryService.framework/Versions/A/DirectoryService
0x0000000001136000 	/System/Library/PrivateFrameworks/DiskImages.framework/Versions/A/DiskImages
0x0000000001136000 	/System/Library/PrivateFrameworks/LoginUIKit.framework/Versions/A/Frameworks/LoginUICore.framework/Versions/A/LoginUICore
0x0000000001136000 	/usr/lib/libCoreStorage.dylib
0x0000000001136000 	/usr/lib/libcsfde.dylib
0x0000000001136000 	/usr/lib/libodfde.dylib
0x0000000001136000 	/System/Library/Frameworks/DiscRecording.framework/Versions/A/DiscRecording
0x0000000001136000 	/usr/lib/libcurl.4.dylib
0x0000000001136000 	/System/Library/PrivateFrameworks/MediaKit.framework/Versions/A/MediaKit
0x0000000001136000 	/System/Library/PrivateFrameworks/ProtectedCloudStorage.framework/Versions/A/ProtectedCloudStorage
0x0000000001136000 	/System/Library/PrivateFrameworks/EFILogin.framework/Versions/A/EFILogin
0x0000000001136000 	/usr/lib/libutil.dylib
0x0000000001136000 	/System/Library/Frameworks/LDAP.framework/Versions/A/LDAP
0x0000000001136000 	/usr/lib/libsasl2.2.dylib
0x0000000001136000 	/System/Library/PrivateFrameworks/CoreDaemon.framework/Versions/B/CoreDaemon
0x0000000001136000 	/System/Library/PrivateFrameworks/AppleSRP.framework/Versions/A/AppleSRP
0x0000000001136000 	/System/Library/PrivateFrameworks/APFS.framework/Versions/A/APFS
0x000000012a89e000 	/Library/Java/JavaVirtualMachines/jdk1.8.0_111.jdk/Contents/Home/jre/lib/libfontmanager.dylib
0x000000012bc9d000 	/Library/Java/JavaVirtualMachines/jdk1.8.0_111.jdk/Contents/Home/jre/lib/libosxui.dylib
0x0000000001136000 	/System/Library/PrivateFrameworks/ViewBridge.framework/Versions/A/ViewBridge
0x0000000001136000 	/System/Library/PrivateFrameworks/XPCService.framework/Versions/A/XPCService
0x0000000001136000 	/System/Library/PrivateFrameworks/AppSandbox.framework/Versions/A/AppSandbox
0x0000000001136000 	/usr/lib/libsandbox.1.dylib
0x0000000001136000 	/usr/lib/libMatch.1.dylib
0x000000012c9e1000 	/Library/Java/JavaVirtualMachines/jdk1.8.0_111.jdk/Contents/Home/jre/lib/libnet.dylib
0x000000012ca40000 	/Library/Java/JavaVirtualMachines/jdk1.8.0_111.jdk/Contents/Home/jre/lib/libnio.dylib
0x000000012b98b000 	/private/var/folders/qk/z1qqpcwd0wx0z14thz2z48xw0000gr/T/jogamp_0000/file_cache/jln8923500538281490435/jln4079226081449971219/libgluegen-rt.jnilib
0x000000012b98f000 	/private/var/folders/qk/z1qqpcwd0wx0z14thz2z48xw0000gr/T/jogamp_0000/file_cache/jln8923500538281490435/jln4079226081449971219/libnativewindow_awt.jnilib
0x000000016acde000 	/Library/Java/JavaVirtualMachines/jdk1.8.0_111.jdk/Contents/Home/jre/lib/libjawt.dylib
0x000000016ad61000 	/private/var/folders/qk/z1qqpcwd0wx0z14thz2z48xw0000gr/T/jogamp_0000/file_cache/jln8923500538281490435/jln4079226081449971219/libnativewindow_macosx.jnilib
0x000000016d3bc000 	/private/var/folders/qk/z1qqpcwd0wx0z14thz2z48xw0000gr/T/jogamp_0000/file_cache/jln8923500538281490435/jln4079226081449971219/libjogl_desktop.jnilib
0x0000000176e6d000 	/Library/Java/JavaVirtualMachines/jdk1.8.0_111.jdk/Contents/Home/jre/lib/libjpeg.dylib

VM Arguments:
jvm_args: -Djava.security.policy=java.policy.applet -Dfile.encoding=UTF-8 
java_command: sun.applet.AppletViewer ai.files.DisplayPath1520434455977.html
java_class_path (initial): /Users/Justin/AQP-AI/AI/build:/Users/Justin/AQP-AI/AI/lib/core.jar:/Users/Justin/AQP-AI/AI/lib/gluegen-rt.jar:/Users/Justin/AQP-AI/AI/lib/jogl-all.jar:/Users/Justin/AQP-AI/AI/lib/log4j-1.2.15.jar:/Users/Justin/AQP-AI/AI/lib/sqlite-jdbc-3.7.2.jar:/Users/Justin/AQP-AI/AI/lib/json4processing.jar:/Users/Justin/AQP-AI/AI/lib/libTUIO.jar:/Users/Justin/AQP-AI/AI/lib/unfolding.0.9.6.jar:/Users/Justin/AQP-AI/AI/lib/DelaunayTriangulator-1.0.3.jar:/Users/Justin/AQP-AI/AI/lib/guava-12.0.jar:/Users/Justin/.p2/pool/plugins/org.junit_4.12.0.v201504281640/junit.jar:/Users/Justin/.p2/pool/plugins/org.hamcrest.core_1.3.0.v201303031735.jar
Launcher Type: SUN_STANDARD

Environment Variables:
PATH=/usr/bin:/bin:/usr/sbin:/sbin
SHELL=/bin/bash
DISPLAY=/private/tmp/com.apple.launchd.G7Ci6zuywv/org.macosforge.xquartz:0

Signal Handlers:
SIGSEGV: [libjvm.dylib+0x5b03ed], sa_mask[0]=11111111011111110111111111111111, sa_flags=SA_ONSTACK|SA_RESTART|SA_SIGINFO
SIGBUS: [libjvm.dylib+0x5b03ed], sa_mask[0]=11111111011111110111111111111111, sa_flags=SA_RESTART|SA_SIGINFO
SIGFPE: [libjvm.dylib+0x48711c], sa_mask[0]=11111111011111110111111111111111, sa_flags=SA_RESTART|SA_SIGINFO
SIGPIPE: [libjvm.dylib+0x48711c], sa_mask[0]=11111111011111110111111111111111, sa_flags=SA_RESTART|SA_SIGINFO
SIGXFSZ: [libjvm.dylib+0x48711c], sa_mask[0]=11111111011111110111111111111111, sa_flags=SA_RESTART|SA_SIGINFO
SIGILL: [libjvm.dylib+0x48711c], sa_mask[0]=11111111011111110111111111111111, sa_flags=SA_RESTART|SA_SIGINFO
SIGUSR1: SIG_DFL, sa_mask[0]=00000000000000000000000000000000, sa_flags=none
SIGUSR2: [libjvm.dylib+0x486c3a], sa_mask[0]=00100000000000000000000000000000, sa_flags=SA_RESTART|SA_SIGINFO
SIGHUP: [libjvm.dylib+0x485211], sa_mask[0]=11111111011111110111111111111111, sa_flags=SA_RESTART|SA_SIGINFO
SIGINT: [libjvm.dylib+0x485211], sa_mask[0]=11111111011111110111111111111111, sa_flags=SA_RESTART|SA_SIGINFO
SIGTERM: [libjvm.dylib+0x485211], sa_mask[0]=11111111011111110111111111111111, sa_flags=SA_RESTART|SA_SIGINFO
SIGQUIT: [libjvm.dylib+0x485211], sa_mask[0]=11111111011111110111111111111111, sa_flags=SA_RESTART|SA_SIGINFO


---------------  S Y S T E M  ---------------

OS:Bsduname:Darwin 16.0.0 Darwin Kernel Version 16.0.0: Mon Aug 29 17:56:20 PDT 2016; root:xnu-3789.1.32~3/RELEASE_X86_64 x86_64
rlimit: STACK 8192k, CORE 0k, NPROC 709, NOFILE 10240, AS infinity
load average:2.03 2.43 2.54

CPU:total 4 (2 cores per cpu, 2 threads per core) family 6 model 69 stepping 1, cmov, cx8, fxsr, mmx, sse, sse2, sse3, ssse3, sse4.1, sse4.2, popcnt, avx, avx2, aes, clmul, erms, lzcnt, ht, tsc, tscinvbit, bmi1, bmi2

Memory: 4k page, physical 8388608k(420036k free)

/proc/meminfo:


vm_info: Java HotSpot(TM) 64-Bit Server VM (25.111-b14) for bsd-amd64 JRE (1.8.0_111-b14), built on Sep 22 2016 15:31:41 by "java_re" with gcc 4.2.1 (Based on Apple Inc. build 5658) (LLVM build 2336.11.00)

time: Wed Mar  7 09:55:35 2018
elapsed time: 79 seconds (0d 0h 1m 19s)

