#
# A fatal error has been detected by the Java Runtime Environment:
#
#  SIGSEGV (0xb) at pc=0x00007fffb1cffb5d, pid=59036, tid=0x000000000000080b
#
# JRE version: Java(TM) SE Runtime Environment (8.0_111-b14) (build 1.8.0_111-b14)
# Java VM: Java HotSpot(TM) 64-Bit Server VM (25.111-b14 mixed mode bsd-amd64 compressed oops)
# Problematic frame:
# C  [libobjc.A.dylib+0x6b5d]  objc_msgSend+0x1d
#
# Failed to write core dump. Core dumps have been disabled. To enable core dumping, try "ulimit -c unlimited" before starting Java again
#
# If you would like to submit a bug report, please visit:
#   http://bugreport.java.com/bugreport/crash.jsp
# The crash happened outside the Java Virtual Machine in native code.
# See problematic frame for where to report the bug.
#

---------------  T H R E A D  ---------------

Current thread (0x00007fab260ca800):  JavaThread "AWT-AppKit" daemon [_thread_in_native, id=2059, stack(0x00007fff51717000,0x00007fff51f17000)]

siginfo: si_signo: 11 (SIGSEGV), si_code: 1 (SEGV_MAPERR), si_addr: 0x000007fab2a16dc8

Registers:
RAX=0x00007fab2a4ad140, RBX=0x000000016adf93b0, RCX=0x00007fab27e01040, RDX=0x0000000000000000
RSP=0x00007fff51f12508, RBP=0x00007fff51f125c0, RSI=0x00007fff9bd8e1c3, RDI=0x00007fab2a140ab0
R8 =0x0000000000000018, R9 =0x00007fab27e01df0, R10=0x000007fab2a16db0, R11=0x00007fff9bd8e1c3
R12=0x0000000000000000, R13=0x000000016d433578, R14=0x000000016adf93a0, R15=0x00007fab260ca800
RIP=0x00007fffb1cffb5d, EFLAGS=0x0000000000010202, ERR=0x0000000000000004
  TRAPNO=0x000000000000000e

Top of Stack: (sp=0x00007fff51f12508)
0x00007fff51f12508:   000000016adf75d7 00007fff51f12560
0x00007fff51f12518:   0000000000000003 00007fff51f12540
0x00007fff51f12528:   000000010e7f27be 000000016d433578
0x00007fff51f12538:   000000016d433578 00007fab2a4ad140
0x00007fff51f12548:   000000016adf95c0 000000016adf9640
0x00007fff51f12558:   000000016adf93b0 00007fffb7cc56d0
0x00007fff51f12568:   000000016adf95d0 00007fffb8929f90
0x00007fff51f12578:   00007fab2a4ad140 00007fab2a140ab0
0x00007fff51f12588:   00007fab25584f30 00007fab2a4ad140
0x00007fff51f12598:   00007fab2a140ab0 00007fff51f12648
0x00007fff51f125a8:   00007fab260ca9f8 000000016d433578
0x00007fff51f125b8:   00007fff51f12670 00007fff51f12638
0x00007fff51f125c8:   000000010fde29f4 000000016d433578
0x00007fff51f125d8:   00007fff51f12670 00007fff51f12638
0x00007fff51f125e8:   000000010fde2787 000000010fde2742
0x00007fff51f125f8:   00007fff51f125f8 000000016d433578
0x00007fff51f12608:   00007fff51f12670 000000016d435d68
0x00007fff51f12618:   0000000000000000 000000016d433578
0x00007fff51f12628:   0000000000000000 00007fff51f12658
0x00007fff51f12638:   00007fff51f126b8 000000010fdd32bd
0x00007fff51f12648:   0000000741ad0a90 000000010fddc538
0x00007fff51f12658:   00007fab2a4ad140 00007fff51f126b8
0x00007fff51f12668:   00007fab2a140ab0 000000010fddde02
0x00007fff51f12678:   00007fff51f12678 000000016d433742
0x00007fff51f12688:   00007fff51f126e0 000000016d435d68
0x00007fff51f12698:   0000000000000000 000000016d433750
0x00007fff51f126a8:   00007fff51f12658 00007fff51f126c8
0x00007fff51f126b8:   00007fff51f12728 000000010fdd32bd
0x00007fff51f126c8:   00007fab2a4ad140 0000000741ad5db8
0x00007fff51f126d8:   00007fab2a140ab0 0000000741ad5db8
0x00007fff51f126e8:   00007fff51f126e8 000000017ab012f6
0x00007fff51f126f8:   00007fff51f12738 000000017ab013b0 

Instructions: (pc=0x00007fffb1cffb5d)
0x00007fffb1cffb3d:   0f 1f 00 48 85 ff 2e 74 62 40 f6 c7 01 2e 75 66
0x00007fffb1cffb4d:   49 ba f8 ff ff ff ff 7f 00 00 4c 23 17 49 89 f3
0x00007fffb1cffb5d:   45 23 5a 18 49 c1 e3 04 4d 03 5a 10 49 3b 33 75
0x00007fffb1cffb6d:   04 41 ff 63 08 49 83 3b 01 76 0d 49 83 c3 10 49 

Register to memory mapping:

RAX=0x00007fab2a4ad140 is an unknown value
RBX=0x000000016adf93b0: Java_jogamp_nativewindow_macosx_OSXUtil_GetScreenRefreshRate0+0x1850 in /private/var/folders/qk/z1qqpcwd0wx0z14thz2z48xw0000gr/T/jogamp_0000/file_cache/jln3956517981695519607/jln1676650674499952217/libnativewindow_macosx.jnilib at 0x000000016adf2000
RCX=0x00007fab27e01040 is an unknown value
RDX=0x0000000000000000 is an unknown value
RSP=0x00007fff51f12508 is pointing into the stack for thread: 0x00007fab260ca800
RBP=0x00007fff51f125c0 is pointing into the stack for thread: 0x00007fab260ca800
RSI=0x00007fff9bd8e1c3: __NSStyleNameIndexTable+0x814d6 in /System/Library/Frameworks/AppKit.framework/Versions/C/AppKit at 0x00007fff9b1fc000
RDI=0x00007fab2a140ab0 is an unknown value
R8 =0x0000000000000018 is an unknown value
R9 =0x00007fab27e01df0 is an unknown value
R10=0x000007fab2a16db0 is an unknown value
R11=0x00007fff9bd8e1c3: __NSStyleNameIndexTable+0x814d6 in /System/Library/Frameworks/AppKit.framework/Versions/C/AppKit at 0x00007fff9b1fc000
R12=0x0000000000000000 is an unknown value
R13={method} {0x000000016d433578} 'UnsetJAWTRootSurfaceLayer0' '(JJ)V' in 'jogamp/nativewindow/jawt/macosx/MacOSXJAWTWindow'
R14=0x000000016adf93a0: Java_jogamp_nativewindow_macosx_OSXUtil_GetScreenRefreshRate0+0x1840 in /private/var/folders/qk/z1qqpcwd0wx0z14thz2z48xw0000gr/T/jogamp_0000/file_cache/jln3956517981695519607/jln1676650674499952217/libnativewindow_macosx.jnilib at 0x000000016adf2000
R15=0x00007fab260ca800 is a thread


Stack: [0x00007fff51717000,0x00007fff51f17000],  sp=0x00007fff51f12508,  free space=8173k
Native frames: (J=compiled Java code, j=interpreted, Vv=VM code, C=native code)
C  [libobjc.A.dylib+0x6b5d]  objc_msgSend+0x1d
j  jogamp.nativewindow.jawt.macosx.MacOSXJAWTWindow.UnsetJAWTRootSurfaceLayer0(JJ)V+0
j  jogamp.nativewindow.jawt.macosx.MacOSXJAWTWindow.access$200(JJ)V+2
j  jogamp.nativewindow.jawt.macosx.MacOSXJAWTWindow$1.run()V+38
j  com.jogamp.common.util.RunnableTask.run()V+24
v  ~StubRoutines::call_stub
V  [libjvm.dylib+0x2ecf8a]
V  [libjvm.dylib+0x324119]
V  [libjvm.dylib+0x3168e7]
C  [libnativewindow_macosx.jnilib+0x57ae]  Java_jogamp_nativewindow_jawt_macosx_MacOSXJAWTWindow_UnsetJAWTRootSurfaceLayer0+0x2be
C  [Foundation+0x71f2a]  __NSThreadPerformPerform+0x146
C  [CoreFoundation+0xa7551]  __CFRUNLOOP_IS_CALLING_OUT_TO_A_SOURCE0_PERFORM_FUNCTION__+0x11
C  [CoreFoundation+0x886bd]  __CFRunLoopDoSources0+0x22d
C  [CoreFoundation+0x87bb6]  __CFRunLoopRun+0x3a6
C  [CoreFoundation+0x875b4]  CFRunLoopRunSpecific+0x1a4
C  [HIToolbox+0x30f6c]  RunCurrentEventLoopInMode+0xf0
C  [HIToolbox+0x30da1]  ReceiveNextEventCommon+0x1b0
C  [HIToolbox+0x30bd6]  _BlockUntilNextEventMatchingListInModeWithFilter+0x47
C  [AppKit+0x475f5]  _DPSNextEvent+0x445
C  [AppKit+0x7578eb]  -[NSApplication(NSEvent) _nextEventMatchingEventMask:untilDate:inMode:dequeue:]+0x665
C  [libosxapp.dylib+0x23aa]  -[NSApplicationAWT nextEventMatchingMask:untilDate:inMode:dequeue:]+0x7c
C  [AppKit+0x3bfbd]  -[NSApplication run]+0x39e
C  [libosxapp.dylib+0x214d]  +[NSApplicationAWT runAWTLoopWithApp:]+0x9c
C  [libawt_lwawt.dylib+0x444b3]  -[AWTStarter starter:]+0x389
C  [Foundation+0x71f2a]  __NSThreadPerformPerform+0x146
C  [CoreFoundation+0xa7551]  __CFRUNLOOP_IS_CALLING_OUT_TO_A_SOURCE0_PERFORM_FUNCTION__+0x11
C  [CoreFoundation+0x886bd]  __CFRunLoopDoSources0+0x22d
C  [CoreFoundation+0x87bb6]  __CFRunLoopRun+0x3a6
C  [CoreFoundation+0x875b4]  CFRunLoopRunSpecific+0x1a4
C  [java+0x6465]  CreateExecutionEnvironment+0x367
C  [java+0x218c]  JLI_Launch+0x7a0
C  [java+0x84c2]  main+0x65
C  [java+0x19e4]  start+0x34
C  0x0000000000000007

Java frames: (J=compiled Java code, j=interpreted, Vv=VM code)
j  jogamp.nativewindow.jawt.macosx.MacOSXJAWTWindow.UnsetJAWTRootSurfaceLayer0(JJ)V+0
j  jogamp.nativewindow.jawt.macosx.MacOSXJAWTWindow.access$200(JJ)V+2
j  jogamp.nativewindow.jawt.macosx.MacOSXJAWTWindow$1.run()V+38
j  com.jogamp.common.util.RunnableTask.run()V+24
v  ~StubRoutines::call_stub

---------------  P R O C E S S  ---------------

Java Threads: ( => current thread )
  0x00007fab2c801000 JavaThread "Thread-129" [_thread_blocked, id=76115, stack(0x000070000d1cf000,0x000070000d2cf000)]
  0x00007fab273fb800 JavaThread "AWT-EventQueue-1" [_thread_in_native, id=66899, stack(0x000070000d0cc000,0x000070000d1cc000)]
  0x00007fab273d2800 JavaThread "DestroyJavaVM" [_thread_blocked, id=7171, stack(0x000070000bb07000,0x000070000bc07000)]
  0x00007fab2612c000 JavaThread "AWT-EventQueue-0" [_thread_blocked, id=59651, stack(0x000070000cec6000,0x000070000cfc6000)]
  0x00007fab269e2800 JavaThread "Java2D Disposer" daemon [_thread_blocked, id=56335, stack(0x000070000cc3d000,0x000070000cd3d000)]
  0x00007fab2613e800 JavaThread "Java2D Queue Flusher" daemon [_thread_in_native, id=54279, stack(0x000070000cb3a000,0x000070000cc3a000)]
  0x00007fab260f1000 JavaThread "AWT-Shutdown" [_thread_blocked, id=30495, stack(0x000070000c9b4000,0x000070000cab4000)]
=>0x00007fab260ca800 JavaThread "AWT-AppKit" daemon [_thread_in_native, id=2059, stack(0x00007fff51717000,0x00007fff51f17000)]
  0x00007fab2602d000 JavaThread "Service Thread" daemon [_thread_blocked, id=18691, stack(0x000070000c72b000,0x000070000c82b000)]
  0x00007fab25803800 JavaThread "C1 CompilerThread2" daemon [_thread_blocked, id=18179, stack(0x000070000c628000,0x000070000c728000)]
  0x00007fab26012000 JavaThread "C2 CompilerThread1" daemon [_thread_blocked, id=17667, stack(0x000070000c525000,0x000070000c625000)]
  0x00007fab27030000 JavaThread "C2 CompilerThread0" daemon [_thread_blocked, id=17155, stack(0x000070000c422000,0x000070000c522000)]
  0x00007fab26000800 JavaThread "Signal Dispatcher" daemon [_thread_blocked, id=16643, stack(0x000070000c31f000,0x000070000c41f000)]
  0x00007fab2684e800 JavaThread "Finalizer" daemon [_thread_blocked, id=12547, stack(0x000070000c21c000,0x000070000c31c000)]
  0x00007fab25802800 JavaThread "Reference Handler" daemon [_thread_blocked, id=12035, stack(0x000070000c119000,0x000070000c219000)]

Other Threads:
  0x00007fab2684c000 VMThread [stack: 0x000070000c016000,0x000070000c116000] [id=11523]
  0x00007fab26834800 WatcherThread [stack: 0x000070000c82e000,0x000070000c92e000] [id=19203]

VM state:not at safepoint (normal execution)

VM Mutex/Monitor currently owned by a thread: None

Heap:
 PSYoungGen      total 24576K, used 12752K [0x0000000795580000, 0x00000007a5080000, 0x00000007c0000000)
  eden space 24064K, 52% used [0x0000000795580000,0x00000007961e4260,0x0000000796d00000)
  from space 512K, 12% used [0x00000007a5000000,0x00000007a5010000,0x00000007a5080000)
  to   space 512K, 0% used [0x00000007a4f80000,0x00000007a4f80000,0x00000007a5000000)
 ParOldGen       total 87552K, used 52610K [0x0000000740000000, 0x0000000745580000, 0x0000000795580000)
  object space 87552K, 60% used [0x0000000740000000,0x0000000743360a50,0x0000000745580000)
 Metaspace       used 20273K, capacity 20497K, committed 20736K, reserved 1069056K
  class space    used 1978K, capacity 2047K, committed 2048K, reserved 1048576K

Card table byte_map: [0x000000011edcb000,0x000000011f1cc000] byte_map_base: 0x000000011b3cb000

Marking Bits: (ParMarkBitMap*) 0x000000010eeefd20
 Begin Bits: [0x000000011f1cc000, 0x00000001211cc000)
 End Bits:   [0x00000001211cc000, 0x00000001231cc000)

Polling page: 0x000000010dda9000

CodeCache: size=245760Kb used=8909Kb max_used=9145Kb free=236850Kb
 bounds [0x000000010fdcb000, 0x000000011072b000, 0x000000011edcb000]
 total_blobs=3441 nmethods=2556 adapters=798
 compilation: enabled

Compilation events (10 events):
Event: 1446.221 Thread 0x00007fab25803800 3252       3       java.util.concurrent.locks.AbstractQueuedSynchronizer::addWaiter (50 bytes)
Event: 1446.222 Thread 0x00007fab25803800 nmethod 3252 0x00000001104ff550 code [0x00000001104ff6e0, 0x00000001104ffb48]
Event: 2242.799 Thread 0x00007fab25803800 3253       1       java.awt.AWTEvent::isConsumed (5 bytes)
Event: 2242.801 Thread 0x00007fab25803800 nmethod 3253 0x0000000110441090 code [0x00000001104411e0, 0x00000001104412f0]
Event: 2243.567 Thread 0x00007fab27030000 3254       4       java.awt.event.InvocationEvent::<init> (14 bytes)
Event: 2243.571 Thread 0x00007fab26012000 3255       4       sun.java2d.SurfaceData::pixelFor (13 bytes)
Event: 2243.574 Thread 0x00007fab26012000 nmethod 3255 0x00000001105496d0 code [0x0000000110549820, 0x00000001105498f8]
Event: 2243.576 Thread 0x00007fab27030000 nmethod 3254 0x00000001104dc010 code [0x00000001104dc180, 0x00000001104dc398]
Event: 2243.664 Thread 0x00007fab27030000 3256       4       java.beans.WeakIdentityMap$Entry::isMatched (22 bytes)
Event: 2243.665 Thread 0x00007fab27030000 nmethod 3256 0x0000000110081f50 code [0x00000001100820a0, 0x0000000110082158]

GC Heap History (10 events):
Event: 2241.127 GC heap before
{Heap before GC invocations=4682 (full 0):
 PSYoungGen      total 24576K, used 24128K [0x0000000795580000, 0x00000007a5080000, 0x00000007c0000000)
  eden space 24064K, 100% used [0x0000000795580000,0x0000000796d00000,0x0000000796d00000)
  from space 512K, 12% used [0x00000007a4f80000,0x00000007a4f90000,0x00000007a5000000)
  to   space 512K, 0% used [0x00000007a5000000,0x00000007a5000000,0x00000007a5080000)
 ParOldGen       total 87552K, used 52594K [0x0000000740000000, 0x0000000745580000, 0x0000000795580000)
  object space 87552K, 60% used [0x0000000740000000,0x000000074335ca50,0x0000000745580000)
 Metaspace       used 20238K, capacity 20433K, committed 20736K, reserved 1069056K
  class space    used 1970K, capacity 2047K, committed 2048K, reserved 1048576K
Event: 2241.129 GC heap after
Heap after GC invocations=4682 (full 0):
 PSYoungGen      total 24576K, used 64K [0x0000000795580000, 0x00000007a5080000, 0x00000007c0000000)
  eden space 24064K, 0% used [0x0000000795580000,0x0000000795580000,0x0000000796d00000)
  from space 512K, 12% used [0x00000007a5000000,0x00000007a5010000,0x00000007a5080000)
  to   space 512K, 0% used [0x00000007a4f80000,0x00000007a4f80000,0x00000007a5000000)
 ParOldGen       total 87552K, used 52594K [0x0000000740000000, 0x0000000745580000, 0x0000000795580000)
  object space 87552K, 60% used [0x0000000740000000,0x000000074335ca50,0x0000000745580000)
 Metaspace       used 20238K, capacity 20433K, committed 20736K, reserved 1069056K
  class space    used 1970K, capacity 2047K, committed 2048K, reserved 1048576K
}
Event: 2241.660 GC heap before
{Heap before GC invocations=4683 (full 0):
 PSYoungGen      total 24576K, used 24128K [0x0000000795580000, 0x00000007a5080000, 0x00000007c0000000)
  eden space 24064K, 100% used [0x0000000795580000,0x0000000796d00000,0x0000000796d00000)
  from space 512K, 12% used [0x00000007a5000000,0x00000007a5010000,0x00000007a5080000)
  to   space 512K, 0% used [0x00000007a4f80000,0x00000007a4f80000,0x00000007a5000000)
 ParOldGen       total 87552K, used 52594K [0x0000000740000000, 0x0000000745580000, 0x0000000795580000)
  object space 87552K, 60% used [0x0000000740000000,0x000000074335ca50,0x0000000745580000)
 Metaspace       used 20238K, capacity 20433K, committed 20736K, reserved 1069056K
  class space    used 1970K, capacity 2047K, committed 2048K, reserved 1048576K
Event: 2241.663 GC heap after
Heap after GC invocations=4683 (full 0):
 PSYoungGen      total 24576K, used 64K [0x0000000795580000, 0x00000007a5080000, 0x00000007c0000000)
  eden space 24064K, 0% used [0x0000000795580000,0x0000000795580000,0x0000000796d00000)
  from space 512K, 12% used [0x00000007a4f80000,0x00000007a4f90000,0x00000007a5000000)
  to   space 512K, 0% used [0x00000007a5000000,0x00000007a5000000,0x00000007a5080000)
 ParOldGen       total 87552K, used 52594K [0x0000000740000000, 0x0000000745580000, 0x0000000795580000)
  object space 87552K, 60% used [0x0000000740000000,0x000000074335ca50,0x0000000745580000)
 Metaspace       used 20238K, capacity 20433K, committed 20736K, reserved 1069056K
  class space    used 1970K, capacity 2047K, committed 2048K, reserved 1048576K
}
Event: 2242.244 GC heap before
{Heap before GC invocations=4684 (full 0):
 PSYoungGen      total 24576K, used 24128K [0x0000000795580000, 0x00000007a5080000, 0x00000007c0000000)
  eden space 24064K, 100% used [0x0000000795580000,0x0000000796d00000,0x0000000796d00000)
  from space 512K, 12% used [0x00000007a4f80000,0x00000007a4f90000,0x00000007a5000000)
  to   space 512K, 0% used [0x00000007a5000000,0x00000007a5000000,0x00000007a5080000)
 ParOldGen       total 87552K, used 52594K [0x0000000740000000, 0x0000000745580000, 0x0000000795580000)
  object space 87552K, 60% used [0x0000000740000000,0x000000074335ca50,0x0000000745580000)
 Metaspace       used 20238K, capacity 20433K, committed 20736K, reserved 1069056K
  class space    used 1970K, capacity 2047K, committed 2048K, reserved 1048576K
Event: 2242.246 GC heap after
Heap after GC invocations=4684 (full 0):
 PSYoungGen      total 24576K, used 64K [0x0000000795580000, 0x00000007a5080000, 0x00000007c0000000)
  eden space 24064K, 0% used [0x0000000795580000,0x0000000795580000,0x0000000796d00000)
  from space 512K, 12% used [0x00000007a5000000,0x00000007a5010000,0x00000007a5080000)
  to   space 512K, 0% used [0x00000007a4f80000,0x00000007a4f80000,0x00000007a5000000)
 ParOldGen       total 87552K, used 52594K [0x0000000740000000, 0x0000000745580000, 0x0000000795580000)
  object space 87552K, 60% used [0x0000000740000000,0x000000074335ca50,0x0000000745580000)
 Metaspace       used 20238K, capacity 20433K, committed 20736K, reserved 1069056K
  class space    used 1970K, capacity 2047K, committed 2048K, reserved 1048576K
}
Event: 2242.848 GC heap before
{Heap before GC invocations=4685 (full 0):
 PSYoungGen      total 24576K, used 24128K [0x0000000795580000, 0x00000007a5080000, 0x00000007c0000000)
  eden space 24064K, 100% used [0x0000000795580000,0x0000000796d00000,0x0000000796d00000)
  from space 512K, 12% used [0x00000007a5000000,0x00000007a5010000,0x00000007a5080000)
  to   space 512K, 0% used [0x00000007a4f80000,0x00000007a4f80000,0x00000007a5000000)
 ParOldGen       total 87552K, used 52594K [0x0000000740000000, 0x0000000745580000, 0x0000000795580000)
  object space 87552K, 60% used [0x0000000740000000,0x000000074335ca50,0x0000000745580000)
 Metaspace       used 20238K, capacity 20433K, committed 20736K, reserved 1069056K
  class space    used 1970K, capacity 2047K, committed 2048K, reserved 1048576K
Event: 2242.850 GC heap after
Heap after GC invocations=4685 (full 0):
 PSYoungGen      total 24576K, used 64K [0x0000000795580000, 0x00000007a5080000, 0x00000007c0000000)
  eden space 24064K, 0% used [0x0000000795580000,0x0000000795580000,0x0000000796d00000)
  from space 512K, 12% used [0x00000007a4f80000,0x00000007a4f90000,0x00000007a5000000)
  to   space 512K, 0% used [0x00000007a5000000,0x00000007a5000000,0x00000007a5080000)
 ParOldGen       total 87552K, used 52594K [0x0000000740000000, 0x0000000745580000, 0x0000000795580000)
  object space 87552K, 60% used [0x0000000740000000,0x000000074335ca50,0x0000000745580000)
 Metaspace       used 20238K, capacity 20433K, committed 20736K, reserved 1069056K
  class space    used 1970K, capacity 2047K, committed 2048K, reserved 1048576K
}
Event: 2243.343 GC heap before
{Heap before GC invocations=4686 (full 0):
 PSYoungGen      total 24576K, used 24128K [0x0000000795580000, 0x00000007a5080000, 0x00000007c0000000)
  eden space 24064K, 100% used [0x0000000795580000,0x0000000796d00000,0x0000000796d00000)
  from space 512K, 12% used [0x00000007a4f80000,0x00000007a4f90000,0x00000007a5000000)
  to   space 512K, 0% used [0x00000007a5000000,0x00000007a5000000,0x00000007a5080000)
 ParOldGen       total 87552K, used 52594K [0x0000000740000000, 0x0000000745580000, 0x0000000795580000)
  object space 87552K, 60% used [0x0000000740000000,0x000000074335ca50,0x0000000745580000)
 Metaspace       used 20238K, capacity 20433K, committed 20736K, reserved 1069056K
  class space    used 1970K, capacity 2047K, committed 2048K, reserved 1048576K
Event: 2243.345 GC heap after
Heap after GC invocations=4686 (full 0):
 PSYoungGen      total 24576K, used 64K [0x0000000795580000, 0x00000007a5080000, 0x00000007c0000000)
  eden space 24064K, 0% used [0x0000000795580000,0x0000000795580000,0x0000000796d00000)
  from space 512K, 12% used [0x00000007a5000000,0x00000007a5010000,0x00000007a5080000)
  to   space 512K, 0% used [0x00000007a4f80000,0x00000007a4f80000,0x00000007a5000000)
 ParOldGen       total 87552K, used 52610K [0x0000000740000000, 0x0000000745580000, 0x0000000795580000)
  object space 87552K, 60% used [0x0000000740000000,0x0000000743360a50,0x0000000745580000)
 Metaspace       used 20238K, capacity 20433K, committed 20736K, reserved 1069056K
  class space    used 1970K, capacity 2047K, committed 2048K, reserved 1048576K
}

Deoptimization events (10 events):
Event: 2243.660 Thread 0x00007fab2593b800 Uncommon trap: reason=class_check action=maybe_recompile pc=0x000000011026dcb4 method=java.util.HashMap.putVal(ILjava/lang/Object;Ljava/lang/Object;ZZ)Ljava/lang/Object; @ 91
Event: 2243.660 Thread 0x00007fab2593b800 Uncommon trap: reason=class_check action=maybe_recompile pc=0x000000011026dcb4 method=java.util.HashMap.putVal(ILjava/lang/Object;Ljava/lang/Object;ZZ)Ljava/lang/Object; @ 91
Event: 2243.661 Thread 0x00007fab2593b800 Uncommon trap: reason=class_check action=maybe_recompile pc=0x000000011007c3ac method=java.util.HashMap.putVal(ILjava/lang/Object;Ljava/lang/Object;ZZ)Ljava/lang/Object; @ 91
Event: 2243.662 Thread 0x00007fab2612c000 Uncommon trap: reason=class_check action=maybe_recompile pc=0x0000000110415270 method=java.awt.event.InvocationEvent.dispatch()V @ 47
Event: 2243.662 Thread 0x00007fab2612c000 Uncommon trap: reason=class_check action=maybe_recompile pc=0x00000001104e3b5c method=java.awt.Component.getGraphics()Ljava/awt/Graphics; @ 114
Event: 2243.671 Thread 0x00007fab260ca800 Uncommon trap: reason=class_check action=maybe_recompile pc=0x000000011054f200 method=com.jogamp.common.util.RunnableTask.run()V @ 24
Event: 2243.673 Thread 0x00007fab260ca800 Uncommon trap: reason=unstable_if action=reinterpret pc=0x0000000110469d74 method=jogamp.nativewindow.macosx.OSXUtil.RunOnMainThread(ZLjava/lang/Runnable;)V @ 3
Event: 2243.693 Thread 0x00007fab273fb800 Uncommon trap: reason=unstable_if action=reinterpret pc=0x000000010ffc17d4 method=jogamp.opengl.GLContextImpl.release(Z)V @ 257
Event: 2243.699 Thread 0x00007fab273fb800 Uncommon trap: reason=unstable_if action=reinterpret pc=0x000000011056ed78 method=java.security.AccessControlContext.optimize()Ljava/security/AccessControlContext; @ 233
Event: 2243.706 Thread 0x00007fab260ca800 Uncommon trap: reason=class_check action=maybe_recompile pc=0x000000011054f200 method=com.jogamp.common.util.RunnableTask.run()V @ 24

Internal exceptions (10 events):
Event: 0.294 Thread 0x00007fab26001800 Exception <a 'java/lang/NoSuchFieldError': method resolution failed> (0x00000007957935e0) thrown at [/Users/java_re/workspace/8-2-build-macosx-x86_64/jdk8u111/7883/hotspot/src/share/vm/prims/methodHandles.cpp, line 1146]
Event: 0.814 Thread 0x00007fab26001800 Exception <a 'java/io/FileNotFoundException'> (0x000000079580ec88) thrown at [/Users/java_re/workspace/8-2-build-macosx-x86_64/jdk8u111/7883/hotspot/src/share/vm/prims/jni.cpp, line 709]
Event: 0.814 Thread 0x00007fab26001800 Exception <a 'java/io/FileNotFoundException'> (0x000000079580f7f0) thrown at [/Users/java_re/workspace/8-2-build-macosx-x86_64/jdk8u111/7883/hotspot/src/share/vm/prims/jni.cpp, line 709]
Event: 0.872 Thread 0x00007fab26001800 Exception <a 'java/io/FileNotFoundException'> (0x0000000795916358) thrown at [/Users/java_re/workspace/8-2-build-macosx-x86_64/jdk8u111/7883/hotspot/src/share/vm/prims/jni.cpp, line 709]
Event: 1.021 Thread 0x00007fab26001800 Exception <a 'java/io/FileNotFoundException'> (0x0000000795953210) thrown at [/Users/java_re/workspace/8-2-build-macosx-x86_64/jdk8u111/7883/hotspot/src/share/vm/prims/jni.cpp, line 709]
Event: 5.237 Thread 0x00007fab26a79800 Exception <a 'java/io/FileNotFoundException'> (0x00000007965b0228) thrown at [/Users/java_re/workspace/8-2-build-macosx-x86_64/jdk8u111/7883/hotspot/src/share/vm/prims/jni.cpp, line 709]
Event: 5.238 Thread 0x00007fab26a79800 Exception <a 'java/io/FileNotFoundException'> (0x00000007965b6c10) thrown at [/Users/java_re/workspace/8-2-build-macosx-x86_64/jdk8u111/7883/hotspot/src/share/vm/prims/jni.cpp, line 709]
Event: 5.239 Thread 0x00007fab26a79800 Implicit null exception at 0x000000010ff7f676 to 0x000000010ff7fa45
Event: 5.668 Thread 0x00007fab26a79800 Exception <a 'java/lang/UnsatisfiedLinkError': com.jogamp.common.util.JarUtil.fixNativeLibAttribs(Ljava/lang/String;)Z> (0x0000000797342de0) thrown at [/Users/java_re/workspace/8-2-build-macosx-x86_64/jdk8u111/7883/hotspot/src/share/vm/prims/nativeLookup.
Event: 5.822 Thread 0x00007fab2684e800 Exception <a 'java/lang/NullPointerException'> (0x00000007956bf168) thrown at [/Users/java_re/workspace/8-2-build-macosx-x86_64/jdk8u111/7883/hotspot/src/share/vm/interpreter/linkResolver.cpp, line 1178]

Events (10 events):
Event: 2243.700 loading class java/awt/event/AWTEventListenerProxy done
Event: 2243.700 Executing VM operation: Deoptimize
Event: 2243.706 Executing VM operation: Deoptimize done
Event: 2243.706 Thread 0x00007fab260ca800 Uncommon trap: trap_request=0xffffffde fr.pc=0x000000011054f200
Event: 2243.706 Thread 0x00007fab260ca800 DEOPT PACKING pc=0x000000011054f200 sp=0x00007fff51f12780
Event: 2243.706 Thread 0x00007fab260ca800 DEOPT UNPACKING pc=0x000000010fdd0229 sp=0x00007fff51f12728 mode 2
Event: 2243.706 loading class java/awt/Toolkit$ToolkitEventMulticaster
Event: 2243.706 loading class java/awt/Toolkit$ToolkitEventMulticaster done
Event: 2243.707 Executing VM operation: RevokeBias
Event: 2243.707 Executing VM operation: RevokeBias done


Dynamic libraries:
0x00000000283af000 	/System/Library/Frameworks/Cocoa.framework/Versions/A/Cocoa
0x00000000283af000 	/System/Library/Frameworks/Security.framework/Versions/A/Security
0x00000000283af000 	/System/Library/Frameworks/ApplicationServices.framework/Versions/A/ApplicationServices
0x00000000283af000 	/usr/lib/libz.1.dylib
0x00000000283af000 	/usr/lib/libSystem.B.dylib
0x00000000283af000 	/usr/lib/libobjc.A.dylib
0x00000000283af000 	/System/Library/Frameworks/CoreFoundation.framework/Versions/A/CoreFoundation
0x00000000283af000 	/System/Library/Frameworks/Foundation.framework/Versions/C/Foundation
0x00000000283af000 	/System/Library/Frameworks/AppKit.framework/Versions/C/AppKit
0x00000000283af000 	/System/Library/Frameworks/CoreData.framework/Versions/A/CoreData
0x00000000283af000 	/System/Library/PrivateFrameworks/RemoteViewServices.framework/Versions/A/RemoteViewServices
0x00000000283af000 	/System/Library/PrivateFrameworks/UIFoundation.framework/Versions/A/UIFoundation
0x00000000283af000 	/usr/lib/libenergytrace.dylib
0x00000000283af000 	/System/Library/PrivateFrameworks/SkyLight.framework/Versions/A/SkyLight
0x00000000283af000 	/System/Library/Frameworks/CoreGraphics.framework/Versions/A/CoreGraphics
0x00000000283af000 	/usr/lib/libScreenReader.dylib
0x00000000283af000 	/System/Library/Frameworks/Accelerate.framework/Versions/A/Accelerate
0x00000000283af000 	/System/Library/Frameworks/IOSurface.framework/Versions/A/IOSurface
0x00000000283af000 	/System/Library/Frameworks/AudioToolbox.framework/Versions/A/AudioToolbox
0x00000000283af000 	/System/Library/Frameworks/AudioUnit.framework/Versions/A/AudioUnit
0x00000000283af000 	/System/Library/PrivateFrameworks/DataDetectorsCore.framework/Versions/A/DataDetectorsCore
0x00000000283af000 	/System/Library/PrivateFrameworks/DesktopServicesPriv.framework/Versions/A/DesktopServicesPriv
0x00000000283af000 	/System/Library/Frameworks/Carbon.framework/Versions/A/Frameworks/HIToolbox.framework/Versions/A/HIToolbox
0x00000000283af000 	/usr/lib/libicucore.A.dylib
0x00000000283af000 	/System/Library/Frameworks/QuartzCore.framework/Versions/A/QuartzCore
0x00000000283af000 	/System/Library/Frameworks/Carbon.framework/Versions/A/Frameworks/SpeechRecognition.framework/Versions/A/SpeechRecognition
0x00000000283af000 	/usr/lib/libauto.dylib
0x00000000283af000 	/usr/lib/libxml2.2.dylib
0x00000000283af000 	/System/Library/PrivateFrameworks/CoreUI.framework/Versions/A/CoreUI
0x00000000283af000 	/System/Library/Frameworks/CoreAudio.framework/Versions/A/CoreAudio
0x00000000283af000 	/System/Library/Frameworks/DiskArbitration.framework/Versions/A/DiskArbitration
0x00000000283af000 	/usr/lib/liblangid.dylib
0x00000000283af000 	/System/Library/PrivateFrameworks/MultitouchSupport.framework/Versions/A/MultitouchSupport
0x00000000283af000 	/System/Library/Frameworks/IOKit.framework/Versions/A/IOKit
0x00000000283af000 	/usr/lib/libDiagnosticMessagesClient.dylib
0x00000000283af000 	/System/Library/Frameworks/CoreServices.framework/Versions/A/CoreServices
0x00000000283af000 	/System/Library/PrivateFrameworks/PerformanceAnalysis.framework/Versions/A/PerformanceAnalysis
0x00000000283af000 	/System/Library/PrivateFrameworks/GenerationalStorage.framework/Versions/A/GenerationalStorage
0x00000000283af000 	/System/Library/Frameworks/OpenGL.framework/Versions/A/OpenGL
0x00000000283af000 	/System/Library/Frameworks/CoreImage.framework/Versions/A/CoreImage
0x00000000283af000 	/System/Library/Frameworks/CoreText.framework/Versions/A/CoreText
0x00000000283af000 	/System/Library/Frameworks/ImageIO.framework/Versions/A/ImageIO
0x00000000283af000 	/System/Library/PrivateFrameworks/Backup.framework/Versions/A/Backup
0x00000000283af000 	/usr/lib/libarchive.2.dylib
0x00000000283af000 	/System/Library/Frameworks/CFNetwork.framework/Versions/A/CFNetwork
0x00000000283af000 	/System/Library/Frameworks/SystemConfiguration.framework/Versions/A/SystemConfiguration
0x00000000283af000 	/usr/lib/libCRFSuite.dylib
0x00000000283af000 	/usr/lib/libc++.1.dylib
0x00000000283af000 	/usr/lib/libc++abi.dylib
0x00000000283af000 	/usr/lib/system/libcache.dylib
0x00000000283af000 	/usr/lib/system/libcommonCrypto.dylib
0x00000000283af000 	/usr/lib/system/libcompiler_rt.dylib
0x00000000283af000 	/usr/lib/system/libcopyfile.dylib
0x00000000283af000 	/usr/lib/system/libcorecrypto.dylib
0x00000000283af000 	/usr/lib/system/libdispatch.dylib
0x00000000283af000 	/usr/lib/system/libdyld.dylib
0x00000000283af000 	/usr/lib/system/libkeymgr.dylib
0x00000000283af000 	/usr/lib/system/liblaunch.dylib
0x00000000283af000 	/usr/lib/system/libmacho.dylib
0x00000000283af000 	/usr/lib/system/libquarantine.dylib
0x00000000283af000 	/usr/lib/system/libremovefile.dylib
0x00000000283af000 	/usr/lib/system/libsystem_asl.dylib
0x00000000283af000 	/usr/lib/system/libsystem_blocks.dylib
0x00000000283af000 	/usr/lib/system/libsystem_c.dylib
0x00000000283af000 	/usr/lib/system/libsystem_configuration.dylib
0x00000000283af000 	/usr/lib/system/libsystem_coreservices.dylib
0x00000000283af000 	/usr/lib/system/libsystem_coretls.dylib
0x00000000283af000 	/usr/lib/system/libsystem_dnssd.dylib
0x00000000283af000 	/usr/lib/system/libsystem_info.dylib
0x00000000283af000 	/usr/lib/system/libsystem_kernel.dylib
0x00000000283af000 	/usr/lib/system/libsystem_m.dylib
0x00000000283af000 	/usr/lib/system/libsystem_malloc.dylib
0x00000000283af000 	/usr/lib/system/libsystem_network.dylib
0x00000000283af000 	/usr/lib/system/libsystem_networkextension.dylib
0x00000000283af000 	/usr/lib/system/libsystem_notify.dylib
0x00000000283af000 	/usr/lib/system/libsystem_platform.dylib
0x00000000283af000 	/usr/lib/system/libsystem_pthread.dylib
0x00000000283af000 	/usr/lib/system/libsystem_sandbox.dylib
0x00000000283af000 	/usr/lib/system/libsystem_secinit.dylib
0x00000000283af000 	/usr/lib/system/libsystem_symptoms.dylib
0x00000000283af000 	/usr/lib/system/libsystem_trace.dylib
0x00000000283af000 	/usr/lib/system/libunwind.dylib
0x00000000283af000 	/usr/lib/system/libxpc.dylib
0x00000000283af000 	/usr/lib/libbsm.0.dylib
0x00000000283af000 	/usr/lib/system/libkxld.dylib
0x00000000283af000 	/usr/lib/libcoretls.dylib
0x00000000283af000 	/usr/lib/libcoretls_cfhelpers.dylib
0x00000000283af000 	/usr/lib/libxar.1.dylib
0x00000000283af000 	/usr/lib/libsqlite3.dylib
0x00000000283af000 	/usr/lib/libpam.2.dylib
0x00000000283af000 	/usr/lib/libOpenScriptingUtil.dylib
0x00000000283af000 	/usr/lib/libbz2.1.0.dylib
0x00000000283af000 	/usr/lib/liblzma.5.dylib
0x00000000283af000 	/usr/lib/libnetwork.dylib
0x00000000283af000 	/usr/lib/libpcap.A.dylib
0x00000000283af000 	/System/Library/Frameworks/CoreServices.framework/Versions/A/Frameworks/FSEvents.framework/Versions/A/FSEvents
0x00000000283af000 	/System/Library/Frameworks/CoreServices.framework/Versions/A/Frameworks/CarbonCore.framework/Versions/A/CarbonCore
0x00000000283af000 	/System/Library/Frameworks/CoreServices.framework/Versions/A/Frameworks/Metadata.framework/Versions/A/Metadata
0x00000000283af000 	/System/Library/Frameworks/CoreServices.framework/Versions/A/Frameworks/OSServices.framework/Versions/A/OSServices
0x00000000283af000 	/System/Library/Frameworks/CoreServices.framework/Versions/A/Frameworks/SearchKit.framework/Versions/A/SearchKit
0x00000000283af000 	/System/Library/Frameworks/CoreServices.framework/Versions/A/Frameworks/AE.framework/Versions/A/AE
0x00000000283af000 	/System/Library/Frameworks/CoreServices.framework/Versions/A/Frameworks/LaunchServices.framework/Versions/A/LaunchServices
0x00000000283af000 	/System/Library/Frameworks/CoreServices.framework/Versions/A/Frameworks/DictionaryServices.framework/Versions/A/DictionaryServices
0x00000000283af000 	/System/Library/Frameworks/CoreServices.framework/Versions/A/Frameworks/SharedFileList.framework/Versions/A/SharedFileList
0x00000000283af000 	/System/Library/Frameworks/NetFS.framework/Versions/A/NetFS
0x00000000283af000 	/System/Library/PrivateFrameworks/NetAuth.framework/Versions/A/NetAuth
0x00000000283af000 	/System/Library/PrivateFrameworks/login.framework/Versions/A/Frameworks/loginsupport.framework/Versions/A/loginsupport
0x00000000283af000 	/System/Library/PrivateFrameworks/TCC.framework/Versions/A/TCC
0x00000000283af000 	/usr/lib/libmecabra.dylib
0x00000000283af000 	/System/Library/Frameworks/ApplicationServices.framework/Versions/A/Frameworks/ATS.framework/Versions/A/ATS
0x00000000283af000 	/System/Library/Frameworks/ApplicationServices.framework/Versions/A/Frameworks/ColorSync.framework/Versions/A/ColorSync
0x00000000283af000 	/System/Library/Frameworks/ApplicationServices.framework/Versions/A/Frameworks/HIServices.framework/Versions/A/HIServices
0x00000000283af000 	/System/Library/Frameworks/ApplicationServices.framework/Versions/A/Frameworks/LangAnalysis.framework/Versions/A/LangAnalysis
0x00000000283af000 	/System/Library/Frameworks/ApplicationServices.framework/Versions/A/Frameworks/PrintCore.framework/Versions/A/PrintCore
0x00000000283af000 	/System/Library/Frameworks/ApplicationServices.framework/Versions/A/Frameworks/QD.framework/Versions/A/QD
0x00000000283af000 	/System/Library/Frameworks/ApplicationServices.framework/Versions/A/Frameworks/SpeechSynthesis.framework/Versions/A/SpeechSynthesis
0x00000000283af000 	/System/Library/Frameworks/Accelerate.framework/Versions/A/Frameworks/vImage.framework/Versions/A/vImage
0x00000000283af000 	/System/Library/Frameworks/Accelerate.framework/Versions/A/Frameworks/vecLib.framework/Versions/A/vecLib
0x00000000283af000 	/System/Library/Frameworks/Accelerate.framework/Versions/A/Frameworks/vecLib.framework/Versions/A/libvDSP.dylib
0x00000000283af000 	/System/Library/Frameworks/Accelerate.framework/Versions/A/Frameworks/vecLib.framework/Versions/A/libBNNS.dylib
0x00000000283af000 	/System/Library/Frameworks/Accelerate.framework/Versions/A/Frameworks/vecLib.framework/Versions/A/libQuadrature.dylib
0x00000000283af000 	/System/Library/Frameworks/Accelerate.framework/Versions/A/Frameworks/vecLib.framework/Versions/A/libvMisc.dylib
0x00000000283af000 	/System/Library/Frameworks/Accelerate.framework/Versions/A/Frameworks/vecLib.framework/Versions/A/libLAPACK.dylib
0x00000000283af000 	/System/Library/Frameworks/Accelerate.framework/Versions/A/Frameworks/vecLib.framework/Versions/A/libBLAS.dylib
0x00000000283af000 	/System/Library/Frameworks/Accelerate.framework/Versions/A/Frameworks/vecLib.framework/Versions/A/libLinearAlgebra.dylib
0x00000000283af000 	/System/Library/Frameworks/Accelerate.framework/Versions/A/Frameworks/vecLib.framework/Versions/A/libSparseBLAS.dylib
0x00000000283af000 	/System/Library/Frameworks/ApplicationServices.framework/Versions/A/Frameworks/ATS.framework/Versions/A/Resources/libFontParser.dylib
0x00000000283af000 	/System/Library/Frameworks/ApplicationServices.framework/Versions/A/Frameworks/ATS.framework/Versions/A/Resources/libFontRegistry.dylib
0x00000000283af000 	/System/Library/Frameworks/ImageIO.framework/Versions/A/Resources/libJPEG.dylib
0x00000000283af000 	/System/Library/Frameworks/ImageIO.framework/Versions/A/Resources/libTIFF.dylib
0x00000000283af000 	/System/Library/Frameworks/ImageIO.framework/Versions/A/Resources/libPng.dylib
0x00000000283af000 	/System/Library/Frameworks/ImageIO.framework/Versions/A/Resources/libGIF.dylib
0x00000000283af000 	/System/Library/Frameworks/ImageIO.framework/Versions/A/Resources/libJP2.dylib
0x00000000283af000 	/System/Library/Frameworks/ImageIO.framework/Versions/A/Resources/libRadiance.dylib
0x00000000283af000 	/usr/lib/libcompression.dylib
0x00000000283af000 	/System/Library/PrivateFrameworks/AppleJPEG.framework/Versions/A/AppleJPEG
0x00000000283af000 	/usr/lib/libcups.2.dylib
0x00000000283af000 	/System/Library/Frameworks/Kerberos.framework/Versions/A/Kerberos
0x00000000283af000 	/System/Library/Frameworks/GSS.framework/Versions/A/GSS
0x00000000283af000 	/usr/lib/libresolv.9.dylib
0x00000000283af000 	/usr/lib/libiconv.2.dylib
0x00000000283af000 	/System/Library/PrivateFrameworks/Heimdal.framework/Versions/A/Heimdal
0x00000000283af000 	/usr/lib/libheimdal-asn1.dylib
0x00000000283af000 	/System/Library/Frameworks/OpenDirectory.framework/Versions/A/OpenDirectory
0x00000000283af000 	/System/Library/PrivateFrameworks/CommonAuth.framework/Versions/A/CommonAuth
0x00000000283af000 	/System/Library/Frameworks/OpenDirectory.framework/Versions/A/Frameworks/CFOpenDirectory.framework/Versions/A/CFOpenDirectory
0x00000000283af000 	/System/Library/Frameworks/SecurityFoundation.framework/Versions/A/SecurityFoundation
0x00000000283af000 	/System/Library/PrivateFrameworks/LanguageModeling.framework/Versions/A/LanguageModeling
0x00000000283af000 	/usr/lib/libmarisa.dylib
0x00000000283af000 	/usr/lib/libChineseTokenizer.dylib
0x00000000283af000 	/usr/lib/libcmph.dylib
0x00000000283af000 	/System/Library/PrivateFrameworks/CoreEmoji.framework/Versions/A/CoreEmoji
0x00000000283af000 	/System/Library/Frameworks/ServiceManagement.framework/Versions/A/ServiceManagement
0x00000000283af000 	/usr/lib/libxslt.1.dylib
0x00000000283af000 	/System/Library/Frameworks/Carbon.framework/Versions/A/Frameworks/Ink.framework/Versions/A/Ink
0x00000000283af000 	/System/Library/PrivateFrameworks/TextureIO.framework/Versions/A/TextureIO
0x00000000283af000 	/System/Library/Frameworks/Metal.framework/Versions/A/Metal
0x00000000283af000 	/usr/lib/libate.dylib
0x00000000283af000 	/System/Library/PrivateFrameworks/GPUCompiler.framework/libmetal_timestamp.dylib
0x00000000283af000 	/System/Library/Frameworks/OpenGL.framework/Versions/A/Libraries/libCoreFSCache.dylib
0x00000000283af000 	/System/Library/PrivateFrameworks/IOAccelerator.framework/Versions/A/IOAccelerator
0x00000000283af000 	/System/Library/Frameworks/CoreVideo.framework/Versions/A/CoreVideo
0x00000000283af000 	/usr/lib/libFosl_dynamic.dylib
0x00000000283af000 	/System/Library/PrivateFrameworks/MetalPerformanceShaders.framework/Versions/A/MetalPerformanceShaders
0x00000000283af000 	/System/Library/PrivateFrameworks/FaceCore.framework/Versions/A/FaceCore
0x00000000283af000 	/System/Library/Frameworks/OpenCL.framework/Versions/A/OpenCL
0x00000000283af000 	/System/Library/Frameworks/OpenGL.framework/Versions/A/Libraries/libGLU.dylib
0x00000000283af000 	/System/Library/Frameworks/OpenGL.framework/Versions/A/Libraries/libGFXShared.dylib
0x00000000283af000 	/System/Library/Frameworks/OpenGL.framework/Versions/A/Libraries/libGL.dylib
0x00000000283af000 	/System/Library/Frameworks/OpenGL.framework/Versions/A/Libraries/libGLImage.dylib
0x00000000283af000 	/System/Library/Frameworks/OpenGL.framework/Versions/A/Libraries/libCVMSPluginSupport.dylib
0x00000000283af000 	/System/Library/Frameworks/OpenGL.framework/Versions/A/Libraries/libCoreVMClient.dylib
0x00000000283af000 	/System/Library/PrivateFrameworks/CrashReporterSupport.framework/Versions/A/CrashReporterSupport
0x00000000283af000 	/System/Library/PrivateFrameworks/Sharing.framework/Versions/A/Sharing
0x00000000283af000 	/System/Library/PrivateFrameworks/IconServices.framework/Versions/A/IconServices
0x00000000283af000 	/System/Library/PrivateFrameworks/ProtocolBuffer.framework/Versions/A/ProtocolBuffer
0x00000000283af000 	/System/Library/PrivateFrameworks/Apple80211.framework/Versions/A/Apple80211
0x00000000283af000 	/System/Library/Frameworks/CoreWLAN.framework/Versions/A/CoreWLAN
0x00000000283af000 	/System/Library/PrivateFrameworks/CoreUtils.framework/Versions/A/CoreUtils
0x00000000283af000 	/System/Library/Frameworks/IOBluetooth.framework/Versions/A/IOBluetooth
0x00000000283af000 	/System/Library/PrivateFrameworks/CoreWiFi.framework/Versions/A/CoreWiFi
0x00000000283af000 	/System/Library/Frameworks/CoreBluetooth.framework/Versions/A/CoreBluetooth
0x00000000283af000 	/System/Library/Frameworks/CoreDisplay.framework/Versions/A/CoreDisplay
0x00000000283af000 	/System/Library/PrivateFrameworks/IOPresentment.framework/Versions/A/IOPresentment
0x00000000283af000 	/System/Library/PrivateFrameworks/DebugSymbols.framework/Versions/A/DebugSymbols
0x00000000283af000 	/System/Library/PrivateFrameworks/CoreSymbolication.framework/Versions/A/CoreSymbolication
0x00000000283af000 	/System/Library/PrivateFrameworks/Symbolication.framework/Versions/A/Symbolication
0x00000000283af000 	/System/Library/PrivateFrameworks/AppleFSCompression.framework/Versions/A/AppleFSCompression
0x00000000283af000 	/System/Library/PrivateFrameworks/SpeechRecognitionCore.framework/Versions/A/SpeechRecognitionCore
0x00000000283af000 	/System/Library/PrivateFrameworks/ChunkingLibrary.framework/Versions/A/ChunkingLibrary
0x000000010e600000 	/Library/Java/JavaVirtualMachines/jdk1.8.0_111.jdk/Contents/Home/jre/lib/server/libjvm.dylib
0x00000000283af000 	/usr/lib/libstdc++.6.dylib
0x000000010dd66000 	/Library/Java/JavaVirtualMachines/jdk1.8.0_111.jdk/Contents/Home/jre/lib/libverify.dylib
0x000000010dd74000 	/Library/Java/JavaVirtualMachines/jdk1.8.0_111.jdk/Contents/Home/jre/lib/libjava.dylib
0x000000010ddb3000 	/Library/Java/JavaVirtualMachines/jdk1.8.0_111.jdk/Contents/Home/jre/lib/libzip.dylib
0x000000010dde5000 	/System/Library/Frameworks/JavaVM.framework/Frameworks/JavaRuntimeSupport.framework/JavaRuntimeSupport
0x000000010fd25000 	/System/Library/Frameworks/JavaVM.framework/Versions/A/Frameworks/JavaNativeFoundation.framework/Versions/A/JavaNativeFoundation
0x0000000124f82000 	/System/Library/Frameworks/JavaVM.framework/Versions/A/JavaVM
0x00000000283af000 	/System/Library/Frameworks/Carbon.framework/Versions/A/Carbon
0x0000000124f8f000 	/System/Library/PrivateFrameworks/JavaLaunching.framework/Versions/A/JavaLaunching
0x00000000283af000 	/System/Library/Frameworks/Carbon.framework/Versions/A/Frameworks/CommonPanels.framework/Versions/A/CommonPanels
0x00000000283af000 	/System/Library/Frameworks/Carbon.framework/Versions/A/Frameworks/Help.framework/Versions/A/Help
0x00000000283af000 	/System/Library/Frameworks/Carbon.framework/Versions/A/Frameworks/ImageCapture.framework/Versions/A/ImageCapture
0x00000000283af000 	/System/Library/Frameworks/Carbon.framework/Versions/A/Frameworks/OpenScripting.framework/Versions/A/OpenScripting
0x00000000283af000 	/System/Library/Frameworks/Carbon.framework/Versions/A/Frameworks/Print.framework/Versions/A/Print
0x00000000283af000 	/System/Library/Frameworks/Carbon.framework/Versions/A/Frameworks/SecurityHI.framework/Versions/A/SecurityHI
0x0000000126895000 	/Library/Java/JavaVirtualMachines/jdk1.8.0_111.jdk/Contents/Home/jre/lib/libawt.dylib
0x000000012693d000 	/Library/Java/JavaVirtualMachines/jdk1.8.0_111.jdk/Contents/Home/jre/lib/./libmlib_image.dylib
0x0000000126a09000 	/Library/Java/JavaVirtualMachines/jdk1.8.0_111.jdk/Contents/Home/jre/lib/libawt_lwawt.dylib
0x0000000126abe000 	/Library/Java/JavaVirtualMachines/jdk1.8.0_111.jdk/Contents/Home/jre/lib/./libosxapp.dylib
0x00000000283af000 	/System/Library/Frameworks/ExceptionHandling.framework/Versions/A/ExceptionHandling
0x00000000283af000 	/System/Library/PrivateFrameworks/CoreServicesInternal.framework/Versions/A/CoreServicesInternal
0x00000000283af000 	/System/Library/CoreServices/RawCamera.bundle/Contents/MacOS/RawCamera
0x00000000283af000 	/System/Library/Frameworks/Accelerate.framework/Versions/A/Frameworks/vImage.framework/Versions/A/Libraries/libCGInterfaces.dylib
0x00000000283af000 	/System/Library/Frameworks/ApplicationServices.framework/Versions/A/Frameworks/ATS.framework/Versions/A/Resources/libTrueTypeScaler.dylib
0x00000000283af000 	/System/Library/Frameworks/OpenGL.framework/Versions/A/Resources/GLEngine.bundle/GLEngine
0x00000000283af000 	/System/Library/Frameworks/OpenGL.framework/Versions/A/Libraries/libGLProgrammability.dylib
0x000000012862d000 	/System/Library/Extensions/AppleIntelHD5000GraphicsGLDriver.bundle/Contents/MacOS/AppleIntelHD5000GraphicsGLDriver
0x00000000283af000 	/System/Library/PrivateFrameworks/GPUSupport.framework/Versions/A/Libraries/libGPUSupportMercury.dylib
0x00000000283af000 	/System/Library/Frameworks/OpenGL.framework/Versions/A/Resources/GLRendererFloat.bundle/GLRendererFloat
0x00000000283af000 	/System/Library/Frameworks/OpenCL.framework/Versions/A/Libraries/libcldcpuengine.dylib
0x00000000283af000 	/usr/lib/libcrypto.0.9.8.dylib
0x00000000283af000 	/System/Library/PrivateFrameworks/TrustEvaluationAgent.framework/Versions/A/TrustEvaluationAgent
0x0000000128dab000 	/System/Library/Extensions/AppleIntelHD5000GraphicsMTLDriver.bundle/Contents/MacOS/AppleIntelHD5000GraphicsMTLDriver
0x00000000283af000 	/System/Library/PrivateFrameworks/FamilyControls.framework/Versions/A/FamilyControls
0x00000000283af000 	/System/Library/PrivateFrameworks/CommerceKit.framework/Versions/A/Frameworks/CommerceCore.framework/Versions/A/CommerceCore
0x00000000283af000 	/System/Library/PrivateFrameworks/SystemAdministration.framework/Versions/A/SystemAdministration
0x00000000283af000 	/System/Library/PrivateFrameworks/AppContainer.framework/Versions/A/AppContainer
0x00000000283af000 	/System/Library/PrivateFrameworks/SecCodeWrapper.framework/Versions/A/SecCodeWrapper
0x00000000283af000 	/System/Library/Frameworks/DirectoryService.framework/Versions/A/DirectoryService
0x00000000283af000 	/System/Library/PrivateFrameworks/DiskImages.framework/Versions/A/DiskImages
0x00000000283af000 	/System/Library/PrivateFrameworks/LoginUIKit.framework/Versions/A/Frameworks/LoginUICore.framework/Versions/A/LoginUICore
0x00000000283af000 	/usr/lib/libCoreStorage.dylib
0x00000000283af000 	/usr/lib/libcsfde.dylib
0x00000000283af000 	/usr/lib/libodfde.dylib
0x00000000283af000 	/System/Library/Frameworks/DiscRecording.framework/Versions/A/DiscRecording
0x00000000283af000 	/usr/lib/libcurl.4.dylib
0x00000000283af000 	/System/Library/PrivateFrameworks/MediaKit.framework/Versions/A/MediaKit
0x00000000283af000 	/System/Library/PrivateFrameworks/ProtectedCloudStorage.framework/Versions/A/ProtectedCloudStorage
0x00000000283af000 	/System/Library/PrivateFrameworks/EFILogin.framework/Versions/A/EFILogin
0x00000000283af000 	/usr/lib/libutil.dylib
0x00000000283af000 	/System/Library/Frameworks/LDAP.framework/Versions/A/LDAP
0x00000000283af000 	/usr/lib/libsasl2.2.dylib
0x00000000283af000 	/System/Library/PrivateFrameworks/CoreDaemon.framework/Versions/B/CoreDaemon
0x00000000283af000 	/System/Library/PrivateFrameworks/AppleSRP.framework/Versions/A/AppleSRP
0x00000000283af000 	/System/Library/PrivateFrameworks/APFS.framework/Versions/A/APFS
0x000000012a9af000 	/Library/Java/JavaVirtualMachines/jdk1.8.0_111.jdk/Contents/Home/jre/lib/libfontmanager.dylib
0x00000000283af000 	/System/Library/PrivateFrameworks/ViewBridge.framework/Versions/A/ViewBridge
0x00000000283af000 	/System/Library/PrivateFrameworks/XPCService.framework/Versions/A/XPCService
0x00000000283af000 	/System/Library/PrivateFrameworks/AppSandbox.framework/Versions/A/AppSandbox
0x00000000283af000 	/usr/lib/libsandbox.1.dylib
0x00000000283af000 	/usr/lib/libMatch.1.dylib
0x000000012bdaa000 	/Library/Java/JavaVirtualMachines/jdk1.8.0_111.jdk/Contents/Home/jre/lib/libosxui.dylib
0x000000012c92a000 	/Library/Java/JavaVirtualMachines/jdk1.8.0_111.jdk/Contents/Home/jre/lib/libnet.dylib
0x000000012c865000 	/Library/Java/JavaVirtualMachines/jdk1.8.0_111.jdk/Contents/Home/jre/lib/libnio.dylib
0x000000016ade8000 	/private/var/folders/qk/z1qqpcwd0wx0z14thz2z48xw0000gr/T/jogamp_0000/file_cache/jln3956517981695519607/jln1676650674499952217/libgluegen-rt.jnilib
0x000000016adec000 	/private/var/folders/qk/z1qqpcwd0wx0z14thz2z48xw0000gr/T/jogamp_0000/file_cache/jln3956517981695519607/jln1676650674499952217/libnativewindow_awt.jnilib
0x000000016adef000 	/Library/Java/JavaVirtualMachines/jdk1.8.0_111.jdk/Contents/Home/jre/lib/libjawt.dylib
0x000000016adf2000 	/private/var/folders/qk/z1qqpcwd0wx0z14thz2z48xw0000gr/T/jogamp_0000/file_cache/jln3956517981695519607/jln1676650674499952217/libnativewindow_macosx.jnilib
0x000000016d500000 	/private/var/folders/qk/z1qqpcwd0wx0z14thz2z48xw0000gr/T/jogamp_0000/file_cache/jln3956517981695519607/jln1676650674499952217/libjogl_desktop.jnilib
0x0000000176730000 	/Library/Java/JavaVirtualMachines/jdk1.8.0_111.jdk/Contents/Home/jre/lib/libjpeg.dylib

VM Arguments:
jvm_args: -Djava.security.policy=java.policy.applet -Dfile.encoding=UTF-8 
java_command: sun.applet.AppletViewer ai.files.DisplayPath1521754048806.html
java_class_path (initial): /Users/Justin/AQP-AI/AI/build:/Users/Justin/AQP-AI/AI/lib/core.jar:/Users/Justin/AQP-AI/AI/lib/gluegen-rt.jar:/Users/Justin/AQP-AI/AI/lib/jogl-all.jar:/Users/Justin/AQP-AI/AI/lib/log4j-1.2.15.jar:/Users/Justin/AQP-AI/AI/lib/sqlite-jdbc-3.7.2.jar:/Users/Justin/AQP-AI/AI/lib/json4processing.jar:/Users/Justin/AQP-AI/AI/lib/libTUIO.jar:/Users/Justin/AQP-AI/AI/lib/unfolding.0.9.6.jar:/Users/Justin/AQP-AI/AI/lib/DelaunayTriangulator-1.0.3.jar:/Users/Justin/AQP-AI/AI/lib/guava-12.0.jar:/Users/Justin/.p2/pool/plugins/org.junit_4.12.0.v201504281640/junit.jar:/Users/Justin/.p2/pool/plugins/org.hamcrest.core_1.3.0.v201303031735.jar
Launcher Type: SUN_STANDARD

Environment Variables:
PATH=/usr/bin:/bin:/usr/sbin:/sbin
SHELL=/bin/bash
DISPLAY=/private/tmp/com.apple.launchd.zVa2Ge0tO0/org.macosforge.xquartz:0

Signal Handlers:
SIGSEGV: [libjvm.dylib+0x5b03ed], sa_mask[0]=11111111011111110111111111111111, sa_flags=SA_ONSTACK|SA_RESTART|SA_SIGINFO
SIGBUS: [libjvm.dylib+0x5b03ed], sa_mask[0]=11111111011111110111111111111111, sa_flags=SA_RESTART|SA_SIGINFO
SIGFPE: [libjvm.dylib+0x48711c], sa_mask[0]=11111111011111110111111111111111, sa_flags=SA_RESTART|SA_SIGINFO
SIGPIPE: [libjvm.dylib+0x48711c], sa_mask[0]=11111111011111110111111111111111, sa_flags=SA_RESTART|SA_SIGINFO
SIGXFSZ: [libjvm.dylib+0x48711c], sa_mask[0]=11111111011111110111111111111111, sa_flags=SA_RESTART|SA_SIGINFO
SIGILL: [libjvm.dylib+0x48711c], sa_mask[0]=11111111011111110111111111111111, sa_flags=SA_RESTART|SA_SIGINFO
SIGUSR1: SIG_DFL, sa_mask[0]=00000000000000000000000000000000, sa_flags=none
SIGUSR2: [libjvm.dylib+0x486c3a], sa_mask[0]=00100000000000000000000000000000, sa_flags=SA_RESTART|SA_SIGINFO
SIGHUP: [libjvm.dylib+0x485211], sa_mask[0]=11111111011111110111111111111111, sa_flags=SA_RESTART|SA_SIGINFO
SIGINT: [libjvm.dylib+0x485211], sa_mask[0]=11111111011111110111111111111111, sa_flags=SA_RESTART|SA_SIGINFO
SIGTERM: [libjvm.dylib+0x485211], sa_mask[0]=11111111011111110111111111111111, sa_flags=SA_RESTART|SA_SIGINFO
SIGQUIT: [libjvm.dylib+0x485211], sa_mask[0]=11111111011111110111111111111111, sa_flags=SA_RESTART|SA_SIGINFO


---------------  S Y S T E M  ---------------

OS:Bsduname:Darwin 16.0.0 Darwin Kernel Version 16.0.0: Mon Aug 29 17:56:20 PDT 2016; root:xnu-3789.1.32~3/RELEASE_X86_64 x86_64
rlimit: STACK 8192k, CORE 0k, NPROC 709, NOFILE 10240, AS infinity
load average:3.53 3.82 3.44

CPU:total 4 (2 cores per cpu, 2 threads per core) family 6 model 69 stepping 1, cmov, cx8, fxsr, mmx, sse, sse2, sse3, ssse3, sse4.1, sse4.2, popcnt, avx, avx2, aes, clmul, erms, lzcnt, ht, tsc, tscinvbit, bmi1, bmi2

Memory: 4k page, physical 8388608k(149216k free)

/proc/meminfo:


vm_info: Java HotSpot(TM) 64-Bit Server VM (25.111-b14) for bsd-amd64 JRE (1.8.0_111-b14), built on Sep 22 2016 15:31:41 by "java_re" with gcc 4.2.1 (Based on Apple Inc. build 5658) (LLVM build 2336.11.00)

time: Thu Mar 22 17:04:52 2018
elapsed time: 2243 seconds (0d 0h 37m 23s)

