#
# A fatal error has been detected by the Java Runtime Environment:
#
#  SIGSEGV (0xb) at pc=0x00007fff8aa87f6d, pid=11404, tid=0x000000000000080b
#
# JRE version: Java(TM) SE Runtime Environment (8.0_111-b14) (build 1.8.0_111-b14)
# Java VM: Java HotSpot(TM) 64-Bit Server VM (25.111-b14 mixed mode bsd-amd64 compressed oops)
# Problematic frame:
# C  [libobjc.A.dylib+0x7f6d]  _class_initialize+0x27
#
# Failed to write core dump. Core dumps have been disabled. To enable core dumping, try "ulimit -c unlimited" before starting Java again
#
# If you would like to submit a bug report, please visit:
#   http://bugreport.java.com/bugreport/crash.jsp
# The crash happened outside the Java Virtual Machine in native code.
# See problematic frame for where to report the bug.
#

---------------  T H R E A D  ---------------

Current thread (0x00007fa22b87f000):  JavaThread "AWT-AppKit" daemon [_thread_in_native, id=2059, stack(0x00007fff54002000,0x00007fff54802000)]

siginfo: si_signo: 11 (SIGSEGV), si_code: 1 (SEGV_MAPERR), si_addr: 0x00000000000007e8

Registers:
RAX=0x00007fff90a8ddc0, RBX=0x00007fff90a8ddc0, RCX=0x0000000000000000, RDX=0x0000000000000000
RSP=0x00007fff547fd290, RBP=0x00007fff547fd2e0, RSI=0x00007fff93f002e8, RDI=0x00007fff90a8ddc0
R8 =0x0000000000f46000, R9 =0x0000000000000000, R10=0x00f4600100f46083, R11=0x0000000000f46000
R12=0x00007ffffffffff8, R13=0x000000016ab57df0, R14=0x00000000000007c8, R15=0x00007fff90a8ddc0
RIP=0x00007fff8aa87f6d, EFLAGS=0x0000000000010202, ERR=0x0000000000000004
  TRAPNO=0x000000000000000e

Top of Stack: (sp=0x00007fff547fd290)
0x00007fff547fd290:   00007fff90b7cfe0 00007fa22f86cef0
0x00007fff547fd2a0:   00007fff547fd2e0 00007fff8aa87f1a
0x00007fff547fd2b0:   0000000000001e00 00007fff90a8ddc0
0x00007fff547fd2c0:   00007fff74b151c3 000000016ab57df0
0x00007fff547fd2d0:   0000000000000001 00007ffffffffff8
0x00007fff547fd2e0:   00007fff547fd340 00007fff8aa87b4a
0x00007fff547fd2f0:   00000000547fd350 00007fff762dea2c
0x00007fff547fd300:   0000000115753000 00007fa22f86cef0
0x00007fff547fd310:   00000001547fffff 00000001685b83b0
0x00007fff547fd320:   0000000000000000 000000016ab57df0
0x00007fff547fd330:   00000001685b83a0 00007fa22b87f000
0x00007fff547fd340:   00007fff547fd410 00007fff8aa875d4
0x00007fff547fd350:   00007fa22ce00050 0000000000000018
0x00007fff547fd360:   00007fa22ce00000 0000000000000000
0x00007fff547fd370:   00007fff74b151c3 00007fa22f86cef0
0x00007fff547fd380:   00007fa22cd85b90 00007fff547fd40f
0x00007fff547fd390:   0000000000000000 0000000000000000
0x00007fff547fd3a0:   00000000000000ff 0000000000000000
0x00007fff547fd3b0:   0000000000000000 0000000000000000
0x00007fff547fd3c0:   6f63616d5f747761 534f63614d5f7873
0x00007fff547fd3d0:   534f63614d5f7873 6e69575457414a58
0x00007fff547fd3e0:   0000000044160000 0000000000000000
0x00007fff547fd3f0:   0000000044160000 0000000000000000
0x00007fff547fd400:   1022d01043c50000 0000000000000000
0x00007fff547fd410:   00007fff547fd4d0 00000001685b65d7
0x00007fff547fd420:   00007fff547fd470 0000000000000003
0x00007fff547fd430:   00007fff547fd450 000000010bff27be
0x00007fff547fd440:   000000016ab57df0 000000016ab57df0
0x00007fff547fd450:   00007fa22cd85b90 00000001685b85c0
0x00007fff547fd460:   00000001685b8640 00000001685b83b0
0x00007fff547fd470:   00007fff90a4c6d0 00000001685b85d0
0x00007fff547fd480:   00007fff916b0f90 00007fa22cd85b90 

Instructions: (pc=0x00007fff8aa87f6d)
0x00007fff8aa87f4d:   56 41 55 41 54 53 48 83 ec 28 49 89 ff 49 bc f8
0x00007fff8aa87f5d:   ff ff ff ff 7f 00 00 4d 8b 77 08 4d 85 f6 74 2e
0x00007fff8aa87f6d:   49 8b 46 20 48 89 c1 4c 21 e1 48 8b 49 08 f6 01
0x00007fff8aa87f7d:   01 75 0a 49 8b 06 4c 21 e0 48 8b 40 20 4c 21 e0 

Register to memory mapping:

RAX=0x00007fff90a8ddc0: __block_literal_global.67+0x42a0 in /System/Library/Frameworks/CoreFoundation.framework/Versions/A/CoreFoundation at 0x00007fff762ab000
RBX=0x00007fff90a8ddc0: __block_literal_global.67+0x42a0 in /System/Library/Frameworks/CoreFoundation.framework/Versions/A/CoreFoundation at 0x00007fff762ab000
RCX=0x0000000000000000 is an unknown value
RDX=0x0000000000000000 is an unknown value
RSP=0x00007fff547fd290 is pointing into the stack for thread: 0x00007fa22b87f000
RBP=0x00007fff547fd2e0 is pointing into the stack for thread: 0x00007fa22b87f000
RSI=0x00007fff93f002e8: runtimeLock+0x18 in /usr/lib/libobjc.A.dylib at 0x00007fff8aa80000
RDI=0x00007fff90a8ddc0: __block_literal_global.67+0x42a0 in /System/Library/Frameworks/CoreFoundation.framework/Versions/A/CoreFoundation at 0x00007fff762ab000
R8 =0x0000000000f46000 is an unknown value
R9 =0x0000000000000000 is an unknown value
R10=0x00f4600100f46083 is an unknown value
R11=0x0000000000f46000 is an unknown value
R12=0x00007ffffffffff8 is an unknown value
R13={method} {0x000000016ab57df0} 'UnsetJAWTRootSurfaceLayer0' '(JJ)V' in 'jogamp/nativewindow/jawt/macosx/MacOSXJAWTWindow'
R14=0x00000000000007c8 is an unknown value
R15=0x00007fff90a8ddc0: __block_literal_global.67+0x42a0 in /System/Library/Frameworks/CoreFoundation.framework/Versions/A/CoreFoundation at 0x00007fff762ab000


Stack: [0x00007fff54002000,0x00007fff54802000],  sp=0x00007fff547fd290,  free space=8172k
Native frames: (J=compiled Java code, j=interpreted, Vv=VM code, C=native code)
C  [libobjc.A.dylib+0x7f6d]  _class_initialize+0x27
C  [libobjc.A.dylib+0x7b4a]  lookUpImpOrForward+0xb3
C  [libobjc.A.dylib+0x75d4]  _objc_msgSend_uncached+0x44
C  [libnativewindow_macosx.jnilib+0x55d7]  Java_jogamp_nativewindow_jawt_macosx_MacOSXJAWTWindow_UnsetJAWTRootSurfaceLayer0+0xe7
j  jogamp.nativewindow.jawt.macosx.MacOSXJAWTWindow.UnsetJAWTRootSurfaceLayer0(JJ)V+0
j  jogamp.nativewindow.jawt.macosx.MacOSXJAWTWindow.access$200(JJ)V+2
j  jogamp.nativewindow.jawt.macosx.MacOSXJAWTWindow$1.run()V+38
J 2493 C1 com.jogamp.common.util.RunnableTask.run()V (345 bytes) @ 0x000000011918b5f4 [0x000000011918b460+0x194]
v  ~StubRoutines::call_stub
V  [libjvm.dylib+0x2ecf8a]
V  [libjvm.dylib+0x324119]
V  [libjvm.dylib+0x3168e7]
C  [libnativewindow_macosx.jnilib+0x57ae]  Java_jogamp_nativewindow_jawt_macosx_MacOSXJAWTWindow_UnsetJAWTRootSurfaceLayer0+0x2be
C  [Foundation+0x71f2a]  __NSThreadPerformPerform+0x146
C  [CoreFoundation+0xa7551]  __CFRUNLOOP_IS_CALLING_OUT_TO_A_SOURCE0_PERFORM_FUNCTION__+0x11
C  [CoreFoundation+0x886bd]  __CFRunLoopDoSources0+0x22d
C  [CoreFoundation+0x87bb6]  __CFRunLoopRun+0x3a6
C  [CoreFoundation+0x875b4]  CFRunLoopRunSpecific+0x1a4
C  [HIToolbox+0x30f6c]  RunCurrentEventLoopInMode+0xf0
C  [HIToolbox+0x30ca9]  ReceiveNextEventCommon+0xb8
C  [HIToolbox+0x30bd6]  _BlockUntilNextEventMatchingListInModeWithFilter+0x47
C  [AppKit+0x475f5]  _DPSNextEvent+0x445
C  [AppKit+0x7578eb]  -[NSApplication(NSEvent) _nextEventMatchingEventMask:untilDate:inMode:dequeue:]+0x665
C  [libosxapp.dylib+0x23aa]  -[NSApplicationAWT nextEventMatchingMask:untilDate:inMode:dequeue:]+0x7c
C  [AppKit+0x3bfbd]  -[NSApplication run]+0x39e
C  [libosxapp.dylib+0x214d]  +[NSApplicationAWT runAWTLoopWithApp:]+0x9c
C  [libawt_lwawt.dylib+0x444b3]  -[AWTStarter starter:]+0x389
C  [Foundation+0x71f2a]  __NSThreadPerformPerform+0x146
C  [CoreFoundation+0xa7551]  __CFRUNLOOP_IS_CALLING_OUT_TO_A_SOURCE0_PERFORM_FUNCTION__+0x11
C  [CoreFoundation+0x886bd]  __CFRunLoopDoSources0+0x22d
C  [CoreFoundation+0x87bb6]  __CFRunLoopRun+0x3a6
C  [CoreFoundation+0x875b4]  CFRunLoopRunSpecific+0x1a4
C  [java+0x6465]  CreateExecutionEnvironment+0x367
C  [java+0x218c]  JLI_Launch+0x7a0
C  [java+0x84c2]  main+0x65
C  [java+0x19e4]  start+0x34
C  0x0000000000000007

Java frames: (J=compiled Java code, j=interpreted, Vv=VM code)
j  jogamp.nativewindow.jawt.macosx.MacOSXJAWTWindow.UnsetJAWTRootSurfaceLayer0(JJ)V+0
j  jogamp.nativewindow.jawt.macosx.MacOSXJAWTWindow.access$200(JJ)V+2
j  jogamp.nativewindow.jawt.macosx.MacOSXJAWTWindow$1.run()V+38
J 2493 C1 com.jogamp.common.util.RunnableTask.run()V (345 bytes) @ 0x000000011918b5f4 [0x000000011918b460+0x194]
v  ~StubRoutines::call_stub

---------------  P R O C E S S  ---------------

Java Threads: ( => current thread )
  0x00007fa230889000 JavaThread "Thread-59" [_thread_blocked, id=36719, stack(0x000070000bd3a000,0x000070000be3a000)]
  0x00007fa22b4a1800 JavaThread "AWT-EventQueue-1" [_thread_in_native, id=65555, stack(0x000070000bbb4000,0x000070000bcb4000)]
  0x00007fa22c11b800 JavaThread "DestroyJavaVM" [_thread_blocked, id=7171, stack(0x000070000a56c000,0x000070000a66c000)]
  0x00007fa22b1ec800 JavaThread "AWT-EventQueue-0" [_thread_blocked, id=63235, stack(0x000070000b9ae000,0x000070000baae000)]
  0x00007fa22a9fd800 JavaThread "Java2D Disposer" daemon [_thread_blocked, id=55823, stack(0x000070000b725000,0x000070000b825000)]
  0x00007fa22a9e0000 JavaThread "Java2D Queue Flusher" daemon [_thread_blocked, id=46643, stack(0x000070000b622000,0x000070000b722000)]
  0x00007fa22a985800 JavaThread "AWT-Shutdown" [_thread_blocked, id=29727, stack(0x000070000b419000,0x000070000b519000)]
=>0x00007fa22b87f000 JavaThread "AWT-AppKit" daemon [_thread_in_native, id=2059, stack(0x00007fff54002000,0x00007fff54802000)]
  0x00007fa22b048800 JavaThread "Service Thread" daemon [_thread_blocked, id=18691, stack(0x000070000b190000,0x000070000b290000)]
  0x00007fa22a834800 JavaThread "C1 CompilerThread2" daemon [_thread_blocked, id=18179, stack(0x000070000b08d000,0x000070000b18d000)]
  0x00007fa22a834000 JavaThread "C2 CompilerThread1" daemon [_thread_blocked, id=17667, stack(0x000070000af8a000,0x000070000b08a000)]
  0x00007fa22a841800 JavaThread "C2 CompilerThread0" daemon [_thread_blocked, id=17155, stack(0x000070000ae87000,0x000070000af87000)]
  0x00007fa22a841000 JavaThread "Signal Dispatcher" daemon [_thread_blocked, id=16643, stack(0x000070000ad84000,0x000070000ae84000)]
  0x00007fa22a822000 JavaThread "Finalizer" daemon [_thread_blocked, id=12547, stack(0x000070000ac81000,0x000070000ad81000)]
  0x00007fa22b808000 JavaThread "Reference Handler" daemon [_thread_blocked, id=12035, stack(0x000070000ab7e000,0x000070000ac7e000)]

Other Threads:
  0x00007fa22b805800 VMThread [stack: 0x000070000aa7b000,0x000070000ab7b000] [id=11523]
  0x00007fa22b028800 WatcherThread [stack: 0x000070000b293000,0x000070000b393000] [id=19203]

VM state:not at safepoint (normal execution)

VM Mutex/Monitor currently owned by a thread: None

Heap:
 PSYoungGen      total 88576K, used 50104K [0x0000000795580000, 0x000000079ba80000, 0x00000007c0000000)
  eden space 79872K, 62% used [0x0000000795580000,0x000000079865e118,0x000000079a380000)
  from space 8704K, 0% used [0x000000079b200000,0x000000079b210000,0x000000079ba80000)
  to   space 11776K, 0% used [0x000000079a380000,0x000000079a380000,0x000000079af00000)
 ParOldGen       total 87552K, used 34556K [0x0000000740000000, 0x0000000745580000, 0x0000000795580000)
  object space 87552K, 39% used [0x0000000740000000,0x00000007421bf2e8,0x0000000745580000)
 Metaspace       used 19973K, capacity 20177K, committed 20480K, reserved 1067008K
  class space    used 1962K, capacity 2047K, committed 2048K, reserved 1048576K

Card table byte_map: [0x000000010d161000,0x000000010d562000] byte_map_base: 0x0000000109761000

Marking Bits: (ParMarkBitMap*) 0x000000010c6efd20
 Begin Bits: [0x000000010d80d000, 0x000000010f80d000)
 End Bits:   [0x000000010f80d000, 0x000000011180d000)

Polling page: 0x000000010b4be000

CodeCache: size=245760Kb used=8514Kb max_used=8523Kb free=237245Kb
 bounds [0x0000000118a22000, 0x0000000119292000, 0x0000000127a22000]
 total_blobs=3371 nmethods=2490 adapters=794
 compilation: enabled

Compilation events (10 events):
Event: 40.222 Thread 0x00007fa22a834000 nmethod 2795% 0x000000011927fe90 code [0x0000000119280440, 0x0000000119285a50]
Event: 40.810 Thread 0x00007fa22a834800 2798       3       sun.lwawt.LWComponentPeer::localToWindow (14 bytes)
Event: 40.810 Thread 0x00007fa22a834800 nmethod 2798 0x0000000118f1ce10 code [0x0000000118f1cfa0, 0x0000000118f1d328]
Event: 40.813 Thread 0x00007fa22a834800 2799   !   3       sun.lwawt.LWComponentPeer::isShowing (49 bytes)
Event: 40.815 Thread 0x00007fa22a834800 nmethod 2799 0x0000000118f3e850 code [0x0000000118f3ea00, 0x0000000118f3f308]
Event: 40.877 Thread 0x00007fa22a834800 2800       1       java.util.HashMap::afterNodeRemoval (1 bytes)
Event: 40.877 Thread 0x00007fa22a834800 nmethod 2800 0x0000000118f0a410 code [0x0000000118f0a560, 0x0000000118f0a670]
Event: 40.877 Thread 0x00007fa22a834800 2801       1       sun.java2d.SurfaceData::isValid (5 bytes)
Event: 40.877 Thread 0x00007fa22a834800 nmethod 2801 0x0000000119261490 code [0x00000001192615e0, 0x00000001192616f0]
Event: 40.897 Thread 0x00007fa22a834800 2802       3       sun.lwawt.LWComponentPeer::getLocationOnScreen (41 bytes)

GC Heap History (10 events):
Event: 33.457 GC heap before
{Heap before GC invocations=18 (full 0):
 PSYoungGen      total 95232K, used 94816K [0x0000000795580000, 0x000000079ce00000, 0x00000007c0000000)
  eden space 94720K, 100% used [0x0000000795580000,0x000000079b200000,0x000000079b200000)
  from space 512K, 18% used [0x000000079b580000,0x000000079b598000,0x000000079b600000)
  to   space 14336K, 0% used [0x000000079c000000,0x000000079c000000,0x000000079ce00000)
 ParOldGen       total 87552K, used 34492K [0x0000000740000000, 0x0000000745580000, 0x0000000795580000)
  object space 87552K, 39% used [0x0000000740000000,0x00000007421af2e8,0x0000000745580000)
 Metaspace       used 19920K, capacity 20113K, committed 20480K, reserved 1067008K
  class space    used 1953K, capacity 2047K, committed 2048K, reserved 1048576K
Event: 33.458 GC heap after
Heap after GC invocations=18 (full 0):
 PSYoungGen      total 101888K, used 128K [0x0000000795580000, 0x000000079ca00000, 0x00000007c0000000)
  eden space 91648K, 0% used [0x0000000795580000,0x0000000795580000,0x000000079af00000)
  from space 10240K, 1% used [0x000000079c000000,0x000000079c020000,0x000000079ca00000)
  to   space 13824K, 0% used [0x000000079af00000,0x000000079af00000,0x000000079bc80000)
 ParOldGen       total 87552K, used 34508K [0x0000000740000000, 0x0000000745580000, 0x0000000795580000)
  object space 87552K, 39% used [0x0000000740000000,0x00000007421b32e8,0x0000000745580000)
 Metaspace       used 19920K, capacity 20113K, committed 20480K, reserved 1067008K
  class space    used 1953K, capacity 2047K, committed 2048K, reserved 1048576K
}
Event: 35.156 GC heap before
{Heap before GC invocations=19 (full 0):
 PSYoungGen      total 101888K, used 91776K [0x0000000795580000, 0x000000079ca00000, 0x00000007c0000000)
  eden space 91648K, 100% used [0x0000000795580000,0x000000079af00000,0x000000079af00000)
  from space 10240K, 1% used [0x000000079c000000,0x000000079c020000,0x000000079ca00000)
  to   space 13824K, 0% used [0x000000079af00000,0x000000079af00000,0x000000079bc80000)
 ParOldGen       total 87552K, used 34508K [0x0000000740000000, 0x0000000745580000, 0x0000000795580000)
  object space 87552K, 39% used [0x0000000740000000,0x00000007421b32e8,0x0000000745580000)
 Metaspace       used 19920K, capacity 20113K, committed 20480K, reserved 1067008K
  class space    used 1953K, capacity 2047K, committed 2048K, reserved 1048576K
Event: 35.158 GC heap after
Heap after GC invocations=19 (full 0):
 PSYoungGen      total 89088K, used 96K [0x0000000795580000, 0x000000079c600000, 0x00000007c0000000)
  eden space 88576K, 0% used [0x0000000795580000,0x0000000795580000,0x000000079ac00000)
  from space 512K, 18% used [0x000000079af00000,0x000000079af18000,0x000000079af80000)
  to   space 13312K, 0% used [0x000000079b900000,0x000000079b900000,0x000000079c600000)
 ParOldGen       total 87552K, used 34516K [0x0000000740000000, 0x0000000745580000, 0x0000000795580000)
  object space 87552K, 39% used [0x0000000740000000,0x00000007421b52e8,0x0000000745580000)
 Metaspace       used 19920K, capacity 20113K, committed 20480K, reserved 1067008K
  class space    used 1953K, capacity 2047K, committed 2048K, reserved 1048576K
}
Event: 36.845 GC heap before
{Heap before GC invocations=20 (full 0):
 PSYoungGen      total 89088K, used 88672K [0x0000000795580000, 0x000000079c600000, 0x00000007c0000000)
  eden space 88576K, 100% used [0x0000000795580000,0x000000079ac00000,0x000000079ac00000)
  from space 512K, 18% used [0x000000079af00000,0x000000079af18000,0x000000079af80000)
  to   space 13312K, 0% used [0x000000079b900000,0x000000079b900000,0x000000079c600000)
 ParOldGen       total 87552K, used 34516K [0x0000000740000000, 0x0000000745580000, 0x0000000795580000)
  object space 87552K, 39% used [0x0000000740000000,0x00000007421b52e8,0x0000000745580000)
 Metaspace       used 19935K, capacity 20177K, committed 20480K, reserved 1067008K
  class space    used 1953K, capacity 2047K, committed 2048K, reserved 1048576K
Event: 36.847 GC heap after
Heap after GC invocations=20 (full 0):
 PSYoungGen      total 94720K, used 128K [0x0000000795580000, 0x000000079c200000, 0x00000007c0000000)
  eden space 85504K, 0% used [0x0000000795580000,0x0000000795580000,0x000000079a900000)
  from space 9216K, 1% used [0x000000079b900000,0x000000079b920000,0x000000079c200000)
  to   space 12800K, 0% used [0x000000079a900000,0x000000079a900000,0x000000079b580000)
 ParOldGen       total 87552K, used 34532K [0x0000000740000000, 0x0000000745580000, 0x0000000795580000)
  object space 87552K, 39% used [0x0000000740000000,0x00000007421b92e8,0x0000000745580000)
 Metaspace       used 19935K, capacity 20177K, committed 20480K, reserved 1067008K
  class space    used 1953K, capacity 2047K, committed 2048K, reserved 1048576K
}
Event: 38.461 GC heap before
{Heap before GC invocations=21 (full 0):
 PSYoungGen      total 94720K, used 85632K [0x0000000795580000, 0x000000079c200000, 0x00000007c0000000)
  eden space 85504K, 100% used [0x0000000795580000,0x000000079a900000,0x000000079a900000)
  from space 9216K, 1% used [0x000000079b900000,0x000000079b920000,0x000000079c200000)
  to   space 12800K, 0% used [0x000000079a900000,0x000000079a900000,0x000000079b580000)
 ParOldGen       total 87552K, used 34532K [0x0000000740000000, 0x0000000745580000, 0x0000000795580000)
  object space 87552K, 39% used [0x0000000740000000,0x00000007421b92e8,0x0000000745580000)
 Metaspace       used 19935K, capacity 20177K, committed 20480K, reserved 1067008K
  class space    used 1953K, capacity 2047K, committed 2048K, reserved 1048576K
Event: 38.463 GC heap after
Heap after GC invocations=21 (full 0):
 PSYoungGen      total 82944K, used 96K [0x0000000795580000, 0x000000079be00000, 0x00000007c0000000)
  eden space 82432K, 0% used [0x0000000795580000,0x0000000795580000,0x000000079a600000)
  from space 512K, 18% used [0x000000079a900000,0x000000079a918000,0x000000079a980000)
  to   space 12288K, 0% used [0x000000079b200000,0x000000079b200000,0x000000079be00000)
 ParOldGen       total 87552K, used 34548K [0x0000000740000000, 0x0000000745580000, 0x0000000795580000)
  object space 87552K, 39% used [0x0000000740000000,0x00000007421bd2e8,0x0000000745580000)
 Metaspace       used 19935K, capacity 20177K, committed 20480K, reserved 1067008K
  class space    used 1953K, capacity 2047K, committed 2048K, reserved 1048576K
}
Event: 39.953 GC heap before
{Heap before GC invocations=22 (full 0):
 PSYoungGen      total 82944K, used 82528K [0x0000000795580000, 0x000000079be00000, 0x00000007c0000000)
  eden space 82432K, 100% used [0x0000000795580000,0x000000079a600000,0x000000079a600000)
  from space 512K, 18% used [0x000000079a900000,0x000000079a918000,0x000000079a980000)
  to   space 12288K, 0% used [0x000000079b200000,0x000000079b200000,0x000000079be00000)
 ParOldGen       total 87552K, used 34548K [0x0000000740000000, 0x0000000745580000, 0x0000000795580000)
  object space 87552K, 39% used [0x0000000740000000,0x00000007421bd2e8,0x0000000745580000)
 Metaspace       used 19935K, capacity 20177K, committed 20480K, reserved 1067008K
  class space    used 1953K, capacity 2047K, committed 2048K, reserved 1048576K
Event: 39.955 GC heap after
Heap after GC invocations=22 (full 0):
 PSYoungGen      total 88576K, used 64K [0x0000000795580000, 0x000000079ba80000, 0x00000007c0000000)
  eden space 79872K, 0% used [0x0000000795580000,0x0000000795580000,0x000000079a380000)
  from space 8704K, 0% used [0x000000079b200000,0x000000079b210000,0x000000079ba80000)
  to   space 11776K, 0% used [0x000000079a380000,0x000000079a380000,0x000000079af00000)
 ParOldGen       total 87552K, used 34556K [0x0000000740000000, 0x0000000745580000, 0x0000000795580000)
  object space 87552K, 39% used [0x0000000740000000,0x00000007421bf2e8,0x0000000745580000)
 Metaspace       used 19935K, capacity 20177K, committed 20480K, reserved 1067008K
  class space    used 1953K, capacity 2047K, committed 2048K, reserved 1048576K
}

Deoptimization events (10 events):
Event: 22.233 Thread 0x00007fa22b4a1800 Uncommon trap: reason=speculate_class_check action=maybe_recompile pc=0x0000000118ef526c method=com.jogamp.common.nio.Buffers.getDirectBufferByteOffset(Ljava/lang/Object;)I @ 42
Event: 22.235 Thread 0x00007fa22b4a1800 Uncommon trap: reason=speculate_class_check action=maybe_recompile pc=0x0000000118ef526c method=com.jogamp.common.nio.Buffers.getDirectBufferByteOffset(Ljava/lang/Object;)I @ 42
Event: 22.481 Thread 0x00007fa22b4a1800 Uncommon trap: reason=speculate_class_check action=maybe_recompile pc=0x00000001191e782c method=com.jogamp.common.nio.Buffers.getDirectBufferByteOffset(Ljava/lang/Object;)I @ 53
Event: 22.483 Thread 0x00007fa22b4a1800 Uncommon trap: reason=speculate_class_check action=maybe_recompile pc=0x00000001191e782c method=com.jogamp.common.nio.Buffers.getDirectBufferByteOffset(Ljava/lang/Object;)I @ 53
Event: 40.876 Thread 0x00007fa22b1ef800 Uncommon trap: reason=class_check action=maybe_recompile pc=0x0000000118da05b0 method=java.util.HashMap.putVal(ILjava/lang/Object;Ljava/lang/Object;ZZ)Ljava/lang/Object; @ 91
Event: 40.876 Thread 0x00007fa22b1ef800 Uncommon trap: reason=class_check action=maybe_recompile pc=0x0000000118da05b0 method=java.util.HashMap.putVal(ILjava/lang/Object;Ljava/lang/Object;ZZ)Ljava/lang/Object; @ 91
Event: 40.876 Thread 0x00007fa22b1ef800 Uncommon trap: reason=class_check action=maybe_recompile pc=0x0000000118da05b0 method=java.util.HashMap.putVal(ILjava/lang/Object;Ljava/lang/Object;ZZ)Ljava/lang/Object; @ 91
Event: 40.876 Thread 0x00007fa22b1ef800 Uncommon trap: reason=class_check action=maybe_recompile pc=0x0000000118da05b0 method=java.util.HashMap.putVal(ILjava/lang/Object;Ljava/lang/Object;ZZ)Ljava/lang/Object; @ 91
Event: 40.876 Thread 0x00007fa22b1ef800 Uncommon trap: reason=class_check action=maybe_recompile pc=0x0000000118cd406c method=java.util.HashMap.putVal(ILjava/lang/Object;Ljava/lang/Object;ZZ)Ljava/lang/Object; @ 91
Event: 40.895 Thread 0x00007fa22b4a1800 Uncommon trap: reason=unstable_if action=reinterpret pc=0x0000000118eef94c method=java.security.AccessControlContext.optimize()Ljava/security/AccessControlContext; @ 233

Internal exceptions (10 events):
Event: 0.396 Thread 0x00007fa22b802800 Exception <a 'java/lang/NoSuchFieldError': method resolution failed> (0x00000007957935e0) thrown at [/Users/java_re/workspace/8-2-build-macosx-x86_64/jdk8u111/7883/hotspot/src/share/vm/prims/methodHandles.cpp, line 1146]
Event: 0.700 Thread 0x00007fa22b802800 Exception <a 'java/io/FileNotFoundException'> (0x000000079580ec88) thrown at [/Users/java_re/workspace/8-2-build-macosx-x86_64/jdk8u111/7883/hotspot/src/share/vm/prims/jni.cpp, line 709]
Event: 0.700 Thread 0x00007fa22b802800 Exception <a 'java/io/FileNotFoundException'> (0x000000079580f7f0) thrown at [/Users/java_re/workspace/8-2-build-macosx-x86_64/jdk8u111/7883/hotspot/src/share/vm/prims/jni.cpp, line 709]
Event: 0.764 Thread 0x00007fa22b802800 Exception <a 'java/io/FileNotFoundException'> (0x0000000795916358) thrown at [/Users/java_re/workspace/8-2-build-macosx-x86_64/jdk8u111/7883/hotspot/src/share/vm/prims/jni.cpp, line 709]
Event: 0.947 Thread 0x00007fa22b802800 Exception <a 'java/io/FileNotFoundException'> (0x0000000795953210) thrown at [/Users/java_re/workspace/8-2-build-macosx-x86_64/jdk8u111/7883/hotspot/src/share/vm/prims/jni.cpp, line 709]
Event: 5.181 Thread 0x00007fa22aa35000 Exception <a 'java/io/FileNotFoundException'> (0x00000007965c1568) thrown at [/Users/java_re/workspace/8-2-build-macosx-x86_64/jdk8u111/7883/hotspot/src/share/vm/prims/jni.cpp, line 709]
Event: 5.181 Thread 0x00007fa22aa35000 Exception <a 'java/io/FileNotFoundException'> (0x00000007965c7f50) thrown at [/Users/java_re/workspace/8-2-build-macosx-x86_64/jdk8u111/7883/hotspot/src/share/vm/prims/jni.cpp, line 709]
Event: 5.182 Thread 0x00007fa22aa35000 Implicit null exception at 0x0000000118bc68f6 to 0x0000000118bc6cc5
Event: 5.583 Thread 0x00007fa22aa35000 Exception <a 'java/lang/UnsatisfiedLinkError': com.jogamp.common.util.JarUtil.fixNativeLibAttribs(Ljava/lang/String;)Z> (0x0000000797335168) thrown at [/Users/java_re/workspace/8-2-build-macosx-x86_64/jdk8u111/7883/hotspot/src/share/vm/prims/nativeLookup.
Event: 5.739 Thread 0x00007fa22a822000 Exception <a 'java/lang/NullPointerException'> (0x0000000795821820) thrown at [/Users/java_re/workspace/8-2-build-macosx-x86_64/jdk8u111/7883/hotspot/src/share/vm/interpreter/linkResolver.cpp, line 1178]

Events (10 events):
Event: 40.895 loading class java/awt/event/AWTEventListenerProxy done
Event: 40.895 loading class java/awt/Toolkit$ToolkitEventMulticaster
Event: 40.895 loading class java/awt/Toolkit$ToolkitEventMulticaster done
Event: 40.895 Executing VM operation: RevokeBias
Event: 40.896 Executing VM operation: RevokeBias done
Event: 40.896 Thread 0x00007fa22b1ef800 Thread exited: 0x00007fa22b1ef800
Event: 40.896 loading class java/lang/IllegalThreadStateException
Event: 40.896 loading class java/lang/IllegalThreadStateException done
Event: 40.896 loading class java/awt/Window$1DisposeAction
Event: 40.897 loading class java/awt/Window$1DisposeAction done


Dynamic libraries:
0x0000000001136000 	/System/Library/Frameworks/Cocoa.framework/Versions/A/Cocoa
0x0000000001136000 	/System/Library/Frameworks/Security.framework/Versions/A/Security
0x0000000001136000 	/System/Library/Frameworks/ApplicationServices.framework/Versions/A/ApplicationServices
0x0000000001136000 	/usr/lib/libz.1.dylib
0x0000000001136000 	/usr/lib/libSystem.B.dylib
0x0000000001136000 	/usr/lib/libobjc.A.dylib
0x0000000001136000 	/System/Library/Frameworks/CoreFoundation.framework/Versions/A/CoreFoundation
0x0000000001136000 	/System/Library/Frameworks/Foundation.framework/Versions/C/Foundation
0x0000000001136000 	/System/Library/Frameworks/AppKit.framework/Versions/C/AppKit
0x0000000001136000 	/System/Library/Frameworks/CoreData.framework/Versions/A/CoreData
0x0000000001136000 	/System/Library/PrivateFrameworks/RemoteViewServices.framework/Versions/A/RemoteViewServices
0x0000000001136000 	/System/Library/PrivateFrameworks/UIFoundation.framework/Versions/A/UIFoundation
0x0000000001136000 	/usr/lib/libenergytrace.dylib
0x0000000001136000 	/System/Library/PrivateFrameworks/SkyLight.framework/Versions/A/SkyLight
0x0000000001136000 	/System/Library/Frameworks/CoreGraphics.framework/Versions/A/CoreGraphics
0x0000000001136000 	/usr/lib/libScreenReader.dylib
0x0000000001136000 	/System/Library/Frameworks/Accelerate.framework/Versions/A/Accelerate
0x0000000001136000 	/System/Library/Frameworks/IOSurface.framework/Versions/A/IOSurface
0x0000000001136000 	/System/Library/Frameworks/AudioToolbox.framework/Versions/A/AudioToolbox
0x0000000001136000 	/System/Library/Frameworks/AudioUnit.framework/Versions/A/AudioUnit
0x0000000001136000 	/System/Library/PrivateFrameworks/DataDetectorsCore.framework/Versions/A/DataDetectorsCore
0x0000000001136000 	/System/Library/PrivateFrameworks/DesktopServicesPriv.framework/Versions/A/DesktopServicesPriv
0x0000000001136000 	/System/Library/Frameworks/Carbon.framework/Versions/A/Frameworks/HIToolbox.framework/Versions/A/HIToolbox
0x0000000001136000 	/usr/lib/libicucore.A.dylib
0x0000000001136000 	/System/Library/Frameworks/QuartzCore.framework/Versions/A/QuartzCore
0x0000000001136000 	/System/Library/Frameworks/Carbon.framework/Versions/A/Frameworks/SpeechRecognition.framework/Versions/A/SpeechRecognition
0x0000000001136000 	/usr/lib/libauto.dylib
0x0000000001136000 	/usr/lib/libxml2.2.dylib
0x0000000001136000 	/System/Library/PrivateFrameworks/CoreUI.framework/Versions/A/CoreUI
0x0000000001136000 	/System/Library/Frameworks/CoreAudio.framework/Versions/A/CoreAudio
0x0000000001136000 	/System/Library/Frameworks/DiskArbitration.framework/Versions/A/DiskArbitration
0x0000000001136000 	/usr/lib/liblangid.dylib
0x0000000001136000 	/System/Library/PrivateFrameworks/MultitouchSupport.framework/Versions/A/MultitouchSupport
0x0000000001136000 	/System/Library/Frameworks/IOKit.framework/Versions/A/IOKit
0x0000000001136000 	/usr/lib/libDiagnosticMessagesClient.dylib
0x0000000001136000 	/System/Library/Frameworks/CoreServices.framework/Versions/A/CoreServices
0x0000000001136000 	/System/Library/PrivateFrameworks/PerformanceAnalysis.framework/Versions/A/PerformanceAnalysis
0x0000000001136000 	/System/Library/PrivateFrameworks/GenerationalStorage.framework/Versions/A/GenerationalStorage
0x0000000001136000 	/System/Library/Frameworks/OpenGL.framework/Versions/A/OpenGL
0x0000000001136000 	/System/Library/Frameworks/CoreImage.framework/Versions/A/CoreImage
0x0000000001136000 	/System/Library/Frameworks/CoreText.framework/Versions/A/CoreText
0x0000000001136000 	/System/Library/Frameworks/ImageIO.framework/Versions/A/ImageIO
0x0000000001136000 	/System/Library/PrivateFrameworks/Backup.framework/Versions/A/Backup
0x0000000001136000 	/usr/lib/libarchive.2.dylib
0x0000000001136000 	/System/Library/Frameworks/CFNetwork.framework/Versions/A/CFNetwork
0x0000000001136000 	/System/Library/Frameworks/SystemConfiguration.framework/Versions/A/SystemConfiguration
0x0000000001136000 	/usr/lib/libCRFSuite.dylib
0x0000000001136000 	/usr/lib/libc++.1.dylib
0x0000000001136000 	/usr/lib/libc++abi.dylib
0x0000000001136000 	/usr/lib/system/libcache.dylib
0x0000000001136000 	/usr/lib/system/libcommonCrypto.dylib
0x0000000001136000 	/usr/lib/system/libcompiler_rt.dylib
0x0000000001136000 	/usr/lib/system/libcopyfile.dylib
0x0000000001136000 	/usr/lib/system/libcorecrypto.dylib
0x0000000001136000 	/usr/lib/system/libdispatch.dylib
0x0000000001136000 	/usr/lib/system/libdyld.dylib
0x0000000001136000 	/usr/lib/system/libkeymgr.dylib
0x0000000001136000 	/usr/lib/system/liblaunch.dylib
0x0000000001136000 	/usr/lib/system/libmacho.dylib
0x0000000001136000 	/usr/lib/system/libquarantine.dylib
0x0000000001136000 	/usr/lib/system/libremovefile.dylib
0x0000000001136000 	/usr/lib/system/libsystem_asl.dylib
0x0000000001136000 	/usr/lib/system/libsystem_blocks.dylib
0x0000000001136000 	/usr/lib/system/libsystem_c.dylib
0x0000000001136000 	/usr/lib/system/libsystem_configuration.dylib
0x0000000001136000 	/usr/lib/system/libsystem_coreservices.dylib
0x0000000001136000 	/usr/lib/system/libsystem_coretls.dylib
0x0000000001136000 	/usr/lib/system/libsystem_dnssd.dylib
0x0000000001136000 	/usr/lib/system/libsystem_info.dylib
0x0000000001136000 	/usr/lib/system/libsystem_kernel.dylib
0x0000000001136000 	/usr/lib/system/libsystem_m.dylib
0x0000000001136000 	/usr/lib/system/libsystem_malloc.dylib
0x0000000001136000 	/usr/lib/system/libsystem_network.dylib
0x0000000001136000 	/usr/lib/system/libsystem_networkextension.dylib
0x0000000001136000 	/usr/lib/system/libsystem_notify.dylib
0x0000000001136000 	/usr/lib/system/libsystem_platform.dylib
0x0000000001136000 	/usr/lib/system/libsystem_pthread.dylib
0x0000000001136000 	/usr/lib/system/libsystem_sandbox.dylib
0x0000000001136000 	/usr/lib/system/libsystem_secinit.dylib
0x0000000001136000 	/usr/lib/system/libsystem_symptoms.dylib
0x0000000001136000 	/usr/lib/system/libsystem_trace.dylib
0x0000000001136000 	/usr/lib/system/libunwind.dylib
0x0000000001136000 	/usr/lib/system/libxpc.dylib
0x0000000001136000 	/usr/lib/libbsm.0.dylib
0x0000000001136000 	/usr/lib/system/libkxld.dylib
0x0000000001136000 	/usr/lib/libcoretls.dylib
0x0000000001136000 	/usr/lib/libcoretls_cfhelpers.dylib
0x0000000001136000 	/usr/lib/libxar.1.dylib
0x0000000001136000 	/usr/lib/libsqlite3.dylib
0x0000000001136000 	/usr/lib/libpam.2.dylib
0x0000000001136000 	/usr/lib/libOpenScriptingUtil.dylib
0x0000000001136000 	/usr/lib/libbz2.1.0.dylib
0x0000000001136000 	/usr/lib/liblzma.5.dylib
0x0000000001136000 	/usr/lib/libnetwork.dylib
0x0000000001136000 	/usr/lib/libpcap.A.dylib
0x0000000001136000 	/System/Library/Frameworks/CoreServices.framework/Versions/A/Frameworks/FSEvents.framework/Versions/A/FSEvents
0x0000000001136000 	/System/Library/Frameworks/CoreServices.framework/Versions/A/Frameworks/CarbonCore.framework/Versions/A/CarbonCore
0x0000000001136000 	/System/Library/Frameworks/CoreServices.framework/Versions/A/Frameworks/Metadata.framework/Versions/A/Metadata
0x0000000001136000 	/System/Library/Frameworks/CoreServices.framework/Versions/A/Frameworks/OSServices.framework/Versions/A/OSServices
0x0000000001136000 	/System/Library/Frameworks/CoreServices.framework/Versions/A/Frameworks/SearchKit.framework/Versions/A/SearchKit
0x0000000001136000 	/System/Library/Frameworks/CoreServices.framework/Versions/A/Frameworks/AE.framework/Versions/A/AE
0x0000000001136000 	/System/Library/Frameworks/CoreServices.framework/Versions/A/Frameworks/LaunchServices.framework/Versions/A/LaunchServices
0x0000000001136000 	/System/Library/Frameworks/CoreServices.framework/Versions/A/Frameworks/DictionaryServices.framework/Versions/A/DictionaryServices
0x0000000001136000 	/System/Library/Frameworks/CoreServices.framework/Versions/A/Frameworks/SharedFileList.framework/Versions/A/SharedFileList
0x0000000001136000 	/System/Library/Frameworks/NetFS.framework/Versions/A/NetFS
0x0000000001136000 	/System/Library/PrivateFrameworks/NetAuth.framework/Versions/A/NetAuth
0x0000000001136000 	/System/Library/PrivateFrameworks/login.framework/Versions/A/Frameworks/loginsupport.framework/Versions/A/loginsupport
0x0000000001136000 	/System/Library/PrivateFrameworks/TCC.framework/Versions/A/TCC
0x0000000001136000 	/usr/lib/libmecabra.dylib
0x0000000001136000 	/System/Library/Frameworks/ApplicationServices.framework/Versions/A/Frameworks/ATS.framework/Versions/A/ATS
0x0000000001136000 	/System/Library/Frameworks/ApplicationServices.framework/Versions/A/Frameworks/ColorSync.framework/Versions/A/ColorSync
0x0000000001136000 	/System/Library/Frameworks/ApplicationServices.framework/Versions/A/Frameworks/HIServices.framework/Versions/A/HIServices
0x0000000001136000 	/System/Library/Frameworks/ApplicationServices.framework/Versions/A/Frameworks/LangAnalysis.framework/Versions/A/LangAnalysis
0x0000000001136000 	/System/Library/Frameworks/ApplicationServices.framework/Versions/A/Frameworks/PrintCore.framework/Versions/A/PrintCore
0x0000000001136000 	/System/Library/Frameworks/ApplicationServices.framework/Versions/A/Frameworks/QD.framework/Versions/A/QD
0x0000000001136000 	/System/Library/Frameworks/ApplicationServices.framework/Versions/A/Frameworks/SpeechSynthesis.framework/Versions/A/SpeechSynthesis
0x0000000001136000 	/System/Library/Frameworks/Accelerate.framework/Versions/A/Frameworks/vImage.framework/Versions/A/vImage
0x0000000001136000 	/System/Library/Frameworks/Accelerate.framework/Versions/A/Frameworks/vecLib.framework/Versions/A/vecLib
0x0000000001136000 	/System/Library/Frameworks/Accelerate.framework/Versions/A/Frameworks/vecLib.framework/Versions/A/libvDSP.dylib
0x0000000001136000 	/System/Library/Frameworks/Accelerate.framework/Versions/A/Frameworks/vecLib.framework/Versions/A/libBNNS.dylib
0x0000000001136000 	/System/Library/Frameworks/Accelerate.framework/Versions/A/Frameworks/vecLib.framework/Versions/A/libQuadrature.dylib
0x0000000001136000 	/System/Library/Frameworks/Accelerate.framework/Versions/A/Frameworks/vecLib.framework/Versions/A/libvMisc.dylib
0x0000000001136000 	/System/Library/Frameworks/Accelerate.framework/Versions/A/Frameworks/vecLib.framework/Versions/A/libLAPACK.dylib
0x0000000001136000 	/System/Library/Frameworks/Accelerate.framework/Versions/A/Frameworks/vecLib.framework/Versions/A/libBLAS.dylib
0x0000000001136000 	/System/Library/Frameworks/Accelerate.framework/Versions/A/Frameworks/vecLib.framework/Versions/A/libLinearAlgebra.dylib
0x0000000001136000 	/System/Library/Frameworks/Accelerate.framework/Versions/A/Frameworks/vecLib.framework/Versions/A/libSparseBLAS.dylib
0x0000000001136000 	/System/Library/Frameworks/ApplicationServices.framework/Versions/A/Frameworks/ATS.framework/Versions/A/Resources/libFontParser.dylib
0x0000000001136000 	/System/Library/Frameworks/ApplicationServices.framework/Versions/A/Frameworks/ATS.framework/Versions/A/Resources/libFontRegistry.dylib
0x0000000001136000 	/System/Library/Frameworks/ImageIO.framework/Versions/A/Resources/libJPEG.dylib
0x0000000001136000 	/System/Library/Frameworks/ImageIO.framework/Versions/A/Resources/libTIFF.dylib
0x0000000001136000 	/System/Library/Frameworks/ImageIO.framework/Versions/A/Resources/libPng.dylib
0x0000000001136000 	/System/Library/Frameworks/ImageIO.framework/Versions/A/Resources/libGIF.dylib
0x0000000001136000 	/System/Library/Frameworks/ImageIO.framework/Versions/A/Resources/libJP2.dylib
0x0000000001136000 	/System/Library/Frameworks/ImageIO.framework/Versions/A/Resources/libRadiance.dylib
0x0000000001136000 	/usr/lib/libcompression.dylib
0x0000000001136000 	/System/Library/PrivateFrameworks/AppleJPEG.framework/Versions/A/AppleJPEG
0x0000000001136000 	/usr/lib/libcups.2.dylib
0x0000000001136000 	/System/Library/Frameworks/Kerberos.framework/Versions/A/Kerberos
0x0000000001136000 	/System/Library/Frameworks/GSS.framework/Versions/A/GSS
0x0000000001136000 	/usr/lib/libresolv.9.dylib
0x0000000001136000 	/usr/lib/libiconv.2.dylib
0x0000000001136000 	/System/Library/PrivateFrameworks/Heimdal.framework/Versions/A/Heimdal
0x0000000001136000 	/usr/lib/libheimdal-asn1.dylib
0x0000000001136000 	/System/Library/Frameworks/OpenDirectory.framework/Versions/A/OpenDirectory
0x0000000001136000 	/System/Library/PrivateFrameworks/CommonAuth.framework/Versions/A/CommonAuth
0x0000000001136000 	/System/Library/Frameworks/OpenDirectory.framework/Versions/A/Frameworks/CFOpenDirectory.framework/Versions/A/CFOpenDirectory
0x0000000001136000 	/System/Library/Frameworks/SecurityFoundation.framework/Versions/A/SecurityFoundation
0x0000000001136000 	/System/Library/PrivateFrameworks/LanguageModeling.framework/Versions/A/LanguageModeling
0x0000000001136000 	/usr/lib/libmarisa.dylib
0x0000000001136000 	/usr/lib/libChineseTokenizer.dylib
0x0000000001136000 	/usr/lib/libcmph.dylib
0x0000000001136000 	/System/Library/PrivateFrameworks/CoreEmoji.framework/Versions/A/CoreEmoji
0x0000000001136000 	/System/Library/Frameworks/ServiceManagement.framework/Versions/A/ServiceManagement
0x0000000001136000 	/usr/lib/libxslt.1.dylib
0x0000000001136000 	/System/Library/Frameworks/Carbon.framework/Versions/A/Frameworks/Ink.framework/Versions/A/Ink
0x0000000001136000 	/System/Library/PrivateFrameworks/TextureIO.framework/Versions/A/TextureIO
0x0000000001136000 	/System/Library/Frameworks/Metal.framework/Versions/A/Metal
0x0000000001136000 	/usr/lib/libate.dylib
0x0000000001136000 	/System/Library/PrivateFrameworks/GPUCompiler.framework/libmetal_timestamp.dylib
0x0000000001136000 	/System/Library/Frameworks/OpenGL.framework/Versions/A/Libraries/libCoreFSCache.dylib
0x0000000001136000 	/System/Library/PrivateFrameworks/IOAccelerator.framework/Versions/A/IOAccelerator
0x0000000001136000 	/System/Library/Frameworks/CoreVideo.framework/Versions/A/CoreVideo
0x0000000001136000 	/usr/lib/libFosl_dynamic.dylib
0x0000000001136000 	/System/Library/PrivateFrameworks/MetalPerformanceShaders.framework/Versions/A/MetalPerformanceShaders
0x0000000001136000 	/System/Library/PrivateFrameworks/FaceCore.framework/Versions/A/FaceCore
0x0000000001136000 	/System/Library/Frameworks/OpenCL.framework/Versions/A/OpenCL
0x0000000001136000 	/System/Library/Frameworks/OpenGL.framework/Versions/A/Libraries/libGLU.dylib
0x0000000001136000 	/System/Library/Frameworks/OpenGL.framework/Versions/A/Libraries/libGFXShared.dylib
0x0000000001136000 	/System/Library/Frameworks/OpenGL.framework/Versions/A/Libraries/libGL.dylib
0x0000000001136000 	/System/Library/Frameworks/OpenGL.framework/Versions/A/Libraries/libGLImage.dylib
0x0000000001136000 	/System/Library/Frameworks/OpenGL.framework/Versions/A/Libraries/libCVMSPluginSupport.dylib
0x0000000001136000 	/System/Library/Frameworks/OpenGL.framework/Versions/A/Libraries/libCoreVMClient.dylib
0x0000000001136000 	/System/Library/PrivateFrameworks/CrashReporterSupport.framework/Versions/A/CrashReporterSupport
0x0000000001136000 	/System/Library/PrivateFrameworks/Sharing.framework/Versions/A/Sharing
0x0000000001136000 	/System/Library/PrivateFrameworks/IconServices.framework/Versions/A/IconServices
0x0000000001136000 	/System/Library/PrivateFrameworks/ProtocolBuffer.framework/Versions/A/ProtocolBuffer
0x0000000001136000 	/System/Library/PrivateFrameworks/Apple80211.framework/Versions/A/Apple80211
0x0000000001136000 	/System/Library/Frameworks/CoreWLAN.framework/Versions/A/CoreWLAN
0x0000000001136000 	/System/Library/PrivateFrameworks/CoreUtils.framework/Versions/A/CoreUtils
0x0000000001136000 	/System/Library/Frameworks/IOBluetooth.framework/Versions/A/IOBluetooth
0x0000000001136000 	/System/Library/PrivateFrameworks/CoreWiFi.framework/Versions/A/CoreWiFi
0x0000000001136000 	/System/Library/Frameworks/CoreBluetooth.framework/Versions/A/CoreBluetooth
0x0000000001136000 	/System/Library/Frameworks/CoreDisplay.framework/Versions/A/CoreDisplay
0x0000000001136000 	/System/Library/PrivateFrameworks/IOPresentment.framework/Versions/A/IOPresentment
0x0000000001136000 	/System/Library/PrivateFrameworks/DebugSymbols.framework/Versions/A/DebugSymbols
0x0000000001136000 	/System/Library/PrivateFrameworks/CoreSymbolication.framework/Versions/A/CoreSymbolication
0x0000000001136000 	/System/Library/PrivateFrameworks/Symbolication.framework/Versions/A/Symbolication
0x0000000001136000 	/System/Library/PrivateFrameworks/AppleFSCompression.framework/Versions/A/AppleFSCompression
0x0000000001136000 	/System/Library/PrivateFrameworks/SpeechRecognitionCore.framework/Versions/A/SpeechRecognitionCore
0x0000000001136000 	/System/Library/PrivateFrameworks/ChunkingLibrary.framework/Versions/A/ChunkingLibrary
0x000000010be00000 	/Library/Java/JavaVirtualMachines/jdk1.8.0_111.jdk/Contents/Home/jre/lib/server/libjvm.dylib
0x0000000001136000 	/usr/lib/libstdc++.6.dylib
0x000000010b47b000 	/Library/Java/JavaVirtualMachines/jdk1.8.0_111.jdk/Contents/Home/jre/lib/libverify.dylib
0x000000010b489000 	/Library/Java/JavaVirtualMachines/jdk1.8.0_111.jdk/Contents/Home/jre/lib/libjava.dylib
0x000000010b4c8000 	/Library/Java/JavaVirtualMachines/jdk1.8.0_111.jdk/Contents/Home/jre/lib/libzip.dylib
0x00000001135e3000 	/System/Library/Frameworks/JavaVM.framework/Frameworks/JavaRuntimeSupport.framework/JavaRuntimeSupport
0x00000001135fd000 	/System/Library/Frameworks/JavaVM.framework/Versions/A/Frameworks/JavaNativeFoundation.framework/Versions/A/JavaNativeFoundation
0x000000010b5f3000 	/System/Library/Frameworks/JavaVM.framework/Versions/A/JavaVM
0x0000000001136000 	/System/Library/Frameworks/Carbon.framework/Versions/A/Carbon
0x0000000113612000 	/System/Library/PrivateFrameworks/JavaLaunching.framework/Versions/A/JavaLaunching
0x0000000001136000 	/System/Library/Frameworks/Carbon.framework/Versions/A/Frameworks/CommonPanels.framework/Versions/A/CommonPanels
0x0000000001136000 	/System/Library/Frameworks/Carbon.framework/Versions/A/Frameworks/Help.framework/Versions/A/Help
0x0000000001136000 	/System/Library/Frameworks/Carbon.framework/Versions/A/Frameworks/ImageCapture.framework/Versions/A/ImageCapture
0x0000000001136000 	/System/Library/Frameworks/Carbon.framework/Versions/A/Frameworks/OpenScripting.framework/Versions/A/OpenScripting
0x0000000001136000 	/System/Library/Frameworks/Carbon.framework/Versions/A/Frameworks/Print.framework/Versions/A/Print
0x0000000001136000 	/System/Library/Frameworks/Carbon.framework/Versions/A/Frameworks/SecurityHI.framework/Versions/A/SecurityHI
0x0000000114f1e000 	/Library/Java/JavaVirtualMachines/jdk1.8.0_111.jdk/Contents/Home/jre/lib/libawt.dylib
0x0000000114fc6000 	/Library/Java/JavaVirtualMachines/jdk1.8.0_111.jdk/Contents/Home/jre/lib/./libmlib_image.dylib
0x0000000115092000 	/Library/Java/JavaVirtualMachines/jdk1.8.0_111.jdk/Contents/Home/jre/lib/libawt_lwawt.dylib
0x0000000115147000 	/Library/Java/JavaVirtualMachines/jdk1.8.0_111.jdk/Contents/Home/jre/lib/./libosxapp.dylib
0x0000000001136000 	/System/Library/Frameworks/ExceptionHandling.framework/Versions/A/ExceptionHandling
0x0000000001136000 	/System/Library/PrivateFrameworks/CoreServicesInternal.framework/Versions/A/CoreServicesInternal
0x0000000001136000 	/System/Library/CoreServices/RawCamera.bundle/Contents/MacOS/RawCamera
0x0000000001136000 	/System/Library/Frameworks/Accelerate.framework/Versions/A/Frameworks/vImage.framework/Versions/A/Libraries/libCGInterfaces.dylib
0x0000000001136000 	/System/Library/Frameworks/ApplicationServices.framework/Versions/A/Frameworks/ATS.framework/Versions/A/Resources/libTrueTypeScaler.dylib
0x0000000001136000 	/System/Library/Frameworks/OpenGL.framework/Versions/A/Resources/GLEngine.bundle/GLEngine
0x0000000001136000 	/System/Library/Frameworks/OpenGL.framework/Versions/A/Libraries/libGLProgrammability.dylib
0x0000000116cfd000 	/System/Library/Extensions/AppleIntelHD5000GraphicsGLDriver.bundle/Contents/MacOS/AppleIntelHD5000GraphicsGLDriver
0x0000000001136000 	/System/Library/PrivateFrameworks/GPUSupport.framework/Versions/A/Libraries/libGPUSupportMercury.dylib
0x0000000001136000 	/System/Library/Frameworks/OpenGL.framework/Versions/A/Resources/GLRendererFloat.bundle/GLRendererFloat
0x0000000001136000 	/System/Library/Frameworks/OpenCL.framework/Versions/A/Libraries/libcldcpuengine.dylib
0x0000000001136000 	/usr/lib/libcrypto.0.9.8.dylib
0x0000000001136000 	/System/Library/PrivateFrameworks/TrustEvaluationAgent.framework/Versions/A/TrustEvaluationAgent
0x000000011747f000 	/System/Library/Extensions/AppleIntelHD5000GraphicsMTLDriver.bundle/Contents/MacOS/AppleIntelHD5000GraphicsMTLDriver
0x0000000001136000 	/System/Library/PrivateFrameworks/FamilyControls.framework/Versions/A/FamilyControls
0x0000000001136000 	/System/Library/PrivateFrameworks/CommerceKit.framework/Versions/A/Frameworks/CommerceCore.framework/Versions/A/CommerceCore
0x0000000001136000 	/System/Library/PrivateFrameworks/SystemAdministration.framework/Versions/A/SystemAdministration
0x0000000001136000 	/System/Library/PrivateFrameworks/AppContainer.framework/Versions/A/AppContainer
0x0000000001136000 	/System/Library/PrivateFrameworks/SecCodeWrapper.framework/Versions/A/SecCodeWrapper
0x0000000001136000 	/System/Library/Frameworks/DirectoryService.framework/Versions/A/DirectoryService
0x0000000001136000 	/System/Library/PrivateFrameworks/DiskImages.framework/Versions/A/DiskImages
0x0000000001136000 	/System/Library/PrivateFrameworks/LoginUIKit.framework/Versions/A/Frameworks/LoginUICore.framework/Versions/A/LoginUICore
0x0000000001136000 	/usr/lib/libCoreStorage.dylib
0x0000000001136000 	/usr/lib/libcsfde.dylib
0x0000000001136000 	/usr/lib/libodfde.dylib
0x0000000001136000 	/System/Library/Frameworks/DiscRecording.framework/Versions/A/DiscRecording
0x0000000001136000 	/usr/lib/libcurl.4.dylib
0x0000000001136000 	/System/Library/PrivateFrameworks/MediaKit.framework/Versions/A/MediaKit
0x0000000001136000 	/System/Library/PrivateFrameworks/ProtectedCloudStorage.framework/Versions/A/ProtectedCloudStorage
0x0000000001136000 	/System/Library/PrivateFrameworks/EFILogin.framework/Versions/A/EFILogin
0x0000000001136000 	/usr/lib/libutil.dylib
0x0000000001136000 	/System/Library/Frameworks/LDAP.framework/Versions/A/LDAP
0x0000000001136000 	/usr/lib/libsasl2.2.dylib
0x0000000001136000 	/System/Library/PrivateFrameworks/CoreDaemon.framework/Versions/B/CoreDaemon
0x0000000001136000 	/System/Library/PrivateFrameworks/AppleSRP.framework/Versions/A/AppleSRP
0x0000000001136000 	/System/Library/PrivateFrameworks/APFS.framework/Versions/A/APFS
0x0000000128102000 	/Library/Java/JavaVirtualMachines/jdk1.8.0_111.jdk/Contents/Home/jre/lib/libfontmanager.dylib
0x0000000001136000 	/System/Library/PrivateFrameworks/ViewBridge.framework/Versions/A/ViewBridge
0x0000000001136000 	/System/Library/PrivateFrameworks/XPCService.framework/Versions/A/XPCService
0x0000000001136000 	/System/Library/PrivateFrameworks/AppSandbox.framework/Versions/A/AppSandbox
0x0000000001136000 	/usr/lib/libsandbox.1.dylib
0x0000000001136000 	/usr/lib/libMatch.1.dylib
0x00000001294fd000 	/Library/Java/JavaVirtualMachines/jdk1.8.0_111.jdk/Contents/Home/jre/lib/libosxui.dylib
0x000000012a241000 	/Library/Java/JavaVirtualMachines/jdk1.8.0_111.jdk/Contents/Home/jre/lib/libnet.dylib
0x000000012a2a0000 	/Library/Java/JavaVirtualMachines/jdk1.8.0_111.jdk/Contents/Home/jre/lib/libnio.dylib
0x000000012920b000 	/private/var/folders/qk/z1qqpcwd0wx0z14thz2z48xw0000gr/T/jogamp_0000/file_cache/jln3855070657392583206/jln6095344742525596809/libgluegen-rt.jnilib
0x000000012920f000 	/private/var/folders/qk/z1qqpcwd0wx0z14thz2z48xw0000gr/T/jogamp_0000/file_cache/jln3855070657392583206/jln6095344742525596809/libnativewindow_awt.jnilib
0x000000016852e000 	/Library/Java/JavaVirtualMachines/jdk1.8.0_111.jdk/Contents/Home/jre/lib/libjawt.dylib
0x00000001685b1000 	/private/var/folders/qk/z1qqpcwd0wx0z14thz2z48xw0000gr/T/jogamp_0000/file_cache/jln3855070657392583206/jln6095344742525596809/libnativewindow_macosx.jnilib
0x000000016ac35000 	/private/var/folders/qk/z1qqpcwd0wx0z14thz2z48xw0000gr/T/jogamp_0000/file_cache/jln3855070657392583206/jln6095344742525596809/libjogl_desktop.jnilib
0x0000000174a72000 	/Library/Java/JavaVirtualMachines/jdk1.8.0_111.jdk/Contents/Home/jre/lib/libjpeg.dylib

VM Arguments:
jvm_args: -Djava.security.policy=java.policy.applet -Dfile.encoding=UTF-8 
java_command: sun.applet.AppletViewer ai.files.DisplayPath1520427020997.html
java_class_path (initial): /Users/Justin/AQP-AI/AI/build:/Users/Justin/AQP-AI/AI/lib/core.jar:/Users/Justin/AQP-AI/AI/lib/gluegen-rt.jar:/Users/Justin/AQP-AI/AI/lib/jogl-all.jar:/Users/Justin/AQP-AI/AI/lib/log4j-1.2.15.jar:/Users/Justin/AQP-AI/AI/lib/sqlite-jdbc-3.7.2.jar:/Users/Justin/AQP-AI/AI/lib/json4processing.jar:/Users/Justin/AQP-AI/AI/lib/libTUIO.jar:/Users/Justin/AQP-AI/AI/lib/unfolding.0.9.6.jar:/Users/Justin/AQP-AI/AI/lib/DelaunayTriangulator-1.0.3.jar:/Users/Justin/AQP-AI/AI/lib/guava-12.0.jar:/Users/Justin/.p2/pool/plugins/org.junit_4.12.0.v201504281640/junit.jar:/Users/Justin/.p2/pool/plugins/org.hamcrest.core_1.3.0.v201303031735.jar
Launcher Type: SUN_STANDARD

Environment Variables:
PATH=/usr/bin:/bin:/usr/sbin:/sbin
SHELL=/bin/bash
DISPLAY=/private/tmp/com.apple.launchd.G7Ci6zuywv/org.macosforge.xquartz:0

Signal Handlers:
SIGSEGV: [libjvm.dylib+0x5b03ed], sa_mask[0]=11111111011111110111111111111111, sa_flags=SA_ONSTACK|SA_RESTART|SA_SIGINFO
SIGBUS: [libjvm.dylib+0x5b03ed], sa_mask[0]=11111111011111110111111111111111, sa_flags=SA_RESTART|SA_SIGINFO
SIGFPE: [libjvm.dylib+0x48711c], sa_mask[0]=11111111011111110111111111111111, sa_flags=SA_RESTART|SA_SIGINFO
SIGPIPE: [libjvm.dylib+0x48711c], sa_mask[0]=11111111011111110111111111111111, sa_flags=SA_RESTART|SA_SIGINFO
SIGXFSZ: [libjvm.dylib+0x48711c], sa_mask[0]=11111111011111110111111111111111, sa_flags=SA_RESTART|SA_SIGINFO
SIGILL: [libjvm.dylib+0x48711c], sa_mask[0]=11111111011111110111111111111111, sa_flags=SA_RESTART|SA_SIGINFO
SIGUSR1: SIG_DFL, sa_mask[0]=00000000000000000000000000000000, sa_flags=none
SIGUSR2: [libjvm.dylib+0x486c3a], sa_mask[0]=00100000000000000000000000000000, sa_flags=SA_RESTART|SA_SIGINFO
SIGHUP: [libjvm.dylib+0x485211], sa_mask[0]=11111111011111110111111111111111, sa_flags=SA_RESTART|SA_SIGINFO
SIGINT: [libjvm.dylib+0x485211], sa_mask[0]=11111111011111110111111111111111, sa_flags=SA_RESTART|SA_SIGINFO
SIGTERM: [libjvm.dylib+0x485211], sa_mask[0]=11111111011111110111111111111111, sa_flags=SA_RESTART|SA_SIGINFO
SIGQUIT: [libjvm.dylib+0x485211], sa_mask[0]=11111111011111110111111111111111, sa_flags=SA_RESTART|SA_SIGINFO


---------------  S Y S T E M  ---------------

OS:Bsduname:Darwin 16.0.0 Darwin Kernel Version 16.0.0: Mon Aug 29 17:56:20 PDT 2016; root:xnu-3789.1.32~3/RELEASE_X86_64 x86_64
rlimit: STACK 8192k, CORE 0k, NPROC 709, NOFILE 10240, AS infinity
load average:6.17 4.65 3.29

CPU:total 4 (2 cores per cpu, 2 threads per core) family 6 model 69 stepping 1, cmov, cx8, fxsr, mmx, sse, sse2, sse3, ssse3, sse4.1, sse4.2, popcnt, avx, avx2, aes, clmul, erms, lzcnt, ht, tsc, tscinvbit, bmi1, bmi2

Memory: 4k page, physical 8388608k(3394480k free)

/proc/meminfo:


vm_info: Java HotSpot(TM) 64-Bit Server VM (25.111-b14) for bsd-amd64 JRE (1.8.0_111-b14), built on Sep 22 2016 15:31:41 by "java_re" with gcc 4.2.1 (Based on Apple Inc. build 5658) (LLVM build 2336.11.00)

time: Wed Mar  7 07:51:01 2018
elapsed time: 40 seconds (0d 0h 0m 40s)

