#
# A fatal error has been detected by the Java Runtime Environment:
#
#  SIGSEGV (0xb) at pc=0x00007fffd37f3b5d, pid=61662, tid=0x000000000000080b
#
# JRE version: Java(TM) SE Runtime Environment (8.0_111-b14) (build 1.8.0_111-b14)
# Java VM: Java HotSpot(TM) 64-Bit Server VM (25.111-b14 mixed mode bsd-amd64 compressed oops)
# Problematic frame:
# C  [libobjc.A.dylib+0x6b5d]  objc_msgSend+0x1d
#
# Failed to write core dump. Core dumps have been disabled. To enable core dumping, try "ulimit -c unlimited" before starting Java again
#
# If you would like to submit a bug report, please visit:
#   http://bugreport.java.com/bugreport/crash.jsp
# The crash happened outside the Java Virtual Machine in native code.
# See problematic frame for where to report the bug.
#

---------------  T H R E A D  ---------------

Current thread (0x00007fd0ef809000):  JavaThread "AWT-AppKit" daemon [_thread_in_native, id=2059, stack(0x00007fff4f872000,0x00007fff50072000)]

siginfo: si_signo: 11 (SIGSEGV), si_code: 1 (SEGV_MAPERR), si_addr: 0x000007fd0ede98f8

Registers:
RAX=0x00007fd0f30120b0, RBX=0x000000016ccb23b0, RCX=0x00007fd0f0400ee0, RDX=0x0000000000000000
RSP=0x00007fff5006d418, RBP=0x00007fff5006d4d0, RSI=0x00007fffbd8821c3, RDI=0x00007fd0edec9d80
R8 =0x0000000000000018, R9 =0x00007fd0f0401350, R10=0x000007fd0ede98e0, R11=0x00007fffbd8821c3
R12=0x0000000000000000, R13=0x000000016f0f5bd0, R14=0x000000016ccb23a0, R15=0x00007fd0ef809000
RIP=0x00007fffd37f3b5d, EFLAGS=0x0000000000010202, ERR=0x0000000000000004
  TRAPNO=0x000000000000000e

Top of Stack: (sp=0x00007fff5006d418)
0x00007fff5006d418:   000000016ccb05d7 00007fff5006d470
0x00007fff5006d428:   0000000000000003 00007fff5006d450
0x00007fff5006d438:   000000010fdfd7be 000000016f0f5bd0
0x00007fff5006d448:   000000016f0f5bd0 00007fd0f30120b0
0x00007fff5006d458:   000000016ccb25c0 000000016ccb2640
0x00007fff5006d468:   000000016ccb23b0 00007fffd97b96d0
0x00007fff5006d478:   000000016ccb25d0 00007fffda41df90
0x00007fff5006d488:   00007fd0f30120b0 00007fd0edec9d80
0x00007fff5006d498:   00007fd0edd2a2a0 00007fd0f30120b0
0x00007fff5006d4a8:   00007fd0edec9d80 00007fff5006d558
0x00007fff5006d4b8:   00007fd0ef8091f8 000000016f0f5bd0
0x00007fff5006d4c8:   00007fff5006d580 00007fff5006d548
0x00007fff5006d4d8:   0000000111c3a9f4 000000016f0f5bd0
0x00007fff5006d4e8:   00007fff5006d580 00007fff5006d548
0x00007fff5006d4f8:   0000000111c3a787 0000000111c3a742
0x00007fff5006d508:   00007fff5006d508 000000016f0f5bd0
0x00007fff5006d518:   00007fff5006d580 000000016f0f83c0
0x00007fff5006d528:   0000000000000000 000000016f0f5bd0
0x00007fff5006d538:   0000000000000000 00007fff5006d568
0x00007fff5006d548:   00007fff5006d5c8 0000000111c2b2bd
0x00007fff5006d558:   0000000740057160 0000000111c34538
0x00007fff5006d568:   00007fd0f30120b0 00007fff5006d5c8
0x00007fff5006d578:   00007fd0edec9d80 0000000111c35e02
0x00007fff5006d588:   00007fff5006d588 000000016f0f5d9a
0x00007fff5006d598:   00007fff5006d5f0 000000016f0f83c0
0x00007fff5006d5a8:   0000000000000000 000000016f0f5da8
0x00007fff5006d5b8:   00007fff5006d568 00007fff5006d5d8
0x00007fff5006d5c8:   00007fff5006d638 0000000111c2b2bd
0x00007fff5006d5d8:   00007fd0f30120b0 00000007413879d8
0x00007fff5006d5e8:   00007fd0edec9d80 00000007413879d8
0x00007fff5006d5f8:   00007fff5006d5f8 0000000177fb9f26
0x00007fff5006d608:   00007fff5006d648 0000000177fb9fe0 

Instructions: (pc=0x00007fffd37f3b5d)
0x00007fffd37f3b3d:   0f 1f 00 48 85 ff 2e 74 62 40 f6 c7 01 2e 75 66
0x00007fffd37f3b4d:   49 ba f8 ff ff ff ff 7f 00 00 4c 23 17 49 89 f3
0x00007fffd37f3b5d:   45 23 5a 18 49 c1 e3 04 4d 03 5a 10 49 3b 33 75
0x00007fffd37f3b6d:   04 41 ff 63 08 49 83 3b 01 76 0d 49 83 c3 10 49 

Register to memory mapping:

RAX=0x00007fd0f30120b0 is an unknown value
RBX=0x000000016ccb23b0: Java_jogamp_nativewindow_macosx_OSXUtil_GetScreenRefreshRate0+0x1850 in /private/var/folders/qk/z1qqpcwd0wx0z14thz2z48xw0000gr/T/jogamp_0000/file_cache/jln7058313893409077072/jln3762301244718458191/libnativewindow_macosx.jnilib at 0x000000016ccab000
RCX=0x00007fd0f0400ee0 is an unknown value
RDX=0x0000000000000000 is an unknown value
RSP=0x00007fff5006d418 is pointing into the stack for thread: 0x00007fd0ef809000
RBP=0x00007fff5006d4d0 is pointing into the stack for thread: 0x00007fd0ef809000
RSI=0x00007fffbd8821c3: __NSStyleNameIndexTable+0x814d6 in /System/Library/Frameworks/AppKit.framework/Versions/C/AppKit at 0x00007fffbccf0000
RDI=0x00007fd0edec9d80 is an unknown value
R8 =0x0000000000000018 is an unknown value
R9 =0x00007fd0f0401350 is an unknown value
R10=0x000007fd0ede98e0 is an unknown value
R11=0x00007fffbd8821c3: __NSStyleNameIndexTable+0x814d6 in /System/Library/Frameworks/AppKit.framework/Versions/C/AppKit at 0x00007fffbccf0000
R12=0x0000000000000000 is an unknown value
R13={method} {0x000000016f0f5bd0} 'UnsetJAWTRootSurfaceLayer0' '(JJ)V' in 'jogamp/nativewindow/jawt/macosx/MacOSXJAWTWindow'
R14=0x000000016ccb23a0: Java_jogamp_nativewindow_macosx_OSXUtil_GetScreenRefreshRate0+0x1840 in /private/var/folders/qk/z1qqpcwd0wx0z14thz2z48xw0000gr/T/jogamp_0000/file_cache/jln7058313893409077072/jln3762301244718458191/libnativewindow_macosx.jnilib at 0x000000016ccab000
R15=0x00007fd0ef809000 is a thread


Stack: [0x00007fff4f872000,0x00007fff50072000],  sp=0x00007fff5006d418,  free space=8173k
Native frames: (J=compiled Java code, j=interpreted, Vv=VM code, C=native code)
C  [libobjc.A.dylib+0x6b5d]  objc_msgSend+0x1d
j  jogamp.nativewindow.jawt.macosx.MacOSXJAWTWindow.UnsetJAWTRootSurfaceLayer0(JJ)V+0
j  jogamp.nativewindow.jawt.macosx.MacOSXJAWTWindow.access$200(JJ)V+2
j  jogamp.nativewindow.jawt.macosx.MacOSXJAWTWindow$1.run()V+38
J 2254 C1 com.jogamp.common.util.RunnableTask.run()V (345 bytes) @ 0x000000011208a934 [0x000000011208a7a0+0x194]
v  ~StubRoutines::call_stub
V  [libjvm.dylib+0x2ecf8a]
V  [libjvm.dylib+0x324119]
V  [libjvm.dylib+0x3168e7]
C  [libnativewindow_macosx.jnilib+0x57ae]  Java_jogamp_nativewindow_jawt_macosx_MacOSXJAWTWindow_UnsetJAWTRootSurfaceLayer0+0x2be
C  [Foundation+0x71f2a]  __NSThreadPerformPerform+0x146
C  [CoreFoundation+0xa7551]  __CFRUNLOOP_IS_CALLING_OUT_TO_A_SOURCE0_PERFORM_FUNCTION__+0x11
C  [CoreFoundation+0x88637]  __CFRunLoopDoSources0+0x1a7
C  [CoreFoundation+0x87bb6]  __CFRunLoopRun+0x3a6
C  [CoreFoundation+0x875b4]  CFRunLoopRunSpecific+0x1a4
C  [HIToolbox+0x30f6c]  RunCurrentEventLoopInMode+0xf0
C  [HIToolbox+0x30ca9]  ReceiveNextEventCommon+0xb8
C  [HIToolbox+0x30bd6]  _BlockUntilNextEventMatchingListInModeWithFilter+0x47
C  [AppKit+0x475f5]  _DPSNextEvent+0x445
C  [AppKit+0x7578eb]  -[NSApplication(NSEvent) _nextEventMatchingEventMask:untilDate:inMode:dequeue:]+0x665
C  [libosxapp.dylib+0x23aa]  -[NSApplicationAWT nextEventMatchingMask:untilDate:inMode:dequeue:]+0x7c
C  [AppKit+0x3bfbd]  -[NSApplication run]+0x39e
C  [libosxapp.dylib+0x214d]  +[NSApplicationAWT runAWTLoopWithApp:]+0x9c
C  [libawt_lwawt.dylib+0x444b3]  -[AWTStarter starter:]+0x389
C  [Foundation+0x71f2a]  __NSThreadPerformPerform+0x146
C  [CoreFoundation+0xa7551]  __CFRUNLOOP_IS_CALLING_OUT_TO_A_SOURCE0_PERFORM_FUNCTION__+0x11
C  [CoreFoundation+0x886bd]  __CFRunLoopDoSources0+0x22d
C  [CoreFoundation+0x87bb6]  __CFRunLoopRun+0x3a6
C  [CoreFoundation+0x875b4]  CFRunLoopRunSpecific+0x1a4
C  [java+0x6465]  CreateExecutionEnvironment+0x367
C  [java+0x218c]  JLI_Launch+0x7a0
C  [java+0x84c2]  main+0x65
C  [java+0x19e4]  start+0x34
C  0x0000000000000007

Java frames: (J=compiled Java code, j=interpreted, Vv=VM code)
j  jogamp.nativewindow.jawt.macosx.MacOSXJAWTWindow.UnsetJAWTRootSurfaceLayer0(JJ)V+0
j  jogamp.nativewindow.jawt.macosx.MacOSXJAWTWindow.access$200(JJ)V+2
j  jogamp.nativewindow.jawt.macosx.MacOSXJAWTWindow$1.run()V+38
J 2254 C1 com.jogamp.common.util.RunnableTask.run()V (345 bytes) @ 0x000000011208a934 [0x000000011208a7a0+0x194]
v  ~StubRoutines::call_stub

---------------  P R O C E S S  ---------------

Java Threads: ( => current thread )
  0x00007fd0ef3e6800 JavaThread "Thread-64" [_thread_blocked, id=74279, stack(0x000070000d6f5000,0x000070000d7f5000)]
  0x00007fd0eeadb000 JavaThread "AWT-EventQueue-1" [_thread_in_native, id=66579, stack(0x000070000d5f2000,0x000070000d6f2000)]
  0x00007fd0ef000800 JavaThread "DestroyJavaVM" [_thread_blocked, id=7427, stack(0x000070000c02d000,0x000070000c12d000)]
  0x00007fd0ee1a5800 JavaThread "AWT-EventQueue-0" [_thread_blocked, id=60163, stack(0x000070000d3ec000,0x000070000d4ec000)]
  0x00007fd0ef115800 JavaThread "Java2D Disposer" daemon [_thread_blocked, id=56847, stack(0x000070000d163000,0x000070000d263000)]
  0x00007fd0eea2e800 JavaThread "Java2D Queue Flusher" daemon [_thread_blocked, id=47667, stack(0x000070000d060000,0x000070000d160000)]
  0x00007fd0ef117000 JavaThread "AWT-Shutdown" [_thread_blocked, id=31007, stack(0x000070000ceda000,0x000070000cfda000)]
=>0x00007fd0ef809000 JavaThread "AWT-AppKit" daemon [_thread_in_native, id=2059, stack(0x00007fff4f872000,0x00007fff50072000)]
  0x00007fd0ef807000 JavaThread "Service Thread" daemon [_thread_blocked, id=18947, stack(0x000070000cc51000,0x000070000cd51000)]
  0x00007fd0ee867800 JavaThread "C1 CompilerThread2" daemon [_thread_blocked, id=18435, stack(0x000070000cb4e000,0x000070000cc4e000)]
  0x00007fd0ee867000 JavaThread "C2 CompilerThread1" daemon [_thread_blocked, id=17923, stack(0x000070000ca4b000,0x000070000cb4b000)]
  0x00007fd0ee864000 JavaThread "C2 CompilerThread0" daemon [_thread_blocked, id=17411, stack(0x000070000c948000,0x000070000ca48000)]
  0x00007fd0ee863000 JavaThread "Signal Dispatcher" daemon [_thread_blocked, id=16899, stack(0x000070000c845000,0x000070000c945000)]
  0x00007fd0ef017000 JavaThread "Finalizer" daemon [_thread_blocked, id=12803, stack(0x000070000c742000,0x000070000c842000)]
  0x00007fd0ee836000 JavaThread "Reference Handler" daemon [_thread_blocked, id=12291, stack(0x000070000c63f000,0x000070000c73f000)]

Other Threads:
  0x00007fd0ee831800 VMThread [stack: 0x000070000c53c000,0x000070000c63c000] [id=11779]
  0x00007fd0ee000800 WatcherThread [stack: 0x000070000cd54000,0x000070000ce54000] [id=19459]

VM state:not at safepoint (normal execution)

VM Mutex/Monitor currently owned by a thread: None

Heap:
 PSYoungGen      total 102400K, used 49066K [0x0000000795580000, 0x000000079dc00000, 0x00000007c0000000)
  eden space 101888K, 48% used [0x0000000795580000,0x0000000798552950,0x000000079b900000)
  from space 512K, 18% used [0x000000079bc80000,0x000000079bc98000,0x000000079bd00000)
  to   space 17920K, 0% used [0x000000079ca80000,0x000000079ca80000,0x000000079dc00000)
 ParOldGen       total 87552K, used 34781K [0x0000000740000000, 0x0000000745580000, 0x0000000795580000)
  object space 87552K, 39% used [0x0000000740000000,0x00000007421f76f0,0x0000000745580000)
 Metaspace       used 19589K, capacity 19825K, committed 19968K, reserved 1067008K
  class space    used 1918K, capacity 2015K, committed 2048K, reserved 1048576K

Card table byte_map: [0x0000000120c23000,0x0000000121024000] byte_map_base: 0x000000011d223000

Marking Bits: (ParMarkBitMap*) 0x00000001104fad20
 Begin Bits: [0x0000000121024000, 0x0000000123024000)
 End Bits:   [0x0000000123024000, 0x0000000125024000)

Polling page: 0x0000000110bef000

CodeCache: size=245760Kb used=8164Kb max_used=8177Kb free=237595Kb
 bounds [0x0000000111c23000, 0x0000000112433000, 0x0000000120c23000]
 total_blobs=3258 nmethods=2375 adapters=796
 compilation: enabled

Compilation events (10 events):
Event: 64.996 Thread 0x00007fd0ee867800 2765       3       java.util.HashSet::<init> (16 bytes)
Event: 64.997 Thread 0x00007fd0ee867800 nmethod 2765 0x0000000112269850 code [0x00000001122699e0, 0x0000000112269df0]
Event: 65.016 Thread 0x00007fd0ee867000 2766  s    4       sun.misc.URLClassPath::getNextLoader (88 bytes)
Event: 65.016 Thread 0x00007fd0ee867800 2767  s!   2       sun.misc.URLClassPath::getLoader (197 bytes)
Event: 65.020 Thread 0x00007fd0ee867800 nmethod 2767 0x0000000112412e90 code [0x0000000112413180, 0x00000001124148a8]
Event: 65.022 Thread 0x00007fd0ee867800 2769       3       sun.java2d.pipe.RenderBuffer::putInt (26 bytes)
Event: 65.022 Thread 0x00007fd0ee867800 nmethod 2769 0x0000000112412b10 code [0x0000000112412c80, 0x0000000112412df0]
Event: 65.022 Thread 0x00007fd0ee867800 2768       1       sun.java2d.SurfaceData::isValid (5 bytes)
Event: 65.022 Thread 0x00007fd0ee867800 nmethod 2768 0x0000000112412850 code [0x00000001124129a0, 0x0000000112412ab0]
Event: 65.025 Thread 0x00007fd0ee867000 nmethod 2766 0x0000000112411a50 code [0x0000000112411bc0, 0x0000000112412338]

GC Heap History (10 events):
Event: 31.899 GC heap before
{Heap before GC invocations=9 (full 0):
 PSYoungGen      total 135680K, used 134176K [0x0000000795580000, 0x000000079ef80000, 0x00000007c0000000)
  eden space 122880K, 100% used [0x0000000795580000,0x000000079cd80000,0x000000079cd80000)
  from space 12800K, 88% used [0x000000079e300000,0x000000079ee082d0,0x000000079ef80000)
  to   space 17408K, 0% used [0x000000079cd80000,0x000000079cd80000,0x000000079de80000)
 ParOldGen       total 87552K, used 20113K [0x0000000740000000, 0x0000000745580000, 0x0000000795580000)
  object space 87552K, 22% used [0x0000000740000000,0x00000007413a47e8,0x0000000745580000)
 Metaspace       used 19492K, capacity 19697K, committed 19968K, reserved 1067008K
  class space    used 1910K, capacity 2015K, committed 2048K, reserved 1048576K
Event: 31.904 GC heap after
Heap after GC invocations=9 (full 0):
 PSYoungGen      total 123904K, used 5536K [0x0000000795580000, 0x000000079eb00000, 0x00000007c0000000)
  eden space 118272K, 0% used [0x0000000795580000,0x0000000795580000,0x000000079c900000)
  from space 5632K, 98% used [0x000000079cd80000,0x000000079d2e8150,0x000000079d300000)
  to   space 17408K, 0% used [0x000000079da00000,0x000000079da00000,0x000000079eb00000)
 ParOldGen       total 87552K, used 25897K [0x0000000740000000, 0x0000000745580000, 0x0000000795580000)
  object space 87552K, 29% used [0x0000000740000000,0x000000074194a4c0,0x0000000745580000)
 Metaspace       used 19492K, capacity 19697K, committed 19968K, reserved 1067008K
  class space    used 1910K, capacity 2015K, committed 2048K, reserved 1048576K
}
Event: 39.993 GC heap before
{Heap before GC invocations=10 (full 0):
 PSYoungGen      total 123904K, used 123808K [0x0000000795580000, 0x000000079eb00000, 0x00000007c0000000)
  eden space 118272K, 100% used [0x0000000795580000,0x000000079c900000,0x000000079c900000)
  from space 5632K, 98% used [0x000000079cd80000,0x000000079d2e8150,0x000000079d300000)
  to   space 17408K, 0% used [0x000000079da00000,0x000000079da00000,0x000000079eb00000)
 ParOldGen       total 87552K, used 25897K [0x0000000740000000, 0x0000000745580000, 0x0000000795580000)
  object space 87552K, 29% used [0x0000000740000000,0x000000074194a4c0,0x0000000745580000)
 Metaspace       used 19492K, capacity 19697K, committed 19968K, reserved 1067008K
  class space    used 1910K, capacity 2015K, committed 2048K, reserved 1048576K
Event: 39.999 GC heap after
Heap after GC invocations=10 (full 0):
 PSYoungGen      total 127488K, used 128K [0x0000000795580000, 0x000000079e780000, 0x00000007c0000000)
  eden space 113664K, 0% used [0x0000000795580000,0x0000000795580000,0x000000079c480000)
  from space 13824K, 0% used [0x000000079da00000,0x000000079da20000,0x000000079e780000)
  to   space 17920K, 0% used [0x000000079c480000,0x000000079c480000,0x000000079d600000)
 ParOldGen       total 87552K, used 31349K [0x0000000740000000, 0x0000000745580000, 0x0000000795580000)
  object space 87552K, 35% used [0x0000000740000000,0x0000000741e9d620,0x0000000745580000)
 Metaspace       used 19492K, capacity 19697K, committed 19968K, reserved 1067008K
  class space    used 1910K, capacity 2015K, committed 2048K, reserved 1048576K
}
Event: 48.162 GC heap before
{Heap before GC invocations=11 (full 0):
 PSYoungGen      total 127488K, used 113792K [0x0000000795580000, 0x000000079e780000, 0x00000007c0000000)
  eden space 113664K, 100% used [0x0000000795580000,0x000000079c480000,0x000000079c480000)
  from space 13824K, 0% used [0x000000079da00000,0x000000079da20000,0x000000079e780000)
  to   space 17920K, 0% used [0x000000079c480000,0x000000079c480000,0x000000079d600000)
 ParOldGen       total 87552K, used 31349K [0x0000000740000000, 0x0000000745580000, 0x0000000795580000)
  object space 87552K, 35% used [0x0000000740000000,0x0000000741e9d620,0x0000000745580000)
 Metaspace       used 19520K, capacity 19761K, committed 19968K, reserved 1067008K
  class space    used 1910K, capacity 2015K, committed 2048K, reserved 1048576K
Event: 48.164 GC heap after
Heap after GC invocations=11 (full 0):
 PSYoungGen      total 110080K, used 96K [0x0000000795580000, 0x000000079e480000, 0x00000007c0000000)
  eden space 109568K, 0% used [0x0000000795580000,0x0000000795580000,0x000000079c080000)
  from space 512K, 18% used [0x000000079c480000,0x000000079c498000,0x000000079c500000)
  to   space 18432K, 0% used [0x000000079d280000,0x000000079d280000,0x000000079e480000)
 ParOldGen       total 87552K, used 31373K [0x0000000740000000, 0x0000000745580000, 0x0000000795580000)
  object space 87552K, 35% used [0x0000000740000000,0x0000000741ea3620,0x0000000745580000)
 Metaspace       used 19520K, capacity 19761K, committed 19968K, reserved 1067008K
  class space    used 1910K, capacity 2015K, committed 2048K, reserved 1048576K
}
Event: 54.278 GC heap before
{Heap before GC invocations=12 (full 0):
 PSYoungGen      total 110080K, used 109664K [0x0000000795580000, 0x000000079e480000, 0x00000007c0000000)
  eden space 109568K, 100% used [0x0000000795580000,0x000000079c080000,0x000000079c080000)
  from space 512K, 18% used [0x000000079c480000,0x000000079c498000,0x000000079c500000)
  to   space 18432K, 0% used [0x000000079d280000,0x000000079d280000,0x000000079e480000)
 ParOldGen       total 87552K, used 31373K [0x0000000740000000, 0x0000000745580000, 0x0000000795580000)
  object space 87552K, 35% used [0x0000000740000000,0x0000000741ea3620,0x0000000745580000)
 Metaspace       used 19551K, capacity 19761K, committed 19968K, reserved 1067008K
  class space    used 1910K, capacity 2015K, committed 2048K, reserved 1048576K
Event: 54.282 GC heap after
Heap after GC invocations=12 (full 0):
 PSYoungGen      total 118784K, used 3712K [0x0000000795580000, 0x000000079df80000, 0x00000007c0000000)
  eden space 105472K, 0% used [0x0000000795580000,0x0000000795580000,0x000000079bc80000)
  from space 13312K, 27% used [0x000000079d280000,0x000000079d620110,0x000000079df80000)
  to   space 17920K, 0% used [0x000000079bc80000,0x000000079bc80000,0x000000079ce00000)
 ParOldGen       total 87552K, used 31405K [0x0000000740000000, 0x0000000745580000, 0x0000000795580000)
  object space 87552K, 35% used [0x0000000740000000,0x0000000741eab620,0x0000000745580000)
 Metaspace       used 19551K, capacity 19761K, committed 19968K, reserved 1067008K
  class space    used 1910K, capacity 2015K, committed 2048K, reserved 1048576K
}
Event: 61.812 GC heap before
{Heap before GC invocations=13 (full 0):
 PSYoungGen      total 118784K, used 109184K [0x0000000795580000, 0x000000079df80000, 0x00000007c0000000)
  eden space 105472K, 100% used [0x0000000795580000,0x000000079bc80000,0x000000079bc80000)
  from space 13312K, 27% used [0x000000079d280000,0x000000079d620110,0x000000079df80000)
  to   space 17920K, 0% used [0x000000079bc80000,0x000000079bc80000,0x000000079ce00000)
 ParOldGen       total 87552K, used 31405K [0x0000000740000000, 0x0000000745580000, 0x0000000795580000)
  object space 87552K, 35% used [0x0000000740000000,0x0000000741eab620,0x0000000745580000)
 Metaspace       used 19551K, capacity 19761K, committed 19968K, reserved 1067008K
  class space    used 1910K, capacity 2015K, committed 2048K, reserved 1048576K
Event: 61.816 GC heap after
Heap after GC invocations=13 (full 0):
 PSYoungGen      total 102400K, used 96K [0x0000000795580000, 0x000000079dc00000, 0x00000007c0000000)
  eden space 101888K, 0% used [0x0000000795580000,0x0000000795580000,0x000000079b900000)
  from space 512K, 18% used [0x000000079bc80000,0x000000079bc98000,0x000000079bd00000)
  to   space 17920K, 0% used [0x000000079ca80000,0x000000079ca80000,0x000000079dc00000)
 ParOldGen       total 87552K, used 34781K [0x0000000740000000, 0x0000000745580000, 0x0000000795580000)
  object space 87552K, 39% used [0x0000000740000000,0x00000007421f76f0,0x0000000745580000)
 Metaspace       used 19551K, capacity 19761K, committed 19968K, reserved 1067008K
  class space    used 1910K, capacity 2015K, committed 2048K, reserved 1048576K
}

Deoptimization events (10 events):
Event: 17.613 Thread 0x00007fd0eeadb000 Uncommon trap: reason=speculate_class_check action=maybe_recompile pc=0x00000001122e9c58 method=com.jogamp.common.nio.Buffers.getDirectBufferByteOffset(Ljava/lang/Object;)I @ 31
Event: 17.615 Thread 0x00007fd0eeadb000 Uncommon trap: reason=speculate_class_check action=maybe_recompile pc=0x00000001122e9c58 method=com.jogamp.common.nio.Buffers.getDirectBufferByteOffset(Ljava/lang/Object;)I @ 31
Event: 17.817 Thread 0x00007fd0eeadb000 Uncommon trap: reason=speculate_class_check action=maybe_recompile pc=0x00000001120226d0 method=com.jogamp.common.nio.Buffers.getDirectBufferByteOffset(Ljava/lang/Object;)I @ 42
Event: 17.817 Thread 0x00007fd0eeadb000 Uncommon trap: reason=speculate_class_check action=maybe_recompile pc=0x00000001120226d0 method=com.jogamp.common.nio.Buffers.getDirectBufferByteOffset(Ljava/lang/Object;)I @ 42
Event: 48.229 Thread 0x00007fd0eeadb000 Uncommon trap: reason=unstable_if action=reinterpret pc=0x00000001120c24f0 method=de.fhpotsdam.unfolding.mapdisplay.AbstractMapDisplay.grabTile(Lde/fhpotsdam/unfolding/core/Coordinate;)V @ 19
Event: 48.229 Thread 0x00007fd0eeadb000 Uncommon trap: reason=unstable_if action=reinterpret pc=0x000000011238dae4 method=de.fhpotsdam.unfolding.mapdisplay.AbstractMapDisplay$QueueSorter.compare(Lde/fhpotsdam/unfolding/core/Coordinate;Lde/fhpotsdam/unfolding/core/Coordinate;)I @ 119
Event: 48.229 Thread 0x00007fd0eeadb000 Uncommon trap: reason=unstable_if action=reinterpret pc=0x0000000112037800 method=de.fhpotsdam.unfolding.mapdisplay.AbstractMapDisplay$QueueSorter.compare(Lde/fhpotsdam/unfolding/core/Coordinate;Lde/fhpotsdam/unfolding/core/Coordinate;)I @ 119
Event: 63.743 Thread 0x00007fd0ee22a800 Uncommon trap: reason=unstable_if action=reinterpret pc=0x000000011241ed5c method=sun.awt.PostEventQueue.flush()V @ 23
Event: 64.995 Thread 0x00007fd0ee15d800 Uncommon trap: reason=unstable_if action=reinterpret pc=0x00000001123d3630 method=java.util.HashMap.putVal(ILjava/lang/Object;Ljava/lang/Object;ZZ)Ljava/lang/Object; @ 81
Event: 65.020 Thread 0x00007fd0eeadb000 Uncommon trap: reason=unstable_if action=reinterpret pc=0x000000011239ea84 method=java.security.AccessControlContext.optimize()Ljava/security/AccessControlContext; @ 233

Internal exceptions (10 events):
Event: 0.177 Thread 0x00007fd0ef000800 Exception <a 'java/lang/NoSuchFieldError': method resolution failed> (0x00000007957935e0) thrown at [/Users/java_re/workspace/8-2-build-macosx-x86_64/jdk8u111/7883/hotspot/src/share/vm/prims/methodHandles.cpp, line 1146]
Event: 0.405 Thread 0x00007fd0ef000800 Exception <a 'java/io/FileNotFoundException'> (0x000000079580ec88) thrown at [/Users/java_re/workspace/8-2-build-macosx-x86_64/jdk8u111/7883/hotspot/src/share/vm/prims/jni.cpp, line 709]
Event: 0.406 Thread 0x00007fd0ef000800 Exception <a 'java/io/FileNotFoundException'> (0x000000079580f7f0) thrown at [/Users/java_re/workspace/8-2-build-macosx-x86_64/jdk8u111/7883/hotspot/src/share/vm/prims/jni.cpp, line 709]
Event: 0.436 Thread 0x00007fd0ef000800 Exception <a 'java/io/FileNotFoundException'> (0x0000000795916358) thrown at [/Users/java_re/workspace/8-2-build-macosx-x86_64/jdk8u111/7883/hotspot/src/share/vm/prims/jni.cpp, line 709]
Event: 0.547 Thread 0x00007fd0ef000800 Exception <a 'java/io/FileNotFoundException'> (0x0000000795953210) thrown at [/Users/java_re/workspace/8-2-build-macosx-x86_64/jdk8u111/7883/hotspot/src/share/vm/prims/jni.cpp, line 709]
Event: 3.218 Thread 0x00007fd0ee22a800 Exception <a 'java/io/FileNotFoundException'> (0x00000007965cbb40) thrown at [/Users/java_re/workspace/8-2-build-macosx-x86_64/jdk8u111/7883/hotspot/src/share/vm/prims/jni.cpp, line 709]
Event: 3.219 Thread 0x00007fd0ee22a800 Exception <a 'java/io/FileNotFoundException'> (0x00000007965d2528) thrown at [/Users/java_re/workspace/8-2-build-macosx-x86_64/jdk8u111/7883/hotspot/src/share/vm/prims/jni.cpp, line 709]
Event: 3.220 Thread 0x00007fd0ee22a800 Implicit null exception at 0x0000000111dcd476 to 0x0000000111dcd845
Event: 3.497 Thread 0x00007fd0ee22a800 Exception <a 'java/lang/UnsatisfiedLinkError': com.jogamp.common.util.JarUtil.fixNativeLibAttribs(Ljava/lang/String;)Z> (0x0000000796da83c8) thrown at [/Users/java_re/workspace/8-2-build-macosx-x86_64/jdk8u111/7883/hotspot/src/share/vm/prims/nativeLookup.
Event: 3.919 Thread 0x00007fd0ef017000 Exception <a 'java/lang/NullPointerException'> (0x00000007956f7c40) thrown at [/Users/java_re/workspace/8-2-build-macosx-x86_64/jdk8u111/7883/hotspot/src/share/vm/interpreter/linkResolver.cpp, line 1178]

Events (10 events):
Event: 65.020 loading class java/awt/LightweightDispatcher$2 done
Event: 65.021 loading class java/awt/event/AWTEventListenerProxy
Event: 65.021 loading class java/awt/event/AWTEventListenerProxy done
Event: 65.021 loading class java/awt/Toolkit$ToolkitEventMulticaster
Event: 65.021 loading class java/awt/Toolkit$ToolkitEventMulticaster done
Event: 65.021 Thread 0x00007fd0ee15d800 Thread exited: 0x00007fd0ee15d800
Event: 65.022 loading class java/lang/IllegalThreadStateException
Event: 65.022 loading class java/lang/IllegalThreadStateException done
Event: 65.022 loading class java/awt/Window$1DisposeAction
Event: 65.022 loading class java/awt/Window$1DisposeAction done


Dynamic libraries:
0x0000000049ea3000 	/System/Library/Frameworks/Cocoa.framework/Versions/A/Cocoa
0x0000000049ea3000 	/System/Library/Frameworks/Security.framework/Versions/A/Security
0x0000000049ea3000 	/System/Library/Frameworks/ApplicationServices.framework/Versions/A/ApplicationServices
0x0000000049ea3000 	/usr/lib/libz.1.dylib
0x0000000049ea3000 	/usr/lib/libSystem.B.dylib
0x0000000049ea3000 	/usr/lib/libobjc.A.dylib
0x0000000049ea3000 	/System/Library/Frameworks/CoreFoundation.framework/Versions/A/CoreFoundation
0x0000000049ea3000 	/System/Library/Frameworks/Foundation.framework/Versions/C/Foundation
0x0000000049ea3000 	/System/Library/Frameworks/AppKit.framework/Versions/C/AppKit
0x0000000049ea3000 	/System/Library/Frameworks/CoreData.framework/Versions/A/CoreData
0x0000000049ea3000 	/System/Library/PrivateFrameworks/RemoteViewServices.framework/Versions/A/RemoteViewServices
0x0000000049ea3000 	/System/Library/PrivateFrameworks/UIFoundation.framework/Versions/A/UIFoundation
0x0000000049ea3000 	/usr/lib/libenergytrace.dylib
0x0000000049ea3000 	/System/Library/PrivateFrameworks/SkyLight.framework/Versions/A/SkyLight
0x0000000049ea3000 	/System/Library/Frameworks/CoreGraphics.framework/Versions/A/CoreGraphics
0x0000000049ea3000 	/usr/lib/libScreenReader.dylib
0x0000000049ea3000 	/System/Library/Frameworks/Accelerate.framework/Versions/A/Accelerate
0x0000000049ea3000 	/System/Library/Frameworks/IOSurface.framework/Versions/A/IOSurface
0x0000000049ea3000 	/System/Library/Frameworks/AudioToolbox.framework/Versions/A/AudioToolbox
0x0000000049ea3000 	/System/Library/Frameworks/AudioUnit.framework/Versions/A/AudioUnit
0x0000000049ea3000 	/System/Library/PrivateFrameworks/DataDetectorsCore.framework/Versions/A/DataDetectorsCore
0x0000000049ea3000 	/System/Library/PrivateFrameworks/DesktopServicesPriv.framework/Versions/A/DesktopServicesPriv
0x0000000049ea3000 	/System/Library/Frameworks/Carbon.framework/Versions/A/Frameworks/HIToolbox.framework/Versions/A/HIToolbox
0x0000000049ea3000 	/usr/lib/libicucore.A.dylib
0x0000000049ea3000 	/System/Library/Frameworks/QuartzCore.framework/Versions/A/QuartzCore
0x0000000049ea3000 	/System/Library/Frameworks/Carbon.framework/Versions/A/Frameworks/SpeechRecognition.framework/Versions/A/SpeechRecognition
0x0000000049ea3000 	/usr/lib/libauto.dylib
0x0000000049ea3000 	/usr/lib/libxml2.2.dylib
0x0000000049ea3000 	/System/Library/PrivateFrameworks/CoreUI.framework/Versions/A/CoreUI
0x0000000049ea3000 	/System/Library/Frameworks/CoreAudio.framework/Versions/A/CoreAudio
0x0000000049ea3000 	/System/Library/Frameworks/DiskArbitration.framework/Versions/A/DiskArbitration
0x0000000049ea3000 	/usr/lib/liblangid.dylib
0x0000000049ea3000 	/System/Library/PrivateFrameworks/MultitouchSupport.framework/Versions/A/MultitouchSupport
0x0000000049ea3000 	/System/Library/Frameworks/IOKit.framework/Versions/A/IOKit
0x0000000049ea3000 	/usr/lib/libDiagnosticMessagesClient.dylib
0x0000000049ea3000 	/System/Library/Frameworks/CoreServices.framework/Versions/A/CoreServices
0x0000000049ea3000 	/System/Library/PrivateFrameworks/PerformanceAnalysis.framework/Versions/A/PerformanceAnalysis
0x0000000049ea3000 	/System/Library/PrivateFrameworks/GenerationalStorage.framework/Versions/A/GenerationalStorage
0x0000000049ea3000 	/System/Library/Frameworks/OpenGL.framework/Versions/A/OpenGL
0x0000000049ea3000 	/System/Library/Frameworks/CoreImage.framework/Versions/A/CoreImage
0x0000000049ea3000 	/System/Library/Frameworks/CoreText.framework/Versions/A/CoreText
0x0000000049ea3000 	/System/Library/Frameworks/ImageIO.framework/Versions/A/ImageIO
0x0000000049ea3000 	/System/Library/PrivateFrameworks/Backup.framework/Versions/A/Backup
0x0000000049ea3000 	/usr/lib/libarchive.2.dylib
0x0000000049ea3000 	/System/Library/Frameworks/CFNetwork.framework/Versions/A/CFNetwork
0x0000000049ea3000 	/System/Library/Frameworks/SystemConfiguration.framework/Versions/A/SystemConfiguration
0x0000000049ea3000 	/usr/lib/libCRFSuite.dylib
0x0000000049ea3000 	/usr/lib/libc++.1.dylib
0x0000000049ea3000 	/usr/lib/libc++abi.dylib
0x0000000049ea3000 	/usr/lib/system/libcache.dylib
0x0000000049ea3000 	/usr/lib/system/libcommonCrypto.dylib
0x0000000049ea3000 	/usr/lib/system/libcompiler_rt.dylib
0x0000000049ea3000 	/usr/lib/system/libcopyfile.dylib
0x0000000049ea3000 	/usr/lib/system/libcorecrypto.dylib
0x0000000049ea3000 	/usr/lib/system/libdispatch.dylib
0x0000000049ea3000 	/usr/lib/system/libdyld.dylib
0x0000000049ea3000 	/usr/lib/system/libkeymgr.dylib
0x0000000049ea3000 	/usr/lib/system/liblaunch.dylib
0x0000000049ea3000 	/usr/lib/system/libmacho.dylib
0x0000000049ea3000 	/usr/lib/system/libquarantine.dylib
0x0000000049ea3000 	/usr/lib/system/libremovefile.dylib
0x0000000049ea3000 	/usr/lib/system/libsystem_asl.dylib
0x0000000049ea3000 	/usr/lib/system/libsystem_blocks.dylib
0x0000000049ea3000 	/usr/lib/system/libsystem_c.dylib
0x0000000049ea3000 	/usr/lib/system/libsystem_configuration.dylib
0x0000000049ea3000 	/usr/lib/system/libsystem_coreservices.dylib
0x0000000049ea3000 	/usr/lib/system/libsystem_coretls.dylib
0x0000000049ea3000 	/usr/lib/system/libsystem_dnssd.dylib
0x0000000049ea3000 	/usr/lib/system/libsystem_info.dylib
0x0000000049ea3000 	/usr/lib/system/libsystem_kernel.dylib
0x0000000049ea3000 	/usr/lib/system/libsystem_m.dylib
0x0000000049ea3000 	/usr/lib/system/libsystem_malloc.dylib
0x0000000049ea3000 	/usr/lib/system/libsystem_network.dylib
0x0000000049ea3000 	/usr/lib/system/libsystem_networkextension.dylib
0x0000000049ea3000 	/usr/lib/system/libsystem_notify.dylib
0x0000000049ea3000 	/usr/lib/system/libsystem_platform.dylib
0x0000000049ea3000 	/usr/lib/system/libsystem_pthread.dylib
0x0000000049ea3000 	/usr/lib/system/libsystem_sandbox.dylib
0x0000000049ea3000 	/usr/lib/system/libsystem_secinit.dylib
0x0000000049ea3000 	/usr/lib/system/libsystem_symptoms.dylib
0x0000000049ea3000 	/usr/lib/system/libsystem_trace.dylib
0x0000000049ea3000 	/usr/lib/system/libunwind.dylib
0x0000000049ea3000 	/usr/lib/system/libxpc.dylib
0x0000000049ea3000 	/usr/lib/libbsm.0.dylib
0x0000000049ea3000 	/usr/lib/system/libkxld.dylib
0x0000000049ea3000 	/usr/lib/libcoretls.dylib
0x0000000049ea3000 	/usr/lib/libcoretls_cfhelpers.dylib
0x0000000049ea3000 	/usr/lib/libxar.1.dylib
0x0000000049ea3000 	/usr/lib/libsqlite3.dylib
0x0000000049ea3000 	/usr/lib/libpam.2.dylib
0x0000000049ea3000 	/usr/lib/libOpenScriptingUtil.dylib
0x0000000049ea3000 	/usr/lib/libbz2.1.0.dylib
0x0000000049ea3000 	/usr/lib/liblzma.5.dylib
0x0000000049ea3000 	/usr/lib/libnetwork.dylib
0x0000000049ea3000 	/usr/lib/libpcap.A.dylib
0x0000000049ea3000 	/System/Library/Frameworks/CoreServices.framework/Versions/A/Frameworks/FSEvents.framework/Versions/A/FSEvents
0x0000000049ea3000 	/System/Library/Frameworks/CoreServices.framework/Versions/A/Frameworks/CarbonCore.framework/Versions/A/CarbonCore
0x0000000049ea3000 	/System/Library/Frameworks/CoreServices.framework/Versions/A/Frameworks/Metadata.framework/Versions/A/Metadata
0x0000000049ea3000 	/System/Library/Frameworks/CoreServices.framework/Versions/A/Frameworks/OSServices.framework/Versions/A/OSServices
0x0000000049ea3000 	/System/Library/Frameworks/CoreServices.framework/Versions/A/Frameworks/SearchKit.framework/Versions/A/SearchKit
0x0000000049ea3000 	/System/Library/Frameworks/CoreServices.framework/Versions/A/Frameworks/AE.framework/Versions/A/AE
0x0000000049ea3000 	/System/Library/Frameworks/CoreServices.framework/Versions/A/Frameworks/LaunchServices.framework/Versions/A/LaunchServices
0x0000000049ea3000 	/System/Library/Frameworks/CoreServices.framework/Versions/A/Frameworks/DictionaryServices.framework/Versions/A/DictionaryServices
0x0000000049ea3000 	/System/Library/Frameworks/CoreServices.framework/Versions/A/Frameworks/SharedFileList.framework/Versions/A/SharedFileList
0x0000000049ea3000 	/System/Library/Frameworks/NetFS.framework/Versions/A/NetFS
0x0000000049ea3000 	/System/Library/PrivateFrameworks/NetAuth.framework/Versions/A/NetAuth
0x0000000049ea3000 	/System/Library/PrivateFrameworks/login.framework/Versions/A/Frameworks/loginsupport.framework/Versions/A/loginsupport
0x0000000049ea3000 	/System/Library/PrivateFrameworks/TCC.framework/Versions/A/TCC
0x0000000049ea3000 	/usr/lib/libmecabra.dylib
0x0000000049ea3000 	/System/Library/Frameworks/ApplicationServices.framework/Versions/A/Frameworks/ATS.framework/Versions/A/ATS
0x0000000049ea3000 	/System/Library/Frameworks/ApplicationServices.framework/Versions/A/Frameworks/ColorSync.framework/Versions/A/ColorSync
0x0000000049ea3000 	/System/Library/Frameworks/ApplicationServices.framework/Versions/A/Frameworks/HIServices.framework/Versions/A/HIServices
0x0000000049ea3000 	/System/Library/Frameworks/ApplicationServices.framework/Versions/A/Frameworks/LangAnalysis.framework/Versions/A/LangAnalysis
0x0000000049ea3000 	/System/Library/Frameworks/ApplicationServices.framework/Versions/A/Frameworks/PrintCore.framework/Versions/A/PrintCore
0x0000000049ea3000 	/System/Library/Frameworks/ApplicationServices.framework/Versions/A/Frameworks/QD.framework/Versions/A/QD
0x0000000049ea3000 	/System/Library/Frameworks/ApplicationServices.framework/Versions/A/Frameworks/SpeechSynthesis.framework/Versions/A/SpeechSynthesis
0x0000000049ea3000 	/System/Library/Frameworks/Accelerate.framework/Versions/A/Frameworks/vImage.framework/Versions/A/vImage
0x0000000049ea3000 	/System/Library/Frameworks/Accelerate.framework/Versions/A/Frameworks/vecLib.framework/Versions/A/vecLib
0x0000000049ea3000 	/System/Library/Frameworks/Accelerate.framework/Versions/A/Frameworks/vecLib.framework/Versions/A/libvDSP.dylib
0x0000000049ea3000 	/System/Library/Frameworks/Accelerate.framework/Versions/A/Frameworks/vecLib.framework/Versions/A/libBNNS.dylib
0x0000000049ea3000 	/System/Library/Frameworks/Accelerate.framework/Versions/A/Frameworks/vecLib.framework/Versions/A/libQuadrature.dylib
0x0000000049ea3000 	/System/Library/Frameworks/Accelerate.framework/Versions/A/Frameworks/vecLib.framework/Versions/A/libvMisc.dylib
0x0000000049ea3000 	/System/Library/Frameworks/Accelerate.framework/Versions/A/Frameworks/vecLib.framework/Versions/A/libLAPACK.dylib
0x0000000049ea3000 	/System/Library/Frameworks/Accelerate.framework/Versions/A/Frameworks/vecLib.framework/Versions/A/libBLAS.dylib
0x0000000049ea3000 	/System/Library/Frameworks/Accelerate.framework/Versions/A/Frameworks/vecLib.framework/Versions/A/libLinearAlgebra.dylib
0x0000000049ea3000 	/System/Library/Frameworks/Accelerate.framework/Versions/A/Frameworks/vecLib.framework/Versions/A/libSparseBLAS.dylib
0x0000000049ea3000 	/System/Library/Frameworks/ApplicationServices.framework/Versions/A/Frameworks/ATS.framework/Versions/A/Resources/libFontParser.dylib
0x0000000049ea3000 	/System/Library/Frameworks/ApplicationServices.framework/Versions/A/Frameworks/ATS.framework/Versions/A/Resources/libFontRegistry.dylib
0x0000000049ea3000 	/System/Library/Frameworks/ImageIO.framework/Versions/A/Resources/libJPEG.dylib
0x0000000049ea3000 	/System/Library/Frameworks/ImageIO.framework/Versions/A/Resources/libTIFF.dylib
0x0000000049ea3000 	/System/Library/Frameworks/ImageIO.framework/Versions/A/Resources/libPng.dylib
0x0000000049ea3000 	/System/Library/Frameworks/ImageIO.framework/Versions/A/Resources/libGIF.dylib
0x0000000049ea3000 	/System/Library/Frameworks/ImageIO.framework/Versions/A/Resources/libJP2.dylib
0x0000000049ea3000 	/System/Library/Frameworks/ImageIO.framework/Versions/A/Resources/libRadiance.dylib
0x0000000049ea3000 	/usr/lib/libcompression.dylib
0x0000000049ea3000 	/System/Library/PrivateFrameworks/AppleJPEG.framework/Versions/A/AppleJPEG
0x0000000049ea3000 	/usr/lib/libcups.2.dylib
0x0000000049ea3000 	/System/Library/Frameworks/Kerberos.framework/Versions/A/Kerberos
0x0000000049ea3000 	/System/Library/Frameworks/GSS.framework/Versions/A/GSS
0x0000000049ea3000 	/usr/lib/libresolv.9.dylib
0x0000000049ea3000 	/usr/lib/libiconv.2.dylib
0x0000000049ea3000 	/System/Library/PrivateFrameworks/Heimdal.framework/Versions/A/Heimdal
0x0000000049ea3000 	/usr/lib/libheimdal-asn1.dylib
0x0000000049ea3000 	/System/Library/Frameworks/OpenDirectory.framework/Versions/A/OpenDirectory
0x0000000049ea3000 	/System/Library/PrivateFrameworks/CommonAuth.framework/Versions/A/CommonAuth
0x0000000049ea3000 	/System/Library/Frameworks/OpenDirectory.framework/Versions/A/Frameworks/CFOpenDirectory.framework/Versions/A/CFOpenDirectory
0x0000000049ea3000 	/System/Library/Frameworks/SecurityFoundation.framework/Versions/A/SecurityFoundation
0x0000000049ea3000 	/System/Library/PrivateFrameworks/LanguageModeling.framework/Versions/A/LanguageModeling
0x0000000049ea3000 	/usr/lib/libmarisa.dylib
0x0000000049ea3000 	/usr/lib/libChineseTokenizer.dylib
0x0000000049ea3000 	/usr/lib/libcmph.dylib
0x0000000049ea3000 	/System/Library/PrivateFrameworks/CoreEmoji.framework/Versions/A/CoreEmoji
0x0000000049ea3000 	/System/Library/Frameworks/ServiceManagement.framework/Versions/A/ServiceManagement
0x0000000049ea3000 	/usr/lib/libxslt.1.dylib
0x0000000049ea3000 	/System/Library/Frameworks/Carbon.framework/Versions/A/Frameworks/Ink.framework/Versions/A/Ink
0x0000000049ea3000 	/System/Library/PrivateFrameworks/TextureIO.framework/Versions/A/TextureIO
0x0000000049ea3000 	/System/Library/Frameworks/Metal.framework/Versions/A/Metal
0x0000000049ea3000 	/usr/lib/libate.dylib
0x0000000049ea3000 	/System/Library/PrivateFrameworks/GPUCompiler.framework/libmetal_timestamp.dylib
0x0000000049ea3000 	/System/Library/Frameworks/OpenGL.framework/Versions/A/Libraries/libCoreFSCache.dylib
0x0000000049ea3000 	/System/Library/PrivateFrameworks/IOAccelerator.framework/Versions/A/IOAccelerator
0x0000000049ea3000 	/System/Library/Frameworks/CoreVideo.framework/Versions/A/CoreVideo
0x0000000049ea3000 	/usr/lib/libFosl_dynamic.dylib
0x0000000049ea3000 	/System/Library/PrivateFrameworks/MetalPerformanceShaders.framework/Versions/A/MetalPerformanceShaders
0x0000000049ea3000 	/System/Library/PrivateFrameworks/FaceCore.framework/Versions/A/FaceCore
0x0000000049ea3000 	/System/Library/Frameworks/OpenCL.framework/Versions/A/OpenCL
0x0000000049ea3000 	/System/Library/Frameworks/OpenGL.framework/Versions/A/Libraries/libGLU.dylib
0x0000000049ea3000 	/System/Library/Frameworks/OpenGL.framework/Versions/A/Libraries/libGFXShared.dylib
0x0000000049ea3000 	/System/Library/Frameworks/OpenGL.framework/Versions/A/Libraries/libGL.dylib
0x0000000049ea3000 	/System/Library/Frameworks/OpenGL.framework/Versions/A/Libraries/libGLImage.dylib
0x0000000049ea3000 	/System/Library/Frameworks/OpenGL.framework/Versions/A/Libraries/libCVMSPluginSupport.dylib
0x0000000049ea3000 	/System/Library/Frameworks/OpenGL.framework/Versions/A/Libraries/libCoreVMClient.dylib
0x0000000049ea3000 	/System/Library/PrivateFrameworks/CrashReporterSupport.framework/Versions/A/CrashReporterSupport
0x0000000049ea3000 	/System/Library/PrivateFrameworks/Sharing.framework/Versions/A/Sharing
0x0000000049ea3000 	/System/Library/PrivateFrameworks/IconServices.framework/Versions/A/IconServices
0x0000000049ea3000 	/System/Library/PrivateFrameworks/ProtocolBuffer.framework/Versions/A/ProtocolBuffer
0x0000000049ea3000 	/System/Library/PrivateFrameworks/Apple80211.framework/Versions/A/Apple80211
0x0000000049ea3000 	/System/Library/Frameworks/CoreWLAN.framework/Versions/A/CoreWLAN
0x0000000049ea3000 	/System/Library/PrivateFrameworks/CoreUtils.framework/Versions/A/CoreUtils
0x0000000049ea3000 	/System/Library/Frameworks/IOBluetooth.framework/Versions/A/IOBluetooth
0x0000000049ea3000 	/System/Library/PrivateFrameworks/CoreWiFi.framework/Versions/A/CoreWiFi
0x0000000049ea3000 	/System/Library/Frameworks/CoreBluetooth.framework/Versions/A/CoreBluetooth
0x0000000049ea3000 	/System/Library/Frameworks/CoreDisplay.framework/Versions/A/CoreDisplay
0x0000000049ea3000 	/System/Library/PrivateFrameworks/IOPresentment.framework/Versions/A/IOPresentment
0x0000000049ea3000 	/System/Library/PrivateFrameworks/DebugSymbols.framework/Versions/A/DebugSymbols
0x0000000049ea3000 	/System/Library/PrivateFrameworks/CoreSymbolication.framework/Versions/A/CoreSymbolication
0x0000000049ea3000 	/System/Library/PrivateFrameworks/Symbolication.framework/Versions/A/Symbolication
0x0000000049ea3000 	/System/Library/PrivateFrameworks/AppleFSCompression.framework/Versions/A/AppleFSCompression
0x0000000049ea3000 	/System/Library/PrivateFrameworks/SpeechRecognitionCore.framework/Versions/A/SpeechRecognitionCore
0x0000000049ea3000 	/System/Library/PrivateFrameworks/ChunkingLibrary.framework/Versions/A/ChunkingLibrary
0x000000010fc0b000 	/Library/Java/JavaVirtualMachines/jdk1.8.0_111.jdk/Contents/Home/jre/lib/server/libjvm.dylib
0x0000000049ea3000 	/usr/lib/libstdc++.6.dylib
0x0000000110bac000 	/Library/Java/JavaVirtualMachines/jdk1.8.0_111.jdk/Contents/Home/jre/lib/libverify.dylib
0x0000000110bba000 	/Library/Java/JavaVirtualMachines/jdk1.8.0_111.jdk/Contents/Home/jre/lib/libjava.dylib
0x0000000111400000 	/Library/Java/JavaVirtualMachines/jdk1.8.0_111.jdk/Contents/Home/jre/lib/libzip.dylib
0x0000000126dfa000 	/System/Library/Frameworks/JavaVM.framework/Frameworks/JavaRuntimeSupport.framework/JavaRuntimeSupport
0x0000000126e14000 	/System/Library/Frameworks/JavaVM.framework/Versions/A/Frameworks/JavaNativeFoundation.framework/Versions/A/JavaNativeFoundation
0x0000000126e29000 	/System/Library/Frameworks/JavaVM.framework/Versions/A/JavaVM
0x0000000049ea3000 	/System/Library/Frameworks/Carbon.framework/Versions/A/Carbon
0x0000000126e36000 	/System/Library/PrivateFrameworks/JavaLaunching.framework/Versions/A/JavaLaunching
0x0000000049ea3000 	/System/Library/Frameworks/Carbon.framework/Versions/A/Frameworks/CommonPanels.framework/Versions/A/CommonPanels
0x0000000049ea3000 	/System/Library/Frameworks/Carbon.framework/Versions/A/Frameworks/Help.framework/Versions/A/Help
0x0000000049ea3000 	/System/Library/Frameworks/Carbon.framework/Versions/A/Frameworks/ImageCapture.framework/Versions/A/ImageCapture
0x0000000049ea3000 	/System/Library/Frameworks/Carbon.framework/Versions/A/Frameworks/OpenScripting.framework/Versions/A/OpenScripting
0x0000000049ea3000 	/System/Library/Frameworks/Carbon.framework/Versions/A/Frameworks/Print.framework/Versions/A/Print
0x0000000049ea3000 	/System/Library/Frameworks/Carbon.framework/Versions/A/Frameworks/SecurityHI.framework/Versions/A/SecurityHI
0x000000012873c000 	/Library/Java/JavaVirtualMachines/jdk1.8.0_111.jdk/Contents/Home/jre/lib/libawt.dylib
0x00000001287e4000 	/Library/Java/JavaVirtualMachines/jdk1.8.0_111.jdk/Contents/Home/jre/lib/./libmlib_image.dylib
0x00000001288b0000 	/Library/Java/JavaVirtualMachines/jdk1.8.0_111.jdk/Contents/Home/jre/lib/libawt_lwawt.dylib
0x0000000128965000 	/Library/Java/JavaVirtualMachines/jdk1.8.0_111.jdk/Contents/Home/jre/lib/./libosxapp.dylib
0x0000000049ea3000 	/System/Library/Frameworks/ExceptionHandling.framework/Versions/A/ExceptionHandling
0x0000000049ea3000 	/System/Library/PrivateFrameworks/CoreServicesInternal.framework/Versions/A/CoreServicesInternal
0x0000000049ea3000 	/System/Library/CoreServices/RawCamera.bundle/Contents/MacOS/RawCamera
0x0000000049ea3000 	/System/Library/Frameworks/Accelerate.framework/Versions/A/Frameworks/vImage.framework/Versions/A/Libraries/libCGInterfaces.dylib
0x0000000049ea3000 	/System/Library/Frameworks/ApplicationServices.framework/Versions/A/Frameworks/ATS.framework/Versions/A/Resources/libTrueTypeScaler.dylib
0x0000000049ea3000 	/System/Library/Frameworks/OpenGL.framework/Versions/A/Resources/GLEngine.bundle/GLEngine
0x0000000049ea3000 	/System/Library/Frameworks/OpenGL.framework/Versions/A/Libraries/libGLProgrammability.dylib
0x000000012a51a000 	/System/Library/Extensions/AppleIntelHD5000GraphicsGLDriver.bundle/Contents/MacOS/AppleIntelHD5000GraphicsGLDriver
0x0000000049ea3000 	/System/Library/PrivateFrameworks/GPUSupport.framework/Versions/A/Libraries/libGPUSupportMercury.dylib
0x0000000049ea3000 	/System/Library/Frameworks/OpenGL.framework/Versions/A/Resources/GLRendererFloat.bundle/GLRendererFloat
0x0000000049ea3000 	/System/Library/Frameworks/OpenCL.framework/Versions/A/Libraries/libcldcpuengine.dylib
0x0000000049ea3000 	/usr/lib/libcrypto.0.9.8.dylib
0x0000000049ea3000 	/System/Library/PrivateFrameworks/TrustEvaluationAgent.framework/Versions/A/TrustEvaluationAgent
0x000000012ac98000 	/System/Library/Extensions/AppleIntelHD5000GraphicsMTLDriver.bundle/Contents/MacOS/AppleIntelHD5000GraphicsMTLDriver
0x0000000049ea3000 	/System/Library/PrivateFrameworks/FamilyControls.framework/Versions/A/FamilyControls
0x0000000049ea3000 	/System/Library/PrivateFrameworks/CommerceKit.framework/Versions/A/Frameworks/CommerceCore.framework/Versions/A/CommerceCore
0x0000000049ea3000 	/System/Library/PrivateFrameworks/SystemAdministration.framework/Versions/A/SystemAdministration
0x0000000049ea3000 	/System/Library/PrivateFrameworks/AppContainer.framework/Versions/A/AppContainer
0x0000000049ea3000 	/System/Library/PrivateFrameworks/SecCodeWrapper.framework/Versions/A/SecCodeWrapper
0x0000000049ea3000 	/System/Library/Frameworks/DirectoryService.framework/Versions/A/DirectoryService
0x0000000049ea3000 	/System/Library/PrivateFrameworks/DiskImages.framework/Versions/A/DiskImages
0x0000000049ea3000 	/System/Library/PrivateFrameworks/LoginUIKit.framework/Versions/A/Frameworks/LoginUICore.framework/Versions/A/LoginUICore
0x0000000049ea3000 	/usr/lib/libCoreStorage.dylib
0x0000000049ea3000 	/usr/lib/libcsfde.dylib
0x0000000049ea3000 	/usr/lib/libodfde.dylib
0x0000000049ea3000 	/System/Library/Frameworks/DiscRecording.framework/Versions/A/DiscRecording
0x0000000049ea3000 	/usr/lib/libcurl.4.dylib
0x0000000049ea3000 	/System/Library/PrivateFrameworks/MediaKit.framework/Versions/A/MediaKit
0x0000000049ea3000 	/System/Library/PrivateFrameworks/ProtectedCloudStorage.framework/Versions/A/ProtectedCloudStorage
0x0000000049ea3000 	/System/Library/PrivateFrameworks/EFILogin.framework/Versions/A/EFILogin
0x0000000049ea3000 	/usr/lib/libutil.dylib
0x0000000049ea3000 	/System/Library/Frameworks/LDAP.framework/Versions/A/LDAP
0x0000000049ea3000 	/usr/lib/libsasl2.2.dylib
0x0000000049ea3000 	/System/Library/PrivateFrameworks/CoreDaemon.framework/Versions/B/CoreDaemon
0x0000000049ea3000 	/System/Library/PrivateFrameworks/AppleSRP.framework/Versions/A/AppleSRP
0x0000000049ea3000 	/System/Library/PrivateFrameworks/APFS.framework/Versions/A/APFS
0x000000012c852000 	/Library/Java/JavaVirtualMachines/jdk1.8.0_111.jdk/Contents/Home/jre/lib/libfontmanager.dylib
0x0000000049ea3000 	/System/Library/PrivateFrameworks/ViewBridge.framework/Versions/A/ViewBridge
0x0000000049ea3000 	/System/Library/PrivateFrameworks/XPCService.framework/Versions/A/XPCService
0x0000000049ea3000 	/System/Library/PrivateFrameworks/AppSandbox.framework/Versions/A/AppSandbox
0x0000000049ea3000 	/usr/lib/libsandbox.1.dylib
0x0000000049ea3000 	/usr/lib/libMatch.1.dylib
0x000000012dc4d000 	/Library/Java/JavaVirtualMachines/jdk1.8.0_111.jdk/Contents/Home/jre/lib/libosxui.dylib
0x000000012e9c6000 	/Library/Java/JavaVirtualMachines/jdk1.8.0_111.jdk/Contents/Home/jre/lib/libnet.dylib
0x000000012ea25000 	/Library/Java/JavaVirtualMachines/jdk1.8.0_111.jdk/Contents/Home/jre/lib/libnio.dylib
0x000000012d95b000 	/private/var/folders/qk/z1qqpcwd0wx0z14thz2z48xw0000gr/T/jogamp_0000/file_cache/jln7058313893409077072/jln3762301244718458191/libgluegen-rt.jnilib
0x000000012d95f000 	/private/var/folders/qk/z1qqpcwd0wx0z14thz2z48xw0000gr/T/jogamp_0000/file_cache/jln7058313893409077072/jln3762301244718458191/libnativewindow_awt.jnilib
0x0000000130731000 	/Library/Java/JavaVirtualMachines/jdk1.8.0_111.jdk/Contents/Home/jre/lib/libjawt.dylib
0x000000016ccab000 	/private/var/folders/qk/z1qqpcwd0wx0z14thz2z48xw0000gr/T/jogamp_0000/file_cache/jln7058313893409077072/jln3762301244718458191/libnativewindow_macosx.jnilib
0x000000016f21d000 	/private/var/folders/qk/z1qqpcwd0wx0z14thz2z48xw0000gr/T/jogamp_0000/file_cache/jln7058313893409077072/jln3762301244718458191/libjogl_desktop.jnilib
0x0000000129242000 	/Library/Java/JavaVirtualMachines/jdk1.8.0_111.jdk/Contents/Home/jre/lib/libjpeg.dylib

VM Arguments:
jvm_args: -Djava.security.policy=java.policy.applet -Dfile.encoding=UTF-8 
java_command: sun.applet.AppletViewer ai.files.DisplayPath1519705551930.html
java_class_path (initial): /Users/Justin/AQP-AI/AI/build:/Users/Justin/AQP-AI/AI/lib/core.jar:/Users/Justin/AQP-AI/AI/lib/gluegen-rt.jar:/Users/Justin/AQP-AI/AI/lib/jogl-all.jar:/Users/Justin/AQP-AI/AI/lib/log4j-1.2.15.jar:/Users/Justin/AQP-AI/AI/lib/sqlite-jdbc-3.7.2.jar:/Users/Justin/AQP-AI/AI/lib/json4processing.jar:/Users/Justin/AQP-AI/AI/lib/libTUIO.jar:/Users/Justin/AQP-AI/AI/lib/unfolding.0.9.6.jar:/Users/Justin/AQP-AI/AI/lib/DelaunayTriangulator-1.0.3.jar:/Users/Justin/AQP-AI/AI/lib/guava-12.0.jar:/Users/Justin/.p2/pool/plugins/org.junit_4.12.0.v201504281640/junit.jar:/Users/Justin/.p2/pool/plugins/org.hamcrest.core_1.3.0.v201303031735.jar
Launcher Type: SUN_STANDARD

Environment Variables:
PATH=/usr/bin:/bin:/usr/sbin:/sbin
SHELL=/bin/bash
DISPLAY=/private/tmp/com.apple.launchd.mCTsStFHO5/org.macosforge.xquartz:0

Signal Handlers:
SIGSEGV: [libjvm.dylib+0x5b03ed], sa_mask[0]=11111111011111110111111111111111, sa_flags=SA_ONSTACK|SA_RESTART|SA_SIGINFO
SIGBUS: [libjvm.dylib+0x5b03ed], sa_mask[0]=11111111011111110111111111111111, sa_flags=SA_RESTART|SA_SIGINFO
SIGFPE: [libjvm.dylib+0x48711c], sa_mask[0]=11111111011111110111111111111111, sa_flags=SA_RESTART|SA_SIGINFO
SIGPIPE: [libjvm.dylib+0x48711c], sa_mask[0]=11111111011111110111111111111111, sa_flags=SA_RESTART|SA_SIGINFO
SIGXFSZ: [libjvm.dylib+0x48711c], sa_mask[0]=11111111011111110111111111111111, sa_flags=SA_RESTART|SA_SIGINFO
SIGILL: [libjvm.dylib+0x48711c], sa_mask[0]=11111111011111110111111111111111, sa_flags=SA_RESTART|SA_SIGINFO
SIGUSR1: SIG_DFL, sa_mask[0]=00000000000000000000000000000000, sa_flags=none
SIGUSR2: [libjvm.dylib+0x486c3a], sa_mask[0]=00100000000000000000000000000000, sa_flags=SA_RESTART|SA_SIGINFO
SIGHUP: [libjvm.dylib+0x485211], sa_mask[0]=11111111011111110111111111111111, sa_flags=SA_RESTART|SA_SIGINFO
SIGINT: [libjvm.dylib+0x485211], sa_mask[0]=11111111011111110111111111111111, sa_flags=SA_RESTART|SA_SIGINFO
SIGTERM: [libjvm.dylib+0x485211], sa_mask[0]=11111111011111110111111111111111, sa_flags=SA_RESTART|SA_SIGINFO
SIGQUIT: [libjvm.dylib+0x485211], sa_mask[0]=11111111011111110111111111111111, sa_flags=SA_RESTART|SA_SIGINFO


---------------  S Y S T E M  ---------------

OS:Bsduname:Darwin 16.0.0 Darwin Kernel Version 16.0.0: Mon Aug 29 17:56:20 PDT 2016; root:xnu-3789.1.32~3/RELEASE_X86_64 x86_64
rlimit: STACK 8192k, CORE 0k, NPROC 709, NOFILE 10240, AS infinity
load average:2.61 2.62 2.53

CPU:total 4 (2 cores per cpu, 2 threads per core) family 6 model 69 stepping 1, cmov, cx8, fxsr, mmx, sse, sse2, sse3, ssse3, sse4.1, sse4.2, popcnt, avx, avx2, aes, clmul, erms, lzcnt, ht, tsc, tscinvbit, bmi1, bmi2

Memory: 4k page, physical 8388608k(193372k free)

/proc/meminfo:


vm_info: Java HotSpot(TM) 64-Bit Server VM (25.111-b14) for bsd-amd64 JRE (1.8.0_111-b14), built on Sep 22 2016 15:31:41 by "java_re" with gcc 4.2.1 (Based on Apple Inc. build 5658) (LLVM build 2336.11.00)

time: Mon Feb 26 23:26:57 2018
elapsed time: 65 seconds (0d 0h 1m 5s)

