#
# A fatal error has been detected by the Java Runtime Environment:
#
#  SIGSEGV (0xb) at pc=0x00007fff8aa86b5d, pid=9583, tid=0x000000000000080b
#
# JRE version: Java(TM) SE Runtime Environment (8.0_111-b14) (build 1.8.0_111-b14)
# Java VM: Java HotSpot(TM) 64-Bit Server VM (25.111-b14 mixed mode bsd-amd64 compressed oops)
# Problematic frame:
# C  [libobjc.A.dylib+0x6b5d]  objc_msgSend+0x1d
#
# Failed to write core dump. Core dumps have been disabled. To enable core dumping, try "ulimit -c unlimited" before starting Java again
#
# If you would like to submit a bug report, please visit:
#   http://bugreport.java.com/bugreport/crash.jsp
# The crash happened outside the Java Virtual Machine in native code.
# See problematic frame for where to report the bug.
#

---------------  T H R E A D  ---------------

Current thread (0x00007f93cb188000):  JavaThread "AWT-AppKit" daemon [_thread_in_native, id=2059, stack(0x00007fff57a48000,0x00007fff58248000)]

siginfo: si_signo: 11 (SIGSEGV), si_code: 1 (SEGV_MAPERR), si_addr: 0x000007f93cf17028

Registers:
RAX=0x00007f93c9cd78f0, RBX=0x0000000164b473b0, RCX=0x00007f93cc501460, RDX=0x0000000000000000
RSP=0x00007fff58243508, RBP=0x00007fff582435c0, RSI=0x00007fff74b151c3, RDI=0x00007f93c9db9770
R8 =0x0000000000000018, R9 =0x00007f93cc5013d0, R10=0x000007f93cf17010, R11=0x00007fff74b151c3
R12=0x0000000000000000, R13=0x00000001674acd90, R14=0x0000000164b473a0, R15=0x00007f93cb188000
RIP=0x00007fff8aa86b5d, EFLAGS=0x0000000000010202, ERR=0x0000000000000004
  TRAPNO=0x000000000000000e

Top of Stack: (sp=0x00007fff58243508)
0x00007fff58243508:   0000000164b455d7 00007fff58243560
0x00007fff58243518:   0000000000000003 00007fff58243540
0x00007fff58243528:   00000001085f27be 00000001674acd90
0x00007fff58243538:   00000001674acd90 00007f93c9cd78f0
0x00007fff58243548:   0000000164b475c0 0000000164b47640
0x00007fff58243558:   0000000164b473b0 00007fff90a4c6d0
0x00007fff58243568:   0000000164b475d0 00007fff916b0f90
0x00007fff58243578:   00007f93c9cd78f0 00007f93c9db9770
0x00007fff58243588:   00007f93c9cc0050 00007f93c9cd78f0
0x00007fff58243598:   00007f93c9db9770 00007fff58243648
0x00007fff582435a8:   00007f93cb1881f8 00000001674acd90
0x00007fff582435b8:   00007fff58243670 00007fff58243638
0x00007fff582435c8:   0000000114eb19f4 00000001674acd90
0x00007fff582435d8:   00007fff58243670 00007fff58243638
0x00007fff582435e8:   0000000114eb1787 0000000114eb1742
0x00007fff582435f8:   00007fff582435f8 00000001674acd90
0x00007fff58243608:   00007fff58243670 00000001674af580
0x00007fff58243618:   0000000000000000 00000001674acd90
0x00007fff58243628:   0000000000000000 00007fff58243658
0x00007fff58243638:   00007fff582436b8 0000000114ea22bd
0x00007fff58243648:   0000000741aa1f58 0000000114eab538
0x00007fff58243658:   00007f93c9cd78f0 00007fff582436b8
0x00007fff58243668:   00007f93c9db9770 0000000114eace02
0x00007fff58243678:   00007fff58243678 00000001674acf5a
0x00007fff58243688:   00007fff582436e0 00000001674af580
0x00007fff58243698:   0000000000000000 00000001674acf68
0x00007fff582436a8:   00007fff58243658 00007fff582436c8
0x00007fff582436b8:   00007fff58243728 0000000114ea22bd
0x00007fff582436c8:   00007f93c9cd78f0 0000000741a0b588
0x00007fff582436d8:   00007f93c9db9770 0000000741a0b588
0x00007fff582436e8:   00007fff582436e8 000000016db3b0d6
0x00007fff582436f8:   00007fff58243738 000000016db3b190 

Instructions: (pc=0x00007fff8aa86b5d)
0x00007fff8aa86b3d:   0f 1f 00 48 85 ff 2e 74 62 40 f6 c7 01 2e 75 66
0x00007fff8aa86b4d:   49 ba f8 ff ff ff ff 7f 00 00 4c 23 17 49 89 f3
0x00007fff8aa86b5d:   45 23 5a 18 49 c1 e3 04 4d 03 5a 10 49 3b 33 75
0x00007fff8aa86b6d:   04 41 ff 63 08 49 83 3b 01 76 0d 49 83 c3 10 49 

Register to memory mapping:

RAX=0x00007f93c9cd78f0 is an unknown value
RBX=0x0000000164b473b0: Java_jogamp_nativewindow_macosx_OSXUtil_GetScreenRefreshRate0+0x1850 in /private/var/folders/qk/z1qqpcwd0wx0z14thz2z48xw0000gr/T/jogamp_0000/file_cache/jln8938141639484445428/jln7549586152283857076/libnativewindow_macosx.jnilib at 0x0000000164b40000
RCX=0x00007f93cc501460 is an unknown value
RDX=0x0000000000000000 is an unknown value
RSP=0x00007fff58243508 is pointing into the stack for thread: 0x00007f93cb188000
RBP=0x00007fff582435c0 is pointing into the stack for thread: 0x00007f93cb188000
RSI=0x00007fff74b151c3: __NSStyleNameIndexTable+0x814d6 in /System/Library/Frameworks/AppKit.framework/Versions/C/AppKit at 0x00007fff73f83000
RDI=0x00007f93c9db9770 is an unknown value
R8 =0x0000000000000018 is an unknown value
R9 =0x00007f93cc5013d0 is an unknown value
R10=0x000007f93cf17010 is an unknown value
R11=0x00007fff74b151c3: __NSStyleNameIndexTable+0x814d6 in /System/Library/Frameworks/AppKit.framework/Versions/C/AppKit at 0x00007fff73f83000
R12=0x0000000000000000 is an unknown value
R13={method} {0x00000001674acd90} 'UnsetJAWTRootSurfaceLayer0' '(JJ)V' in 'jogamp/nativewindow/jawt/macosx/MacOSXJAWTWindow'
R14=0x0000000164b473a0: Java_jogamp_nativewindow_macosx_OSXUtil_GetScreenRefreshRate0+0x1840 in /private/var/folders/qk/z1qqpcwd0wx0z14thz2z48xw0000gr/T/jogamp_0000/file_cache/jln8938141639484445428/jln7549586152283857076/libnativewindow_macosx.jnilib at 0x0000000164b40000
R15=0x00007f93cb188000 is a thread


Stack: [0x00007fff57a48000,0x00007fff58248000],  sp=0x00007fff58243508,  free space=8173k
Native frames: (J=compiled Java code, j=interpreted, Vv=VM code, C=native code)
C  [libobjc.A.dylib+0x6b5d]  objc_msgSend+0x1d
j  jogamp.nativewindow.jawt.macosx.MacOSXJAWTWindow.UnsetJAWTRootSurfaceLayer0(JJ)V+0
j  jogamp.nativewindow.jawt.macosx.MacOSXJAWTWindow.access$200(JJ)V+2
j  jogamp.nativewindow.jawt.macosx.MacOSXJAWTWindow$1.run()V+38
j  com.jogamp.common.util.RunnableTask.run()V+24
v  ~StubRoutines::call_stub
V  [libjvm.dylib+0x2ecf8a]  JavaCalls::call_helper(JavaValue*, methodHandle*, JavaCallArguments*, Thread*)+0x6ae
V  [libjvm.dylib+0x324119]  jni_invoke_nonstatic(JNIEnv_*, JavaValue*, _jobject*, JNICallType, _jmethodID*, JNI_ArgumentPusher*, Thread*)+0x2ec
V  [libjvm.dylib+0x3168e7]  jni_CallVoidMethod+0x16b
C  [libnativewindow_macosx.jnilib+0x57ae]  Java_jogamp_nativewindow_jawt_macosx_MacOSXJAWTWindow_UnsetJAWTRootSurfaceLayer0+0x2be
C  [Foundation+0x71f2a]  __NSThreadPerformPerform+0x146
C  [CoreFoundation+0xa7551]  __CFRUNLOOP_IS_CALLING_OUT_TO_A_SOURCE0_PERFORM_FUNCTION__+0x11
C  [CoreFoundation+0x88637]  __CFRunLoopDoSources0+0x1a7
C  [CoreFoundation+0x87bb6]  __CFRunLoopRun+0x3a6
C  [CoreFoundation+0x875b4]  CFRunLoopRunSpecific+0x1a4
C  [HIToolbox+0x30f6c]  RunCurrentEventLoopInMode+0xf0
C  [HIToolbox+0x30ca9]  ReceiveNextEventCommon+0xb8
C  [HIToolbox+0x30bd6]  _BlockUntilNextEventMatchingListInModeWithFilter+0x47
C  [AppKit+0x475f5]  _DPSNextEvent+0x445
C  [AppKit+0x7578eb]  -[NSApplication(NSEvent) _nextEventMatchingEventMask:untilDate:inMode:dequeue:]+0x665
C  [libosxapp.dylib+0x23aa]  -[NSApplicationAWT nextEventMatchingMask:untilDate:inMode:dequeue:]+0x7c
C  [AppKit+0x3bfbd]  -[NSApplication run]+0x39e
C  [libosxapp.dylib+0x214d]  +[NSApplicationAWT runAWTLoopWithApp:]+0x9c
C  [libawt_lwawt.dylib+0x444b3]  -[AWTStarter starter:]+0x389
C  [Foundation+0x71f2a]  __NSThreadPerformPerform+0x146
C  [CoreFoundation+0xa7551]  __CFRUNLOOP_IS_CALLING_OUT_TO_A_SOURCE0_PERFORM_FUNCTION__+0x11
C  [CoreFoundation+0x886bd]  __CFRunLoopDoSources0+0x22d
C  [CoreFoundation+0x87bb6]  __CFRunLoopRun+0x3a6
C  [CoreFoundation+0x875b4]  CFRunLoopRunSpecific+0x1a4
C  [java+0x6465]  CreateExecutionEnvironment+0x367
C  [java+0x218c]  JLI_Launch+0x7a0
C  [java+0x84c2]  main+0x65
C  [java+0x19e4]  start+0x34
C  0x0000000000000007

Java frames: (J=compiled Java code, j=interpreted, Vv=VM code)
j  jogamp.nativewindow.jawt.macosx.MacOSXJAWTWindow.UnsetJAWTRootSurfaceLayer0(JJ)V+0
j  jogamp.nativewindow.jawt.macosx.MacOSXJAWTWindow.access$200(JJ)V+2
j  jogamp.nativewindow.jawt.macosx.MacOSXJAWTWindow$1.run()V+38
j  com.jogamp.common.util.RunnableTask.run()V+24
v  ~StubRoutines::call_stub

---------------  P R O C E S S  ---------------

Java Threads: ( => current thread )
  0x00007f93cfac0800 JavaThread "Thread-59" [_thread_blocked, id=73771, stack(0x000070000e1ec000,0x000070000e2ec000)]
  0x00007f93cb966000 JavaThread "AWT-EventQueue-1" [_thread_in_native, id=63771, stack(0x000070000e066000,0x000070000e166000)]
  0x00007f93ca001000 JavaThread "DestroyJavaVM" [_thread_blocked, id=7171, stack(0x000070000ca1e000,0x000070000cb1e000)]
  0x00007f93cb93c800 JavaThread "AWT-EventQueue-0" [_thread_blocked, id=60939, stack(0x000070000de60000,0x000070000df60000)]
  0x00007f93cb90c000 JavaThread "Java2D Disposer" daemon [_thread_blocked, id=56847, stack(0x000070000dbd7000,0x000070000dcd7000)]
  0x00007f93cb1cb800 JavaThread "Java2D Queue Flusher" daemon [_thread_in_native, id=47667, stack(0x000070000dad4000,0x000070000dbd4000)]
  0x00007f93cb8f8800 JavaThread "AWT-Shutdown" [_thread_blocked, id=30495, stack(0x000070000d8cb000,0x000070000d9cb000)]
=>0x00007f93cb188000 JavaThread "AWT-AppKit" daemon [_thread_in_native, id=2059, stack(0x00007fff57a48000,0x00007fff58248000)]
  0x00007f93ca06a000 JavaThread "Service Thread" daemon [_thread_blocked, id=18947, stack(0x000070000d6c5000,0x000070000d7c5000)]
  0x00007f93cb807000 JavaThread "C1 CompilerThread2" daemon [_thread_blocked, id=18435, stack(0x000070000d5c2000,0x000070000d6c2000)]
  0x00007f93ca038800 JavaThread "C2 CompilerThread1" daemon [_thread_blocked, id=17923, stack(0x000070000d4bf000,0x000070000d5bf000)]
  0x00007f93ca037000 JavaThread "C2 CompilerThread0" daemon [_thread_blocked, id=17411, stack(0x000070000d3bc000,0x000070000d4bc000)]
  0x00007f93cb01b000 JavaThread "Signal Dispatcher" daemon [_thread_blocked, id=16899, stack(0x000070000d2b9000,0x000070000d3b9000)]
  0x00007f93ca825000 JavaThread "Finalizer" daemon [_thread_blocked, id=12547, stack(0x000070000d133000,0x000070000d233000)]
  0x00007f93ca81c800 JavaThread "Reference Handler" daemon [_thread_blocked, id=12035, stack(0x000070000d030000,0x000070000d130000)]

Other Threads:
  0x00007f93cb81b800 VMThread [stack: 0x000070000cf2d000,0x000070000d02d000] [id=11523]
  0x00007f93ca000800 WatcherThread [stack: 0x000070000d7c8000,0x000070000d8c8000] [id=19459]

VM state:not at safepoint (normal execution)

VM Mutex/Monitor currently owned by a thread: None

Heap:
 PSYoungGen      total 24576K, used 14257K [0x0000000795580000, 0x00000007a6600000, 0x00000007c0000000)
  eden space 24064K, 58% used [0x0000000795580000,0x000000079634c408,0x0000000796d00000)
  from space 512K, 25% used [0x00000007a6580000,0x00000007a65a0000,0x00000007a6600000)
  to   space 512K, 0% used [0x00000007a6500000,0x00000007a6500000,0x00000007a6580000)
 ParOldGen       total 87552K, used 33743K [0x0000000740000000, 0x0000000745580000, 0x0000000795580000)
  object space 87552K, 38% used [0x0000000740000000,0x00000007420f3c20,0x0000000745580000)
 Metaspace       used 20024K, capacity 20177K, committed 20480K, reserved 1067008K
  class space    used 1979K, capacity 2047K, committed 2048K, reserved 1048576K

Card table byte_map: [0x0000000109761000,0x0000000109b62000] byte_map_base: 0x0000000105d61000

Marking Bits: (ParMarkBitMap*) 0x0000000108cefd20
 Begin Bits: [0x0000000109e0d000, 0x000000010be0d000)
 End Bits:   [0x000000010be0d000, 0x000000010de0d000)

Polling page: 0x0000000107a78000

CodeCache: size=245760Kb used=8405Kb max_used=8972Kb free=237354Kb
 bounds [0x0000000114e9a000, 0x000000011578a000, 0x0000000123e9a000]
 total_blobs=3272 nmethods=2387 adapters=798
 compilation: enabled

Compilation events (10 events):
Event: 278.107 Thread 0x00007f93cb807000 2937   !   3       sun.lwawt.LWComponentPeer::isShowing (49 bytes)
Event: 278.109 Thread 0x00007f93cb807000 nmethod 2937 0x0000000115302350 code [0x0000000115302500, 0x0000000115302e08]
Event: 278.157 Thread 0x00007f93ca038800 2938       4       jogamp.opengl.gl4.GL4bcImpl::glFinish (49 bytes)
Event: 278.159 Thread 0x00007f93ca038800 nmethod 2938 0x000000011558b390 code [0x000000011558b500, 0x000000011558b608]
Event: 278.171 Thread 0x00007f93cb807000 2939       1       sun.java2d.SurfaceData::isValid (5 bytes)
Event: 278.171 Thread 0x00007f93cb807000 nmethod 2939 0x000000011524f750 code [0x000000011524f8a0, 0x000000011524f9b0]
Event: 278.171 Thread 0x00007f93ca037000 2940       4       java.beans.WeakIdentityMap$Entry::isMatched (22 bytes)
Event: 278.172 Thread 0x00007f93ca038800 2941  s!   4       sun.misc.URLClassPath::getLoader (197 bytes)
Event: 278.173 Thread 0x00007f93ca037000 nmethod 2940 0x000000011535cad0 code [0x000000011535cc20, 0x000000011535ccd8]
Event: 278.181 Thread 0x00007f93ca038800 nmethod 2941 0x0000000115223d90 code [0x0000000115223f00, 0x00000001152246d8]

GC Heap History (10 events):
Event: 275.603 GC heap before
{Heap before GC invocations=262 (full 0):
 PSYoungGen      total 24576K, used 24160K [0x0000000795580000, 0x00000007a6600000, 0x00000007c0000000)
  eden space 24064K, 100% used [0x0000000795580000,0x0000000796d00000,0x0000000796d00000)
  from space 512K, 18% used [0x00000007a6500000,0x00000007a6518000,0x00000007a6580000)
  to   space 512K, 0% used [0x00000007a6580000,0x00000007a6580000,0x00000007a6600000)
 ParOldGen       total 87552K, used 33727K [0x0000000740000000, 0x0000000745580000, 0x0000000795580000)
  object space 87552K, 38% used [0x0000000740000000,0x00000007420efc20,0x0000000745580000)
 Metaspace       used 19988K, capacity 20177K, committed 20480K, reserved 1067008K
  class space    used 1970K, capacity 2047K, committed 2048K, reserved 1048576K
Event: 275.605 GC heap after
Heap after GC invocations=262 (full 0):
 PSYoungGen      total 24576K, used 64K [0x0000000795580000, 0x00000007a6600000, 0x00000007c0000000)
  eden space 24064K, 0% used [0x0000000795580000,0x0000000795580000,0x0000000796d00000)
  from space 512K, 12% used [0x00000007a6580000,0x00000007a6590000,0x00000007a6600000)
  to   space 512K, 0% used [0x00000007a6500000,0x00000007a6500000,0x00000007a6580000)
 ParOldGen       total 87552K, used 33727K [0x0000000740000000, 0x0000000745580000, 0x0000000795580000)
  object space 87552K, 38% used [0x0000000740000000,0x00000007420efc20,0x0000000745580000)
 Metaspace       used 19988K, capacity 20177K, committed 20480K, reserved 1067008K
  class space    used 1970K, capacity 2047K, committed 2048K, reserved 1048576K
}
Event: 276.104 GC heap before
{Heap before GC invocations=263 (full 0):
 PSYoungGen      total 24576K, used 24128K [0x0000000795580000, 0x00000007a6600000, 0x00000007c0000000)
  eden space 24064K, 100% used [0x0000000795580000,0x0000000796d00000,0x0000000796d00000)
  from space 512K, 12% used [0x00000007a6580000,0x00000007a6590000,0x00000007a6600000)
  to   space 512K, 0% used [0x00000007a6500000,0x00000007a6500000,0x00000007a6580000)
 ParOldGen       total 87552K, used 33727K [0x0000000740000000, 0x0000000745580000, 0x0000000795580000)
  object space 87552K, 38% used [0x0000000740000000,0x00000007420efc20,0x0000000745580000)
 Metaspace       used 19988K, capacity 20177K, committed 20480K, reserved 1067008K
  class space    used 1970K, capacity 2047K, committed 2048K, reserved 1048576K
Event: 276.105 GC heap after
Heap after GC invocations=263 (full 0):
 PSYoungGen      total 24576K, used 64K [0x0000000795580000, 0x00000007a6600000, 0x00000007c0000000)
  eden space 24064K, 0% used [0x0000000795580000,0x0000000795580000,0x0000000796d00000)
  from space 512K, 12% used [0x00000007a6500000,0x00000007a6510000,0x00000007a6580000)
  to   space 512K, 0% used [0x00000007a6580000,0x00000007a6580000,0x00000007a6600000)
 ParOldGen       total 87552K, used 33727K [0x0000000740000000, 0x0000000745580000, 0x0000000795580000)
  object space 87552K, 38% used [0x0000000740000000,0x00000007420efc20,0x0000000745580000)
 Metaspace       used 19988K, capacity 20177K, committed 20480K, reserved 1067008K
  class space    used 1970K, capacity 2047K, committed 2048K, reserved 1048576K
}
Event: 276.655 GC heap before
{Heap before GC invocations=264 (full 0):
 PSYoungGen      total 24576K, used 24128K [0x0000000795580000, 0x00000007a6600000, 0x00000007c0000000)
  eden space 24064K, 100% used [0x0000000795580000,0x0000000796d00000,0x0000000796d00000)
  from space 512K, 12% used [0x00000007a6500000,0x00000007a6510000,0x00000007a6580000)
  to   space 512K, 0% used [0x00000007a6580000,0x00000007a6580000,0x00000007a6600000)
 ParOldGen       total 87552K, used 33727K [0x0000000740000000, 0x0000000745580000, 0x0000000795580000)
  object space 87552K, 38% used [0x0000000740000000,0x00000007420efc20,0x0000000745580000)
 Metaspace       used 19988K, capacity 20177K, committed 20480K, reserved 1067008K
  class space    used 1970K, capacity 2047K, committed 2048K, reserved 1048576K
Event: 276.656 GC heap after
Heap after GC invocations=264 (full 0):
 PSYoungGen      total 24576K, used 64K [0x0000000795580000, 0x00000007a6600000, 0x00000007c0000000)
  eden space 24064K, 0% used [0x0000000795580000,0x0000000795580000,0x0000000796d00000)
  from space 512K, 12% used [0x00000007a6580000,0x00000007a6590000,0x00000007a6600000)
  to   space 512K, 0% used [0x00000007a6500000,0x00000007a6500000,0x00000007a6580000)
 ParOldGen       total 87552K, used 33727K [0x0000000740000000, 0x0000000745580000, 0x0000000795580000)
  object space 87552K, 38% used [0x0000000740000000,0x00000007420efc20,0x0000000745580000)
 Metaspace       used 19988K, capacity 20177K, committed 20480K, reserved 1067008K
  class space    used 1970K, capacity 2047K, committed 2048K, reserved 1048576K
}
Event: 277.249 GC heap before
{Heap before GC invocations=265 (full 0):
 PSYoungGen      total 24576K, used 24128K [0x0000000795580000, 0x00000007a6600000, 0x00000007c0000000)
  eden space 24064K, 100% used [0x0000000795580000,0x0000000796d00000,0x0000000796d00000)
  from space 512K, 12% used [0x00000007a6580000,0x00000007a6590000,0x00000007a6600000)
  to   space 512K, 0% used [0x00000007a6500000,0x00000007a6500000,0x00000007a6580000)
 ParOldGen       total 87552K, used 33727K [0x0000000740000000, 0x0000000745580000, 0x0000000795580000)
  object space 87552K, 38% used [0x0000000740000000,0x00000007420efc20,0x0000000745580000)
 Metaspace       used 19988K, capacity 20177K, committed 20480K, reserved 1067008K
  class space    used 1970K, capacity 2047K, committed 2048K, reserved 1048576K
Event: 277.251 GC heap after
Heap after GC invocations=265 (full 0):
 PSYoungGen      total 24576K, used 96K [0x0000000795580000, 0x00000007a6600000, 0x00000007c0000000)
  eden space 24064K, 0% used [0x0000000795580000,0x0000000795580000,0x0000000796d00000)
  from space 512K, 18% used [0x00000007a6500000,0x00000007a6518000,0x00000007a6580000)
  to   space 512K, 0% used [0x00000007a6580000,0x00000007a6580000,0x00000007a6600000)
 ParOldGen       total 87552K, used 33727K [0x0000000740000000, 0x0000000745580000, 0x0000000795580000)
  object space 87552K, 38% used [0x0000000740000000,0x00000007420efc20,0x0000000745580000)
 Metaspace       used 19988K, capacity 20177K, committed 20480K, reserved 1067008K
  class space    used 1970K, capacity 2047K, committed 2048K, reserved 1048576K
}
Event: 277.805 GC heap before
{Heap before GC invocations=266 (full 0):
 PSYoungGen      total 24576K, used 24160K [0x0000000795580000, 0x00000007a6600000, 0x00000007c0000000)
  eden space 24064K, 100% used [0x0000000795580000,0x0000000796d00000,0x0000000796d00000)
  from space 512K, 18% used [0x00000007a6500000,0x00000007a6518000,0x00000007a6580000)
  to   space 512K, 0% used [0x00000007a6580000,0x00000007a6580000,0x00000007a6600000)
 ParOldGen       total 87552K, used 33727K [0x0000000740000000, 0x0000000745580000, 0x0000000795580000)
  object space 87552K, 38% used [0x0000000740000000,0x00000007420efc20,0x0000000745580000)
 Metaspace       used 19988K, capacity 20177K, committed 20480K, reserved 1067008K
  class space    used 1970K, capacity 2047K, committed 2048K, reserved 1048576K
Event: 277.807 GC heap after
Heap after GC invocations=266 (full 0):
 PSYoungGen      total 24576K, used 128K [0x0000000795580000, 0x00000007a6600000, 0x00000007c0000000)
  eden space 24064K, 0% used [0x0000000795580000,0x0000000795580000,0x0000000796d00000)
  from space 512K, 25% used [0x00000007a6580000,0x00000007a65a0000,0x00000007a6600000)
  to   space 512K, 0% used [0x00000007a6500000,0x00000007a6500000,0x00000007a6580000)
 ParOldGen       total 87552K, used 33743K [0x0000000740000000, 0x0000000745580000, 0x0000000795580000)
  object space 87552K, 38% used [0x0000000740000000,0x00000007420f3c20,0x0000000745580000)
 Metaspace       used 19988K, capacity 20177K, committed 20480K, reserved 1067008K
  class space    used 1970K, capacity 2047K, committed 2048K, reserved 1048576K
}

Deoptimization events (10 events):
Event: 278.169 Thread 0x00007f93cb90b000 Uncommon trap: reason=class_check action=maybe_recompile pc=0x0000000115174278 method=java.util.HashMap.putVal(ILjava/lang/Object;Ljava/lang/Object;ZZ)Ljava/lang/Object; @ 91
Event: 278.170 Thread 0x00007f93cb93c800 Uncommon trap: reason=class_check action=maybe_recompile pc=0x000000011502939c method=java.awt.Component.getGraphics()Ljava/awt/Graphics; @ 114
Event: 278.171 Thread 0x00007f93cb966000 Uncommon trap: reason=class_check action=maybe_recompile pc=0x00000001152cbc40 method=java.awt.event.InvocationEvent.dispatch()V @ 11
Event: 278.174 Thread 0x00007f93cb188000 Uncommon trap: reason=class_check action=maybe_recompile pc=0x00000001152c3600 method=com.jogamp.common.util.RunnableTask.run()V @ 24
Event: 278.175 Thread 0x00007f93cb188000 Uncommon trap: reason=unstable_if action=reinterpret pc=0x0000000115395274 method=jogamp.nativewindow.macosx.OSXUtil.RunOnMainThread(ZLjava/lang/Runnable;)V @ 3
Event: 278.184 Thread 0x00007f93cb966000 Uncommon trap: reason=unstable_if action=reinterpret pc=0x0000000115774154 method=jogamp.opengl.GLContextImpl.release(Z)V @ 257
Event: 278.189 Thread 0x00007f93cb966000 Uncommon trap: reason=unstable_if action=reinterpret pc=0x0000000115679efc method=java.security.AccessControlContext.optimize()Ljava/security/AccessControlContext; @ 233
Event: 278.190 Thread 0x00007f93cb93c800 Uncommon trap: reason=class_check action=maybe_recompile pc=0x000000011502939c method=java.awt.Component.getGraphics()Ljava/awt/Graphics; @ 114
Event: 278.191 Thread 0x00007f93cb966000 Uncommon trap: reason=class_check action=maybe_recompile pc=0x00000001152cbc40 method=java.awt.event.InvocationEvent.dispatch()V @ 11
Event: 278.191 Thread 0x00007f93cb188000 Uncommon trap: reason=class_check action=maybe_recompile pc=0x00000001152c3600 method=com.jogamp.common.util.RunnableTask.run()V @ 24

Internal exceptions (10 events):
Event: 0.708 Thread 0x00007f93ca001000 Exception <a 'java/io/FileNotFoundException'> (0x000000079580ec80) thrown at [/Users/java_re/workspace/8-2-build-macosx-x86_64/jdk8u111/7883/hotspot/src/share/vm/prims/jni.cpp, line 709]
Event: 0.708 Thread 0x00007f93ca001000 Exception <a 'java/io/FileNotFoundException'> (0x000000079580f7e8) thrown at [/Users/java_re/workspace/8-2-build-macosx-x86_64/jdk8u111/7883/hotspot/src/share/vm/prims/jni.cpp, line 709]
Event: 0.769 Thread 0x00007f93ca001000 Exception <a 'java/io/FileNotFoundException'> (0x0000000795916358) thrown at [/Users/java_re/workspace/8-2-build-macosx-x86_64/jdk8u111/7883/hotspot/src/share/vm/prims/jni.cpp, line 709]
Event: 0.892 Thread 0x00007f93ca001000 Exception <a 'java/io/FileNotFoundException'> (0x0000000795953210) thrown at [/Users/java_re/workspace/8-2-build-macosx-x86_64/jdk8u111/7883/hotspot/src/share/vm/prims/jni.cpp, line 709]
Event: 4.546 Thread 0x00007f93cb971800 Exception <a 'java/io/FileNotFoundException'> (0x00000007965d11a8) thrown at [/Users/java_re/workspace/8-2-build-macosx-x86_64/jdk8u111/7883/hotspot/src/share/vm/prims/jni.cpp, line 709]
Event: 4.547 Thread 0x00007f93cb971800 Exception <a 'java/io/FileNotFoundException'> (0x00000007965d7b90) thrown at [/Users/java_re/workspace/8-2-build-macosx-x86_64/jdk8u111/7883/hotspot/src/share/vm/prims/jni.cpp, line 709]
Event: 4.548 Thread 0x00007f93cb971800 Implicit null exception at 0x0000000115031e76 to 0x0000000115032269
Event: 5.161 Thread 0x00007f93cb971800 Exception <a 'java/lang/UnsatisfiedLinkError': com.jogamp.common.util.JarUtil.fixNativeLibAttribs(Ljava/lang/String;)Z> (0x000000079731f190) thrown at [/Users/java_re/workspace/8-2-build-macosx-x86_64/jdk8u111/7883/hotspot/src/share/vm/prims/nativeLookup.
Event: 5.396 Thread 0x00007f93ca825000 Exception <a 'java/lang/NullPointerException'> (0x0000000795736980) thrown at [/Users/java_re/workspace/8-2-build-macosx-x86_64/jdk8u111/7883/hotspot/src/share/vm/interpreter/linkResolver.cpp, line 1178]
Event: 278.153 Thread 0x00007f93cb966000 Implicit null exception at 0x00000001150b4729 to 0x00000001150b5061

Events (10 events):
Event: 278.190 Thread 0x00007f93cb93c800 DEOPT UNPACKING pc=0x0000000114e9f229 sp=0x000070000df5dd00 mode 2
Event: 278.190 loading class java/lang/IllegalThreadStateException done
Event: 278.190 loading class java/awt/Window$1DisposeAction
Event: 278.190 loading class java/awt/Window$1DisposeAction done
Event: 278.191 Thread 0x00007f93cb966000 Uncommon trap: trap_request=0xffffffde fr.pc=0x00000001152cbc40
Event: 278.191 Thread 0x00007f93cb966000 DEOPT PACKING pc=0x00000001152cbc40 sp=0x000070000e163f70
Event: 278.191 Thread 0x00007f93cb966000 DEOPT UNPACKING pc=0x0000000114e9f229 sp=0x000070000e163df8 mode 2
Event: 278.191 Thread 0x00007f93cb188000 Uncommon trap: trap_request=0xffffffde fr.pc=0x00000001152c3600
Event: 278.191 Thread 0x00007f93cb188000 DEOPT PACKING pc=0x00000001152c3600 sp=0x00007fff58243780
Event: 278.191 Thread 0x00007f93cb188000 DEOPT UNPACKING pc=0x0000000114e9f229 sp=0x00007fff58243728 mode 2


Dynamic libraries:
0x0000000001136000 	/System/Library/Frameworks/Cocoa.framework/Versions/A/Cocoa
0x0000000001136000 	/System/Library/Frameworks/Security.framework/Versions/A/Security
0x0000000001136000 	/System/Library/Frameworks/ApplicationServices.framework/Versions/A/ApplicationServices
0x0000000001136000 	/usr/lib/libz.1.dylib
0x0000000001136000 	/usr/lib/libSystem.B.dylib
0x0000000001136000 	/usr/lib/libobjc.A.dylib
0x0000000001136000 	/System/Library/Frameworks/CoreFoundation.framework/Versions/A/CoreFoundation
0x0000000001136000 	/System/Library/Frameworks/Foundation.framework/Versions/C/Foundation
0x0000000001136000 	/System/Library/Frameworks/AppKit.framework/Versions/C/AppKit
0x0000000001136000 	/System/Library/Frameworks/CoreData.framework/Versions/A/CoreData
0x0000000001136000 	/System/Library/PrivateFrameworks/RemoteViewServices.framework/Versions/A/RemoteViewServices
0x0000000001136000 	/System/Library/PrivateFrameworks/UIFoundation.framework/Versions/A/UIFoundation
0x0000000001136000 	/usr/lib/libenergytrace.dylib
0x0000000001136000 	/System/Library/PrivateFrameworks/SkyLight.framework/Versions/A/SkyLight
0x0000000001136000 	/System/Library/Frameworks/CoreGraphics.framework/Versions/A/CoreGraphics
0x0000000001136000 	/usr/lib/libScreenReader.dylib
0x0000000001136000 	/System/Library/Frameworks/Accelerate.framework/Versions/A/Accelerate
0x0000000001136000 	/System/Library/Frameworks/IOSurface.framework/Versions/A/IOSurface
0x0000000001136000 	/System/Library/Frameworks/AudioToolbox.framework/Versions/A/AudioToolbox
0x0000000001136000 	/System/Library/Frameworks/AudioUnit.framework/Versions/A/AudioUnit
0x0000000001136000 	/System/Library/PrivateFrameworks/DataDetectorsCore.framework/Versions/A/DataDetectorsCore
0x0000000001136000 	/System/Library/PrivateFrameworks/DesktopServicesPriv.framework/Versions/A/DesktopServicesPriv
0x0000000001136000 	/System/Library/Frameworks/Carbon.framework/Versions/A/Frameworks/HIToolbox.framework/Versions/A/HIToolbox
0x0000000001136000 	/usr/lib/libicucore.A.dylib
0x0000000001136000 	/System/Library/Frameworks/QuartzCore.framework/Versions/A/QuartzCore
0x0000000001136000 	/System/Library/Frameworks/Carbon.framework/Versions/A/Frameworks/SpeechRecognition.framework/Versions/A/SpeechRecognition
0x0000000001136000 	/usr/lib/libauto.dylib
0x0000000001136000 	/usr/lib/libxml2.2.dylib
0x0000000001136000 	/System/Library/PrivateFrameworks/CoreUI.framework/Versions/A/CoreUI
0x0000000001136000 	/System/Library/Frameworks/CoreAudio.framework/Versions/A/CoreAudio
0x0000000001136000 	/System/Library/Frameworks/DiskArbitration.framework/Versions/A/DiskArbitration
0x0000000001136000 	/usr/lib/liblangid.dylib
0x0000000001136000 	/System/Library/PrivateFrameworks/MultitouchSupport.framework/Versions/A/MultitouchSupport
0x0000000001136000 	/System/Library/Frameworks/IOKit.framework/Versions/A/IOKit
0x0000000001136000 	/usr/lib/libDiagnosticMessagesClient.dylib
0x0000000001136000 	/System/Library/Frameworks/CoreServices.framework/Versions/A/CoreServices
0x0000000001136000 	/System/Library/PrivateFrameworks/PerformanceAnalysis.framework/Versions/A/PerformanceAnalysis
0x0000000001136000 	/System/Library/PrivateFrameworks/GenerationalStorage.framework/Versions/A/GenerationalStorage
0x0000000001136000 	/System/Library/Frameworks/OpenGL.framework/Versions/A/OpenGL
0x0000000001136000 	/System/Library/Frameworks/CoreImage.framework/Versions/A/CoreImage
0x0000000001136000 	/System/Library/Frameworks/CoreText.framework/Versions/A/CoreText
0x0000000001136000 	/System/Library/Frameworks/ImageIO.framework/Versions/A/ImageIO
0x0000000001136000 	/System/Library/PrivateFrameworks/Backup.framework/Versions/A/Backup
0x0000000001136000 	/usr/lib/libarchive.2.dylib
0x0000000001136000 	/System/Library/Frameworks/CFNetwork.framework/Versions/A/CFNetwork
0x0000000001136000 	/System/Library/Frameworks/SystemConfiguration.framework/Versions/A/SystemConfiguration
0x0000000001136000 	/usr/lib/libCRFSuite.dylib
0x0000000001136000 	/usr/lib/libc++.1.dylib
0x0000000001136000 	/usr/lib/libc++abi.dylib
0x0000000001136000 	/usr/lib/system/libcache.dylib
0x0000000001136000 	/usr/lib/system/libcommonCrypto.dylib
0x0000000001136000 	/usr/lib/system/libcompiler_rt.dylib
0x0000000001136000 	/usr/lib/system/libcopyfile.dylib
0x0000000001136000 	/usr/lib/system/libcorecrypto.dylib
0x0000000001136000 	/usr/lib/system/libdispatch.dylib
0x0000000001136000 	/usr/lib/system/libdyld.dylib
0x0000000001136000 	/usr/lib/system/libkeymgr.dylib
0x0000000001136000 	/usr/lib/system/liblaunch.dylib
0x0000000001136000 	/usr/lib/system/libmacho.dylib
0x0000000001136000 	/usr/lib/system/libquarantine.dylib
0x0000000001136000 	/usr/lib/system/libremovefile.dylib
0x0000000001136000 	/usr/lib/system/libsystem_asl.dylib
0x0000000001136000 	/usr/lib/system/libsystem_blocks.dylib
0x0000000001136000 	/usr/lib/system/libsystem_c.dylib
0x0000000001136000 	/usr/lib/system/libsystem_configuration.dylib
0x0000000001136000 	/usr/lib/system/libsystem_coreservices.dylib
0x0000000001136000 	/usr/lib/system/libsystem_coretls.dylib
0x0000000001136000 	/usr/lib/system/libsystem_dnssd.dylib
0x0000000001136000 	/usr/lib/system/libsystem_info.dylib
0x0000000001136000 	/usr/lib/system/libsystem_kernel.dylib
0x0000000001136000 	/usr/lib/system/libsystem_m.dylib
0x0000000001136000 	/usr/lib/system/libsystem_malloc.dylib
0x0000000001136000 	/usr/lib/system/libsystem_network.dylib
0x0000000001136000 	/usr/lib/system/libsystem_networkextension.dylib
0x0000000001136000 	/usr/lib/system/libsystem_notify.dylib
0x0000000001136000 	/usr/lib/system/libsystem_platform.dylib
0x0000000001136000 	/usr/lib/system/libsystem_pthread.dylib
0x0000000001136000 	/usr/lib/system/libsystem_sandbox.dylib
0x0000000001136000 	/usr/lib/system/libsystem_secinit.dylib
0x0000000001136000 	/usr/lib/system/libsystem_symptoms.dylib
0x0000000001136000 	/usr/lib/system/libsystem_trace.dylib
0x0000000001136000 	/usr/lib/system/libunwind.dylib
0x0000000001136000 	/usr/lib/system/libxpc.dylib
0x0000000001136000 	/usr/lib/libbsm.0.dylib
0x0000000001136000 	/usr/lib/system/libkxld.dylib
0x0000000001136000 	/usr/lib/libcoretls.dylib
0x0000000001136000 	/usr/lib/libcoretls_cfhelpers.dylib
0x0000000001136000 	/usr/lib/libxar.1.dylib
0x0000000001136000 	/usr/lib/libsqlite3.dylib
0x0000000001136000 	/usr/lib/libpam.2.dylib
0x0000000001136000 	/usr/lib/libOpenScriptingUtil.dylib
0x0000000001136000 	/usr/lib/libbz2.1.0.dylib
0x0000000001136000 	/usr/lib/liblzma.5.dylib
0x0000000001136000 	/usr/lib/libnetwork.dylib
0x0000000001136000 	/usr/lib/libpcap.A.dylib
0x0000000001136000 	/System/Library/Frameworks/CoreServices.framework/Versions/A/Frameworks/FSEvents.framework/Versions/A/FSEvents
0x0000000001136000 	/System/Library/Frameworks/CoreServices.framework/Versions/A/Frameworks/CarbonCore.framework/Versions/A/CarbonCore
0x0000000001136000 	/System/Library/Frameworks/CoreServices.framework/Versions/A/Frameworks/Metadata.framework/Versions/A/Metadata
0x0000000001136000 	/System/Library/Frameworks/CoreServices.framework/Versions/A/Frameworks/OSServices.framework/Versions/A/OSServices
0x0000000001136000 	/System/Library/Frameworks/CoreServices.framework/Versions/A/Frameworks/SearchKit.framework/Versions/A/SearchKit
0x0000000001136000 	/System/Library/Frameworks/CoreServices.framework/Versions/A/Frameworks/AE.framework/Versions/A/AE
0x0000000001136000 	/System/Library/Frameworks/CoreServices.framework/Versions/A/Frameworks/LaunchServices.framework/Versions/A/LaunchServices
0x0000000001136000 	/System/Library/Frameworks/CoreServices.framework/Versions/A/Frameworks/DictionaryServices.framework/Versions/A/DictionaryServices
0x0000000001136000 	/System/Library/Frameworks/CoreServices.framework/Versions/A/Frameworks/SharedFileList.framework/Versions/A/SharedFileList
0x0000000001136000 	/System/Library/Frameworks/NetFS.framework/Versions/A/NetFS
0x0000000001136000 	/System/Library/PrivateFrameworks/NetAuth.framework/Versions/A/NetAuth
0x0000000001136000 	/System/Library/PrivateFrameworks/login.framework/Versions/A/Frameworks/loginsupport.framework/Versions/A/loginsupport
0x0000000001136000 	/System/Library/PrivateFrameworks/TCC.framework/Versions/A/TCC
0x0000000001136000 	/usr/lib/libmecabra.dylib
0x0000000001136000 	/System/Library/Frameworks/ApplicationServices.framework/Versions/A/Frameworks/ATS.framework/Versions/A/ATS
0x0000000001136000 	/System/Library/Frameworks/ApplicationServices.framework/Versions/A/Frameworks/ColorSync.framework/Versions/A/ColorSync
0x0000000001136000 	/System/Library/Frameworks/ApplicationServices.framework/Versions/A/Frameworks/HIServices.framework/Versions/A/HIServices
0x0000000001136000 	/System/Library/Frameworks/ApplicationServices.framework/Versions/A/Frameworks/LangAnalysis.framework/Versions/A/LangAnalysis
0x0000000001136000 	/System/Library/Frameworks/ApplicationServices.framework/Versions/A/Frameworks/PrintCore.framework/Versions/A/PrintCore
0x0000000001136000 	/System/Library/Frameworks/ApplicationServices.framework/Versions/A/Frameworks/QD.framework/Versions/A/QD
0x0000000001136000 	/System/Library/Frameworks/ApplicationServices.framework/Versions/A/Frameworks/SpeechSynthesis.framework/Versions/A/SpeechSynthesis
0x0000000001136000 	/System/Library/Frameworks/Accelerate.framework/Versions/A/Frameworks/vImage.framework/Versions/A/vImage
0x0000000001136000 	/System/Library/Frameworks/Accelerate.framework/Versions/A/Frameworks/vecLib.framework/Versions/A/vecLib
0x0000000001136000 	/System/Library/Frameworks/Accelerate.framework/Versions/A/Frameworks/vecLib.framework/Versions/A/libvDSP.dylib
0x0000000001136000 	/System/Library/Frameworks/Accelerate.framework/Versions/A/Frameworks/vecLib.framework/Versions/A/libBNNS.dylib
0x0000000001136000 	/System/Library/Frameworks/Accelerate.framework/Versions/A/Frameworks/vecLib.framework/Versions/A/libQuadrature.dylib
0x0000000001136000 	/System/Library/Frameworks/Accelerate.framework/Versions/A/Frameworks/vecLib.framework/Versions/A/libvMisc.dylib
0x0000000001136000 	/System/Library/Frameworks/Accelerate.framework/Versions/A/Frameworks/vecLib.framework/Versions/A/libLAPACK.dylib
0x0000000001136000 	/System/Library/Frameworks/Accelerate.framework/Versions/A/Frameworks/vecLib.framework/Versions/A/libBLAS.dylib
0x0000000001136000 	/System/Library/Frameworks/Accelerate.framework/Versions/A/Frameworks/vecLib.framework/Versions/A/libLinearAlgebra.dylib
0x0000000001136000 	/System/Library/Frameworks/Accelerate.framework/Versions/A/Frameworks/vecLib.framework/Versions/A/libSparseBLAS.dylib
0x0000000001136000 	/System/Library/Frameworks/ApplicationServices.framework/Versions/A/Frameworks/ATS.framework/Versions/A/Resources/libFontParser.dylib
0x0000000001136000 	/System/Library/Frameworks/ApplicationServices.framework/Versions/A/Frameworks/ATS.framework/Versions/A/Resources/libFontRegistry.dylib
0x0000000001136000 	/System/Library/Frameworks/ImageIO.framework/Versions/A/Resources/libJPEG.dylib
0x0000000001136000 	/System/Library/Frameworks/ImageIO.framework/Versions/A/Resources/libTIFF.dylib
0x0000000001136000 	/System/Library/Frameworks/ImageIO.framework/Versions/A/Resources/libPng.dylib
0x0000000001136000 	/System/Library/Frameworks/ImageIO.framework/Versions/A/Resources/libGIF.dylib
0x0000000001136000 	/System/Library/Frameworks/ImageIO.framework/Versions/A/Resources/libJP2.dylib
0x0000000001136000 	/System/Library/Frameworks/ImageIO.framework/Versions/A/Resources/libRadiance.dylib
0x0000000001136000 	/usr/lib/libcompression.dylib
0x0000000001136000 	/System/Library/PrivateFrameworks/AppleJPEG.framework/Versions/A/AppleJPEG
0x0000000001136000 	/usr/lib/libcups.2.dylib
0x0000000001136000 	/System/Library/Frameworks/Kerberos.framework/Versions/A/Kerberos
0x0000000001136000 	/System/Library/Frameworks/GSS.framework/Versions/A/GSS
0x0000000001136000 	/usr/lib/libresolv.9.dylib
0x0000000001136000 	/usr/lib/libiconv.2.dylib
0x0000000001136000 	/System/Library/PrivateFrameworks/Heimdal.framework/Versions/A/Heimdal
0x0000000001136000 	/usr/lib/libheimdal-asn1.dylib
0x0000000001136000 	/System/Library/Frameworks/OpenDirectory.framework/Versions/A/OpenDirectory
0x0000000001136000 	/System/Library/PrivateFrameworks/CommonAuth.framework/Versions/A/CommonAuth
0x0000000001136000 	/System/Library/Frameworks/OpenDirectory.framework/Versions/A/Frameworks/CFOpenDirectory.framework/Versions/A/CFOpenDirectory
0x0000000001136000 	/System/Library/Frameworks/SecurityFoundation.framework/Versions/A/SecurityFoundation
0x0000000001136000 	/System/Library/PrivateFrameworks/LanguageModeling.framework/Versions/A/LanguageModeling
0x0000000001136000 	/usr/lib/libmarisa.dylib
0x0000000001136000 	/usr/lib/libChineseTokenizer.dylib
0x0000000001136000 	/usr/lib/libcmph.dylib
0x0000000001136000 	/System/Library/PrivateFrameworks/CoreEmoji.framework/Versions/A/CoreEmoji
0x0000000001136000 	/System/Library/Frameworks/ServiceManagement.framework/Versions/A/ServiceManagement
0x0000000001136000 	/usr/lib/libxslt.1.dylib
0x0000000001136000 	/System/Library/Frameworks/Carbon.framework/Versions/A/Frameworks/Ink.framework/Versions/A/Ink
0x0000000001136000 	/System/Library/PrivateFrameworks/TextureIO.framework/Versions/A/TextureIO
0x0000000001136000 	/System/Library/Frameworks/Metal.framework/Versions/A/Metal
0x0000000001136000 	/usr/lib/libate.dylib
0x0000000001136000 	/System/Library/PrivateFrameworks/GPUCompiler.framework/libmetal_timestamp.dylib
0x0000000001136000 	/System/Library/Frameworks/OpenGL.framework/Versions/A/Libraries/libCoreFSCache.dylib
0x0000000001136000 	/System/Library/PrivateFrameworks/IOAccelerator.framework/Versions/A/IOAccelerator
0x0000000001136000 	/System/Library/Frameworks/CoreVideo.framework/Versions/A/CoreVideo
0x0000000001136000 	/usr/lib/libFosl_dynamic.dylib
0x0000000001136000 	/System/Library/PrivateFrameworks/MetalPerformanceShaders.framework/Versions/A/MetalPerformanceShaders
0x0000000001136000 	/System/Library/PrivateFrameworks/FaceCore.framework/Versions/A/FaceCore
0x0000000001136000 	/System/Library/Frameworks/OpenCL.framework/Versions/A/OpenCL
0x0000000001136000 	/System/Library/Frameworks/OpenGL.framework/Versions/A/Libraries/libGLU.dylib
0x0000000001136000 	/System/Library/Frameworks/OpenGL.framework/Versions/A/Libraries/libGFXShared.dylib
0x0000000001136000 	/System/Library/Frameworks/OpenGL.framework/Versions/A/Libraries/libGL.dylib
0x0000000001136000 	/System/Library/Frameworks/OpenGL.framework/Versions/A/Libraries/libGLImage.dylib
0x0000000001136000 	/System/Library/Frameworks/OpenGL.framework/Versions/A/Libraries/libCVMSPluginSupport.dylib
0x0000000001136000 	/System/Library/Frameworks/OpenGL.framework/Versions/A/Libraries/libCoreVMClient.dylib
0x0000000001136000 	/System/Library/PrivateFrameworks/CrashReporterSupport.framework/Versions/A/CrashReporterSupport
0x0000000001136000 	/System/Library/PrivateFrameworks/Sharing.framework/Versions/A/Sharing
0x0000000001136000 	/System/Library/PrivateFrameworks/IconServices.framework/Versions/A/IconServices
0x0000000001136000 	/System/Library/PrivateFrameworks/ProtocolBuffer.framework/Versions/A/ProtocolBuffer
0x0000000001136000 	/System/Library/PrivateFrameworks/Apple80211.framework/Versions/A/Apple80211
0x0000000001136000 	/System/Library/Frameworks/CoreWLAN.framework/Versions/A/CoreWLAN
0x0000000001136000 	/System/Library/PrivateFrameworks/CoreUtils.framework/Versions/A/CoreUtils
0x0000000001136000 	/System/Library/Frameworks/IOBluetooth.framework/Versions/A/IOBluetooth
0x0000000001136000 	/System/Library/PrivateFrameworks/CoreWiFi.framework/Versions/A/CoreWiFi
0x0000000001136000 	/System/Library/Frameworks/CoreBluetooth.framework/Versions/A/CoreBluetooth
0x0000000001136000 	/System/Library/Frameworks/CoreDisplay.framework/Versions/A/CoreDisplay
0x0000000001136000 	/System/Library/PrivateFrameworks/IOPresentment.framework/Versions/A/IOPresentment
0x0000000001136000 	/System/Library/PrivateFrameworks/DebugSymbols.framework/Versions/A/DebugSymbols
0x0000000001136000 	/System/Library/PrivateFrameworks/CoreSymbolication.framework/Versions/A/CoreSymbolication
0x0000000001136000 	/System/Library/PrivateFrameworks/Symbolication.framework/Versions/A/Symbolication
0x0000000001136000 	/System/Library/PrivateFrameworks/AppleFSCompression.framework/Versions/A/AppleFSCompression
0x0000000001136000 	/System/Library/PrivateFrameworks/SpeechRecognitionCore.framework/Versions/A/SpeechRecognitionCore
0x0000000001136000 	/System/Library/PrivateFrameworks/ChunkingLibrary.framework/Versions/A/ChunkingLibrary
0x0000000108400000 	/Library/Java/JavaVirtualMachines/jdk1.8.0_111.jdk/Contents/Home/jre/lib/server/libjvm.dylib
0x0000000001136000 	/usr/lib/libstdc++.6.dylib
0x0000000107a35000 	/Library/Java/JavaVirtualMachines/jdk1.8.0_111.jdk/Contents/Home/jre/lib/libverify.dylib
0x0000000107a43000 	/Library/Java/JavaVirtualMachines/jdk1.8.0_111.jdk/Contents/Home/jre/lib/libjava.dylib
0x0000000107a82000 	/Library/Java/JavaVirtualMachines/jdk1.8.0_111.jdk/Contents/Home/jre/lib/libzip.dylib
0x000000010fb92000 	/System/Library/Frameworks/JavaVM.framework/Frameworks/JavaRuntimeSupport.framework/JavaRuntimeSupport
0x000000010fbac000 	/System/Library/Frameworks/JavaVM.framework/Versions/A/Frameworks/JavaNativeFoundation.framework/Versions/A/JavaNativeFoundation
0x000000010fbc1000 	/System/Library/Frameworks/JavaVM.framework/Versions/A/JavaVM
0x0000000001136000 	/System/Library/Frameworks/Carbon.framework/Versions/A/Carbon
0x000000010fbce000 	/System/Library/PrivateFrameworks/JavaLaunching.framework/Versions/A/JavaLaunching
0x0000000001136000 	/System/Library/Frameworks/Carbon.framework/Versions/A/Frameworks/CommonPanels.framework/Versions/A/CommonPanels
0x0000000001136000 	/System/Library/Frameworks/Carbon.framework/Versions/A/Frameworks/Help.framework/Versions/A/Help
0x0000000001136000 	/System/Library/Frameworks/Carbon.framework/Versions/A/Frameworks/ImageCapture.framework/Versions/A/ImageCapture
0x0000000001136000 	/System/Library/Frameworks/Carbon.framework/Versions/A/Frameworks/OpenScripting.framework/Versions/A/OpenScripting
0x0000000001136000 	/System/Library/Frameworks/Carbon.framework/Versions/A/Frameworks/Print.framework/Versions/A/Print
0x0000000001136000 	/System/Library/Frameworks/Carbon.framework/Versions/A/Frameworks/SecurityHI.framework/Versions/A/SecurityHI
0x00000001114d8000 	/Library/Java/JavaVirtualMachines/jdk1.8.0_111.jdk/Contents/Home/jre/lib/libawt.dylib
0x0000000111580000 	/Library/Java/JavaVirtualMachines/jdk1.8.0_111.jdk/Contents/Home/jre/lib/./libmlib_image.dylib
0x000000011164c000 	/Library/Java/JavaVirtualMachines/jdk1.8.0_111.jdk/Contents/Home/jre/lib/libawt_lwawt.dylib
0x0000000111701000 	/Library/Java/JavaVirtualMachines/jdk1.8.0_111.jdk/Contents/Home/jre/lib/./libosxapp.dylib
0x0000000001136000 	/System/Library/Frameworks/ExceptionHandling.framework/Versions/A/ExceptionHandling
0x0000000001136000 	/System/Library/PrivateFrameworks/CoreServicesInternal.framework/Versions/A/CoreServicesInternal
0x0000000001136000 	/System/Library/CoreServices/RawCamera.bundle/Contents/MacOS/RawCamera
0x0000000001136000 	/System/Library/Frameworks/Accelerate.framework/Versions/A/Frameworks/vImage.framework/Versions/A/Libraries/libCGInterfaces.dylib
0x0000000001136000 	/System/Library/Frameworks/ApplicationServices.framework/Versions/A/Frameworks/ATS.framework/Versions/A/Resources/libTrueTypeScaler.dylib
0x0000000001136000 	/System/Library/Frameworks/OpenGL.framework/Versions/A/Resources/GLEngine.bundle/GLEngine
0x0000000001136000 	/System/Library/Frameworks/OpenGL.framework/Versions/A/Libraries/libGLProgrammability.dylib
0x00000001133bf000 	/System/Library/Extensions/AppleIntelHD5000GraphicsGLDriver.bundle/Contents/MacOS/AppleIntelHD5000GraphicsGLDriver
0x0000000001136000 	/System/Library/PrivateFrameworks/GPUSupport.framework/Versions/A/Libraries/libGPUSupportMercury.dylib
0x0000000001136000 	/System/Library/Frameworks/OpenGL.framework/Versions/A/Resources/GLRendererFloat.bundle/GLRendererFloat
0x0000000001136000 	/System/Library/Frameworks/OpenCL.framework/Versions/A/Libraries/libcldcpuengine.dylib
0x0000000001136000 	/usr/lib/libcrypto.0.9.8.dylib
0x0000000001136000 	/System/Library/PrivateFrameworks/TrustEvaluationAgent.framework/Versions/A/TrustEvaluationAgent
0x00000001127bf000 	/System/Library/Extensions/AppleIntelHD5000GraphicsMTLDriver.bundle/Contents/MacOS/AppleIntelHD5000GraphicsMTLDriver
0x0000000001136000 	/System/Library/PrivateFrameworks/FamilyControls.framework/Versions/A/FamilyControls
0x0000000001136000 	/System/Library/PrivateFrameworks/CommerceKit.framework/Versions/A/Frameworks/CommerceCore.framework/Versions/A/CommerceCore
0x0000000001136000 	/System/Library/PrivateFrameworks/SystemAdministration.framework/Versions/A/SystemAdministration
0x0000000001136000 	/System/Library/PrivateFrameworks/AppContainer.framework/Versions/A/AppContainer
0x0000000001136000 	/System/Library/PrivateFrameworks/SecCodeWrapper.framework/Versions/A/SecCodeWrapper
0x0000000001136000 	/System/Library/Frameworks/DirectoryService.framework/Versions/A/DirectoryService
0x0000000001136000 	/System/Library/PrivateFrameworks/DiskImages.framework/Versions/A/DiskImages
0x0000000001136000 	/System/Library/PrivateFrameworks/LoginUIKit.framework/Versions/A/Frameworks/LoginUICore.framework/Versions/A/LoginUICore
0x0000000001136000 	/usr/lib/libCoreStorage.dylib
0x0000000001136000 	/usr/lib/libcsfde.dylib
0x0000000001136000 	/usr/lib/libodfde.dylib
0x0000000001136000 	/System/Library/Frameworks/DiscRecording.framework/Versions/A/DiscRecording
0x0000000001136000 	/usr/lib/libcurl.4.dylib
0x0000000001136000 	/System/Library/PrivateFrameworks/MediaKit.framework/Versions/A/MediaKit
0x0000000001136000 	/System/Library/PrivateFrameworks/ProtectedCloudStorage.framework/Versions/A/ProtectedCloudStorage
0x0000000001136000 	/System/Library/PrivateFrameworks/EFILogin.framework/Versions/A/EFILogin
0x0000000001136000 	/usr/lib/libutil.dylib
0x0000000001136000 	/System/Library/Frameworks/LDAP.framework/Versions/A/LDAP
0x0000000001136000 	/usr/lib/libsasl2.2.dylib
0x0000000001136000 	/System/Library/PrivateFrameworks/CoreDaemon.framework/Versions/B/CoreDaemon
0x0000000001136000 	/System/Library/PrivateFrameworks/AppleSRP.framework/Versions/A/AppleSRP
0x0000000001136000 	/System/Library/PrivateFrameworks/APFS.framework/Versions/A/APFS
0x00000001246be000 	/Library/Java/JavaVirtualMachines/jdk1.8.0_111.jdk/Contents/Home/jre/lib/libfontmanager.dylib
0x0000000125ab7000 	/Library/Java/JavaVirtualMachines/jdk1.8.0_111.jdk/Contents/Home/jre/lib/libosxui.dylib
0x000000012662f000 	/Library/Java/JavaVirtualMachines/jdk1.8.0_111.jdk/Contents/Home/jre/lib/libnet.dylib
0x0000000126572000 	/Library/Java/JavaVirtualMachines/jdk1.8.0_111.jdk/Contents/Home/jre/lib/libnio.dylib
0x00000001257c5000 	/private/var/folders/qk/z1qqpcwd0wx0z14thz2z48xw0000gr/T/jogamp_0000/file_cache/jln8938141639484445428/jln7549586152283857076/libgluegen-rt.jnilib
0x00000001257c9000 	/private/var/folders/qk/z1qqpcwd0wx0z14thz2z48xw0000gr/T/jogamp_0000/file_cache/jln8938141639484445428/jln7549586152283857076/libnativewindow_awt.jnilib
0x0000000164b3d000 	/Library/Java/JavaVirtualMachines/jdk1.8.0_111.jdk/Contents/Home/jre/lib/libjawt.dylib
0x0000000164b40000 	/private/var/folders/qk/z1qqpcwd0wx0z14thz2z48xw0000gr/T/jogamp_0000/file_cache/jln8938141639484445428/jln7549586152283857076/libnativewindow_macosx.jnilib
0x000000016757c000 	/private/var/folders/qk/z1qqpcwd0wx0z14thz2z48xw0000gr/T/jogamp_0000/file_cache/jln8938141639484445428/jln7549586152283857076/libjogl_desktop.jnilib
0x0000000001136000 	/System/Library/PrivateFrameworks/ViewBridge.framework/Versions/A/ViewBridge
0x0000000001136000 	/System/Library/PrivateFrameworks/XPCService.framework/Versions/A/XPCService
0x0000000001136000 	/System/Library/PrivateFrameworks/AppSandbox.framework/Versions/A/AppSandbox
0x0000000001136000 	/usr/lib/libsandbox.1.dylib
0x0000000001136000 	/usr/lib/libMatch.1.dylib
0x0000000171507000 	/Library/Java/JavaVirtualMachines/jdk1.8.0_111.jdk/Contents/Home/jre/lib/libjpeg.dylib

VM Arguments:
jvm_args: -Djava.security.policy=java.policy.applet -Dfile.encoding=UTF-8 
java_command: sun.applet.AppletViewer ai.files.DisplayPath1520361681395.html
java_class_path (initial): /Users/Justin/AQP-AI/AI/build:/Users/Justin/AQP-AI/AI/lib/core.jar:/Users/Justin/AQP-AI/AI/lib/gluegen-rt.jar:/Users/Justin/AQP-AI/AI/lib/jogl-all.jar:/Users/Justin/AQP-AI/AI/lib/log4j-1.2.15.jar:/Users/Justin/AQP-AI/AI/lib/sqlite-jdbc-3.7.2.jar:/Users/Justin/AQP-AI/AI/lib/json4processing.jar:/Users/Justin/AQP-AI/AI/lib/libTUIO.jar:/Users/Justin/AQP-AI/AI/lib/unfolding.0.9.6.jar:/Users/Justin/AQP-AI/AI/lib/DelaunayTriangulator-1.0.3.jar:/Users/Justin/AQP-AI/AI/lib/guava-12.0.jar:/Users/Justin/.p2/pool/plugins/org.junit_4.12.0.v201504281640/junit.jar:/Users/Justin/.p2/pool/plugins/org.hamcrest.core_1.3.0.v201303031735.jar
Launcher Type: SUN_STANDARD

Environment Variables:
PATH=/usr/bin:/bin:/usr/sbin:/sbin
SHELL=/bin/bash
DISPLAY=/private/tmp/com.apple.launchd.G7Ci6zuywv/org.macosforge.xquartz:0

Signal Handlers:
SIGSEGV: [libjvm.dylib+0x5b03ed], sa_mask[0]=11111111011111110111111111111111, sa_flags=SA_ONSTACK|SA_RESTART|SA_SIGINFO
SIGBUS: [libjvm.dylib+0x5b03ed], sa_mask[0]=11111111011111110111111111111111, sa_flags=SA_RESTART|SA_SIGINFO
SIGFPE: [libjvm.dylib+0x48711c], sa_mask[0]=11111111011111110111111111111111, sa_flags=SA_RESTART|SA_SIGINFO
SIGPIPE: [libjvm.dylib+0x48711c], sa_mask[0]=11111111011111110111111111111111, sa_flags=SA_RESTART|SA_SIGINFO
SIGXFSZ: [libjvm.dylib+0x48711c], sa_mask[0]=11111111011111110111111111111111, sa_flags=SA_RESTART|SA_SIGINFO
SIGILL: [libjvm.dylib+0x48711c], sa_mask[0]=11111111011111110111111111111111, sa_flags=SA_RESTART|SA_SIGINFO
SIGUSR1: SIG_DFL, sa_mask[0]=00000000000000000000000000000000, sa_flags=none
SIGUSR2: [libjvm.dylib+0x486c3a], sa_mask[0]=00100000000000000000000000000000, sa_flags=SA_RESTART|SA_SIGINFO
SIGHUP: [libjvm.dylib+0x485211], sa_mask[0]=11111111011111110111111111111111, sa_flags=SA_RESTART|SA_SIGINFO
SIGINT: [libjvm.dylib+0x485211], sa_mask[0]=11111111011111110111111111111111, sa_flags=SA_RESTART|SA_SIGINFO
SIGTERM: [libjvm.dylib+0x485211], sa_mask[0]=11111111011111110111111111111111, sa_flags=SA_RESTART|SA_SIGINFO
SIGQUIT: [libjvm.dylib+0x485211], sa_mask[0]=11111111011111110111111111111111, sa_flags=SA_RESTART|SA_SIGINFO


---------------  S Y S T E M  ---------------

OS:Bsduname:Darwin 16.0.0 Darwin Kernel Version 16.0.0: Mon Aug 29 17:56:20 PDT 2016; root:xnu-3789.1.32~3/RELEASE_X86_64 x86_64
rlimit: STACK 8192k, CORE 0k, NPROC 709, NOFILE 10240, AS infinity
load average:2.03 2.30 2.43

CPU:total 4 (2 cores per cpu, 2 threads per core) family 6 model 69 stepping 1, cmov, cx8, fxsr, mmx, sse, sse2, sse3, ssse3, sse4.1, sse4.2, popcnt, avx, avx2, aes, clmul, erms, lzcnt, ht, tsc, tscinvbit, bmi1, bmi2

Memory: 4k page, physical 8388608k(452532k free)

/proc/meminfo:


vm_info: Java HotSpot(TM) 64-Bit Server VM (25.111-b14) for bsd-amd64 JRE (1.8.0_111-b14), built on Sep 22 2016 15:31:41 by "java_re" with gcc 4.2.1 (Based on Apple Inc. build 5658) (LLVM build 2336.11.00)

time: Tue Mar  6 13:45:59 2018
elapsed time: 278 seconds (0d 0h 4m 38s)

