#
# A fatal error has been detected by the Java Runtime Environment:
#
#  SIGSEGV (0xb) at pc=0x00007fffd37f3b5d, pid=61651, tid=0x000000000000080b
#
# JRE version: Java(TM) SE Runtime Environment (8.0_111-b14) (build 1.8.0_111-b14)
# Java VM: Java HotSpot(TM) 64-Bit Server VM (25.111-b14 mixed mode bsd-amd64 compressed oops)
# Problematic frame:
# C  [libobjc.A.dylib+0x6b5d]  objc_msgSend+0x1d
#
# Failed to write core dump. Core dumps have been disabled. To enable core dumping, try "ulimit -c unlimited" before starting Java again
#
# If you would like to submit a bug report, please visit:
#   http://bugreport.java.com/bugreport/crash.jsp
# The crash happened outside the Java Virtual Machine in native code.
# See problematic frame for where to report the bug.
#

---------------  T H R E A D  ---------------

Current thread (0x00007fd36d88c000):  JavaThread "AWT-AppKit" daemon [_thread_in_native, id=2059, stack(0x00007fff58298000,0x00007fff58a98000)]

siginfo: si_signo: 11 (SIGSEGV), si_code: 1 (SEGV_MAPERR), si_addr: 0x0000000000000018

Registers:
RAX=0x00007fd3724a1200, RBX=0x000000016428c3b0, RCX=0x00007fd36ee00340, RDX=0x0000000000000000
RSP=0x00007fff58a93418, RBP=0x00007fff58a934d0, RSI=0x00007fffbd8821c3, RDI=0x00007fd372018830
R8 =0x0000000000000018, R9 =0x00007fd36ee00050, R10=0x0000000000000000, R11=0x00007fffbd8821c3
R12=0x0000000000000000, R13=0x0000000166a31688, R14=0x000000016428c3a0, R15=0x00007fd36d88c000
RIP=0x00007fffd37f3b5d, EFLAGS=0x0000000000010246, ERR=0x0000000000000004
  TRAPNO=0x000000000000000e

Top of Stack: (sp=0x00007fff58a93418)
0x00007fff58a93418:   000000016428a5d7 00007fff58a93470
0x00007fff58a93428:   0000000000000003 00007fff58a93450
0x00007fff58a93438:   0000000107bf27be 0000000166a31688
0x00007fff58a93448:   0000000166a31688 00007fd3724a1200
0x00007fff58a93458:   000000016428c5c0 000000016428c640
0x00007fff58a93468:   000000016428c3b0 00007fffd97b96d0
0x00007fff58a93478:   000000016428c5d0 00007fffda41df90
0x00007fff58a93488:   00007fd3724a1200 00007fd372018830
0x00007fff58a93498:   00007fd36c54da10 00007fd3724a1200
0x00007fff58a934a8:   00007fd372018830 00007fff58a93558
0x00007fff58a934b8:   00007fd36d88c1f8 0000000166a31688
0x00007fff58a934c8:   00007fff58a93580 00007fff58a93548
0x00007fff58a934d8:   000000010d4f49f4 0000000166a31688
0x00007fff58a934e8:   00007fff58a93580 00007fff58a93548
0x00007fff58a934f8:   000000010d4f4787 000000010d4f4742
0x00007fff58a93508:   00007fff58a93508 0000000166a31688
0x00007fff58a93518:   00007fff58a93580 0000000166a33e78
0x00007fff58a93528:   0000000000000000 0000000166a31688
0x00007fff58a93538:   0000000000000000 00007fff58a93568
0x00007fff58a93548:   00007fff58a935c8 000000010d4e52bd
0x00007fff58a93558:   0000000741a2fc10 000000010d4ee538
0x00007fff58a93568:   00007fd3724a1200 00007fff58a935c8
0x00007fff58a93578:   00007fd372018830 000000010d4efe02
0x00007fff58a93588:   00007fff58a93588 0000000166a31852
0x00007fff58a93598:   00007fff58a935f0 0000000166a33e78
0x00007fff58a935a8:   0000000000000000 0000000166a31860
0x00007fff58a935b8:   00007fff58a93568 00007fff58a935d8
0x00007fff58a935c8:   00007fff58a93638 000000010d4e52bd
0x00007fff58a935d8:   00007fd3724a1200 0000000741832f90
0x00007fff58a935e8:   00007fd372018830 0000000741832f90
0x00007fff58a935f8:   00007fff58a935f8 000000016fde6e06
0x00007fff58a93608:   00007fff58a93648 000000016fde6ec0 

Instructions: (pc=0x00007fffd37f3b5d)
0x00007fffd37f3b3d:   0f 1f 00 48 85 ff 2e 74 62 40 f6 c7 01 2e 75 66
0x00007fffd37f3b4d:   49 ba f8 ff ff ff ff 7f 00 00 4c 23 17 49 89 f3
0x00007fffd37f3b5d:   45 23 5a 18 49 c1 e3 04 4d 03 5a 10 49 3b 33 75
0x00007fffd37f3b6d:   04 41 ff 63 08 49 83 3b 01 76 0d 49 83 c3 10 49 

Register to memory mapping:

RAX=0x00007fd3724a1200 is an unknown value
RBX=0x000000016428c3b0: Java_jogamp_nativewindow_macosx_OSXUtil_GetScreenRefreshRate0+0x1850 in /private/var/folders/qk/z1qqpcwd0wx0z14thz2z48xw0000gr/T/jogamp_0000/file_cache/jln5004626108418425922/jln572166475012377532/libnativewindow_macosx.jnilib at 0x0000000164285000
RCX=0x00007fd36ee00340 is an unknown value
RDX=0x0000000000000000 is an unknown value
RSP=0x00007fff58a93418 is pointing into the stack for thread: 0x00007fd36d88c000
RBP=0x00007fff58a934d0 is pointing into the stack for thread: 0x00007fd36d88c000
RSI=0x00007fffbd8821c3: __NSStyleNameIndexTable+0x814d6 in /System/Library/Frameworks/AppKit.framework/Versions/C/AppKit at 0x00007fffbccf0000
RDI=0x00007fd372018830 is an unknown value
R8 =0x0000000000000018 is an unknown value
R9 =0x00007fd36ee00050 is an unknown value
R10=0x0000000000000000 is an unknown value
R11=0x00007fffbd8821c3: __NSStyleNameIndexTable+0x814d6 in /System/Library/Frameworks/AppKit.framework/Versions/C/AppKit at 0x00007fffbccf0000
R12=0x0000000000000000 is an unknown value
R13={method} {0x0000000166a31688} 'UnsetJAWTRootSurfaceLayer0' '(JJ)V' in 'jogamp/nativewindow/jawt/macosx/MacOSXJAWTWindow'
R14=0x000000016428c3a0: Java_jogamp_nativewindow_macosx_OSXUtil_GetScreenRefreshRate0+0x1840 in /private/var/folders/qk/z1qqpcwd0wx0z14thz2z48xw0000gr/T/jogamp_0000/file_cache/jln5004626108418425922/jln572166475012377532/libnativewindow_macosx.jnilib at 0x0000000164285000
R15=0x00007fd36d88c000 is a thread


Stack: [0x00007fff58298000,0x00007fff58a98000],  sp=0x00007fff58a93418,  free space=8173k
Native frames: (J=compiled Java code, j=interpreted, Vv=VM code, C=native code)
C  [libobjc.A.dylib+0x6b5d]  objc_msgSend+0x1d
j  jogamp.nativewindow.jawt.macosx.MacOSXJAWTWindow.UnsetJAWTRootSurfaceLayer0(JJ)V+0
j  jogamp.nativewindow.jawt.macosx.MacOSXJAWTWindow.access$200(JJ)V+2
j  jogamp.nativewindow.jawt.macosx.MacOSXJAWTWindow$1.run()V+38
J 2498 C1 com.jogamp.common.util.RunnableTask.run()V (345 bytes) @ 0x000000010dbf97f4 [0x000000010dbf9660+0x194]
v  ~StubRoutines::call_stub
V  [libjvm.dylib+0x2ecf8a]
V  [libjvm.dylib+0x324119]
V  [libjvm.dylib+0x3168e7]
C  [libnativewindow_macosx.jnilib+0x57ae]  Java_jogamp_nativewindow_jawt_macosx_MacOSXJAWTWindow_UnsetJAWTRootSurfaceLayer0+0x2be
C  [Foundation+0x71f2a]  __NSThreadPerformPerform+0x146
C  [CoreFoundation+0xa7551]  __CFRUNLOOP_IS_CALLING_OUT_TO_A_SOURCE0_PERFORM_FUNCTION__+0x11
C  [CoreFoundation+0x886bd]  __CFRunLoopDoSources0+0x22d
C  [CoreFoundation+0x87bb6]  __CFRunLoopRun+0x3a6
C  [CoreFoundation+0x875b4]  CFRunLoopRunSpecific+0x1a4
C  [HIToolbox+0x30f6c]  RunCurrentEventLoopInMode+0xf0
C  [HIToolbox+0x30da1]  ReceiveNextEventCommon+0x1b0
C  [HIToolbox+0x30bd6]  _BlockUntilNextEventMatchingListInModeWithFilter+0x47
C  [AppKit+0x475f5]  _DPSNextEvent+0x445
C  [AppKit+0x7578eb]  -[NSApplication(NSEvent) _nextEventMatchingEventMask:untilDate:inMode:dequeue:]+0x665
C  [libosxapp.dylib+0x23aa]  -[NSApplicationAWT nextEventMatchingMask:untilDate:inMode:dequeue:]+0x7c
C  [AppKit+0x3bfbd]  -[NSApplication run]+0x39e
C  [libosxapp.dylib+0x214d]  +[NSApplicationAWT runAWTLoopWithApp:]+0x9c
C  [libawt_lwawt.dylib+0x444b3]  -[AWTStarter starter:]+0x389
C  [Foundation+0x71f2a]  __NSThreadPerformPerform+0x146
C  [CoreFoundation+0xa7551]  __CFRUNLOOP_IS_CALLING_OUT_TO_A_SOURCE0_PERFORM_FUNCTION__+0x11
C  [CoreFoundation+0x886bd]  __CFRunLoopDoSources0+0x22d
C  [CoreFoundation+0x87bb6]  __CFRunLoopRun+0x3a6
C  [CoreFoundation+0x875b4]  CFRunLoopRunSpecific+0x1a4
C  [java+0x6465]  CreateExecutionEnvironment+0x367
C  [java+0x218c]  JLI_Launch+0x7a0
C  [java+0x84c2]  main+0x65
C  [java+0x19e4]  start+0x34
C  0x0000000000000007

Java frames: (J=compiled Java code, j=interpreted, Vv=VM code)
j  jogamp.nativewindow.jawt.macosx.MacOSXJAWTWindow.UnsetJAWTRootSurfaceLayer0(JJ)V+0
j  jogamp.nativewindow.jawt.macosx.MacOSXJAWTWindow.access$200(JJ)V+2
j  jogamp.nativewindow.jawt.macosx.MacOSXJAWTWindow$1.run()V+38
J 2498 C1 com.jogamp.common.util.RunnableTask.run()V (345 bytes) @ 0x000000010dbf97f4 [0x000000010dbf9660+0x194]
v  ~StubRoutines::call_stub

---------------  P R O C E S S  ---------------

Java Threads: ( => current thread )
  0x00007fd36d2b1000 JavaThread "Thread-102" [_thread_blocked, id=72211, stack(0x0000700005e99000,0x0000700005f99000)]
  0x00007fd36d14b000 JavaThread "AWT-EventQueue-1" [_thread_in_native, id=66575, stack(0x0000700005d13000,0x0000700005e13000)]
  0x00007fd36e2c9800 JavaThread "DestroyJavaVM" [_thread_blocked, id=7427, stack(0x000070000474e000,0x000070000484e000)]
  0x00007fd36d106800 JavaThread "AWT-EventQueue-0" [_thread_blocked, id=60163, stack(0x0000700005b0d000,0x0000700005c0d000)]
  0x00007fd36d89d000 JavaThread "Java2D Disposer" daemon [_thread_blocked, id=56847, stack(0x0000700005884000,0x0000700005984000)]
  0x00007fd36e22f800 JavaThread "Java2D Queue Flusher" daemon [_thread_blocked, id=47667, stack(0x0000700005781000,0x0000700005881000)]
  0x00007fd36e04c000 JavaThread "AWT-Shutdown" [_thread_blocked, id=30239, stack(0x0000700005578000,0x0000700005678000)]
=>0x00007fd36d88c000 JavaThread "AWT-AppKit" daemon [_thread_in_native, id=2059, stack(0x00007fff58298000,0x00007fff58a98000)]
  0x00007fd36d007000 JavaThread "Service Thread" daemon [_thread_blocked, id=18947, stack(0x0000700005372000,0x0000700005472000)]
  0x00007fd36d02a800 JavaThread "C1 CompilerThread2" daemon [_thread_blocked, id=18435, stack(0x000070000526f000,0x000070000536f000)]
  0x00007fd36d029800 JavaThread "C2 CompilerThread1" daemon [_thread_blocked, id=17923, stack(0x000070000516c000,0x000070000526c000)]
  0x00007fd36d028000 JavaThread "C2 CompilerThread0" daemon [_thread_blocked, id=17411, stack(0x0000700005069000,0x0000700005169000)]
  0x00007fd36d017000 JavaThread "Signal Dispatcher" daemon [_thread_blocked, id=16899, stack(0x0000700004f66000,0x0000700005066000)]
  0x00007fd36d014000 JavaThread "Finalizer" daemon [_thread_blocked, id=12803, stack(0x0000700004e63000,0x0000700004f63000)]
  0x00007fd36d011800 JavaThread "Reference Handler" daemon [_thread_blocked, id=12291, stack(0x0000700004d60000,0x0000700004e60000)]

Other Threads:
  0x00007fd36c801000 VMThread [stack: 0x0000700004c5d000,0x0000700004d5d000] [id=11779]
  0x00007fd36d017800 WatcherThread [stack: 0x0000700005475000,0x0000700005575000] [id=19459]

VM state:not at safepoint (normal execution)

VM Mutex/Monitor currently owned by a thread: None

Heap:
 PSYoungGen      total 132096K, used 104366K [0x0000000795580000, 0x000000079ef00000, 0x00000007c0000000)
  eden space 114176K, 91% used [0x0000000795580000,0x000000079bb53940,0x000000079c500000)
  from space 17920K, 0% used [0x000000079dd80000,0x000000079dd98000,0x000000079ef00000)
  to   space 21504K, 0% used [0x000000079c500000,0x000000079c500000,0x000000079da00000)
 ParOldGen       total 87552K, used 43511K [0x0000000740000000, 0x0000000745580000, 0x0000000795580000)
  object space 87552K, 49% used [0x0000000740000000,0x0000000742a7de68,0x0000000745580000)
 Metaspace       used 19633K, capacity 19889K, committed 20224K, reserved 1067008K
  class space    used 1917K, capacity 2015K, committed 2048K, reserved 1048576K

Card table byte_map: [0x0000000108d9f000,0x00000001091a0000] byte_map_base: 0x000000010539f000

Marking Bits: (ParMarkBitMap*) 0x00000001082efd20
 Begin Bits: [0x000000010944b000, 0x000000010b44b000)
 End Bits:   [0x000000010b44b000, 0x000000010d44b000)

Polling page: 0x00000001071f3000

CodeCache: size=245760Kb used=8602Kb max_used=8616Kb free=237157Kb
 bounds [0x000000010d4dd000, 0x000000010dd5d000, 0x000000011c4dd000]
 total_blobs=3401 nmethods=2520 adapters=794
 compilation: enabled

Compilation events (10 events):
Event: 53.842 Thread 0x00007fd36d02a800 nmethod 2864 0x000000010dd46290 code [0x000000010dd46440, 0x000000010dd46d48]
Event: 53.889 Thread 0x00007fd36d02a800 2865       3       processing.opengl.PGraphicsOpenGL::deleteFinalizedTextureObjects (131 bytes)
Event: 53.891 Thread 0x00007fd36d028000 2867  s!   4       sun.misc.URLClassPath::getLoader (197 bytes)
Event: 53.893 Thread 0x00007fd36d02a800 nmethod 2865 0x000000010dd4f910 code [0x000000010dd4fc40, 0x000000010dd51858]
Event: 53.893 Thread 0x00007fd36d02a800 2868       3       java.security.CodeSource::<init> (40 bytes)
Event: 53.894 Thread 0x00007fd36d02a800 nmethod 2868 0x000000010dd45bd0 code [0x000000010dd45d60, 0x000000010dd46188]
Event: 53.894 Thread 0x00007fd36d02a800 2866       1       sun.java2d.SurfaceData::isValid (5 bytes)
Event: 53.894 Thread 0x00007fd36d02a800 nmethod 2866 0x000000010dd11350 code [0x000000010dd114a0, 0x000000010dd115b0]
Event: 53.901 Thread 0x00007fd36d028000 nmethod 2867 0x000000010dd542d0 code [0x000000010dd54440, 0x000000010dd54c18]
Event: 53.904 Thread 0x00007fd36d029800 2869  s    4       sun.misc.URLClassPath::getNextLoader (88 bytes)

GC Heap History (10 events):
Event: 13.327 GC heap before
{Heap before GC invocations=6 (full 0):
 PSYoungGen      total 71680K, used 71666K [0x0000000795580000, 0x000000079fb80000, 0x00000007c0000000)
  eden space 66560K, 100% used [0x0000000795580000,0x0000000799680000,0x0000000799680000)
  from space 5120K, 99% used [0x0000000799680000,0x0000000799b7c978,0x0000000799b80000)
  to   space 18432K, 0% used [0x000000079e980000,0x000000079e980000,0x000000079fb80000)
 ParOldGen       total 87552K, used 24584K [0x0000000740000000, 0x0000000745580000, 0x0000000795580000)
  object space 87552K, 28% used [0x0000000740000000,0x0000000741802140,0x0000000745580000)
 Metaspace       used 19228K, capacity 19441K, committed 19712K, reserved 1067008K
  class space    used 1909K, capacity 2015K, committed 2048K, reserved 1048576K
Event: 13.340 GC heap after
Heap after GC invocations=6 (full 0):
 PSYoungGen      total 149504K, used 7936K [0x0000000795580000, 0x000000079f980000, 0x00000007c0000000)
  eden space 133120K, 0% used [0x0000000795580000,0x0000000795580000,0x000000079d780000)
  from space 16384K, 48% used [0x000000079e980000,0x000000079f1401b0,0x000000079f980000)
  to   space 17408K, 0% used [0x000000079d780000,0x000000079d780000,0x000000079e880000)
 ParOldGen       total 87552K, used 24592K [0x0000000740000000, 0x0000000745580000, 0x0000000795580000)
  object space 87552K, 28% used [0x0000000740000000,0x0000000741804140,0x0000000745580000)
 Metaspace       used 19228K, capacity 19441K, committed 19712K, reserved 1067008K
  class space    used 1909K, capacity 2015K, committed 2048K, reserved 1048576K
}
Event: 18.804 GC heap before
{Heap before GC invocations=7 (full 0):
 PSYoungGen      total 149504K, used 141056K [0x0000000795580000, 0x000000079f980000, 0x00000007c0000000)
  eden space 133120K, 100% used [0x0000000795580000,0x000000079d780000,0x000000079d780000)
  from space 16384K, 48% used [0x000000079e980000,0x000000079f1401b0,0x000000079f980000)
  to   space 17408K, 0% used [0x000000079d780000,0x000000079d780000,0x000000079e880000)
 ParOldGen       total 87552K, used 24592K [0x0000000740000000, 0x0000000745580000, 0x0000000795580000)
  object space 87552K, 28% used [0x0000000740000000,0x0000000741804140,0x0000000745580000)
 Metaspace       used 19502K, capacity 19697K, committed 19968K, reserved 1067008K
  class space    used 1909K, capacity 2015K, committed 2048K, reserved 1048576K
Event: 18.844 GC heap after
Heap after GC invocations=7 (full 0):
 PSYoungGen      total 143872K, used 15392K [0x0000000795580000, 0x000000079f880000, 0x00000007c0000000)
  eden space 128000K, 0% used [0x0000000795580000,0x0000000795580000,0x000000079d280000)
  from space 15872K, 96% used [0x000000079d780000,0x000000079e6883e0,0x000000079e700000)
  to   space 17920K, 0% used [0x000000079e700000,0x000000079e700000,0x000000079f880000)
 ParOldGen       total 87552K, used 26918K [0x0000000740000000, 0x0000000745580000, 0x0000000795580000)
  object space 87552K, 30% used [0x0000000740000000,0x0000000741a49a68,0x0000000745580000)
 Metaspace       used 19502K, capacity 19697K, committed 19968K, reserved 1067008K
  class space    used 1909K, capacity 2015K, committed 2048K, reserved 1048576K
}
Event: 27.471 GC heap before
{Heap before GC invocations=8 (full 0):
 PSYoungGen      total 143872K, used 143392K [0x0000000795580000, 0x000000079f880000, 0x00000007c0000000)
  eden space 128000K, 100% used [0x0000000795580000,0x000000079d280000,0x000000079d280000)
  from space 15872K, 96% used [0x000000079d780000,0x000000079e6883e0,0x000000079e700000)
  to   space 17920K, 0% used [0x000000079e700000,0x000000079e700000,0x000000079f880000)
 ParOldGen       total 87552K, used 26918K [0x0000000740000000, 0x0000000745580000, 0x0000000795580000)
  object space 87552K, 30% used [0x0000000740000000,0x0000000741a49a68,0x0000000745580000)
 Metaspace       used 19596K, capacity 19825K, committed 19968K, reserved 1067008K
  class space    used 1910K, capacity 2015K, committed 2048K, reserved 1048576K
Event: 27.481 GC heap after
Heap after GC invocations=8 (full 0):
 PSYoungGen      total 140288K, used 16657K [0x0000000795580000, 0x000000079f780000, 0x00000007c0000000)
  eden space 123392K, 0% used [0x0000000795580000,0x0000000795580000,0x000000079ce00000)
  from space 16896K, 98% used [0x000000079e700000,0x000000079f744410,0x000000079f780000)
  to   space 20992K, 0% used [0x000000079ce80000,0x000000079ce80000,0x000000079e300000)
 ParOldGen       total 87552K, used 26966K [0x0000000740000000, 0x0000000745580000, 0x0000000795580000)
  object space 87552K, 30% used [0x0000000740000000,0x0000000741a55a68,0x0000000745580000)
 Metaspace       used 19596K, capacity 19825K, committed 19968K, reserved 1067008K
  class space    used 1910K, capacity 2015K, committed 2048K, reserved 1048576K
}
Event: 36.915 GC heap before
{Heap before GC invocations=9 (full 0):
 PSYoungGen      total 140288K, used 140049K [0x0000000795580000, 0x000000079f780000, 0x00000007c0000000)
  eden space 123392K, 100% used [0x0000000795580000,0x000000079ce00000,0x000000079ce00000)
  from space 16896K, 98% used [0x000000079e700000,0x000000079f744410,0x000000079f780000)
  to   space 20992K, 0% used [0x000000079ce80000,0x000000079ce80000,0x000000079e300000)
 ParOldGen       total 87552K, used 26966K [0x0000000740000000, 0x0000000745580000, 0x0000000795580000)
  object space 87552K, 30% used [0x0000000740000000,0x0000000741a55a68,0x0000000745580000)
 Metaspace       used 19602K, capacity 19825K, committed 19968K, reserved 1067008K
  class space    used 1910K, capacity 2015K, committed 2048K, reserved 1048576K
Event: 36.923 GC heap after
Heap after GC invocations=9 (full 0):
 PSYoungGen      total 130560K, used 11712K [0x0000000795580000, 0x000000079f180000, 0x00000007c0000000)
  eden space 118784K, 0% used [0x0000000795580000,0x0000000795580000,0x000000079c980000)
  from space 11776K, 99% used [0x000000079ce80000,0x000000079d9f02d0,0x000000079da00000)
  to   space 20480K, 0% used [0x000000079dd80000,0x000000079dd80000,0x000000079f180000)
 ParOldGen       total 87552K, used 31902K [0x0000000740000000, 0x0000000745580000, 0x0000000795580000)
  object space 87552K, 36% used [0x0000000740000000,0x0000000741f27b98,0x0000000745580000)
 Metaspace       used 19602K, capacity 19825K, committed 19968K, reserved 1067008K
  class space    used 1910K, capacity 2015K, committed 2048K, reserved 1048576K
}
Event: 46.032 GC heap before
{Heap before GC invocations=10 (full 0):
 PSYoungGen      total 130560K, used 130496K [0x0000000795580000, 0x000000079f180000, 0x00000007c0000000)
  eden space 118784K, 100% used [0x0000000795580000,0x000000079c980000,0x000000079c980000)
  from space 11776K, 99% used [0x000000079ce80000,0x000000079d9f02d0,0x000000079da00000)
  to   space 20480K, 0% used [0x000000079dd80000,0x000000079dd80000,0x000000079f180000)
 ParOldGen       total 87552K, used 31902K [0x0000000740000000, 0x0000000745580000, 0x0000000795580000)
  object space 87552K, 36% used [0x0000000740000000,0x0000000741f27b98,0x0000000745580000)
 Metaspace       used 19602K, capacity 19825K, committed 19968K, reserved 1067008K
  class space    used 1910K, capacity 2015K, committed 2048K, reserved 1048576K
Event: 46.042 GC heap after
Heap after GC invocations=10 (full 0):
 PSYoungGen      total 132096K, used 96K [0x0000000795580000, 0x000000079ef00000, 0x00000007c0000000)
  eden space 114176K, 0% used [0x0000000795580000,0x0000000795580000,0x000000079c500000)
  from space 17920K, 0% used [0x000000079dd80000,0x000000079dd98000,0x000000079ef00000)
  to   space 21504K, 0% used [0x000000079c500000,0x000000079c500000,0x000000079da00000)
 ParOldGen       total 87552K, used 43511K [0x0000000740000000, 0x0000000745580000, 0x0000000795580000)
  object space 87552K, 49% used [0x0000000740000000,0x0000000742a7de68,0x0000000745580000)
 Metaspace       used 19602K, capacity 19825K, committed 19968K, reserved 1067008K
  class space    used 1910K, capacity 2015K, committed 2048K, reserved 1048576K
}

Deoptimization events (10 events):
Event: 17.194 Thread 0x00007fd36d14b000 Uncommon trap: reason=speculate_class_check action=maybe_recompile pc=0x000000010dc6c350 method=com.jogamp.common.nio.Buffers.getDirectBufferByteOffset(Ljava/lang/Object;)I @ 31
Event: 17.205 Thread 0x00007fd36d14b000 Uncommon trap: reason=speculate_class_check action=maybe_recompile pc=0x000000010dc69ab8 method=com.jogamp.common.nio.Buffers.getDirectBufferByteOffset(Ljava/lang/Object;)I @ 31
Event: 17.205 Thread 0x00007fd36d14b000 Uncommon trap: reason=speculate_class_check action=maybe_recompile pc=0x000000010dc69ab8 method=com.jogamp.common.nio.Buffers.getDirectBufferByteOffset(Ljava/lang/Object;)I @ 31
Event: 17.439 Thread 0x00007fd36d14b000 Uncommon trap: reason=speculate_class_check action=maybe_recompile pc=0x000000010dc72fe8 method=com.jogamp.common.nio.Buffers.getDirectBufferByteOffset(Ljava/lang/Object;)I @ 42
Event: 17.440 Thread 0x00007fd36d14b000 Uncommon trap: reason=speculate_class_check action=maybe_recompile pc=0x000000010dc72fe8 method=com.jogamp.common.nio.Buffers.getDirectBufferByteOffset(Ljava/lang/Object;)I @ 42
Event: 17.470 Thread 0x00007fd36d14b000 Uncommon trap: reason=speculate_class_check action=maybe_recompile pc=0x000000010da16d4c method=com.jogamp.common.nio.Buffers.getDirectBufferByteOffset(Ljava/lang/Object;)I @ 53
Event: 17.475 Thread 0x00007fd36d14b000 Uncommon trap: reason=speculate_class_check action=maybe_recompile pc=0x000000010da16d4c method=com.jogamp.common.nio.Buffers.getDirectBufferByteOffset(Ljava/lang/Object;)I @ 53
Event: 53.889 Thread 0x00007fd36d8d2800 Uncommon trap: reason=unstable_if action=reinterpret pc=0x000000010d955920 method=java.util.HashMap.putVal(ILjava/lang/Object;Ljava/lang/Object;ZZ)Ljava/lang/Object; @ 81
Event: 53.889 Thread 0x00007fd36d8d2800 Uncommon trap: reason=unstable_if action=reinterpret pc=0x000000010d8979c4 method=java.util.HashMap.putVal(ILjava/lang/Object;Ljava/lang/Object;ZZ)Ljava/lang/Object; @ 81
Event: 53.909 Thread 0x00007fd36d14b000 Uncommon trap: reason=unstable_if action=reinterpret pc=0x000000010dbe2654 method=java.security.AccessControlContext.optimize()Ljava/security/AccessControlContext; @ 233

Internal exceptions (10 events):
Event: 0.208 Thread 0x00007fd36c801800 Exception <a 'java/lang/NoSuchFieldError': method resolution failed> (0x00000007957935e0) thrown at [/Users/java_re/workspace/8-2-build-macosx-x86_64/jdk8u111/7883/hotspot/src/share/vm/prims/methodHandles.cpp, line 1146]
Event: 0.471 Thread 0x00007fd36c801800 Exception <a 'java/io/FileNotFoundException'> (0x000000079580ec88) thrown at [/Users/java_re/workspace/8-2-build-macosx-x86_64/jdk8u111/7883/hotspot/src/share/vm/prims/jni.cpp, line 709]
Event: 0.471 Thread 0x00007fd36c801800 Exception <a 'java/io/FileNotFoundException'> (0x000000079580f7f0) thrown at [/Users/java_re/workspace/8-2-build-macosx-x86_64/jdk8u111/7883/hotspot/src/share/vm/prims/jni.cpp, line 709]
Event: 0.519 Thread 0x00007fd36c801800 Exception <a 'java/io/FileNotFoundException'> (0x0000000795916358) thrown at [/Users/java_re/workspace/8-2-build-macosx-x86_64/jdk8u111/7883/hotspot/src/share/vm/prims/jni.cpp, line 709]
Event: 0.636 Thread 0x00007fd36c801800 Exception <a 'java/io/FileNotFoundException'> (0x0000000795953210) thrown at [/Users/java_re/workspace/8-2-build-macosx-x86_64/jdk8u111/7883/hotspot/src/share/vm/prims/jni.cpp, line 709]
Event: 4.331 Thread 0x00007fd36e2ae000 Exception <a 'java/io/FileNotFoundException'> (0x00000007965cc2b8) thrown at [/Users/java_re/workspace/8-2-build-macosx-x86_64/jdk8u111/7883/hotspot/src/share/vm/prims/jni.cpp, line 709]
Event: 4.332 Thread 0x00007fd36e2ae000 Exception <a 'java/io/FileNotFoundException'> (0x00000007965d2ca0) thrown at [/Users/java_re/workspace/8-2-build-macosx-x86_64/jdk8u111/7883/hotspot/src/share/vm/prims/jni.cpp, line 709]
Event: 4.332 Thread 0x00007fd36e2ae000 Implicit null exception at 0x000000010d682eb6 to 0x000000010d683285
Event: 4.640 Thread 0x00007fd36e2ae000 Exception <a 'java/lang/UnsatisfiedLinkError': com.jogamp.common.util.JarUtil.fixNativeLibAttribs(Ljava/lang/String;)Z> (0x0000000796da8240) thrown at [/Users/java_re/workspace/8-2-build-macosx-x86_64/jdk8u111/7883/hotspot/src/share/vm/prims/nativeLookup.
Event: 4.988 Thread 0x00007fd36d014000 Exception <a 'java/lang/NullPointerException'> (0x00000007956f7d28) thrown at [/Users/java_re/workspace/8-2-build-macosx-x86_64/jdk8u111/7883/hotspot/src/share/vm/interpreter/linkResolver.cpp, line 1178]

Events (10 events):
Event: 53.909 Thread 0x00007fd36d14b000 DEOPT PACKING pc=0x000000010dbe2654 sp=0x0000700005e10790
Event: 53.909 Thread 0x00007fd36d14b000 DEOPT UNPACKING pc=0x000000010d4e2229 sp=0x0000700005e10760 mode 2
Event: 53.910 loading class java/awt/LightweightDispatcher$2
Event: 53.910 loading class java/awt/LightweightDispatcher$2 done
Event: 53.910 loading class java/awt/event/AWTEventListenerProxy
Event: 53.910 loading class java/awt/event/AWTEventListenerProxy done
Event: 53.910 loading class java/awt/Toolkit$ToolkitEventMulticaster
Event: 53.910 loading class java/awt/Toolkit$ToolkitEventMulticaster done
Event: 53.910 Executing VM operation: RevokeBias
Event: 53.910 Executing VM operation: RevokeBias done


Dynamic libraries:
0x0000000049ea3000 	/System/Library/Frameworks/Cocoa.framework/Versions/A/Cocoa
0x0000000049ea3000 	/System/Library/Frameworks/Security.framework/Versions/A/Security
0x0000000049ea3000 	/System/Library/Frameworks/ApplicationServices.framework/Versions/A/ApplicationServices
0x0000000049ea3000 	/usr/lib/libz.1.dylib
0x0000000049ea3000 	/usr/lib/libSystem.B.dylib
0x0000000049ea3000 	/usr/lib/libobjc.A.dylib
0x0000000049ea3000 	/System/Library/Frameworks/CoreFoundation.framework/Versions/A/CoreFoundation
0x0000000049ea3000 	/System/Library/Frameworks/Foundation.framework/Versions/C/Foundation
0x0000000049ea3000 	/System/Library/Frameworks/AppKit.framework/Versions/C/AppKit
0x0000000049ea3000 	/System/Library/Frameworks/CoreData.framework/Versions/A/CoreData
0x0000000049ea3000 	/System/Library/PrivateFrameworks/RemoteViewServices.framework/Versions/A/RemoteViewServices
0x0000000049ea3000 	/System/Library/PrivateFrameworks/UIFoundation.framework/Versions/A/UIFoundation
0x0000000049ea3000 	/usr/lib/libenergytrace.dylib
0x0000000049ea3000 	/System/Library/PrivateFrameworks/SkyLight.framework/Versions/A/SkyLight
0x0000000049ea3000 	/System/Library/Frameworks/CoreGraphics.framework/Versions/A/CoreGraphics
0x0000000049ea3000 	/usr/lib/libScreenReader.dylib
0x0000000049ea3000 	/System/Library/Frameworks/Accelerate.framework/Versions/A/Accelerate
0x0000000049ea3000 	/System/Library/Frameworks/IOSurface.framework/Versions/A/IOSurface
0x0000000049ea3000 	/System/Library/Frameworks/AudioToolbox.framework/Versions/A/AudioToolbox
0x0000000049ea3000 	/System/Library/Frameworks/AudioUnit.framework/Versions/A/AudioUnit
0x0000000049ea3000 	/System/Library/PrivateFrameworks/DataDetectorsCore.framework/Versions/A/DataDetectorsCore
0x0000000049ea3000 	/System/Library/PrivateFrameworks/DesktopServicesPriv.framework/Versions/A/DesktopServicesPriv
0x0000000049ea3000 	/System/Library/Frameworks/Carbon.framework/Versions/A/Frameworks/HIToolbox.framework/Versions/A/HIToolbox
0x0000000049ea3000 	/usr/lib/libicucore.A.dylib
0x0000000049ea3000 	/System/Library/Frameworks/QuartzCore.framework/Versions/A/QuartzCore
0x0000000049ea3000 	/System/Library/Frameworks/Carbon.framework/Versions/A/Frameworks/SpeechRecognition.framework/Versions/A/SpeechRecognition
0x0000000049ea3000 	/usr/lib/libauto.dylib
0x0000000049ea3000 	/usr/lib/libxml2.2.dylib
0x0000000049ea3000 	/System/Library/PrivateFrameworks/CoreUI.framework/Versions/A/CoreUI
0x0000000049ea3000 	/System/Library/Frameworks/CoreAudio.framework/Versions/A/CoreAudio
0x0000000049ea3000 	/System/Library/Frameworks/DiskArbitration.framework/Versions/A/DiskArbitration
0x0000000049ea3000 	/usr/lib/liblangid.dylib
0x0000000049ea3000 	/System/Library/PrivateFrameworks/MultitouchSupport.framework/Versions/A/MultitouchSupport
0x0000000049ea3000 	/System/Library/Frameworks/IOKit.framework/Versions/A/IOKit
0x0000000049ea3000 	/usr/lib/libDiagnosticMessagesClient.dylib
0x0000000049ea3000 	/System/Library/Frameworks/CoreServices.framework/Versions/A/CoreServices
0x0000000049ea3000 	/System/Library/PrivateFrameworks/PerformanceAnalysis.framework/Versions/A/PerformanceAnalysis
0x0000000049ea3000 	/System/Library/PrivateFrameworks/GenerationalStorage.framework/Versions/A/GenerationalStorage
0x0000000049ea3000 	/System/Library/Frameworks/OpenGL.framework/Versions/A/OpenGL
0x0000000049ea3000 	/System/Library/Frameworks/CoreImage.framework/Versions/A/CoreImage
0x0000000049ea3000 	/System/Library/Frameworks/CoreText.framework/Versions/A/CoreText
0x0000000049ea3000 	/System/Library/Frameworks/ImageIO.framework/Versions/A/ImageIO
0x0000000049ea3000 	/System/Library/PrivateFrameworks/Backup.framework/Versions/A/Backup
0x0000000049ea3000 	/usr/lib/libarchive.2.dylib
0x0000000049ea3000 	/System/Library/Frameworks/CFNetwork.framework/Versions/A/CFNetwork
0x0000000049ea3000 	/System/Library/Frameworks/SystemConfiguration.framework/Versions/A/SystemConfiguration
0x0000000049ea3000 	/usr/lib/libCRFSuite.dylib
0x0000000049ea3000 	/usr/lib/libc++.1.dylib
0x0000000049ea3000 	/usr/lib/libc++abi.dylib
0x0000000049ea3000 	/usr/lib/system/libcache.dylib
0x0000000049ea3000 	/usr/lib/system/libcommonCrypto.dylib
0x0000000049ea3000 	/usr/lib/system/libcompiler_rt.dylib
0x0000000049ea3000 	/usr/lib/system/libcopyfile.dylib
0x0000000049ea3000 	/usr/lib/system/libcorecrypto.dylib
0x0000000049ea3000 	/usr/lib/system/libdispatch.dylib
0x0000000049ea3000 	/usr/lib/system/libdyld.dylib
0x0000000049ea3000 	/usr/lib/system/libkeymgr.dylib
0x0000000049ea3000 	/usr/lib/system/liblaunch.dylib
0x0000000049ea3000 	/usr/lib/system/libmacho.dylib
0x0000000049ea3000 	/usr/lib/system/libquarantine.dylib
0x0000000049ea3000 	/usr/lib/system/libremovefile.dylib
0x0000000049ea3000 	/usr/lib/system/libsystem_asl.dylib
0x0000000049ea3000 	/usr/lib/system/libsystem_blocks.dylib
0x0000000049ea3000 	/usr/lib/system/libsystem_c.dylib
0x0000000049ea3000 	/usr/lib/system/libsystem_configuration.dylib
0x0000000049ea3000 	/usr/lib/system/libsystem_coreservices.dylib
0x0000000049ea3000 	/usr/lib/system/libsystem_coretls.dylib
0x0000000049ea3000 	/usr/lib/system/libsystem_dnssd.dylib
0x0000000049ea3000 	/usr/lib/system/libsystem_info.dylib
0x0000000049ea3000 	/usr/lib/system/libsystem_kernel.dylib
0x0000000049ea3000 	/usr/lib/system/libsystem_m.dylib
0x0000000049ea3000 	/usr/lib/system/libsystem_malloc.dylib
0x0000000049ea3000 	/usr/lib/system/libsystem_network.dylib
0x0000000049ea3000 	/usr/lib/system/libsystem_networkextension.dylib
0x0000000049ea3000 	/usr/lib/system/libsystem_notify.dylib
0x0000000049ea3000 	/usr/lib/system/libsystem_platform.dylib
0x0000000049ea3000 	/usr/lib/system/libsystem_pthread.dylib
0x0000000049ea3000 	/usr/lib/system/libsystem_sandbox.dylib
0x0000000049ea3000 	/usr/lib/system/libsystem_secinit.dylib
0x0000000049ea3000 	/usr/lib/system/libsystem_symptoms.dylib
0x0000000049ea3000 	/usr/lib/system/libsystem_trace.dylib
0x0000000049ea3000 	/usr/lib/system/libunwind.dylib
0x0000000049ea3000 	/usr/lib/system/libxpc.dylib
0x0000000049ea3000 	/usr/lib/libbsm.0.dylib
0x0000000049ea3000 	/usr/lib/system/libkxld.dylib
0x0000000049ea3000 	/usr/lib/libcoretls.dylib
0x0000000049ea3000 	/usr/lib/libcoretls_cfhelpers.dylib
0x0000000049ea3000 	/usr/lib/libxar.1.dylib
0x0000000049ea3000 	/usr/lib/libsqlite3.dylib
0x0000000049ea3000 	/usr/lib/libpam.2.dylib
0x0000000049ea3000 	/usr/lib/libOpenScriptingUtil.dylib
0x0000000049ea3000 	/usr/lib/libbz2.1.0.dylib
0x0000000049ea3000 	/usr/lib/liblzma.5.dylib
0x0000000049ea3000 	/usr/lib/libnetwork.dylib
0x0000000049ea3000 	/usr/lib/libpcap.A.dylib
0x0000000049ea3000 	/System/Library/Frameworks/CoreServices.framework/Versions/A/Frameworks/FSEvents.framework/Versions/A/FSEvents
0x0000000049ea3000 	/System/Library/Frameworks/CoreServices.framework/Versions/A/Frameworks/CarbonCore.framework/Versions/A/CarbonCore
0x0000000049ea3000 	/System/Library/Frameworks/CoreServices.framework/Versions/A/Frameworks/Metadata.framework/Versions/A/Metadata
0x0000000049ea3000 	/System/Library/Frameworks/CoreServices.framework/Versions/A/Frameworks/OSServices.framework/Versions/A/OSServices
0x0000000049ea3000 	/System/Library/Frameworks/CoreServices.framework/Versions/A/Frameworks/SearchKit.framework/Versions/A/SearchKit
0x0000000049ea3000 	/System/Library/Frameworks/CoreServices.framework/Versions/A/Frameworks/AE.framework/Versions/A/AE
0x0000000049ea3000 	/System/Library/Frameworks/CoreServices.framework/Versions/A/Frameworks/LaunchServices.framework/Versions/A/LaunchServices
0x0000000049ea3000 	/System/Library/Frameworks/CoreServices.framework/Versions/A/Frameworks/DictionaryServices.framework/Versions/A/DictionaryServices
0x0000000049ea3000 	/System/Library/Frameworks/CoreServices.framework/Versions/A/Frameworks/SharedFileList.framework/Versions/A/SharedFileList
0x0000000049ea3000 	/System/Library/Frameworks/NetFS.framework/Versions/A/NetFS
0x0000000049ea3000 	/System/Library/PrivateFrameworks/NetAuth.framework/Versions/A/NetAuth
0x0000000049ea3000 	/System/Library/PrivateFrameworks/login.framework/Versions/A/Frameworks/loginsupport.framework/Versions/A/loginsupport
0x0000000049ea3000 	/System/Library/PrivateFrameworks/TCC.framework/Versions/A/TCC
0x0000000049ea3000 	/usr/lib/libmecabra.dylib
0x0000000049ea3000 	/System/Library/Frameworks/ApplicationServices.framework/Versions/A/Frameworks/ATS.framework/Versions/A/ATS
0x0000000049ea3000 	/System/Library/Frameworks/ApplicationServices.framework/Versions/A/Frameworks/ColorSync.framework/Versions/A/ColorSync
0x0000000049ea3000 	/System/Library/Frameworks/ApplicationServices.framework/Versions/A/Frameworks/HIServices.framework/Versions/A/HIServices
0x0000000049ea3000 	/System/Library/Frameworks/ApplicationServices.framework/Versions/A/Frameworks/LangAnalysis.framework/Versions/A/LangAnalysis
0x0000000049ea3000 	/System/Library/Frameworks/ApplicationServices.framework/Versions/A/Frameworks/PrintCore.framework/Versions/A/PrintCore
0x0000000049ea3000 	/System/Library/Frameworks/ApplicationServices.framework/Versions/A/Frameworks/QD.framework/Versions/A/QD
0x0000000049ea3000 	/System/Library/Frameworks/ApplicationServices.framework/Versions/A/Frameworks/SpeechSynthesis.framework/Versions/A/SpeechSynthesis
0x0000000049ea3000 	/System/Library/Frameworks/Accelerate.framework/Versions/A/Frameworks/vImage.framework/Versions/A/vImage
0x0000000049ea3000 	/System/Library/Frameworks/Accelerate.framework/Versions/A/Frameworks/vecLib.framework/Versions/A/vecLib
0x0000000049ea3000 	/System/Library/Frameworks/Accelerate.framework/Versions/A/Frameworks/vecLib.framework/Versions/A/libvDSP.dylib
0x0000000049ea3000 	/System/Library/Frameworks/Accelerate.framework/Versions/A/Frameworks/vecLib.framework/Versions/A/libBNNS.dylib
0x0000000049ea3000 	/System/Library/Frameworks/Accelerate.framework/Versions/A/Frameworks/vecLib.framework/Versions/A/libQuadrature.dylib
0x0000000049ea3000 	/System/Library/Frameworks/Accelerate.framework/Versions/A/Frameworks/vecLib.framework/Versions/A/libvMisc.dylib
0x0000000049ea3000 	/System/Library/Frameworks/Accelerate.framework/Versions/A/Frameworks/vecLib.framework/Versions/A/libLAPACK.dylib
0x0000000049ea3000 	/System/Library/Frameworks/Accelerate.framework/Versions/A/Frameworks/vecLib.framework/Versions/A/libBLAS.dylib
0x0000000049ea3000 	/System/Library/Frameworks/Accelerate.framework/Versions/A/Frameworks/vecLib.framework/Versions/A/libLinearAlgebra.dylib
0x0000000049ea3000 	/System/Library/Frameworks/Accelerate.framework/Versions/A/Frameworks/vecLib.framework/Versions/A/libSparseBLAS.dylib
0x0000000049ea3000 	/System/Library/Frameworks/ApplicationServices.framework/Versions/A/Frameworks/ATS.framework/Versions/A/Resources/libFontParser.dylib
0x0000000049ea3000 	/System/Library/Frameworks/ApplicationServices.framework/Versions/A/Frameworks/ATS.framework/Versions/A/Resources/libFontRegistry.dylib
0x0000000049ea3000 	/System/Library/Frameworks/ImageIO.framework/Versions/A/Resources/libJPEG.dylib
0x0000000049ea3000 	/System/Library/Frameworks/ImageIO.framework/Versions/A/Resources/libTIFF.dylib
0x0000000049ea3000 	/System/Library/Frameworks/ImageIO.framework/Versions/A/Resources/libPng.dylib
0x0000000049ea3000 	/System/Library/Frameworks/ImageIO.framework/Versions/A/Resources/libGIF.dylib
0x0000000049ea3000 	/System/Library/Frameworks/ImageIO.framework/Versions/A/Resources/libJP2.dylib
0x0000000049ea3000 	/System/Library/Frameworks/ImageIO.framework/Versions/A/Resources/libRadiance.dylib
0x0000000049ea3000 	/usr/lib/libcompression.dylib
0x0000000049ea3000 	/System/Library/PrivateFrameworks/AppleJPEG.framework/Versions/A/AppleJPEG
0x0000000049ea3000 	/usr/lib/libcups.2.dylib
0x0000000049ea3000 	/System/Library/Frameworks/Kerberos.framework/Versions/A/Kerberos
0x0000000049ea3000 	/System/Library/Frameworks/GSS.framework/Versions/A/GSS
0x0000000049ea3000 	/usr/lib/libresolv.9.dylib
0x0000000049ea3000 	/usr/lib/libiconv.2.dylib
0x0000000049ea3000 	/System/Library/PrivateFrameworks/Heimdal.framework/Versions/A/Heimdal
0x0000000049ea3000 	/usr/lib/libheimdal-asn1.dylib
0x0000000049ea3000 	/System/Library/Frameworks/OpenDirectory.framework/Versions/A/OpenDirectory
0x0000000049ea3000 	/System/Library/PrivateFrameworks/CommonAuth.framework/Versions/A/CommonAuth
0x0000000049ea3000 	/System/Library/Frameworks/OpenDirectory.framework/Versions/A/Frameworks/CFOpenDirectory.framework/Versions/A/CFOpenDirectory
0x0000000049ea3000 	/System/Library/Frameworks/SecurityFoundation.framework/Versions/A/SecurityFoundation
0x0000000049ea3000 	/System/Library/PrivateFrameworks/LanguageModeling.framework/Versions/A/LanguageModeling
0x0000000049ea3000 	/usr/lib/libmarisa.dylib
0x0000000049ea3000 	/usr/lib/libChineseTokenizer.dylib
0x0000000049ea3000 	/usr/lib/libcmph.dylib
0x0000000049ea3000 	/System/Library/PrivateFrameworks/CoreEmoji.framework/Versions/A/CoreEmoji
0x0000000049ea3000 	/System/Library/Frameworks/ServiceManagement.framework/Versions/A/ServiceManagement
0x0000000049ea3000 	/usr/lib/libxslt.1.dylib
0x0000000049ea3000 	/System/Library/Frameworks/Carbon.framework/Versions/A/Frameworks/Ink.framework/Versions/A/Ink
0x0000000049ea3000 	/System/Library/PrivateFrameworks/TextureIO.framework/Versions/A/TextureIO
0x0000000049ea3000 	/System/Library/Frameworks/Metal.framework/Versions/A/Metal
0x0000000049ea3000 	/usr/lib/libate.dylib
0x0000000049ea3000 	/System/Library/PrivateFrameworks/GPUCompiler.framework/libmetal_timestamp.dylib
0x0000000049ea3000 	/System/Library/Frameworks/OpenGL.framework/Versions/A/Libraries/libCoreFSCache.dylib
0x0000000049ea3000 	/System/Library/PrivateFrameworks/IOAccelerator.framework/Versions/A/IOAccelerator
0x0000000049ea3000 	/System/Library/Frameworks/CoreVideo.framework/Versions/A/CoreVideo
0x0000000049ea3000 	/usr/lib/libFosl_dynamic.dylib
0x0000000049ea3000 	/System/Library/PrivateFrameworks/MetalPerformanceShaders.framework/Versions/A/MetalPerformanceShaders
0x0000000049ea3000 	/System/Library/PrivateFrameworks/FaceCore.framework/Versions/A/FaceCore
0x0000000049ea3000 	/System/Library/Frameworks/OpenCL.framework/Versions/A/OpenCL
0x0000000049ea3000 	/System/Library/Frameworks/OpenGL.framework/Versions/A/Libraries/libGLU.dylib
0x0000000049ea3000 	/System/Library/Frameworks/OpenGL.framework/Versions/A/Libraries/libGFXShared.dylib
0x0000000049ea3000 	/System/Library/Frameworks/OpenGL.framework/Versions/A/Libraries/libGL.dylib
0x0000000049ea3000 	/System/Library/Frameworks/OpenGL.framework/Versions/A/Libraries/libGLImage.dylib
0x0000000049ea3000 	/System/Library/Frameworks/OpenGL.framework/Versions/A/Libraries/libCVMSPluginSupport.dylib
0x0000000049ea3000 	/System/Library/Frameworks/OpenGL.framework/Versions/A/Libraries/libCoreVMClient.dylib
0x0000000049ea3000 	/System/Library/PrivateFrameworks/CrashReporterSupport.framework/Versions/A/CrashReporterSupport
0x0000000049ea3000 	/System/Library/PrivateFrameworks/Sharing.framework/Versions/A/Sharing
0x0000000049ea3000 	/System/Library/PrivateFrameworks/IconServices.framework/Versions/A/IconServices
0x0000000049ea3000 	/System/Library/PrivateFrameworks/ProtocolBuffer.framework/Versions/A/ProtocolBuffer
0x0000000049ea3000 	/System/Library/PrivateFrameworks/Apple80211.framework/Versions/A/Apple80211
0x0000000049ea3000 	/System/Library/Frameworks/CoreWLAN.framework/Versions/A/CoreWLAN
0x0000000049ea3000 	/System/Library/PrivateFrameworks/CoreUtils.framework/Versions/A/CoreUtils
0x0000000049ea3000 	/System/Library/Frameworks/IOBluetooth.framework/Versions/A/IOBluetooth
0x0000000049ea3000 	/System/Library/PrivateFrameworks/CoreWiFi.framework/Versions/A/CoreWiFi
0x0000000049ea3000 	/System/Library/Frameworks/CoreBluetooth.framework/Versions/A/CoreBluetooth
0x0000000049ea3000 	/System/Library/Frameworks/CoreDisplay.framework/Versions/A/CoreDisplay
0x0000000049ea3000 	/System/Library/PrivateFrameworks/IOPresentment.framework/Versions/A/IOPresentment
0x0000000049ea3000 	/System/Library/PrivateFrameworks/DebugSymbols.framework/Versions/A/DebugSymbols
0x0000000049ea3000 	/System/Library/PrivateFrameworks/CoreSymbolication.framework/Versions/A/CoreSymbolication
0x0000000049ea3000 	/System/Library/PrivateFrameworks/Symbolication.framework/Versions/A/Symbolication
0x0000000049ea3000 	/System/Library/PrivateFrameworks/AppleFSCompression.framework/Versions/A/AppleFSCompression
0x0000000049ea3000 	/System/Library/PrivateFrameworks/SpeechRecognitionCore.framework/Versions/A/SpeechRecognitionCore
0x0000000049ea3000 	/System/Library/PrivateFrameworks/ChunkingLibrary.framework/Versions/A/ChunkingLibrary
0x0000000107a00000 	/Library/Java/JavaVirtualMachines/jdk1.8.0_111.jdk/Contents/Home/jre/lib/server/libjvm.dylib
0x0000000049ea3000 	/usr/lib/libstdc++.6.dylib
0x00000001071e5000 	/Library/Java/JavaVirtualMachines/jdk1.8.0_111.jdk/Contents/Home/jre/lib/libverify.dylib
0x00000001089a1000 	/Library/Java/JavaVirtualMachines/jdk1.8.0_111.jdk/Contents/Home/jre/lib/libjava.dylib
0x00000001089d6000 	/Library/Java/JavaVirtualMachines/jdk1.8.0_111.jdk/Contents/Home/jre/lib/libzip.dylib
0x000000011e3d4000 	/System/Library/Frameworks/JavaVM.framework/Frameworks/JavaRuntimeSupport.framework/JavaRuntimeSupport
0x000000011e3ee000 	/System/Library/Frameworks/JavaVM.framework/Versions/A/Frameworks/JavaNativeFoundation.framework/Versions/A/JavaNativeFoundation
0x000000011e403000 	/System/Library/Frameworks/JavaVM.framework/Versions/A/JavaVM
0x0000000049ea3000 	/System/Library/Frameworks/Carbon.framework/Versions/A/Carbon
0x000000011e410000 	/System/Library/PrivateFrameworks/JavaLaunching.framework/Versions/A/JavaLaunching
0x0000000049ea3000 	/System/Library/Frameworks/Carbon.framework/Versions/A/Frameworks/CommonPanels.framework/Versions/A/CommonPanels
0x0000000049ea3000 	/System/Library/Frameworks/Carbon.framework/Versions/A/Frameworks/Help.framework/Versions/A/Help
0x0000000049ea3000 	/System/Library/Frameworks/Carbon.framework/Versions/A/Frameworks/ImageCapture.framework/Versions/A/ImageCapture
0x0000000049ea3000 	/System/Library/Frameworks/Carbon.framework/Versions/A/Frameworks/OpenScripting.framework/Versions/A/OpenScripting
0x0000000049ea3000 	/System/Library/Frameworks/Carbon.framework/Versions/A/Frameworks/Print.framework/Versions/A/Print
0x0000000049ea3000 	/System/Library/Frameworks/Carbon.framework/Versions/A/Frameworks/SecurityHI.framework/Versions/A/SecurityHI
0x000000011fd16000 	/Library/Java/JavaVirtualMachines/jdk1.8.0_111.jdk/Contents/Home/jre/lib/libawt.dylib
0x000000011fdbe000 	/Library/Java/JavaVirtualMachines/jdk1.8.0_111.jdk/Contents/Home/jre/lib/./libmlib_image.dylib
0x000000011fe8a000 	/Library/Java/JavaVirtualMachines/jdk1.8.0_111.jdk/Contents/Home/jre/lib/libawt_lwawt.dylib
0x000000011ff3f000 	/Library/Java/JavaVirtualMachines/jdk1.8.0_111.jdk/Contents/Home/jre/lib/./libosxapp.dylib
0x0000000049ea3000 	/System/Library/Frameworks/ExceptionHandling.framework/Versions/A/ExceptionHandling
0x0000000049ea3000 	/System/Library/PrivateFrameworks/CoreServicesInternal.framework/Versions/A/CoreServicesInternal
0x0000000049ea3000 	/System/Library/CoreServices/RawCamera.bundle/Contents/MacOS/RawCamera
0x0000000049ea3000 	/System/Library/Frameworks/Accelerate.framework/Versions/A/Frameworks/vImage.framework/Versions/A/Libraries/libCGInterfaces.dylib
0x0000000049ea3000 	/System/Library/Frameworks/ApplicationServices.framework/Versions/A/Frameworks/ATS.framework/Versions/A/Resources/libTrueTypeScaler.dylib
0x0000000049ea3000 	/System/Library/Frameworks/OpenGL.framework/Versions/A/Resources/GLEngine.bundle/GLEngine
0x0000000049ea3000 	/System/Library/Frameworks/OpenGL.framework/Versions/A/Libraries/libGLProgrammability.dylib
0x0000000121b3a000 	/System/Library/Extensions/AppleIntelHD5000GraphicsGLDriver.bundle/Contents/MacOS/AppleIntelHD5000GraphicsGLDriver
0x0000000049ea3000 	/System/Library/PrivateFrameworks/GPUSupport.framework/Versions/A/Libraries/libGPUSupportMercury.dylib
0x0000000049ea3000 	/System/Library/Frameworks/OpenGL.framework/Versions/A/Resources/GLRendererFloat.bundle/GLRendererFloat
0x0000000049ea3000 	/System/Library/Frameworks/OpenCL.framework/Versions/A/Libraries/libcldcpuengine.dylib
0x0000000049ea3000 	/usr/lib/libcrypto.0.9.8.dylib
0x0000000049ea3000 	/System/Library/PrivateFrameworks/TrustEvaluationAgent.framework/Versions/A/TrustEvaluationAgent
0x00000001222b8000 	/System/Library/Extensions/AppleIntelHD5000GraphicsMTLDriver.bundle/Contents/MacOS/AppleIntelHD5000GraphicsMTLDriver
0x0000000049ea3000 	/System/Library/PrivateFrameworks/FamilyControls.framework/Versions/A/FamilyControls
0x0000000049ea3000 	/System/Library/PrivateFrameworks/CommerceKit.framework/Versions/A/Frameworks/CommerceCore.framework/Versions/A/CommerceCore
0x0000000049ea3000 	/System/Library/PrivateFrameworks/SystemAdministration.framework/Versions/A/SystemAdministration
0x0000000049ea3000 	/System/Library/PrivateFrameworks/AppContainer.framework/Versions/A/AppContainer
0x0000000049ea3000 	/System/Library/PrivateFrameworks/SecCodeWrapper.framework/Versions/A/SecCodeWrapper
0x0000000049ea3000 	/System/Library/Frameworks/DirectoryService.framework/Versions/A/DirectoryService
0x0000000049ea3000 	/System/Library/PrivateFrameworks/DiskImages.framework/Versions/A/DiskImages
0x0000000049ea3000 	/System/Library/PrivateFrameworks/LoginUIKit.framework/Versions/A/Frameworks/LoginUICore.framework/Versions/A/LoginUICore
0x0000000049ea3000 	/usr/lib/libCoreStorage.dylib
0x0000000049ea3000 	/usr/lib/libcsfde.dylib
0x0000000049ea3000 	/usr/lib/libodfde.dylib
0x0000000049ea3000 	/System/Library/Frameworks/DiscRecording.framework/Versions/A/DiscRecording
0x0000000049ea3000 	/usr/lib/libcurl.4.dylib
0x0000000049ea3000 	/System/Library/PrivateFrameworks/MediaKit.framework/Versions/A/MediaKit
0x0000000049ea3000 	/System/Library/PrivateFrameworks/ProtectedCloudStorage.framework/Versions/A/ProtectedCloudStorage
0x0000000049ea3000 	/System/Library/PrivateFrameworks/EFILogin.framework/Versions/A/EFILogin
0x0000000049ea3000 	/usr/lib/libutil.dylib
0x0000000049ea3000 	/System/Library/Frameworks/LDAP.framework/Versions/A/LDAP
0x0000000049ea3000 	/usr/lib/libsasl2.2.dylib
0x0000000049ea3000 	/System/Library/PrivateFrameworks/CoreDaemon.framework/Versions/B/CoreDaemon
0x0000000049ea3000 	/System/Library/PrivateFrameworks/AppleSRP.framework/Versions/A/AppleSRP
0x0000000049ea3000 	/System/Library/PrivateFrameworks/APFS.framework/Versions/A/APFS
0x0000000123e2c000 	/Library/Java/JavaVirtualMachines/jdk1.8.0_111.jdk/Contents/Home/jre/lib/libfontmanager.dylib
0x0000000049ea3000 	/System/Library/PrivateFrameworks/ViewBridge.framework/Versions/A/ViewBridge
0x0000000049ea3000 	/System/Library/PrivateFrameworks/XPCService.framework/Versions/A/XPCService
0x0000000049ea3000 	/System/Library/PrivateFrameworks/AppSandbox.framework/Versions/A/AppSandbox
0x0000000049ea3000 	/usr/lib/libsandbox.1.dylib
0x0000000049ea3000 	/usr/lib/libMatch.1.dylib
0x0000000125227000 	/Library/Java/JavaVirtualMachines/jdk1.8.0_111.jdk/Contents/Home/jre/lib/libosxui.dylib
0x0000000125fa0000 	/Library/Java/JavaVirtualMachines/jdk1.8.0_111.jdk/Contents/Home/jre/lib/libnet.dylib
0x0000000125fff000 	/Library/Java/JavaVirtualMachines/jdk1.8.0_111.jdk/Contents/Home/jre/lib/libnio.dylib
0x0000000124f35000 	/private/var/folders/qk/z1qqpcwd0wx0z14thz2z48xw0000gr/T/jogamp_0000/file_cache/jln5004626108418425922/jln572166475012377532/libgluegen-rt.jnilib
0x0000000124f39000 	/private/var/folders/qk/z1qqpcwd0wx0z14thz2z48xw0000gr/T/jogamp_0000/file_cache/jln5004626108418425922/jln572166475012377532/libnativewindow_awt.jnilib
0x0000000127d0b000 	/Library/Java/JavaVirtualMachines/jdk1.8.0_111.jdk/Contents/Home/jre/lib/libjawt.dylib
0x0000000164285000 	/private/var/folders/qk/z1qqpcwd0wx0z14thz2z48xw0000gr/T/jogamp_0000/file_cache/jln5004626108418425922/jln572166475012377532/libnativewindow_macosx.jnilib
0x0000000166b69000 	/private/var/folders/qk/z1qqpcwd0wx0z14thz2z48xw0000gr/T/jogamp_0000/file_cache/jln5004626108418425922/jln572166475012377532/libjogl_desktop.jnilib
0x0000000120d4b000 	/Library/Java/JavaVirtualMachines/jdk1.8.0_111.jdk/Contents/Home/jre/lib/libjpeg.dylib

VM Arguments:
jvm_args: -Djava.security.policy=java.policy.applet -Dfile.encoding=UTF-8 
java_command: sun.applet.AppletViewer ai.files.DisplayPath1519705483341.html
java_class_path (initial): /Users/Justin/AQP-AI/AI/build:/Users/Justin/AQP-AI/AI/lib/core.jar:/Users/Justin/AQP-AI/AI/lib/gluegen-rt.jar:/Users/Justin/AQP-AI/AI/lib/jogl-all.jar:/Users/Justin/AQP-AI/AI/lib/log4j-1.2.15.jar:/Users/Justin/AQP-AI/AI/lib/sqlite-jdbc-3.7.2.jar:/Users/Justin/AQP-AI/AI/lib/json4processing.jar:/Users/Justin/AQP-AI/AI/lib/libTUIO.jar:/Users/Justin/AQP-AI/AI/lib/unfolding.0.9.6.jar:/Users/Justin/AQP-AI/AI/lib/DelaunayTriangulator-1.0.3.jar:/Users/Justin/AQP-AI/AI/lib/guava-12.0.jar:/Users/Justin/.p2/pool/plugins/org.junit_4.12.0.v201504281640/junit.jar:/Users/Justin/.p2/pool/plugins/org.hamcrest.core_1.3.0.v201303031735.jar
Launcher Type: SUN_STANDARD

Environment Variables:
PATH=/usr/bin:/bin:/usr/sbin:/sbin
SHELL=/bin/bash
DISPLAY=/private/tmp/com.apple.launchd.mCTsStFHO5/org.macosforge.xquartz:0

Signal Handlers:
SIGSEGV: [libjvm.dylib+0x5b03ed], sa_mask[0]=11111111011111110111111111111111, sa_flags=SA_ONSTACK|SA_RESTART|SA_SIGINFO
SIGBUS: [libjvm.dylib+0x5b03ed], sa_mask[0]=11111111011111110111111111111111, sa_flags=SA_RESTART|SA_SIGINFO
SIGFPE: [libjvm.dylib+0x48711c], sa_mask[0]=11111111011111110111111111111111, sa_flags=SA_RESTART|SA_SIGINFO
SIGPIPE: [libjvm.dylib+0x48711c], sa_mask[0]=11111111011111110111111111111111, sa_flags=SA_RESTART|SA_SIGINFO
SIGXFSZ: [libjvm.dylib+0x48711c], sa_mask[0]=11111111011111110111111111111111, sa_flags=SA_RESTART|SA_SIGINFO
SIGILL: [libjvm.dylib+0x48711c], sa_mask[0]=11111111011111110111111111111111, sa_flags=SA_RESTART|SA_SIGINFO
SIGUSR1: SIG_DFL, sa_mask[0]=00000000000000000000000000000000, sa_flags=none
SIGUSR2: [libjvm.dylib+0x486c3a], sa_mask[0]=00100000000000000000000000000000, sa_flags=SA_RESTART|SA_SIGINFO
SIGHUP: [libjvm.dylib+0x485211], sa_mask[0]=11111111011111110111111111111111, sa_flags=SA_RESTART|SA_SIGINFO
SIGINT: [libjvm.dylib+0x485211], sa_mask[0]=11111111011111110111111111111111, sa_flags=SA_RESTART|SA_SIGINFO
SIGTERM: [libjvm.dylib+0x485211], sa_mask[0]=11111111011111110111111111111111, sa_flags=SA_RESTART|SA_SIGINFO
SIGQUIT: [libjvm.dylib+0x485211], sa_mask[0]=11111111011111110111111111111111, sa_flags=SA_RESTART|SA_SIGINFO


---------------  S Y S T E M  ---------------

OS:Bsduname:Darwin 16.0.0 Darwin Kernel Version 16.0.0: Mon Aug 29 17:56:20 PDT 2016; root:xnu-3789.1.32~3/RELEASE_X86_64 x86_64
rlimit: STACK 8192k, CORE 0k, NPROC 709, NOFILE 10240, AS infinity
load average:2.25 2.62 2.52

CPU:total 4 (2 cores per cpu, 2 threads per core) family 6 model 69 stepping 1, cmov, cx8, fxsr, mmx, sse, sse2, sse3, ssse3, sse4.1, sse4.2, popcnt, avx, avx2, aes, clmul, erms, lzcnt, ht, tsc, tscinvbit, bmi1, bmi2

Memory: 4k page, physical 8388608k(20612k free)

/proc/meminfo:


vm_info: Java HotSpot(TM) 64-Bit Server VM (25.111-b14) for bsd-amd64 JRE (1.8.0_111-b14), built on Sep 22 2016 15:31:41 by "java_re" with gcc 4.2.1 (Based on Apple Inc. build 5658) (LLVM build 2336.11.00)

time: Mon Feb 26 23:25:37 2018
elapsed time: 53 seconds (0d 0h 0m 53s)

