#
# A fatal error has been detected by the Java Runtime Environment:
#
#  SIGSEGV (0xb) at pc=0x00007fff8aa86b5d, pid=9424, tid=0x000000000000080b
#
# JRE version: Java(TM) SE Runtime Environment (8.0_111-b14) (build 1.8.0_111-b14)
# Java VM: Java HotSpot(TM) 64-Bit Server VM (25.111-b14 mixed mode bsd-amd64 compressed oops)
# Problematic frame:
# C  [libobjc.A.dylib+0x6b5d]  objc_msgSend+0x1d
#
# Failed to write core dump. Core dumps have been disabled. To enable core dumping, try "ulimit -c unlimited" before starting Java again
#
# If you would like to submit a bug report, please visit:
#   http://bugreport.java.com/bugreport/crash.jsp
# The crash happened outside the Java Virtual Machine in native code.
# See problematic frame for where to report the bug.
#

---------------  T H R E A D  ---------------

Current thread (0x00007ff9f6100000):  JavaThread "AWT-AppKit" daemon [_thread_in_native, id=2059, stack(0x00007fff5d693000,0x00007fff5de93000)]

siginfo: si_signo: 11 (SIGSEGV), si_code: 1 (SEGV_MAPERR), si_addr: 0x000007ff9f5603e0

Registers:
RAX=0x00007ff9f559a2d0, RBX=0x000000015eef33b0, RCX=0x00007ff9f79015b0, RDX=0x0000000000000000
RSP=0x00007fff5de8e518, RBP=0x00007fff5de8e5d0, RSI=0x00007fff74b151c3, RDI=0x00007ff9fac69f70
R8 =0x0000000000000018, R9 =0x00007ff9f7901040, R10=0x000007ff9f5603c8, R11=0x00007fff74b151c3
R12=0x0000000000000000, R13=0x00000001614e3d90, R14=0x000000015eef33a0, R15=0x00007ff9f6100000
RIP=0x00007fff8aa86b5d, EFLAGS=0x0000000000010202, ERR=0x0000000000000004
  TRAPNO=0x000000000000000e

Top of Stack: (sp=0x00007fff5de8e518)
0x00007fff5de8e518:   000000015eef15d7 00007fff5de8e570
0x00007fff5de8e528:   0000000000000003 00007fff5de8e550
0x00007fff5de8e538:   0000000101fdc7be 00000001614e3d90
0x00007fff5de8e548:   00000001614e3d90 00007ff9f559a2d0
0x00007fff5de8e558:   000000015eef35c0 000000015eef3640
0x00007fff5de8e568:   000000015eef33b0 00007fff90a4c6d0
0x00007fff5de8e578:   000000015eef35d0 00007fff916b0f90
0x00007fff5de8e588:   00007ff9f559a2d0 00007ff9fac69f70
0x00007fff5de8e598:   00007ff9f563c5a0 00007ff9f559a2d0
0x00007fff5de8e5a8:   00007ff9fac69f70 00007fff5de8e650
0x00007fff5de8e5b8:   00007ff9f61001f8 00000001614e3d90
0x00007fff5de8e5c8:   00007fff5de8e678 00007fff5de8e640
0x00007fff5de8e5d8:   000000010d3999f4 00007fff5de8e640
0x00007fff5de8e5e8:   000000010d399779 000000010d3a59a3
0x00007fff5de8e5f8:   000000010d399742 00007fff5de8e600
0x00007fff5de8e608:   00000001614e3d90 00007fff5de8e678
0x00007fff5de8e618:   00000001614e6580 0000000000000000
0x00007fff5de8e628:   00000001614e3d90 0000000000000000
0x00007fff5de8e638:   00007fff5de8e660 00007fff5de8e6c0
0x00007fff5de8e648:   000000010d38a2bd 000000074159bae0
0x00007fff5de8e658:   000000010d393538 00007ff9f559a2d0
0x00007fff5de8e668:   000000010d394e39 00007ff9fac69f70
0x00007fff5de8e678:   000000010d394e02 00007fff5de8e680
0x00007fff5de8e688:   00000001614e3f5a 00007fff5de8e6e8
0x00007fff5de8e698:   00000001614e6580 0000000000000000
0x00007fff5de8e6a8:   00000001614e3f68 00007fff5de8e660
0x00007fff5de8e6b8:   00007fff5de8e6d0 00007fff5de8e730
0x00007fff5de8e6c8:   000000010d38a2bd 00007ff9f559a2d0
0x00007fff5de8e6d8:   0000000741654db0 00007ff9fac69f70
0x00007fff5de8e6e8:   0000000741654db0 00007fff5de8e6f0
0x00007fff5de8e6f8:   0000000167b13eae 00007fff5de8e740
0x00007fff5de8e708:   0000000167b13f68 0000000000000000 

Instructions: (pc=0x00007fff8aa86b5d)
0x00007fff8aa86b3d:   0f 1f 00 48 85 ff 2e 74 62 40 f6 c7 01 2e 75 66
0x00007fff8aa86b4d:   49 ba f8 ff ff ff ff 7f 00 00 4c 23 17 49 89 f3
0x00007fff8aa86b5d:   45 23 5a 18 49 c1 e3 04 4d 03 5a 10 49 3b 33 75
0x00007fff8aa86b6d:   04 41 ff 63 08 49 83 3b 01 76 0d 49 83 c3 10 49 

Register to memory mapping:

RAX=0x00007ff9f559a2d0 is an unknown value
RBX=0x000000015eef33b0: Java_jogamp_nativewindow_macosx_OSXUtil_GetScreenRefreshRate0+0x1850 in /private/var/folders/qk/z1qqpcwd0wx0z14thz2z48xw0000gr/T/jogamp_0000/file_cache/jln2808405709540027580/jln2647187041830807692/libnativewindow_macosx.jnilib at 0x000000015eeec000
RCX=0x00007ff9f79015b0 is an unknown value
RDX=0x0000000000000000 is an unknown value
RSP=0x00007fff5de8e518 is pointing into the stack for thread: 0x00007ff9f6100000
RBP=0x00007fff5de8e5d0 is pointing into the stack for thread: 0x00007ff9f6100000
RSI=0x00007fff74b151c3: __NSStyleNameIndexTable+0x814d6 in /System/Library/Frameworks/AppKit.framework/Versions/C/AppKit at 0x00007fff73f83000
RDI=0x00007ff9fac69f70 is an unknown value
R8 =0x0000000000000018 is an unknown value
R9 =0x00007ff9f7901040 is an unknown value
R10=0x000007ff9f5603c8 is an unknown value
R11=0x00007fff74b151c3: __NSStyleNameIndexTable+0x814d6 in /System/Library/Frameworks/AppKit.framework/Versions/C/AppKit at 0x00007fff73f83000
R12=0x0000000000000000 is an unknown value
R13={method} {0x00000001614e3d90} 'UnsetJAWTRootSurfaceLayer0' '(JJ)V' in 'jogamp/nativewindow/jawt/macosx/MacOSXJAWTWindow'
R14=0x000000015eef33a0: Java_jogamp_nativewindow_macosx_OSXUtil_GetScreenRefreshRate0+0x1840 in /private/var/folders/qk/z1qqpcwd0wx0z14thz2z48xw0000gr/T/jogamp_0000/file_cache/jln2808405709540027580/jln2647187041830807692/libnativewindow_macosx.jnilib at 0x000000015eeec000
R15=0x00007ff9f6100000 is a thread


Stack: [0x00007fff5d693000,0x00007fff5de93000],  sp=0x00007fff5de8e518,  free space=8173k
Native frames: (J=compiled Java code, j=interpreted, Vv=VM code, C=native code)
C  [libobjc.A.dylib+0x6b5d]  objc_msgSend+0x1d
j  jogamp.nativewindow.jawt.macosx.MacOSXJAWTWindow.UnsetJAWTRootSurfaceLayer0(JJ)V+0
j  jogamp.nativewindow.jawt.macosx.MacOSXJAWTWindow.access$200(JJ)V+2
j  jogamp.nativewindow.jawt.macosx.MacOSXJAWTWindow$1.run()V+38
j  com.jogamp.common.util.RunnableTask.run()V+24
v  ~StubRoutines::call_stub
V  [libjvm.dylib+0x2ecf8a]  JavaCalls::call_helper(JavaValue*, methodHandle*, JavaCallArguments*, Thread*)+0x6ae
V  [libjvm.dylib+0x324119]  jni_invoke_nonstatic(JNIEnv_*, JavaValue*, _jobject*, JNICallType, _jmethodID*, JNI_ArgumentPusher*, Thread*)+0x2ec
V  [libjvm.dylib+0x3168e7]  jni_CallVoidMethod+0x16b
C  [libnativewindow_macosx.jnilib+0x57ae]  Java_jogamp_nativewindow_jawt_macosx_MacOSXJAWTWindow_UnsetJAWTRootSurfaceLayer0+0x2be
C  [Foundation+0x71f2a]  __NSThreadPerformPerform+0x146
C  [CoreFoundation+0xa7551]  __CFRUNLOOP_IS_CALLING_OUT_TO_A_SOURCE0_PERFORM_FUNCTION__+0x11
C  [CoreFoundation+0x88637]  __CFRunLoopDoSources0+0x1a7
C  [CoreFoundation+0x87bb6]  __CFRunLoopRun+0x3a6
C  [CoreFoundation+0x875b4]  CFRunLoopRunSpecific+0x1a4
C  [HIToolbox+0x30f6c]  RunCurrentEventLoopInMode+0xf0
C  [HIToolbox+0x30ca9]  ReceiveNextEventCommon+0xb8
C  [HIToolbox+0x30bd6]  _BlockUntilNextEventMatchingListInModeWithFilter+0x47
C  [AppKit+0x475f5]  _DPSNextEvent+0x445
C  [AppKit+0x7578eb]  -[NSApplication(NSEvent) _nextEventMatchingEventMask:untilDate:inMode:dequeue:]+0x665
C  [libosxapp.dylib+0x23aa]  -[NSApplicationAWT nextEventMatchingMask:untilDate:inMode:dequeue:]+0x7c
C  [AppKit+0x3bfbd]  -[NSApplication run]+0x39e
C  [libosxapp.dylib+0x214d]  +[NSApplicationAWT runAWTLoopWithApp:]+0x9c
C  [libawt_lwawt.dylib+0x444b3]  -[AWTStarter starter:]+0x389
C  [Foundation+0x71f2a]  __NSThreadPerformPerform+0x146
C  [CoreFoundation+0xa7551]  __CFRUNLOOP_IS_CALLING_OUT_TO_A_SOURCE0_PERFORM_FUNCTION__+0x11
C  [CoreFoundation+0x886bd]  __CFRunLoopDoSources0+0x22d
C  [CoreFoundation+0x87bb6]  __CFRunLoopRun+0x3a6
C  [CoreFoundation+0x875b4]  CFRunLoopRunSpecific+0x1a4
C  [java+0x6465]  CreateExecutionEnvironment+0x367
C  [java+0x218c]  JLI_Launch+0x7a0
C  [java+0x84c2]  main+0x65
C  [java+0x19e4]  start+0x34
C  0x0000000000000007

Java frames: (J=compiled Java code, j=interpreted, Vv=VM code)
j  jogamp.nativewindow.jawt.macosx.MacOSXJAWTWindow.UnsetJAWTRootSurfaceLayer0(JJ)V+0
j  jogamp.nativewindow.jawt.macosx.MacOSXJAWTWindow.access$200(JJ)V+2
j  jogamp.nativewindow.jawt.macosx.MacOSXJAWTWindow$1.run()V+38
j  com.jogamp.common.util.RunnableTask.run()V+24
v  ~StubRoutines::call_stub

---------------  P R O C E S S  ---------------

Java Threads: ( => current thread )
  0x00007ff9f5e59000 JavaThread "Thread-59" [_thread_blocked, id=42847, stack(0x000070000a52e000,0x000070000a62e000)]
  0x00007ff9f6b6a000 JavaThread "Image Fetcher 2" daemon [_thread_blocked, id=73303, stack(0x000070000ac43000,0x000070000ad43000)]
  0x00007ff9fb867000 JavaThread "Image Fetcher 1" daemon [_thread_blocked, id=72707, stack(0x000070000ab40000,0x000070000ac40000)]
  0x00007ff9f66d2000 JavaThread "Image Fetcher 0" daemon [_thread_blocked, id=72195, stack(0x000070000aa3d000,0x000070000ab3d000)]
  0x00007ff9f7325800 JavaThread "Keep-Alive-Timer" daemon [_thread_blocked, id=71851, stack(0x000070000a93a000,0x000070000aa3a000)]
  0x00007ff9f5e2e800 JavaThread "AWT-EventQueue-1" [_thread_in_native, id=66575, stack(0x000070000a3a8000,0x000070000a4a8000)]
  0x00007ff9f62bf800 JavaThread "DestroyJavaVM" [_thread_blocked, id=7171, stack(0x0000700008d60000,0x0000700008e60000)]
  0x00007ff9f5aaf800 JavaThread "AWT-EventQueue-0" [_thread_blocked, id=60163, stack(0x000070000a1a2000,0x000070000a2a2000)]
  0x00007ff9f61cf000 JavaThread "Java2D Disposer" daemon [_thread_blocked, id=56847, stack(0x0000700009f19000,0x000070000a019000)]
  0x00007ff9f70ec800 JavaThread "Java2D Queue Flusher" daemon [_thread_blocked, id=47411, stack(0x0000700009e16000,0x0000700009f16000)]
  0x00007ff9f6101000 JavaThread "AWT-Shutdown" [_thread_blocked, id=30239, stack(0x0000700009c0d000,0x0000700009d0d000)]
=>0x00007ff9f6100000 JavaThread "AWT-AppKit" daemon [_thread_in_native, id=2059, stack(0x00007fff5d693000,0x00007fff5de93000)]
  0x00007ff9f604d800 JavaThread "Service Thread" daemon [_thread_blocked, id=18691, stack(0x0000700009984000,0x0000700009a84000)]
  0x00007ff9f5842800 JavaThread "C1 CompilerThread2" daemon [_thread_blocked, id=18179, stack(0x0000700009881000,0x0000700009981000)]
  0x00007ff9f5841800 JavaThread "C2 CompilerThread1" daemon [_thread_blocked, id=17667, stack(0x000070000977e000,0x000070000987e000)]
  0x00007ff9f602a000 JavaThread "C2 CompilerThread0" daemon [_thread_blocked, id=17155, stack(0x000070000967b000,0x000070000977b000)]
  0x00007ff9f680c000 JavaThread "Signal Dispatcher" daemon [_thread_blocked, id=16643, stack(0x0000700009578000,0x0000700009678000)]
  0x00007ff9f6024000 JavaThread "Finalizer" daemon [_thread_blocked, id=12547, stack(0x0000700009475000,0x0000700009575000)]
  0x00007ff9f601c000 JavaThread "Reference Handler" daemon [_thread_blocked, id=12035, stack(0x0000700009372000,0x0000700009472000)]

Other Threads:
  0x00007ff9f6017000 VMThread [stack: 0x000070000926f000,0x000070000936f000] [id=11523]
  0x00007ff9f5801000 WatcherThread [stack: 0x0000700009a87000,0x0000700009b87000] [id=19203]

VM state:not at safepoint (normal execution)

VM Mutex/Monitor currently owned by a thread: None

Heap:
 PSYoungGen      total 146944K, used 36095K [0x0000000795580000, 0x00000007a4080000, 0x00000007c0000000)
  eden space 133120K, 22% used [0x0000000795580000,0x0000000797313c30,0x000000079d780000)
  from space 13824K, 42% used [0x000000079d780000,0x000000079dd2c170,0x000000079e500000)
  to   space 13824K, 0% used [0x00000007a3300000,0x00000007a3300000,0x00000007a4080000)
 ParOldGen       total 87552K, used 30208K [0x0000000740000000, 0x0000000745580000, 0x0000000795580000)
  object space 87552K, 34% used [0x0000000740000000,0x0000000741d800e8,0x0000000745580000)
 Metaspace       used 19680K, capacity 19857K, committed 20224K, reserved 1067008K
  class space    used 1962K, capacity 2047K, committed 2048K, reserved 1048576K

Card table byte_map: [0x00000001039c0000,0x0000000103dc1000] byte_map_base: 0x00000000fffc0000

Marking Bits: (ParMarkBitMap*) 0x00000001026d9d20
 Begin Bits: [0x000000010406c000, 0x000000010606c000)
 End Bits:   [0x000000010606c000, 0x000000010806c000)

Polling page: 0x0000000102dce000

CodeCache: size=245760Kb used=7279Kb max_used=7279Kb free=238480Kb
 bounds [0x000000010d382000, 0x000000010dab2000, 0x000000011c382000]
 total_blobs=3024 nmethods=2144 adapters=794
 compilation: enabled

Compilation events (10 events):
Event: 14.224 Thread 0x00007ff9f5842800 2452   !   3       sun.lwawt.LWComponentPeer::isShowing (49 bytes)
Event: 14.226 Thread 0x00007ff9f5842800 nmethod 2452 0x000000010daa4790 code [0x000000010daa4940, 0x000000010daa5248]
Event: 14.239 Thread 0x00007ff9f5842800 2453  s    3       processing.core.PApplet$InternalEventQueue::available (11 bytes)
Event: 14.239 Thread 0x00007ff9f5842800 nmethod 2453 0x000000010daa4210 code [0x000000010daa4380, 0x000000010daa46d0]
Event: 14.239 Thread 0x00007ff9f5842800 2454       3       sun.java2d.SunGraphics2D::invalidatePipe (41 bytes)
Event: 14.239 Thread 0x00007ff9f5842800 nmethod 2454 0x000000010daaa090 code [0x000000010daaa200, 0x000000010daaa3f0]
Event: 14.287 Thread 0x00007ff9f5842800 2455       1       sun.java2d.SurfaceData::isValid (5 bytes)
Event: 14.287 Thread 0x00007ff9f5842800 nmethod 2455 0x000000010daa2710 code [0x000000010daa2860, 0x000000010daa2970]
Event: 14.301 Thread 0x00007ff9f5842800 2456       3       java.util.Stack::empty (13 bytes)
Event: 14.301 Thread 0x00007ff9f5842800 nmethod 2456 0x000000010daaa450 code [0x000000010daaa5c0, 0x000000010daaa990]

GC Heap History (10 events):
Event: 6.990 GC heap before
{Heap before GC invocations=5 (full 0):
 PSYoungGen      total 38400K, used 38185K [0x0000000795580000, 0x000000079a080000, 0x00000007c0000000)
  eden space 33280K, 99% used [0x0000000795580000,0x00000007975d2620,0x0000000797600000)
  from space 5120K, 99% used [0x0000000797b00000,0x0000000797ff80a0,0x0000000798000000)
  to   space 5120K, 0% used [0x0000000797600000,0x0000000797600000,0x0000000797b00000)
 ParOldGen       total 87552K, used 16660K [0x0000000740000000, 0x0000000745580000, 0x0000000795580000)
  object space 87552K, 19% used [0x0000000740000000,0x0000000741045068,0x0000000745580000)
 Metaspace       used 19302K, capacity 19527K, committed 19712K, reserved 1067008K
  class space    used 1953K, capacity 2046K, committed 2048K, reserved 1048576K
Event: 7.006 GC heap after
Heap after GC invocations=5 (full 0):
 PSYoungGen      total 38400K, used 5104K [0x0000000795580000, 0x000000079b280000, 0x00000007c0000000)
  eden space 33280K, 0% used [0x0000000795580000,0x0000000795580000,0x0000000797600000)
  from space 5120K, 99% used [0x0000000797600000,0x0000000797afc0b0,0x0000000797b00000)
  to   space 14336K, 0% used [0x000000079a480000,0x000000079a480000,0x000000079b280000)
 ParOldGen       total 87552K, used 20985K [0x0000000740000000, 0x0000000745580000, 0x0000000795580000)
  object space 87552K, 23% used [0x0000000740000000,0x000000074147e7e8,0x0000000745580000)
 Metaspace       used 19302K, capacity 19527K, committed 19712K, reserved 1067008K
  class space    used 1953K, capacity 2046K, committed 2048K, reserved 1048576K
}
Event: 7.356 GC heap before
{Heap before GC invocations=6 (full 0):
 PSYoungGen      total 38400K, used 38384K [0x0000000795580000, 0x000000079b280000, 0x00000007c0000000)
  eden space 33280K, 100% used [0x0000000795580000,0x0000000797600000,0x0000000797600000)
  from space 5120K, 99% used [0x0000000797600000,0x0000000797afc0b0,0x0000000797b00000)
  to   space 14336K, 0% used [0x000000079a480000,0x000000079a480000,0x000000079b280000)
 ParOldGen       total 87552K, used 21243K [0x0000000740000000, 0x0000000745580000, 0x0000000795580000)
  object space 87552K, 24% used [0x0000000740000000,0x00000007414befe0,0x0000000745580000)
 Metaspace       used 19355K, capacity 19591K, committed 19968K, reserved 1067008K
  class space    used 1953K, capacity 2046K, committed 2048K, reserved 1048576K
Event: 7.377 GC heap after
Heap after GC invocations=6 (full 0):
 PSYoungGen      total 79872K, used 9872K [0x0000000795580000, 0x000000079b180000, 0x00000007c0000000)
  eden space 66560K, 0% used [0x0000000795580000,0x0000000795580000,0x0000000799680000)
  from space 13312K, 74% used [0x000000079a480000,0x000000079ae241e0,0x000000079b180000)
  to   space 13824K, 0% used [0x0000000799680000,0x0000000799680000,0x000000079a400000)
 ParOldGen       total 87552K, used 21251K [0x0000000740000000, 0x0000000745580000, 0x0000000795580000)
  object space 87552K, 24% used [0x0000000740000000,0x00000007414c0fe0,0x0000000745580000)
 Metaspace       used 19355K, capacity 19591K, committed 19968K, reserved 1067008K
  class space    used 1953K, capacity 2046K, committed 2048K, reserved 1048576K
}
Event: 8.635 GC heap before
{Heap before GC invocations=7 (full 0):
 PSYoungGen      total 79872K, used 76432K [0x0000000795580000, 0x000000079b180000, 0x00000007c0000000)
  eden space 66560K, 100% used [0x0000000795580000,0x0000000799680000,0x0000000799680000)
  from space 13312K, 74% used [0x000000079a480000,0x000000079ae241e0,0x000000079b180000)
  to   space 13824K, 0% used [0x0000000799680000,0x0000000799680000,0x000000079a400000)
 ParOldGen       total 87552K, used 21251K [0x0000000740000000, 0x0000000745580000, 0x0000000795580000)
  object space 87552K, 24% used [0x0000000740000000,0x00000007414c0fe0,0x0000000745580000)
 Metaspace       used 19472K, capacity 19719K, committed 19968K, reserved 1067008K
  class space    used 1953K, capacity 2046K, committed 2048K, reserved 1048576K
Event: 8.660 GC heap after
Heap after GC invocations=7 (full 0):
 PSYoungGen      total 80384K, used 10784K [0x0000000795580000, 0x000000079f280000, 0x00000007c0000000)
  eden space 66560K, 0% used [0x0000000795580000,0x0000000795580000,0x0000000799680000)
  from space 13824K, 78% used [0x0000000799680000,0x000000079a108250,0x000000079a400000)
  to   space 13824K, 0% used [0x000000079e500000,0x000000079e500000,0x000000079f280000)
 ParOldGen       total 87552K, used 23127K [0x0000000740000000, 0x0000000745580000, 0x0000000795580000)
  object space 87552K, 26% used [0x0000000740000000,0x0000000741695f38,0x0000000745580000)
 Metaspace       used 19472K, capacity 19719K, committed 19968K, reserved 1067008K
  class space    used 1953K, capacity 2046K, committed 2048K, reserved 1048576K
}
Event: 10.150 GC heap before
{Heap before GC invocations=8 (full 0):
 PSYoungGen      total 80384K, used 77219K [0x0000000795580000, 0x000000079f280000, 0x00000007c0000000)
  eden space 66560K, 99% used [0x0000000795580000,0x0000000799660c18,0x0000000799680000)
  from space 13824K, 78% used [0x0000000799680000,0x000000079a108250,0x000000079a400000)
  to   space 13824K, 0% used [0x000000079e500000,0x000000079e500000,0x000000079f280000)
 ParOldGen       total 87552K, used 23127K [0x0000000740000000, 0x0000000745580000, 0x0000000795580000)
  object space 87552K, 26% used [0x0000000740000000,0x0000000741695f38,0x0000000745580000)
 Metaspace       used 19538K, capacity 19723K, committed 19968K, reserved 1067008K
  class space    used 1953K, capacity 2046K, committed 2048K, reserved 1048576K
Event: 10.163 GC heap after
Heap after GC invocations=8 (full 0):
 PSYoungGen      total 146944K, used 10080K [0x0000000795580000, 0x000000079f280000, 0x00000007c0000000)
  eden space 133120K, 0% used [0x0000000795580000,0x0000000795580000,0x000000079d780000)
  from space 13824K, 72% used [0x000000079e500000,0x000000079eed8290,0x000000079f280000)
  to   space 13824K, 0% used [0x000000079d780000,0x000000079d780000,0x000000079e500000)
 ParOldGen       total 87552K, used 25991K [0x0000000740000000, 0x0000000745580000, 0x0000000795580000)
  object space 87552K, 29% used [0x0000000740000000,0x0000000741961f88,0x0000000745580000)
 Metaspace       used 19538K, capacity 19723K, committed 19968K, reserved 1067008K
  class space    used 1953K, capacity 2046K, committed 2048K, reserved 1048576K
}
Event: 13.596 GC heap before
{Heap before GC invocations=9 (full 0):
 PSYoungGen      total 146944K, used 143200K [0x0000000795580000, 0x000000079f280000, 0x00000007c0000000)
  eden space 133120K, 100% used [0x0000000795580000,0x000000079d780000,0x000000079d780000)
  from space 13824K, 72% used [0x000000079e500000,0x000000079eed8290,0x000000079f280000)
  to   space 13824K, 0% used [0x000000079d780000,0x000000079d780000,0x000000079e500000)
 ParOldGen       total 87552K, used 25991K [0x0000000740000000, 0x0000000745580000, 0x0000000795580000)
  object space 87552K, 29% used [0x0000000740000000,0x0000000741961f88,0x0000000745580000)
 Metaspace       used 19641K, capacity 19857K, committed 20224K, reserved 1067008K
  class space    used 1954K, capacity 2047K, committed 2048K, reserved 1048576K
Event: 13.605 GC heap after
Heap after GC invocations=9 (full 0):
 PSYoungGen      total 146944K, used 5808K [0x0000000795580000, 0x00000007a4080000, 0x00000007c0000000)
  eden space 133120K, 0% used [0x0000000795580000,0x0000000795580000,0x000000079d780000)
  from space 13824K, 42% used [0x000000079d780000,0x000000079dd2c170,0x000000079e500000)
  to   space 13824K, 0% used [0x00000007a3300000,0x00000007a3300000,0x00000007a4080000)
 ParOldGen       total 87552K, used 30208K [0x0000000740000000, 0x0000000745580000, 0x0000000795580000)
  object space 87552K, 34% used [0x0000000740000000,0x0000000741d800e8,0x0000000745580000)
 Metaspace       used 19641K, capacity 19857K, committed 20224K, reserved 1067008K
  class space    used 1954K, capacity 2047K, committed 2048K, reserved 1048576K
}

Deoptimization events (10 events):
Event: 5.349 Thread 0x00007ff9f5e2e800 Uncommon trap: reason=class_check action=maybe_recompile pc=0x000000010d7ab864 method=com.jogamp.common.nio.Buffers.getDirectBufferByteOffset(Ljava/lang/Object;)I @ 7
Event: 5.352 Thread 0x00007ff9f5e2e800 Uncommon trap: reason=unstable_if action=reinterpret pc=0x000000010d7b0ec4 method=jogamp.opengl.gl4.GL4bcImpl.checkBufferObject(ZZZILjava/lang/String;Z)Z @ 59
Event: 5.417 Thread 0x00007ff9f5e2e800 Uncommon trap: reason=unstable_if action=reinterpret pc=0x000000010d807fa8 method=processing.opengl.PGraphicsOpenGL$InGeometry.addVertex(FFFIFFFFFIFIIIFIZ)I @ 218
Event: 6.705 Thread 0x00007ff9f5e2e800 Uncommon trap: reason=unstable_if action=reinterpret pc=0x000000010d8b9630 method=processing.opengl.PGraphicsOpenGL$TessGeometry.polyIndexCheck(I)V @ 13
Event: 6.705 Thread 0x00007ff9f5e2e800 Uncommon trap: reason=unstable_if action=reinterpret pc=0x000000010d7ec7f0 method=processing.core.PApplet.max(III)I @ 20
Event: 14.285 Thread 0x00007ff9f7102000 Uncommon trap: reason=class_check action=maybe_recompile pc=0x000000010d8310e4 method=java.util.HashMap.putVal(ILjava/lang/Object;Ljava/lang/Object;ZZ)Ljava/lang/Object; @ 91
Event: 14.285 Thread 0x00007ff9f7102000 Uncommon trap: reason=class_check action=maybe_recompile pc=0x000000010d8310e4 method=java.util.HashMap.putVal(ILjava/lang/Object;Ljava/lang/Object;ZZ)Ljava/lang/Object; @ 91
Event: 14.285 Thread 0x00007ff9f7102000 Uncommon trap: reason=class_check action=maybe_recompile pc=0x000000010d8310e4 method=java.util.HashMap.putVal(ILjava/lang/Object;Ljava/lang/Object;ZZ)Ljava/lang/Object; @ 91
Event: 14.285 Thread 0x00007ff9f7102000 Uncommon trap: reason=class_check action=maybe_recompile pc=0x000000010d8310e4 method=java.util.HashMap.putVal(ILjava/lang/Object;Ljava/lang/Object;ZZ)Ljava/lang/Object; @ 91
Event: 14.285 Thread 0x00007ff9f7102000 Uncommon trap: reason=class_check action=maybe_recompile pc=0x000000010d666dac method=java.util.HashMap.putVal(ILjava/lang/Object;Ljava/lang/Object;ZZ)Ljava/lang/Object; @ 91

Internal exceptions (10 events):
Event: 0.222 Thread 0x00007ff9f5806000 Exception <a 'java/lang/NoSuchFieldError': method resolution failed> (0x00000007957935e0) thrown at [/Users/java_re/workspace/8-2-build-macosx-x86_64/jdk8u111/7883/hotspot/src/share/vm/prims/methodHandles.cpp, line 1146]
Event: 0.433 Thread 0x00007ff9f5806000 Exception <a 'java/io/FileNotFoundException'> (0x000000079580ec80) thrown at [/Users/java_re/workspace/8-2-build-macosx-x86_64/jdk8u111/7883/hotspot/src/share/vm/prims/jni.cpp, line 709]
Event: 0.433 Thread 0x00007ff9f5806000 Exception <a 'java/io/FileNotFoundException'> (0x000000079580f7e8) thrown at [/Users/java_re/workspace/8-2-build-macosx-x86_64/jdk8u111/7883/hotspot/src/share/vm/prims/jni.cpp, line 709]
Event: 0.475 Thread 0x00007ff9f5806000 Exception <a 'java/io/FileNotFoundException'> (0x0000000795916358) thrown at [/Users/java_re/workspace/8-2-build-macosx-x86_64/jdk8u111/7883/hotspot/src/share/vm/prims/jni.cpp, line 709]
Event: 0.580 Thread 0x00007ff9f5806000 Exception <a 'java/io/FileNotFoundException'> (0x0000000795953210) thrown at [/Users/java_re/workspace/8-2-build-macosx-x86_64/jdk8u111/7883/hotspot/src/share/vm/prims/jni.cpp, line 709]
Event: 3.365 Thread 0x00007ff9f5e36000 Exception <a 'java/io/FileNotFoundException'> (0x00000007965c1ba8) thrown at [/Users/java_re/workspace/8-2-build-macosx-x86_64/jdk8u111/7883/hotspot/src/share/vm/prims/jni.cpp, line 709]
Event: 3.366 Thread 0x00007ff9f5e36000 Exception <a 'java/io/FileNotFoundException'> (0x00000007965c8590) thrown at [/Users/java_re/workspace/8-2-build-macosx-x86_64/jdk8u111/7883/hotspot/src/share/vm/prims/jni.cpp, line 709]
Event: 3.367 Thread 0x00007ff9f5e36000 Implicit null exception at 0x000000010d533136 to 0x000000010d533529
Event: 3.673 Thread 0x00007ff9f5e36000 Exception <a 'java/lang/UnsatisfiedLinkError': com.jogamp.common.util.JarUtil.fixNativeLibAttribs(Ljava/lang/String;)Z> (0x00000007972eb1c0) thrown at [/Users/java_re/workspace/8-2-build-macosx-x86_64/jdk8u111/7883/hotspot/src/share/vm/prims/nativeLookup.
Event: 3.769 Thread 0x00007ff9f6024000 Exception <a 'java/lang/NullPointerException'> (0x000000079575fe48) thrown at [/Users/java_re/workspace/8-2-build-macosx-x86_64/jdk8u111/7883/hotspot/src/share/vm/interpreter/linkResolver.cpp, line 1178]

Events (10 events):
Event: 14.304 loading class java/awt/LightweightDispatcher$2 done
Event: 14.304 loading class java/awt/event/AWTEventListenerProxy
Event: 14.304 loading class java/awt/event/AWTEventListenerProxy done
Event: 14.304 loading class java/awt/Toolkit$ToolkitEventMulticaster
Event: 14.304 loading class java/awt/Toolkit$ToolkitEventMulticaster done
Event: 14.305 Thread 0x00007ff9f7102000 Thread exited: 0x00007ff9f7102000
Event: 14.305 loading class java/lang/IllegalThreadStateException
Event: 14.305 loading class java/lang/IllegalThreadStateException done
Event: 14.305 loading class java/awt/Window$1DisposeAction
Event: 14.305 loading class java/awt/Window$1DisposeAction done


Dynamic libraries:
0x0000000001136000 	/System/Library/Frameworks/Cocoa.framework/Versions/A/Cocoa
0x0000000001136000 	/System/Library/Frameworks/Security.framework/Versions/A/Security
0x0000000001136000 	/System/Library/Frameworks/ApplicationServices.framework/Versions/A/ApplicationServices
0x0000000001136000 	/usr/lib/libz.1.dylib
0x0000000001136000 	/usr/lib/libSystem.B.dylib
0x0000000001136000 	/usr/lib/libobjc.A.dylib
0x0000000001136000 	/System/Library/Frameworks/CoreFoundation.framework/Versions/A/CoreFoundation
0x0000000001136000 	/System/Library/Frameworks/Foundation.framework/Versions/C/Foundation
0x0000000001136000 	/System/Library/Frameworks/AppKit.framework/Versions/C/AppKit
0x0000000001136000 	/System/Library/Frameworks/CoreData.framework/Versions/A/CoreData
0x0000000001136000 	/System/Library/PrivateFrameworks/RemoteViewServices.framework/Versions/A/RemoteViewServices
0x0000000001136000 	/System/Library/PrivateFrameworks/UIFoundation.framework/Versions/A/UIFoundation
0x0000000001136000 	/usr/lib/libenergytrace.dylib
0x0000000001136000 	/System/Library/PrivateFrameworks/SkyLight.framework/Versions/A/SkyLight
0x0000000001136000 	/System/Library/Frameworks/CoreGraphics.framework/Versions/A/CoreGraphics
0x0000000001136000 	/usr/lib/libScreenReader.dylib
0x0000000001136000 	/System/Library/Frameworks/Accelerate.framework/Versions/A/Accelerate
0x0000000001136000 	/System/Library/Frameworks/IOSurface.framework/Versions/A/IOSurface
0x0000000001136000 	/System/Library/Frameworks/AudioToolbox.framework/Versions/A/AudioToolbox
0x0000000001136000 	/System/Library/Frameworks/AudioUnit.framework/Versions/A/AudioUnit
0x0000000001136000 	/System/Library/PrivateFrameworks/DataDetectorsCore.framework/Versions/A/DataDetectorsCore
0x0000000001136000 	/System/Library/PrivateFrameworks/DesktopServicesPriv.framework/Versions/A/DesktopServicesPriv
0x0000000001136000 	/System/Library/Frameworks/Carbon.framework/Versions/A/Frameworks/HIToolbox.framework/Versions/A/HIToolbox
0x0000000001136000 	/usr/lib/libicucore.A.dylib
0x0000000001136000 	/System/Library/Frameworks/QuartzCore.framework/Versions/A/QuartzCore
0x0000000001136000 	/System/Library/Frameworks/Carbon.framework/Versions/A/Frameworks/SpeechRecognition.framework/Versions/A/SpeechRecognition
0x0000000001136000 	/usr/lib/libauto.dylib
0x0000000001136000 	/usr/lib/libxml2.2.dylib
0x0000000001136000 	/System/Library/PrivateFrameworks/CoreUI.framework/Versions/A/CoreUI
0x0000000001136000 	/System/Library/Frameworks/CoreAudio.framework/Versions/A/CoreAudio
0x0000000001136000 	/System/Library/Frameworks/DiskArbitration.framework/Versions/A/DiskArbitration
0x0000000001136000 	/usr/lib/liblangid.dylib
0x0000000001136000 	/System/Library/PrivateFrameworks/MultitouchSupport.framework/Versions/A/MultitouchSupport
0x0000000001136000 	/System/Library/Frameworks/IOKit.framework/Versions/A/IOKit
0x0000000001136000 	/usr/lib/libDiagnosticMessagesClient.dylib
0x0000000001136000 	/System/Library/Frameworks/CoreServices.framework/Versions/A/CoreServices
0x0000000001136000 	/System/Library/PrivateFrameworks/PerformanceAnalysis.framework/Versions/A/PerformanceAnalysis
0x0000000001136000 	/System/Library/PrivateFrameworks/GenerationalStorage.framework/Versions/A/GenerationalStorage
0x0000000001136000 	/System/Library/Frameworks/OpenGL.framework/Versions/A/OpenGL
0x0000000001136000 	/System/Library/Frameworks/CoreImage.framework/Versions/A/CoreImage
0x0000000001136000 	/System/Library/Frameworks/CoreText.framework/Versions/A/CoreText
0x0000000001136000 	/System/Library/Frameworks/ImageIO.framework/Versions/A/ImageIO
0x0000000001136000 	/System/Library/PrivateFrameworks/Backup.framework/Versions/A/Backup
0x0000000001136000 	/usr/lib/libarchive.2.dylib
0x0000000001136000 	/System/Library/Frameworks/CFNetwork.framework/Versions/A/CFNetwork
0x0000000001136000 	/System/Library/Frameworks/SystemConfiguration.framework/Versions/A/SystemConfiguration
0x0000000001136000 	/usr/lib/libCRFSuite.dylib
0x0000000001136000 	/usr/lib/libc++.1.dylib
0x0000000001136000 	/usr/lib/libc++abi.dylib
0x0000000001136000 	/usr/lib/system/libcache.dylib
0x0000000001136000 	/usr/lib/system/libcommonCrypto.dylib
0x0000000001136000 	/usr/lib/system/libcompiler_rt.dylib
0x0000000001136000 	/usr/lib/system/libcopyfile.dylib
0x0000000001136000 	/usr/lib/system/libcorecrypto.dylib
0x0000000001136000 	/usr/lib/system/libdispatch.dylib
0x0000000001136000 	/usr/lib/system/libdyld.dylib
0x0000000001136000 	/usr/lib/system/libkeymgr.dylib
0x0000000001136000 	/usr/lib/system/liblaunch.dylib
0x0000000001136000 	/usr/lib/system/libmacho.dylib
0x0000000001136000 	/usr/lib/system/libquarantine.dylib
0x0000000001136000 	/usr/lib/system/libremovefile.dylib
0x0000000001136000 	/usr/lib/system/libsystem_asl.dylib
0x0000000001136000 	/usr/lib/system/libsystem_blocks.dylib
0x0000000001136000 	/usr/lib/system/libsystem_c.dylib
0x0000000001136000 	/usr/lib/system/libsystem_configuration.dylib
0x0000000001136000 	/usr/lib/system/libsystem_coreservices.dylib
0x0000000001136000 	/usr/lib/system/libsystem_coretls.dylib
0x0000000001136000 	/usr/lib/system/libsystem_dnssd.dylib
0x0000000001136000 	/usr/lib/system/libsystem_info.dylib
0x0000000001136000 	/usr/lib/system/libsystem_kernel.dylib
0x0000000001136000 	/usr/lib/system/libsystem_m.dylib
0x0000000001136000 	/usr/lib/system/libsystem_malloc.dylib
0x0000000001136000 	/usr/lib/system/libsystem_network.dylib
0x0000000001136000 	/usr/lib/system/libsystem_networkextension.dylib
0x0000000001136000 	/usr/lib/system/libsystem_notify.dylib
0x0000000001136000 	/usr/lib/system/libsystem_platform.dylib
0x0000000001136000 	/usr/lib/system/libsystem_pthread.dylib
0x0000000001136000 	/usr/lib/system/libsystem_sandbox.dylib
0x0000000001136000 	/usr/lib/system/libsystem_secinit.dylib
0x0000000001136000 	/usr/lib/system/libsystem_symptoms.dylib
0x0000000001136000 	/usr/lib/system/libsystem_trace.dylib
0x0000000001136000 	/usr/lib/system/libunwind.dylib
0x0000000001136000 	/usr/lib/system/libxpc.dylib
0x0000000001136000 	/usr/lib/libbsm.0.dylib
0x0000000001136000 	/usr/lib/system/libkxld.dylib
0x0000000001136000 	/usr/lib/libcoretls.dylib
0x0000000001136000 	/usr/lib/libcoretls_cfhelpers.dylib
0x0000000001136000 	/usr/lib/libxar.1.dylib
0x0000000001136000 	/usr/lib/libsqlite3.dylib
0x0000000001136000 	/usr/lib/libpam.2.dylib
0x0000000001136000 	/usr/lib/libOpenScriptingUtil.dylib
0x0000000001136000 	/usr/lib/libbz2.1.0.dylib
0x0000000001136000 	/usr/lib/liblzma.5.dylib
0x0000000001136000 	/usr/lib/libnetwork.dylib
0x0000000001136000 	/usr/lib/libpcap.A.dylib
0x0000000001136000 	/System/Library/Frameworks/CoreServices.framework/Versions/A/Frameworks/FSEvents.framework/Versions/A/FSEvents
0x0000000001136000 	/System/Library/Frameworks/CoreServices.framework/Versions/A/Frameworks/CarbonCore.framework/Versions/A/CarbonCore
0x0000000001136000 	/System/Library/Frameworks/CoreServices.framework/Versions/A/Frameworks/Metadata.framework/Versions/A/Metadata
0x0000000001136000 	/System/Library/Frameworks/CoreServices.framework/Versions/A/Frameworks/OSServices.framework/Versions/A/OSServices
0x0000000001136000 	/System/Library/Frameworks/CoreServices.framework/Versions/A/Frameworks/SearchKit.framework/Versions/A/SearchKit
0x0000000001136000 	/System/Library/Frameworks/CoreServices.framework/Versions/A/Frameworks/AE.framework/Versions/A/AE
0x0000000001136000 	/System/Library/Frameworks/CoreServices.framework/Versions/A/Frameworks/LaunchServices.framework/Versions/A/LaunchServices
0x0000000001136000 	/System/Library/Frameworks/CoreServices.framework/Versions/A/Frameworks/DictionaryServices.framework/Versions/A/DictionaryServices
0x0000000001136000 	/System/Library/Frameworks/CoreServices.framework/Versions/A/Frameworks/SharedFileList.framework/Versions/A/SharedFileList
0x0000000001136000 	/System/Library/Frameworks/NetFS.framework/Versions/A/NetFS
0x0000000001136000 	/System/Library/PrivateFrameworks/NetAuth.framework/Versions/A/NetAuth
0x0000000001136000 	/System/Library/PrivateFrameworks/login.framework/Versions/A/Frameworks/loginsupport.framework/Versions/A/loginsupport
0x0000000001136000 	/System/Library/PrivateFrameworks/TCC.framework/Versions/A/TCC
0x0000000001136000 	/usr/lib/libmecabra.dylib
0x0000000001136000 	/System/Library/Frameworks/ApplicationServices.framework/Versions/A/Frameworks/ATS.framework/Versions/A/ATS
0x0000000001136000 	/System/Library/Frameworks/ApplicationServices.framework/Versions/A/Frameworks/ColorSync.framework/Versions/A/ColorSync
0x0000000001136000 	/System/Library/Frameworks/ApplicationServices.framework/Versions/A/Frameworks/HIServices.framework/Versions/A/HIServices
0x0000000001136000 	/System/Library/Frameworks/ApplicationServices.framework/Versions/A/Frameworks/LangAnalysis.framework/Versions/A/LangAnalysis
0x0000000001136000 	/System/Library/Frameworks/ApplicationServices.framework/Versions/A/Frameworks/PrintCore.framework/Versions/A/PrintCore
0x0000000001136000 	/System/Library/Frameworks/ApplicationServices.framework/Versions/A/Frameworks/QD.framework/Versions/A/QD
0x0000000001136000 	/System/Library/Frameworks/ApplicationServices.framework/Versions/A/Frameworks/SpeechSynthesis.framework/Versions/A/SpeechSynthesis
0x0000000001136000 	/System/Library/Frameworks/Accelerate.framework/Versions/A/Frameworks/vImage.framework/Versions/A/vImage
0x0000000001136000 	/System/Library/Frameworks/Accelerate.framework/Versions/A/Frameworks/vecLib.framework/Versions/A/vecLib
0x0000000001136000 	/System/Library/Frameworks/Accelerate.framework/Versions/A/Frameworks/vecLib.framework/Versions/A/libvDSP.dylib
0x0000000001136000 	/System/Library/Frameworks/Accelerate.framework/Versions/A/Frameworks/vecLib.framework/Versions/A/libBNNS.dylib
0x0000000001136000 	/System/Library/Frameworks/Accelerate.framework/Versions/A/Frameworks/vecLib.framework/Versions/A/libQuadrature.dylib
0x0000000001136000 	/System/Library/Frameworks/Accelerate.framework/Versions/A/Frameworks/vecLib.framework/Versions/A/libvMisc.dylib
0x0000000001136000 	/System/Library/Frameworks/Accelerate.framework/Versions/A/Frameworks/vecLib.framework/Versions/A/libLAPACK.dylib
0x0000000001136000 	/System/Library/Frameworks/Accelerate.framework/Versions/A/Frameworks/vecLib.framework/Versions/A/libBLAS.dylib
0x0000000001136000 	/System/Library/Frameworks/Accelerate.framework/Versions/A/Frameworks/vecLib.framework/Versions/A/libLinearAlgebra.dylib
0x0000000001136000 	/System/Library/Frameworks/Accelerate.framework/Versions/A/Frameworks/vecLib.framework/Versions/A/libSparseBLAS.dylib
0x0000000001136000 	/System/Library/Frameworks/ApplicationServices.framework/Versions/A/Frameworks/ATS.framework/Versions/A/Resources/libFontParser.dylib
0x0000000001136000 	/System/Library/Frameworks/ApplicationServices.framework/Versions/A/Frameworks/ATS.framework/Versions/A/Resources/libFontRegistry.dylib
0x0000000001136000 	/System/Library/Frameworks/ImageIO.framework/Versions/A/Resources/libJPEG.dylib
0x0000000001136000 	/System/Library/Frameworks/ImageIO.framework/Versions/A/Resources/libTIFF.dylib
0x0000000001136000 	/System/Library/Frameworks/ImageIO.framework/Versions/A/Resources/libPng.dylib
0x0000000001136000 	/System/Library/Frameworks/ImageIO.framework/Versions/A/Resources/libGIF.dylib
0x0000000001136000 	/System/Library/Frameworks/ImageIO.framework/Versions/A/Resources/libJP2.dylib
0x0000000001136000 	/System/Library/Frameworks/ImageIO.framework/Versions/A/Resources/libRadiance.dylib
0x0000000001136000 	/usr/lib/libcompression.dylib
0x0000000001136000 	/System/Library/PrivateFrameworks/AppleJPEG.framework/Versions/A/AppleJPEG
0x0000000001136000 	/usr/lib/libcups.2.dylib
0x0000000001136000 	/System/Library/Frameworks/Kerberos.framework/Versions/A/Kerberos
0x0000000001136000 	/System/Library/Frameworks/GSS.framework/Versions/A/GSS
0x0000000001136000 	/usr/lib/libresolv.9.dylib
0x0000000001136000 	/usr/lib/libiconv.2.dylib
0x0000000001136000 	/System/Library/PrivateFrameworks/Heimdal.framework/Versions/A/Heimdal
0x0000000001136000 	/usr/lib/libheimdal-asn1.dylib
0x0000000001136000 	/System/Library/Frameworks/OpenDirectory.framework/Versions/A/OpenDirectory
0x0000000001136000 	/System/Library/PrivateFrameworks/CommonAuth.framework/Versions/A/CommonAuth
0x0000000001136000 	/System/Library/Frameworks/OpenDirectory.framework/Versions/A/Frameworks/CFOpenDirectory.framework/Versions/A/CFOpenDirectory
0x0000000001136000 	/System/Library/Frameworks/SecurityFoundation.framework/Versions/A/SecurityFoundation
0x0000000001136000 	/System/Library/PrivateFrameworks/LanguageModeling.framework/Versions/A/LanguageModeling
0x0000000001136000 	/usr/lib/libmarisa.dylib
0x0000000001136000 	/usr/lib/libChineseTokenizer.dylib
0x0000000001136000 	/usr/lib/libcmph.dylib
0x0000000001136000 	/System/Library/PrivateFrameworks/CoreEmoji.framework/Versions/A/CoreEmoji
0x0000000001136000 	/System/Library/Frameworks/ServiceManagement.framework/Versions/A/ServiceManagement
0x0000000001136000 	/usr/lib/libxslt.1.dylib
0x0000000001136000 	/System/Library/Frameworks/Carbon.framework/Versions/A/Frameworks/Ink.framework/Versions/A/Ink
0x0000000001136000 	/System/Library/PrivateFrameworks/TextureIO.framework/Versions/A/TextureIO
0x0000000001136000 	/System/Library/Frameworks/Metal.framework/Versions/A/Metal
0x0000000001136000 	/usr/lib/libate.dylib
0x0000000001136000 	/System/Library/PrivateFrameworks/GPUCompiler.framework/libmetal_timestamp.dylib
0x0000000001136000 	/System/Library/Frameworks/OpenGL.framework/Versions/A/Libraries/libCoreFSCache.dylib
0x0000000001136000 	/System/Library/PrivateFrameworks/IOAccelerator.framework/Versions/A/IOAccelerator
0x0000000001136000 	/System/Library/Frameworks/CoreVideo.framework/Versions/A/CoreVideo
0x0000000001136000 	/usr/lib/libFosl_dynamic.dylib
0x0000000001136000 	/System/Library/PrivateFrameworks/MetalPerformanceShaders.framework/Versions/A/MetalPerformanceShaders
0x0000000001136000 	/System/Library/PrivateFrameworks/FaceCore.framework/Versions/A/FaceCore
0x0000000001136000 	/System/Library/Frameworks/OpenCL.framework/Versions/A/OpenCL
0x0000000001136000 	/System/Library/Frameworks/OpenGL.framework/Versions/A/Libraries/libGLU.dylib
0x0000000001136000 	/System/Library/Frameworks/OpenGL.framework/Versions/A/Libraries/libGFXShared.dylib
0x0000000001136000 	/System/Library/Frameworks/OpenGL.framework/Versions/A/Libraries/libGL.dylib
0x0000000001136000 	/System/Library/Frameworks/OpenGL.framework/Versions/A/Libraries/libGLImage.dylib
0x0000000001136000 	/System/Library/Frameworks/OpenGL.framework/Versions/A/Libraries/libCVMSPluginSupport.dylib
0x0000000001136000 	/System/Library/Frameworks/OpenGL.framework/Versions/A/Libraries/libCoreVMClient.dylib
0x0000000001136000 	/System/Library/PrivateFrameworks/CrashReporterSupport.framework/Versions/A/CrashReporterSupport
0x0000000001136000 	/System/Library/PrivateFrameworks/Sharing.framework/Versions/A/Sharing
0x0000000001136000 	/System/Library/PrivateFrameworks/IconServices.framework/Versions/A/IconServices
0x0000000001136000 	/System/Library/PrivateFrameworks/ProtocolBuffer.framework/Versions/A/ProtocolBuffer
0x0000000001136000 	/System/Library/PrivateFrameworks/Apple80211.framework/Versions/A/Apple80211
0x0000000001136000 	/System/Library/Frameworks/CoreWLAN.framework/Versions/A/CoreWLAN
0x0000000001136000 	/System/Library/PrivateFrameworks/CoreUtils.framework/Versions/A/CoreUtils
0x0000000001136000 	/System/Library/Frameworks/IOBluetooth.framework/Versions/A/IOBluetooth
0x0000000001136000 	/System/Library/PrivateFrameworks/CoreWiFi.framework/Versions/A/CoreWiFi
0x0000000001136000 	/System/Library/Frameworks/CoreBluetooth.framework/Versions/A/CoreBluetooth
0x0000000001136000 	/System/Library/Frameworks/CoreDisplay.framework/Versions/A/CoreDisplay
0x0000000001136000 	/System/Library/PrivateFrameworks/IOPresentment.framework/Versions/A/IOPresentment
0x0000000001136000 	/System/Library/PrivateFrameworks/DebugSymbols.framework/Versions/A/DebugSymbols
0x0000000001136000 	/System/Library/PrivateFrameworks/CoreSymbolication.framework/Versions/A/CoreSymbolication
0x0000000001136000 	/System/Library/PrivateFrameworks/Symbolication.framework/Versions/A/Symbolication
0x0000000001136000 	/System/Library/PrivateFrameworks/AppleFSCompression.framework/Versions/A/AppleFSCompression
0x0000000001136000 	/System/Library/PrivateFrameworks/SpeechRecognitionCore.framework/Versions/A/SpeechRecognitionCore
0x0000000001136000 	/System/Library/PrivateFrameworks/ChunkingLibrary.framework/Versions/A/ChunkingLibrary
0x0000000101dea000 	/Library/Java/JavaVirtualMachines/jdk1.8.0_111.jdk/Contents/Home/jre/lib/server/libjvm.dylib
0x0000000001136000 	/usr/lib/libstdc++.6.dylib
0x0000000102d8b000 	/Library/Java/JavaVirtualMachines/jdk1.8.0_111.jdk/Contents/Home/jre/lib/libverify.dylib
0x0000000102d99000 	/Library/Java/JavaVirtualMachines/jdk1.8.0_111.jdk/Contents/Home/jre/lib/libjava.dylib
0x0000000102dd8000 	/Library/Java/JavaVirtualMachines/jdk1.8.0_111.jdk/Contents/Home/jre/lib/libzip.dylib
0x0000000102de2000 	/System/Library/Frameworks/JavaVM.framework/Frameworks/JavaRuntimeSupport.framework/JavaRuntimeSupport
0x0000000109f63000 	/System/Library/Frameworks/JavaVM.framework/Versions/A/Frameworks/JavaNativeFoundation.framework/Versions/A/JavaNativeFoundation
0x0000000109f78000 	/System/Library/Frameworks/JavaVM.framework/Versions/A/JavaVM
0x0000000001136000 	/System/Library/Frameworks/Carbon.framework/Versions/A/Carbon
0x0000000109f85000 	/System/Library/PrivateFrameworks/JavaLaunching.framework/Versions/A/JavaLaunching
0x0000000001136000 	/System/Library/Frameworks/Carbon.framework/Versions/A/Frameworks/CommonPanels.framework/Versions/A/CommonPanels
0x0000000001136000 	/System/Library/Frameworks/Carbon.framework/Versions/A/Frameworks/Help.framework/Versions/A/Help
0x0000000001136000 	/System/Library/Frameworks/Carbon.framework/Versions/A/Frameworks/ImageCapture.framework/Versions/A/ImageCapture
0x0000000001136000 	/System/Library/Frameworks/Carbon.framework/Versions/A/Frameworks/OpenScripting.framework/Versions/A/OpenScripting
0x0000000001136000 	/System/Library/Frameworks/Carbon.framework/Versions/A/Frameworks/Print.framework/Versions/A/Print
0x0000000001136000 	/System/Library/Frameworks/Carbon.framework/Versions/A/Frameworks/SecurityHI.framework/Versions/A/SecurityHI
0x000000010b88d000 	/Library/Java/JavaVirtualMachines/jdk1.8.0_111.jdk/Contents/Home/jre/lib/libawt.dylib
0x000000010b935000 	/Library/Java/JavaVirtualMachines/jdk1.8.0_111.jdk/Contents/Home/jre/lib/./libmlib_image.dylib
0x000000010ba01000 	/Library/Java/JavaVirtualMachines/jdk1.8.0_111.jdk/Contents/Home/jre/lib/libawt_lwawt.dylib
0x000000010bab6000 	/Library/Java/JavaVirtualMachines/jdk1.8.0_111.jdk/Contents/Home/jre/lib/./libosxapp.dylib
0x0000000001136000 	/System/Library/Frameworks/ExceptionHandling.framework/Versions/A/ExceptionHandling
0x0000000001136000 	/System/Library/PrivateFrameworks/CoreServicesInternal.framework/Versions/A/CoreServicesInternal
0x0000000001136000 	/System/Library/CoreServices/RawCamera.bundle/Contents/MacOS/RawCamera
0x0000000001136000 	/System/Library/Frameworks/Accelerate.framework/Versions/A/Frameworks/vImage.framework/Versions/A/Libraries/libCGInterfaces.dylib
0x0000000001136000 	/System/Library/Frameworks/ApplicationServices.framework/Versions/A/Frameworks/ATS.framework/Versions/A/Resources/libTrueTypeScaler.dylib
0x0000000001136000 	/System/Library/Frameworks/OpenGL.framework/Versions/A/Resources/GLEngine.bundle/GLEngine
0x0000000001136000 	/System/Library/Frameworks/OpenGL.framework/Versions/A/Libraries/libGLProgrammability.dylib
0x000000011c8af000 	/System/Library/Extensions/AppleIntelHD5000GraphicsGLDriver.bundle/Contents/MacOS/AppleIntelHD5000GraphicsGLDriver
0x0000000001136000 	/System/Library/PrivateFrameworks/GPUSupport.framework/Versions/A/Libraries/libGPUSupportMercury.dylib
0x0000000001136000 	/System/Library/Frameworks/OpenGL.framework/Versions/A/Resources/GLRendererFloat.bundle/GLRendererFloat
0x0000000001136000 	/System/Library/Frameworks/OpenCL.framework/Versions/A/Libraries/libcldcpuengine.dylib
0x0000000001136000 	/usr/lib/libcrypto.0.9.8.dylib
0x0000000001136000 	/System/Library/PrivateFrameworks/TrustEvaluationAgent.framework/Versions/A/TrustEvaluationAgent
0x000000010cb74000 	/System/Library/Extensions/AppleIntelHD5000GraphicsMTLDriver.bundle/Contents/MacOS/AppleIntelHD5000GraphicsMTLDriver
0x0000000001136000 	/System/Library/PrivateFrameworks/FamilyControls.framework/Versions/A/FamilyControls
0x0000000001136000 	/System/Library/PrivateFrameworks/CommerceKit.framework/Versions/A/Frameworks/CommerceCore.framework/Versions/A/CommerceCore
0x0000000001136000 	/System/Library/PrivateFrameworks/SystemAdministration.framework/Versions/A/SystemAdministration
0x0000000001136000 	/System/Library/PrivateFrameworks/AppContainer.framework/Versions/A/AppContainer
0x0000000001136000 	/System/Library/PrivateFrameworks/SecCodeWrapper.framework/Versions/A/SecCodeWrapper
0x0000000001136000 	/System/Library/Frameworks/DirectoryService.framework/Versions/A/DirectoryService
0x0000000001136000 	/System/Library/PrivateFrameworks/DiskImages.framework/Versions/A/DiskImages
0x0000000001136000 	/System/Library/PrivateFrameworks/LoginUIKit.framework/Versions/A/Frameworks/LoginUICore.framework/Versions/A/LoginUICore
0x0000000001136000 	/usr/lib/libCoreStorage.dylib
0x0000000001136000 	/usr/lib/libcsfde.dylib
0x0000000001136000 	/usr/lib/libodfde.dylib
0x0000000001136000 	/System/Library/Frameworks/DiscRecording.framework/Versions/A/DiscRecording
0x0000000001136000 	/usr/lib/libcurl.4.dylib
0x0000000001136000 	/System/Library/PrivateFrameworks/MediaKit.framework/Versions/A/MediaKit
0x0000000001136000 	/System/Library/PrivateFrameworks/ProtectedCloudStorage.framework/Versions/A/ProtectedCloudStorage
0x0000000001136000 	/System/Library/PrivateFrameworks/EFILogin.framework/Versions/A/EFILogin
0x0000000001136000 	/usr/lib/libutil.dylib
0x0000000001136000 	/System/Library/Frameworks/LDAP.framework/Versions/A/LDAP
0x0000000001136000 	/usr/lib/libsasl2.2.dylib
0x0000000001136000 	/System/Library/PrivateFrameworks/CoreDaemon.framework/Versions/B/CoreDaemon
0x0000000001136000 	/System/Library/PrivateFrameworks/AppleSRP.framework/Versions/A/AppleSRP
0x0000000001136000 	/System/Library/PrivateFrameworks/APFS.framework/Versions/A/APFS
0x000000011ea7d000 	/Library/Java/JavaVirtualMachines/jdk1.8.0_111.jdk/Contents/Home/jre/lib/libfontmanager.dylib
0x000000011fe78000 	/Library/Java/JavaVirtualMachines/jdk1.8.0_111.jdk/Contents/Home/jre/lib/libosxui.dylib
0x0000000001136000 	/System/Library/PrivateFrameworks/ViewBridge.framework/Versions/A/ViewBridge
0x0000000001136000 	/System/Library/PrivateFrameworks/XPCService.framework/Versions/A/XPCService
0x0000000001136000 	/System/Library/PrivateFrameworks/AppSandbox.framework/Versions/A/AppSandbox
0x0000000001136000 	/usr/lib/libsandbox.1.dylib
0x0000000001136000 	/usr/lib/libMatch.1.dylib
0x00000001209ed000 	/Library/Java/JavaVirtualMachines/jdk1.8.0_111.jdk/Contents/Home/jre/lib/libnet.dylib
0x0000000120933000 	/Library/Java/JavaVirtualMachines/jdk1.8.0_111.jdk/Contents/Home/jre/lib/libnio.dylib
0x000000011fb86000 	/private/var/folders/qk/z1qqpcwd0wx0z14thz2z48xw0000gr/T/jogamp_0000/file_cache/jln2808405709540027580/jln2647187041830807692/libgluegen-rt.jnilib
0x000000011fb8a000 	/private/var/folders/qk/z1qqpcwd0wx0z14thz2z48xw0000gr/T/jogamp_0000/file_cache/jln2808405709540027580/jln2647187041830807692/libnativewindow_awt.jnilib
0x0000000122932000 	/Library/Java/JavaVirtualMachines/jdk1.8.0_111.jdk/Contents/Home/jre/lib/libjawt.dylib
0x000000015eeec000 	/private/var/folders/qk/z1qqpcwd0wx0z14thz2z48xw0000gr/T/jogamp_0000/file_cache/jln2808405709540027580/jln2647187041830807692/libnativewindow_macosx.jnilib
0x00000001615a3000 	/private/var/folders/qk/z1qqpcwd0wx0z14thz2z48xw0000gr/T/jogamp_0000/file_cache/jln2808405709540027580/jln2647187041830807692/libjogl_desktop.jnilib
0x000000010c944000 	/Library/Java/JavaVirtualMachines/jdk1.8.0_111.jdk/Contents/Home/jre/lib/libjpeg.dylib

VM Arguments:
jvm_args: -Djava.security.policy=java.policy.applet -Dfile.encoding=UTF-8 
java_command: sun.applet.AppletViewer ai.files.DisplayPath1520359569284.html
java_class_path (initial): /Users/Justin/AQP-AI/AI/build:/Users/Justin/AQP-AI/AI/lib/core.jar:/Users/Justin/AQP-AI/AI/lib/gluegen-rt.jar:/Users/Justin/AQP-AI/AI/lib/jogl-all.jar:/Users/Justin/AQP-AI/AI/lib/log4j-1.2.15.jar:/Users/Justin/AQP-AI/AI/lib/sqlite-jdbc-3.7.2.jar:/Users/Justin/AQP-AI/AI/lib/json4processing.jar:/Users/Justin/AQP-AI/AI/lib/libTUIO.jar:/Users/Justin/AQP-AI/AI/lib/unfolding.0.9.6.jar:/Users/Justin/AQP-AI/AI/lib/DelaunayTriangulator-1.0.3.jar:/Users/Justin/AQP-AI/AI/lib/guava-12.0.jar:/Users/Justin/.p2/pool/plugins/org.junit_4.12.0.v201504281640/junit.jar:/Users/Justin/.p2/pool/plugins/org.hamcrest.core_1.3.0.v201303031735.jar
Launcher Type: SUN_STANDARD

Environment Variables:
PATH=/usr/bin:/bin:/usr/sbin:/sbin
SHELL=/bin/bash
DISPLAY=/private/tmp/com.apple.launchd.G7Ci6zuywv/org.macosforge.xquartz:0

Signal Handlers:
SIGSEGV: [libjvm.dylib+0x5b03ed], sa_mask[0]=11111111011111110111111111111111, sa_flags=SA_ONSTACK|SA_RESTART|SA_SIGINFO
SIGBUS: [libjvm.dylib+0x5b03ed], sa_mask[0]=11111111011111110111111111111111, sa_flags=SA_RESTART|SA_SIGINFO
SIGFPE: [libjvm.dylib+0x48711c], sa_mask[0]=11111111011111110111111111111111, sa_flags=SA_RESTART|SA_SIGINFO
SIGPIPE: [libjvm.dylib+0x48711c], sa_mask[0]=11111111011111110111111111111111, sa_flags=SA_RESTART|SA_SIGINFO
SIGXFSZ: [libjvm.dylib+0x48711c], sa_mask[0]=11111111011111110111111111111111, sa_flags=SA_RESTART|SA_SIGINFO
SIGILL: [libjvm.dylib+0x48711c], sa_mask[0]=11111111011111110111111111111111, sa_flags=SA_RESTART|SA_SIGINFO
SIGUSR1: SIG_DFL, sa_mask[0]=00000000000000000000000000000000, sa_flags=none
SIGUSR2: [libjvm.dylib+0x486c3a], sa_mask[0]=00100000000000000000000000000000, sa_flags=SA_RESTART|SA_SIGINFO
SIGHUP: [libjvm.dylib+0x485211], sa_mask[0]=11111111011111110111111111111111, sa_flags=SA_RESTART|SA_SIGINFO
SIGINT: [libjvm.dylib+0x485211], sa_mask[0]=11111111011111110111111111111111, sa_flags=SA_RESTART|SA_SIGINFO
SIGTERM: [libjvm.dylib+0x485211], sa_mask[0]=11111111011111110111111111111111, sa_flags=SA_RESTART|SA_SIGINFO
SIGQUIT: [libjvm.dylib+0x485211], sa_mask[0]=11111111011111110111111111111111, sa_flags=SA_RESTART|SA_SIGINFO


---------------  S Y S T E M  ---------------

OS:Bsduname:Darwin 16.0.0 Darwin Kernel Version 16.0.0: Mon Aug 29 17:56:20 PDT 2016; root:xnu-3789.1.32~3/RELEASE_X86_64 x86_64
rlimit: STACK 8192k, CORE 0k, NPROC 709, NOFILE 10240, AS infinity
load average:4.03 2.77 2.44

CPU:total 4 (2 cores per cpu, 2 threads per core) family 6 model 69 stepping 1, cmov, cx8, fxsr, mmx, sse, sse2, sse3, ssse3, sse4.1, sse4.2, popcnt, avx, avx2, aes, clmul, erms, lzcnt, ht, tsc, tscinvbit, bmi1, bmi2

Memory: 4k page, physical 8388608k(181260k free)

/proc/meminfo:


vm_info: Java HotSpot(TM) 64-Bit Server VM (25.111-b14) for bsd-amd64 JRE (1.8.0_111-b14), built on Sep 22 2016 15:31:41 by "java_re" with gcc 4.2.1 (Based on Apple Inc. build 5658) (LLVM build 2336.11.00)

time: Tue Mar  6 13:06:23 2018
elapsed time: 14 seconds (0d 0h 0m 14s)

